2024-06-30 06:57:14 - INFO - rs= 94
2024-06-30 06:57:21 - INFO - Epoch 1 training time: 5.9877
2024-07-01 14:44:52 - INFO - rs= 60
2024-07-01 14:44:59 - INFO - Epoch 1 training time: 6.8104
2024-07-01 14:45:00 - INFO - Saved best model at epoch 1
2024-07-01 14:45:00 - INFO - Epoch 1: Train Loss=0.6935, Val Acc=0.5131, Val Loss=0.6933
2024-07-01 14:45:07 - INFO - Epoch 2 training time: 6.7524
2024-07-01 14:45:07 - INFO - Saved best model at epoch 2
2024-07-01 14:45:07 - INFO - Epoch 2: Train Loss=0.6930, Val Acc=0.5131, Val Loss=0.6929
2024-07-01 14:45:14 - INFO - Epoch 3 training time: 6.4871
2024-07-01 14:45:15 - INFO - Saved best model at epoch 3
2024-07-01 14:45:15 - INFO - Epoch 3: Train Loss=0.6929, Val Acc=0.5131, Val Loss=0.6928
2024-07-01 14:45:21 - INFO - Epoch 4 training time: 6.2566
2024-07-01 14:45:22 - INFO - Epoch 4: Train Loss=0.6928, Val Acc=0.5131, Val Loss=0.6928
2024-07-01 14:45:29 - INFO - Epoch 5 training time: 6.7279
2024-07-01 14:45:29 - INFO - Epoch 5: Train Loss=0.6929, Val Acc=0.5131, Val Loss=0.6928
2024-07-01 14:45:35 - INFO - Epoch 6 training time: 6.1542
2024-07-01 14:45:36 - INFO - Epoch 6: Train Loss=0.6928, Val Acc=0.5131, Val Loss=0.6928
2024-07-01 14:45:43 - INFO - Epoch 7 training time: 6.6483
2024-07-01 14:45:44 - INFO - Epoch 7: Train Loss=0.6928, Val Acc=0.5131, Val Loss=0.6928
2024-07-01 14:45:50 - INFO - Epoch 8 training time: 5.8611
2024-07-01 14:45:50 - INFO - Early stopping triggered, epoch 8
2024-07-01 14:45:51 - INFO - Test F1-Score: 0.3395
2024-07-01 14:45:51 - INFO - Test Precision : 0.2570
2024-07-01 14:45:51 - INFO - Test Accuracy: 0.5141
2024-07-01 14:45:51 - INFO - Test Recall: 0.5000
2024-07-01 14:45:51 - INFO - Train Time: 51.6980
2024-07-02 11:35:01 - INFO - rs= 13
2024-07-02 11:35:08 - INFO - Epoch 1 training time: 5.8265
2024-07-02 11:35:08 - INFO - Saved best model at epoch 1
2024-07-02 11:35:08 - INFO - Epoch 1: Train Loss=0.6979, Val Acc=0.4869, Val Loss=0.6962
2024-07-02 11:35:15 - INFO - Epoch 2 training time: 6.7998
2024-07-02 11:35:16 - INFO - Saved best model at epoch 2
2024-07-02 11:35:16 - INFO - Epoch 2: Train Loss=0.6954, Val Acc=0.4869, Val Loss=0.6944
2024-07-02 11:35:23 - INFO - Epoch 3 training time: 7.0529
2024-07-02 11:35:24 - INFO - Saved best model at epoch 3
2024-07-02 11:35:24 - INFO - Epoch 3: Train Loss=0.6939, Val Acc=0.4869, Val Loss=0.6934
2024-07-02 11:35:31 - INFO - Epoch 4 training time: 7.3297
2024-07-02 11:35:32 - INFO - Saved best model at epoch 4
2024-07-02 11:35:32 - INFO - Epoch 4: Train Loss=0.6932, Val Acc=0.5131, Val Loss=0.6930
2024-07-02 11:35:39 - INFO - Epoch 5 training time: 7.1417
2024-07-02 11:35:40 - INFO - Saved best model at epoch 5
2024-07-02 11:35:40 - INFO - Epoch 5: Train Loss=0.6929, Val Acc=0.5131, Val Loss=0.6928
2024-07-02 11:35:47 - INFO - Epoch 6 training time: 7.1641
2024-07-02 11:35:48 - INFO - Epoch 6: Train Loss=0.6928, Val Acc=0.5131, Val Loss=0.6928
2024-07-02 11:35:55 - INFO - Epoch 7 training time: 7.1343
2024-07-02 11:35:56 - INFO - Epoch 7: Train Loss=0.6929, Val Acc=0.5131, Val Loss=0.6928
2024-07-02 11:36:03 - INFO - Epoch 8 training time: 7.3406
2024-07-02 11:36:04 - INFO - Epoch 8: Train Loss=0.6929, Val Acc=0.5131, Val Loss=0.6928
2024-07-02 11:36:11 - INFO - Epoch 9 training time: 7.2831
2024-07-02 11:36:12 - INFO - Saved best model at epoch 9
2024-07-02 11:36:12 - INFO - Epoch 9: Train Loss=0.6928, Val Acc=0.5131, Val Loss=0.6927
2024-07-02 11:36:19 - INFO - Epoch 10 training time: 6.9902
2024-07-02 11:36:20 - INFO - Saved best model at epoch 10
2024-07-02 11:36:20 - INFO - Epoch 10: Train Loss=0.6927, Val Acc=0.5131, Val Loss=0.6926
2024-07-02 11:36:27 - INFO - Epoch 11 training time: 7.1854
2024-07-02 11:36:28 - INFO - Saved best model at epoch 11
2024-07-02 11:36:28 - INFO - Epoch 11: Train Loss=0.6927, Val Acc=0.5131, Val Loss=0.6922
2024-07-02 11:36:35 - INFO - Epoch 12 training time: 7.3335
2024-07-02 11:36:36 - INFO - Saved best model at epoch 12
2024-07-02 11:36:36 - INFO - Epoch 12: Train Loss=0.6922, Val Acc=0.5231, Val Loss=0.6916
2024-07-02 11:36:43 - INFO - Epoch 13 training time: 7.1058
2024-07-02 11:36:44 - INFO - Saved best model at epoch 13
2024-07-02 11:36:44 - INFO - Epoch 13: Train Loss=0.6916, Val Acc=0.5403, Val Loss=0.6903
2024-07-02 11:36:51 - INFO - Epoch 14 training time: 7.1248
2024-07-02 11:36:52 - INFO - Saved best model at epoch 14
2024-07-02 11:36:53 - INFO - Epoch 14: Train Loss=0.6901, Val Acc=0.5684, Val Loss=0.6872
2024-07-02 11:37:00 - INFO - Epoch 15 training time: 7.2731
2024-07-02 11:37:01 - INFO - Saved best model at epoch 15
2024-07-02 11:37:01 - INFO - Epoch 15: Train Loss=0.6860, Val Acc=0.6310, Val Loss=0.6793
2024-07-02 11:37:08 - INFO - Epoch 16 training time: 7.0105
2024-07-02 11:37:09 - INFO - Saved best model at epoch 16
2024-07-02 11:37:09 - INFO - Epoch 16: Train Loss=0.6748, Val Acc=0.6627, Val Loss=0.6600
2024-07-02 11:37:16 - INFO - Epoch 17 training time: 7.2901
2024-07-02 11:37:17 - INFO - Saved best model at epoch 17
2024-07-02 11:37:17 - INFO - Epoch 17: Train Loss=0.6455, Val Acc=0.7489, Val Loss=0.6129
2024-07-02 11:37:24 - INFO - Epoch 18 training time: 7.2356
2024-07-02 11:37:25 - INFO - Saved best model at epoch 18
2024-07-02 11:37:25 - INFO - Epoch 18: Train Loss=0.5942, Val Acc=0.7670, Val Loss=0.5597
2024-07-02 11:37:32 - INFO - Epoch 19 training time: 7.2135
2024-07-02 11:37:33 - INFO - Saved best model at epoch 19
2024-07-02 11:37:33 - INFO - Epoch 19: Train Loss=0.5602, Val Acc=0.7743, Val Loss=0.5368
2024-07-02 11:37:41 - INFO - Epoch 20 training time: 7.2844
2024-07-02 11:37:41 - INFO - Saved best model at epoch 20
2024-07-02 11:37:41 - INFO - Epoch 20: Train Loss=0.5427, Val Acc=0.7779, Val Loss=0.5259
2024-07-02 11:37:49 - INFO - Epoch 21 training time: 7.5778
2024-07-02 11:37:50 - INFO - Saved best model at epoch 21
2024-07-02 11:37:50 - INFO - Epoch 21: Train Loss=0.5327, Val Acc=0.7715, Val Loss=0.5196
2024-07-02 11:37:57 - INFO - Epoch 22 training time: 7.4100
2024-07-02 11:37:58 - INFO - Saved best model at epoch 22
2024-07-02 11:37:58 - INFO - Epoch 22: Train Loss=0.5284, Val Acc=0.7679, Val Loss=0.5128
2024-07-02 11:38:06 - INFO - Epoch 23 training time: 7.8521
2024-07-02 11:38:07 - INFO - Saved best model at epoch 23
2024-07-02 11:38:07 - INFO - Epoch 23: Train Loss=0.5231, Val Acc=0.7879, Val Loss=0.5102
2024-07-02 11:38:14 - INFO - Epoch 24 training time: 7.6028
2024-07-02 11:38:15 - INFO - Saved best model at epoch 24
2024-07-02 11:38:15 - INFO - Epoch 24: Train Loss=0.5195, Val Acc=0.7869, Val Loss=0.5053
2024-07-02 11:38:23 - INFO - Epoch 25 training time: 7.5142
2024-07-02 11:38:24 - INFO - Saved best model at epoch 25
2024-07-02 11:38:24 - INFO - Epoch 25: Train Loss=0.5158, Val Acc=0.7788, Val Loss=0.5008
2024-07-02 11:38:31 - INFO - Epoch 26 training time: 7.4714
2024-07-02 11:38:32 - INFO - Saved best model at epoch 26
2024-07-02 11:38:32 - INFO - Epoch 26: Train Loss=0.5165, Val Acc=0.7897, Val Loss=0.4990
2024-07-02 11:38:40 - INFO - Epoch 27 training time: 7.4844
2024-07-02 11:38:40 - INFO - Saved best model at epoch 27
2024-07-02 11:38:40 - INFO - Epoch 27: Train Loss=0.5114, Val Acc=0.7924, Val Loss=0.4972
2024-07-02 11:38:48 - INFO - Epoch 28 training time: 7.7350
2024-07-02 11:38:49 - INFO - Saved best model at epoch 28
2024-07-02 11:38:49 - INFO - Epoch 28: Train Loss=0.5092, Val Acc=0.7906, Val Loss=0.4941
2024-07-02 11:38:57 - INFO - Epoch 29 training time: 7.6291
2024-07-02 11:38:57 - INFO - Saved best model at epoch 29
2024-07-02 11:38:57 - INFO - Epoch 29: Train Loss=0.5088, Val Acc=0.7879, Val Loss=0.4930
2024-07-02 11:39:05 - INFO - Epoch 30 training time: 7.5788
2024-07-02 11:39:06 - INFO - Saved best model at epoch 30
2024-07-02 11:39:06 - INFO - Epoch 30: Train Loss=0.5057, Val Acc=0.7869, Val Loss=0.4911
2024-07-02 11:39:13 - INFO - Epoch 31 training time: 7.4814
2024-07-02 11:39:14 - INFO - Saved best model at epoch 31
2024-07-02 11:39:14 - INFO - Epoch 31: Train Loss=0.5054, Val Acc=0.7906, Val Loss=0.4880
2024-07-02 11:39:22 - INFO - Epoch 32 training time: 7.4419
2024-07-02 11:39:23 - INFO - Epoch 32: Train Loss=0.5033, Val Acc=0.7851, Val Loss=0.4883
2024-07-02 11:39:30 - INFO - Epoch 33 training time: 7.5549
2024-07-02 11:39:31 - INFO - Saved best model at epoch 33
2024-07-02 11:39:31 - INFO - Epoch 33: Train Loss=0.5021, Val Acc=0.7897, Val Loss=0.4851
2024-07-02 11:39:38 - INFO - Epoch 34 training time: 7.4530
2024-07-02 11:39:39 - INFO - Saved best model at epoch 34
2024-07-02 11:39:39 - INFO - Epoch 34: Train Loss=0.5027, Val Acc=0.7924, Val Loss=0.4817
2024-07-02 11:39:47 - INFO - Epoch 35 training time: 7.9076
2024-07-02 11:39:48 - INFO - Saved best model at epoch 35
2024-07-02 11:39:48 - INFO - Epoch 35: Train Loss=0.4986, Val Acc=0.7869, Val Loss=0.4813
2024-07-02 11:39:56 - INFO - Epoch 36 training time: 7.9763
2024-07-02 11:39:57 - INFO - Saved best model at epoch 36
2024-07-02 11:39:57 - INFO - Epoch 36: Train Loss=0.5000, Val Acc=0.7915, Val Loss=0.4790
2024-07-02 11:40:05 - INFO - Epoch 37 training time: 7.6685
2024-07-02 11:40:05 - INFO - Saved best model at epoch 37
2024-07-02 11:40:05 - INFO - Epoch 37: Train Loss=0.5006, Val Acc=0.7915, Val Loss=0.4779
2024-07-02 11:40:13 - INFO - Epoch 38 training time: 7.4937
2024-07-02 11:40:14 - INFO - Epoch 38: Train Loss=0.4984, Val Acc=0.7897, Val Loss=0.4810
2024-07-02 11:40:21 - INFO - Epoch 39 training time: 7.5067
2024-07-02 11:40:22 - INFO - Saved best model at epoch 39
2024-07-02 11:40:22 - INFO - Epoch 39: Train Loss=0.4970, Val Acc=0.7851, Val Loss=0.4766
2024-07-02 11:40:30 - INFO - Epoch 40 training time: 7.5434
2024-07-02 11:40:31 - INFO - Saved best model at epoch 40
2024-07-02 11:40:31 - INFO - Epoch 40: Train Loss=0.4970, Val Acc=0.7906, Val Loss=0.4739
2024-07-02 11:40:38 - INFO - Epoch 41 training time: 7.3417
2024-07-02 11:40:39 - INFO - Epoch 41: Train Loss=0.4950, Val Acc=0.7851, Val Loss=0.4760
2024-07-02 11:40:46 - INFO - Epoch 42 training time: 7.3019
2024-07-02 11:40:47 - INFO - Epoch 42: Train Loss=0.4969, Val Acc=0.7860, Val Loss=0.4749
2024-07-02 11:40:54 - INFO - Epoch 43 training time: 7.5061
2024-07-02 11:40:55 - INFO - Epoch 43: Train Loss=0.4927, Val Acc=0.7842, Val Loss=0.4741
2024-07-02 11:41:02 - INFO - Epoch 44 training time: 7.1612
2024-07-02 11:41:03 - INFO - Saved best model at epoch 44
2024-07-02 11:41:03 - INFO - Epoch 44: Train Loss=0.4912, Val Acc=0.7915, Val Loss=0.4712
2024-07-02 11:41:10 - INFO - Epoch 45 training time: 7.1919
2024-07-02 11:41:11 - INFO - Epoch 45: Train Loss=0.4931, Val Acc=0.7924, Val Loss=0.4712
2024-07-02 11:41:18 - INFO - Epoch 46 training time: 7.1400
2024-07-02 11:41:19 - INFO - Saved best model at epoch 46
2024-07-02 11:41:19 - INFO - Epoch 46: Train Loss=0.4924, Val Acc=0.7915, Val Loss=0.4705
2024-07-02 11:41:27 - INFO - Epoch 47 training time: 7.2808
2024-07-02 11:41:27 - INFO - Epoch 47: Train Loss=0.4916, Val Acc=0.7833, Val Loss=0.4714
2024-07-02 11:41:35 - INFO - Epoch 48 training time: 7.4051
2024-07-02 11:41:36 - INFO - Epoch 48: Train Loss=0.4887, Val Acc=0.7833, Val Loss=0.4726
2024-07-02 11:41:43 - INFO - Epoch 49 training time: 7.5152
2024-07-02 11:41:44 - INFO - Saved best model at epoch 49
2024-07-02 11:41:44 - INFO - Epoch 49: Train Loss=0.4927, Val Acc=0.7842, Val Loss=0.4702
2024-07-02 11:41:51 - INFO - Epoch 50 training time: 7.0646
2024-07-02 11:41:52 - INFO - Saved best model at epoch 50
2024-07-02 11:41:52 - INFO - Epoch 50: Train Loss=0.4903, Val Acc=0.7869, Val Loss=0.4680
2024-07-02 11:41:59 - INFO - Epoch 51 training time: 7.2837
2024-07-02 11:42:00 - INFO - Epoch 51: Train Loss=0.4920, Val Acc=0.7824, Val Loss=0.4697
2024-07-02 11:42:08 - INFO - Epoch 52 training time: 7.5546
2024-07-02 11:42:08 - INFO - Saved best model at epoch 52
2024-07-02 11:42:08 - INFO - Epoch 52: Train Loss=0.4910, Val Acc=0.7879, Val Loss=0.4676
2024-07-02 11:42:16 - INFO - Epoch 53 training time: 7.2307
2024-07-02 11:42:16 - INFO - Saved best model at epoch 53
2024-07-02 11:42:16 - INFO - Epoch 53: Train Loss=0.4893, Val Acc=0.7924, Val Loss=0.4670
2024-07-02 11:42:24 - INFO - Epoch 54 training time: 7.3613
2024-07-02 11:42:25 - INFO - Saved best model at epoch 54
2024-07-02 11:42:25 - INFO - Epoch 54: Train Loss=0.4892, Val Acc=0.7842, Val Loss=0.4654
2024-07-02 11:42:32 - INFO - Epoch 55 training time: 7.1804
2024-07-02 11:42:33 - INFO - Saved best model at epoch 55
2024-07-02 11:42:33 - INFO - Epoch 55: Train Loss=0.4865, Val Acc=0.7842, Val Loss=0.4649
2024-07-02 11:42:40 - INFO - Epoch 56 training time: 7.4399
2024-07-02 11:42:41 - INFO - Epoch 56: Train Loss=0.4860, Val Acc=0.7860, Val Loss=0.4651
2024-07-02 11:42:48 - INFO - Epoch 57 training time: 7.2684
2024-07-02 11:42:49 - INFO - Saved best model at epoch 57
2024-07-02 11:42:49 - INFO - Epoch 57: Train Loss=0.4835, Val Acc=0.7888, Val Loss=0.4631
2024-07-02 11:42:56 - INFO - Epoch 58 training time: 7.1075
2024-07-02 11:42:57 - INFO - Epoch 58: Train Loss=0.4862, Val Acc=0.7851, Val Loss=0.4660
2024-07-02 11:43:04 - INFO - Epoch 59 training time: 6.9699
2024-07-02 11:43:05 - INFO - Epoch 59: Train Loss=0.4861, Val Acc=0.7869, Val Loss=0.4640
2024-07-02 11:43:12 - INFO - Epoch 60 training time: 7.1664
2024-07-02 11:43:13 - INFO - Epoch 60: Train Loss=0.4856, Val Acc=0.7869, Val Loss=0.4647
2024-07-02 11:43:20 - INFO - Epoch 61 training time: 7.2764
2024-07-02 11:43:21 - INFO - Epoch 61: Train Loss=0.4831, Val Acc=0.7869, Val Loss=0.4632
2024-07-02 11:43:28 - INFO - Epoch 62 training time: 7.3315
2024-07-02 11:43:29 - INFO - Saved best model at epoch 62
2024-07-02 11:43:29 - INFO - Epoch 62: Train Loss=0.4817, Val Acc=0.7906, Val Loss=0.4611
2024-07-02 11:43:36 - INFO - Epoch 63 training time: 7.3340
2024-07-02 11:43:37 - INFO - Saved best model at epoch 63
2024-07-02 11:43:37 - INFO - Epoch 63: Train Loss=0.4852, Val Acc=0.7888, Val Loss=0.4607
2024-07-02 11:43:44 - INFO - Epoch 64 training time: 7.1767
2024-07-02 11:43:45 - INFO - Epoch 64: Train Loss=0.4839, Val Acc=0.7860, Val Loss=0.4608
2024-07-02 11:43:52 - INFO - Epoch 65 training time: 7.0074
2024-07-02 11:43:53 - INFO - Saved best model at epoch 65
2024-07-02 11:43:53 - INFO - Epoch 65: Train Loss=0.4789, Val Acc=0.7888, Val Loss=0.4603
2024-07-02 11:43:59 - INFO - Epoch 66 training time: 6.3792
2024-07-02 11:44:00 - INFO - Saved best model at epoch 66
2024-07-02 11:44:00 - INFO - Epoch 66: Train Loss=0.4782, Val Acc=0.7860, Val Loss=0.4593
2024-07-02 11:44:07 - INFO - Epoch 67 training time: 7.2891
2024-07-02 11:44:08 - INFO - Saved best model at epoch 67
2024-07-02 11:44:08 - INFO - Epoch 67: Train Loss=0.4799, Val Acc=0.7897, Val Loss=0.4572
2024-07-02 11:44:16 - INFO - Epoch 68 training time: 7.4119
2024-07-02 11:44:16 - INFO - Epoch 68: Train Loss=0.4765, Val Acc=0.7851, Val Loss=0.4585
2024-07-02 11:44:24 - INFO - Epoch 69 training time: 7.4897
2024-07-02 11:44:25 - INFO - Epoch 69: Train Loss=0.4776, Val Acc=0.7906, Val Loss=0.4577
2024-07-02 11:44:32 - INFO - Epoch 70 training time: 7.5126
2024-07-02 11:44:33 - INFO - Saved best model at epoch 70
2024-07-02 11:44:33 - INFO - Epoch 70: Train Loss=0.4780, Val Acc=0.7915, Val Loss=0.4568
2024-07-02 11:44:41 - INFO - Epoch 71 training time: 7.5159
2024-07-02 11:44:41 - INFO - Saved best model at epoch 71
2024-07-02 11:44:41 - INFO - Epoch 71: Train Loss=0.4775, Val Acc=0.7888, Val Loss=0.4547
2024-07-02 11:44:49 - INFO - Epoch 72 training time: 7.7008
2024-07-02 11:44:50 - INFO - Epoch 72: Train Loss=0.4779, Val Acc=0.7888, Val Loss=0.4554
2024-07-02 11:44:58 - INFO - Epoch 73 training time: 7.9972
2024-07-02 11:44:59 - INFO - Saved best model at epoch 73
2024-07-02 11:44:59 - INFO - Epoch 73: Train Loss=0.4768, Val Acc=0.7924, Val Loss=0.4533
2024-07-02 11:45:07 - INFO - Epoch 74 training time: 7.6721
2024-07-02 11:45:07 - INFO - Epoch 74: Train Loss=0.4771, Val Acc=0.7897, Val Loss=0.4548
2024-07-02 11:45:15 - INFO - Epoch 75 training time: 7.5201
2024-07-02 11:45:16 - INFO - Epoch 75: Train Loss=0.4749, Val Acc=0.7924, Val Loss=0.4536
2024-07-02 11:45:23 - INFO - Epoch 76 training time: 7.3318
2024-07-02 11:45:24 - INFO - Saved best model at epoch 76
2024-07-02 11:45:24 - INFO - Epoch 76: Train Loss=0.4713, Val Acc=0.7924, Val Loss=0.4532
2024-07-02 11:45:31 - INFO - Epoch 77 training time: 7.4747
2024-07-02 11:45:32 - INFO - Saved best model at epoch 77
2024-07-02 11:45:32 - INFO - Epoch 77: Train Loss=0.4765, Val Acc=0.7924, Val Loss=0.4525
2024-07-02 11:45:40 - INFO - Epoch 78 training time: 7.5131
2024-07-02 11:45:41 - INFO - Saved best model at epoch 78
2024-07-02 11:45:41 - INFO - Epoch 78: Train Loss=0.4731, Val Acc=0.7951, Val Loss=0.4510
2024-07-02 11:45:48 - INFO - Epoch 79 training time: 7.7783
2024-07-02 11:45:49 - INFO - Epoch 79: Train Loss=0.4701, Val Acc=0.7978, Val Loss=0.4510
2024-07-02 11:45:57 - INFO - Epoch 80 training time: 8.0564
2024-07-02 11:45:58 - INFO - Saved best model at epoch 80
2024-07-02 11:45:58 - INFO - Epoch 80: Train Loss=0.4717, Val Acc=0.7987, Val Loss=0.4506
2024-07-02 11:46:06 - INFO - Epoch 81 training time: 7.7532
2024-07-02 11:46:07 - INFO - Saved best model at epoch 81
2024-07-02 11:46:07 - INFO - Epoch 81: Train Loss=0.4710, Val Acc=0.7978, Val Loss=0.4485
2024-07-02 11:46:14 - INFO - Epoch 82 training time: 7.3929
2024-07-02 11:46:15 - INFO - Epoch 82: Train Loss=0.4696, Val Acc=0.7978, Val Loss=0.4498
2024-07-02 11:46:23 - INFO - Epoch 83 training time: 7.5325
2024-07-02 11:46:24 - INFO - Saved best model at epoch 83
2024-07-02 11:46:24 - INFO - Epoch 83: Train Loss=0.4710, Val Acc=0.7996, Val Loss=0.4484
2024-07-02 11:46:32 - INFO - Epoch 84 training time: 7.9031
2024-07-02 11:46:32 - INFO - Epoch 84: Train Loss=0.4699, Val Acc=0.8015, Val Loss=0.4498
2024-07-02 11:46:40 - INFO - Epoch 85 training time: 7.4432
2024-07-02 11:46:41 - INFO - Saved best model at epoch 85
2024-07-02 11:46:41 - INFO - Epoch 85: Train Loss=0.4703, Val Acc=0.8042, Val Loss=0.4479
2024-07-02 11:46:48 - INFO - Epoch 86 training time: 7.3228
2024-07-02 11:46:49 - INFO - Saved best model at epoch 86
2024-07-02 11:46:49 - INFO - Epoch 86: Train Loss=0.4692, Val Acc=0.8060, Val Loss=0.4473
2024-07-02 11:46:56 - INFO - Epoch 87 training time: 7.4651
2024-07-02 11:46:57 - INFO - Saved best model at epoch 87
2024-07-02 11:46:57 - INFO - Epoch 87: Train Loss=0.4679, Val Acc=0.8024, Val Loss=0.4460
2024-07-02 11:47:05 - INFO - Epoch 88 training time: 7.4420
2024-07-02 11:47:05 - INFO - Saved best model at epoch 88
2024-07-02 11:47:05 - INFO - Epoch 88: Train Loss=0.4674, Val Acc=0.8087, Val Loss=0.4455
2024-07-02 11:47:13 - INFO - Epoch 89 training time: 7.2837
2024-07-02 11:47:14 - INFO - Saved best model at epoch 89
2024-07-02 11:47:14 - INFO - Epoch 89: Train Loss=0.4660, Val Acc=0.8105, Val Loss=0.4453
2024-07-02 11:47:21 - INFO - Epoch 90 training time: 7.2200
2024-07-02 11:47:22 - INFO - Saved best model at epoch 90
2024-07-02 11:47:22 - INFO - Epoch 90: Train Loss=0.4621, Val Acc=0.8096, Val Loss=0.4431
2024-07-02 11:47:29 - INFO - Epoch 91 training time: 7.3102
2024-07-02 11:47:30 - INFO - Epoch 91: Train Loss=0.4629, Val Acc=0.8105, Val Loss=0.4435
2024-07-02 11:47:37 - INFO - Epoch 92 training time: 7.4248
2024-07-02 11:47:38 - INFO - Epoch 92: Train Loss=0.4663, Val Acc=0.8105, Val Loss=0.4442
2024-07-02 11:47:45 - INFO - Epoch 93 training time: 7.1642
2024-07-02 11:47:46 - INFO - Saved best model at epoch 93
2024-07-02 11:47:46 - INFO - Epoch 93: Train Loss=0.4630, Val Acc=0.8132, Val Loss=0.4426
2024-07-02 11:47:54 - INFO - Epoch 94 training time: 7.4491
2024-07-02 11:47:54 - INFO - Saved best model at epoch 94
2024-07-02 11:47:54 - INFO - Epoch 94: Train Loss=0.4599, Val Acc=0.8150, Val Loss=0.4409
2024-07-02 11:48:02 - INFO - Epoch 95 training time: 7.2295
2024-07-02 11:48:02 - INFO - Epoch 95: Train Loss=0.4615, Val Acc=0.8150, Val Loss=0.4411
2024-07-02 11:48:10 - INFO - Epoch 96 training time: 7.3705
2024-07-02 11:48:11 - INFO - Saved best model at epoch 96
2024-07-02 11:48:11 - INFO - Epoch 96: Train Loss=0.4605, Val Acc=0.8132, Val Loss=0.4394
2024-07-02 11:48:18 - INFO - Epoch 97 training time: 7.5957
2024-07-02 11:48:19 - INFO - Saved best model at epoch 97
2024-07-02 11:48:19 - INFO - Epoch 97: Train Loss=0.4627, Val Acc=0.8160, Val Loss=0.4390
2024-07-02 11:48:27 - INFO - Epoch 98 training time: 7.6695
2024-07-02 11:48:28 - INFO - Epoch 98: Train Loss=0.4614, Val Acc=0.8187, Val Loss=0.4391
2024-07-02 11:48:35 - INFO - Epoch 99 training time: 7.1863
2024-07-02 11:48:36 - INFO - Epoch 99: Train Loss=0.4587, Val Acc=0.8150, Val Loss=0.4394
2024-07-02 11:48:42 - INFO - Epoch 100 training time: 6.9028
2024-07-02 11:48:43 - INFO - Saved best model at epoch 100
2024-07-02 11:48:43 - INFO - Epoch 100: Train Loss=0.4607, Val Acc=0.8196, Val Loss=0.4379
2024-07-02 11:48:50 - INFO - Epoch 101 training time: 7.0874
2024-07-02 11:48:51 - INFO - Saved best model at epoch 101
2024-07-02 11:48:51 - INFO - Epoch 101: Train Loss=0.4585, Val Acc=0.8196, Val Loss=0.4374
2024-07-02 11:48:58 - INFO - Epoch 102 training time: 7.1538
2024-07-02 11:48:59 - INFO - Saved best model at epoch 102
2024-07-02 11:48:59 - INFO - Epoch 102: Train Loss=0.4567, Val Acc=0.8196, Val Loss=0.4373
2024-07-02 11:49:06 - INFO - Epoch 103 training time: 6.9686
2024-07-02 11:49:07 - INFO - Epoch 103: Train Loss=0.4538, Val Acc=0.8178, Val Loss=0.4375
2024-07-02 11:49:14 - INFO - Epoch 104 training time: 7.4154
2024-07-02 11:49:15 - INFO - Saved best model at epoch 104
2024-07-02 11:49:15 - INFO - Epoch 104: Train Loss=0.4591, Val Acc=0.8214, Val Loss=0.4358
2024-07-02 11:49:23 - INFO - Epoch 105 training time: 7.6602
2024-07-02 11:49:24 - INFO - Epoch 105: Train Loss=0.4562, Val Acc=0.8196, Val Loss=0.4360
2024-07-02 11:49:31 - INFO - Epoch 106 training time: 7.1360
2024-07-02 11:49:32 - INFO - Saved best model at epoch 106
2024-07-02 11:49:32 - INFO - Epoch 106: Train Loss=0.4545, Val Acc=0.8178, Val Loss=0.4347
2024-07-02 11:49:39 - INFO - Epoch 107 training time: 7.0548
2024-07-02 11:49:39 - INFO - Epoch 107: Train Loss=0.4545, Val Acc=0.8214, Val Loss=0.4352
2024-07-02 11:49:48 - INFO - Epoch 108 training time: 7.5915
2024-07-02 11:49:49 - INFO - Saved best model at epoch 108
2024-07-02 11:49:49 - INFO - Epoch 108: Train Loss=0.4535, Val Acc=0.8241, Val Loss=0.4338
2024-07-02 11:49:56 - INFO - Epoch 109 training time: 7.1353
2024-07-02 11:49:57 - INFO - Epoch 109: Train Loss=0.4543, Val Acc=0.8223, Val Loss=0.4344
2024-07-02 11:50:04 - INFO - Epoch 110 training time: 7.2099
2024-07-02 11:50:05 - INFO - Epoch 110: Train Loss=0.4499, Val Acc=0.8214, Val Loss=0.4355
2024-07-02 11:50:12 - INFO - Epoch 111 training time: 7.2844
2024-07-02 11:50:13 - INFO - Saved best model at epoch 111
2024-07-02 11:50:13 - INFO - Epoch 111: Train Loss=0.4534, Val Acc=0.8232, Val Loss=0.4334
2024-07-02 11:50:21 - INFO - Epoch 112 training time: 7.9390
2024-07-02 11:50:22 - INFO - Saved best model at epoch 112
2024-07-02 11:50:22 - INFO - Epoch 112: Train Loss=0.4547, Val Acc=0.8241, Val Loss=0.4316
2024-07-02 11:50:29 - INFO - Epoch 113 training time: 7.5355
2024-07-02 11:50:30 - INFO - Saved best model at epoch 113
2024-07-02 11:50:30 - INFO - Epoch 113: Train Loss=0.4519, Val Acc=0.8259, Val Loss=0.4310
2024-07-02 11:50:38 - INFO - Epoch 114 training time: 7.5812
2024-07-02 11:50:39 - INFO - Saved best model at epoch 114
2024-07-02 11:50:39 - INFO - Epoch 114: Train Loss=0.4512, Val Acc=0.8250, Val Loss=0.4307
2024-07-02 11:50:46 - INFO - Epoch 115 training time: 7.8262
2024-07-02 11:50:47 - INFO - Epoch 115: Train Loss=0.4495, Val Acc=0.8259, Val Loss=0.4316
2024-07-02 11:50:55 - INFO - Epoch 116 training time: 7.9819
2024-07-02 11:50:56 - INFO - Epoch 116: Train Loss=0.4506, Val Acc=0.8241, Val Loss=0.4314
2024-07-02 11:51:04 - INFO - Epoch 117 training time: 7.7819
2024-07-02 11:51:05 - INFO - Epoch 117: Train Loss=0.4502, Val Acc=0.8250, Val Loss=0.4307
2024-07-02 11:51:13 - INFO - Epoch 118 training time: 7.8051
2024-07-02 11:51:13 - INFO - Epoch 118: Train Loss=0.4463, Val Acc=0.8277, Val Loss=0.4317
2024-07-02 11:51:21 - INFO - Epoch 119 training time: 7.5086
2024-07-02 11:51:22 - INFO - Early stopping triggered, epoch 119
2024-07-02 11:51:23 - INFO - Test F1-Score: 0.8197
2024-07-02 11:51:23 - INFO - Test Precision : 0.8308
2024-07-02 11:51:23 - INFO - Test Accuracy: 0.8205
2024-07-02 11:51:23 - INFO - Test Recall: 0.8229
2024-07-02 11:51:23 - INFO - Train Time: 877.9600
2024-07-02 13:04:17 - INFO - rs= 7
2024-07-02 13:04:23 - INFO - Epoch 1 training time: 5.3539
2024-07-02 13:04:24 - INFO - Saved best model at epoch 1
2024-07-02 13:04:24 - INFO - Epoch 1: Train Loss=0.6939, Val Acc=0.5131, Val Loss=0.6937
2024-07-02 13:04:30 - INFO - Epoch 2 training time: 6.0129
2024-07-02 13:04:30 - INFO - Saved best model at epoch 2
2024-07-02 13:04:30 - INFO - Epoch 2: Train Loss=0.6934, Val Acc=0.5131, Val Loss=0.6932
2024-07-02 13:04:37 - INFO - Epoch 3 training time: 6.2411
2024-07-02 13:04:37 - INFO - Saved best model at epoch 3
2024-07-02 13:04:37 - INFO - Epoch 3: Train Loss=0.6931, Val Acc=0.5131, Val Loss=0.6930
2024-07-02 13:04:44 - INFO - Epoch 4 training time: 6.6570
2024-07-02 13:04:45 - INFO - Saved best model at epoch 4
2024-07-02 13:04:45 - INFO - Epoch 4: Train Loss=0.6928, Val Acc=0.5131, Val Loss=0.6927
2024-07-02 13:04:51 - INFO - Epoch 5 training time: 6.6135
2024-07-02 13:04:52 - INFO - Saved best model at epoch 5
2024-07-02 13:04:52 - INFO - Epoch 5: Train Loss=0.6927, Val Acc=0.5131, Val Loss=0.6923
2024-07-02 13:04:59 - INFO - Epoch 6 training time: 6.8430
2024-07-02 13:05:00 - INFO - Saved best model at epoch 6
2024-07-02 13:05:00 - INFO - Epoch 6: Train Loss=0.6922, Val Acc=0.5131, Val Loss=0.6917
2024-07-02 13:05:06 - INFO - Epoch 7 training time: 6.4133
2024-07-02 13:05:07 - INFO - Saved best model at epoch 7
2024-07-02 13:05:07 - INFO - Epoch 7: Train Loss=0.6914, Val Acc=0.5131, Val Loss=0.6908
2024-07-02 13:05:14 - INFO - Epoch 8 training time: 6.4561
2024-07-02 13:05:14 - INFO - Saved best model at epoch 8
2024-07-02 13:05:14 - INFO - Epoch 8: Train Loss=0.6903, Val Acc=0.5131, Val Loss=0.6897
2024-07-02 13:05:21 - INFO - Epoch 9 training time: 6.5977
2024-07-02 13:05:22 - INFO - Saved best model at epoch 9
2024-07-02 13:05:22 - INFO - Epoch 9: Train Loss=0.6882, Val Acc=0.5131, Val Loss=0.6887
2024-07-02 13:05:28 - INFO - Epoch 10 training time: 6.6257
2024-07-02 13:05:29 - INFO - Saved best model at epoch 10
2024-07-02 13:05:29 - INFO - Epoch 10: Train Loss=0.6864, Val Acc=0.5131, Val Loss=0.6875
2024-07-02 13:05:36 - INFO - Epoch 11 training time: 6.6654
2024-07-02 13:05:37 - INFO - Epoch 11: Train Loss=0.6853, Val Acc=0.5150, Val Loss=0.6876
2024-07-02 13:05:43 - INFO - Epoch 12 training time: 6.6008
2024-07-02 13:05:44 - INFO - Saved best model at epoch 12
2024-07-02 13:05:44 - INFO - Epoch 12: Train Loss=0.6847, Val Acc=0.6609, Val Loss=0.6872
2024-07-02 13:05:51 - INFO - Epoch 13 training time: 6.6009
2024-07-02 13:05:51 - INFO - Saved best model at epoch 13
2024-07-02 13:05:51 - INFO - Epoch 13: Train Loss=0.6850, Val Acc=0.4986, Val Loss=0.6864
2024-07-02 13:05:58 - INFO - Epoch 14 training time: 6.8066
2024-07-02 13:05:59 - INFO - Saved best model at epoch 14
2024-07-02 13:05:59 - INFO - Epoch 14: Train Loss=0.6840, Val Acc=0.5023, Val Loss=0.6862
2024-07-02 13:06:05 - INFO - Epoch 15 training time: 6.4165
2024-07-02 13:06:06 - INFO - Saved best model at epoch 15
2024-07-02 13:06:06 - INFO - Epoch 15: Train Loss=0.6837, Val Acc=0.5122, Val Loss=0.6856
2024-07-02 13:06:13 - INFO - Epoch 16 training time: 6.5047
2024-07-02 13:06:13 - INFO - Saved best model at epoch 16
2024-07-02 13:06:13 - INFO - Epoch 16: Train Loss=0.6836, Val Acc=0.5122, Val Loss=0.6853
2024-07-02 13:06:20 - INFO - Epoch 17 training time: 6.6162
2024-07-02 13:06:21 - INFO - Epoch 17: Train Loss=0.6834, Val Acc=0.4977, Val Loss=0.6861
2024-07-02 13:06:27 - INFO - Epoch 18 training time: 6.5856
2024-07-02 13:06:28 - INFO - Saved best model at epoch 18
2024-07-02 13:06:28 - INFO - Epoch 18: Train Loss=0.6827, Val Acc=0.5086, Val Loss=0.6844
2024-07-02 13:06:35 - INFO - Epoch 19 training time: 6.5990
2024-07-02 13:06:35 - INFO - Saved best model at epoch 19
2024-07-02 13:06:35 - INFO - Epoch 19: Train Loss=0.6828, Val Acc=0.4923, Val Loss=0.6838
2024-07-02 13:06:42 - INFO - Epoch 20 training time: 6.7365
2024-07-02 13:06:43 - INFO - Saved best model at epoch 20
2024-07-02 13:06:43 - INFO - Epoch 20: Train Loss=0.6817, Val Acc=0.6065, Val Loss=0.6829
2024-07-02 13:06:49 - INFO - Epoch 21 training time: 6.2096
2024-07-02 13:06:50 - INFO - Saved best model at epoch 21
2024-07-02 13:06:50 - INFO - Epoch 21: Train Loss=0.6806, Val Acc=0.6047, Val Loss=0.6814
2024-07-02 13:06:56 - INFO - Epoch 22 training time: 6.4836
2024-07-02 13:06:57 - INFO - Saved best model at epoch 22
2024-07-02 13:06:57 - INFO - Epoch 22: Train Loss=0.6786, Val Acc=0.5920, Val Loss=0.6788
2024-07-02 13:07:04 - INFO - Epoch 23 training time: 6.4883
2024-07-02 13:07:04 - INFO - Saved best model at epoch 23
2024-07-02 13:07:04 - INFO - Epoch 23: Train Loss=0.6761, Val Acc=0.6183, Val Loss=0.6748
2024-07-02 13:07:11 - INFO - Epoch 24 training time: 6.5893
2024-07-02 13:07:12 - INFO - Saved best model at epoch 24
2024-07-02 13:07:12 - INFO - Epoch 24: Train Loss=0.6726, Val Acc=0.6473, Val Loss=0.6699
2024-07-02 13:07:19 - INFO - Epoch 25 training time: 7.0889
2024-07-02 13:07:20 - INFO - Saved best model at epoch 25
2024-07-02 13:07:20 - INFO - Epoch 25: Train Loss=0.6686, Val Acc=0.6528, Val Loss=0.6642
2024-07-02 13:07:27 - INFO - Epoch 26 training time: 6.9872
2024-07-02 13:07:27 - INFO - Saved best model at epoch 26
2024-07-02 13:07:27 - INFO - Epoch 26: Train Loss=0.6642, Val Acc=0.6682, Val Loss=0.6579
2024-07-02 13:07:34 - INFO - Epoch 27 training time: 6.7297
2024-07-02 13:07:35 - INFO - Saved best model at epoch 27
2024-07-02 13:07:35 - INFO - Epoch 27: Train Loss=0.6601, Val Acc=0.6754, Val Loss=0.6516
2024-07-02 13:07:42 - INFO - Epoch 28 training time: 6.8030
2024-07-02 13:07:42 - INFO - Saved best model at epoch 28
2024-07-02 13:07:42 - INFO - Epoch 28: Train Loss=0.6529, Val Acc=0.6845, Val Loss=0.6441
2024-07-02 13:07:49 - INFO - Epoch 29 training time: 6.6172
2024-07-02 13:07:50 - INFO - Saved best model at epoch 29
2024-07-02 13:07:50 - INFO - Epoch 29: Train Loss=0.6437, Val Acc=0.6963, Val Loss=0.6361
2024-07-02 13:07:56 - INFO - Epoch 30 training time: 6.6760
2024-07-02 13:07:57 - INFO - Saved best model at epoch 30
2024-07-02 13:07:57 - INFO - Epoch 30: Train Loss=0.6371, Val Acc=0.6999, Val Loss=0.6262
2024-07-02 13:08:04 - INFO - Epoch 31 training time: 6.8665
2024-07-02 13:08:05 - INFO - Saved best model at epoch 31
2024-07-02 13:08:05 - INFO - Epoch 31: Train Loss=0.6272, Val Acc=0.7035, Val Loss=0.6151
2024-07-02 13:08:12 - INFO - Epoch 32 training time: 6.9563
2024-07-02 13:08:13 - INFO - Saved best model at epoch 32
2024-07-02 13:08:13 - INFO - Epoch 32: Train Loss=0.6173, Val Acc=0.7117, Val Loss=0.6037
2024-07-02 13:08:19 - INFO - Epoch 33 training time: 6.7126
2024-07-02 13:08:20 - INFO - Saved best model at epoch 33
2024-07-02 13:08:20 - INFO - Epoch 33: Train Loss=0.6036, Val Acc=0.7226, Val Loss=0.5902
2024-07-02 13:08:27 - INFO - Epoch 34 training time: 6.9587
2024-07-02 13:08:28 - INFO - Saved best model at epoch 34
2024-07-02 13:08:28 - INFO - Epoch 34: Train Loss=0.5959, Val Acc=0.7262, Val Loss=0.5788
2024-07-02 13:08:35 - INFO - Epoch 35 training time: 6.9452
2024-07-02 13:08:36 - INFO - Saved best model at epoch 35
2024-07-02 13:08:36 - INFO - Epoch 35: Train Loss=0.5820, Val Acc=0.7344, Val Loss=0.5674
2024-07-02 13:08:42 - INFO - Epoch 36 training time: 6.8884
2024-07-02 13:08:43 - INFO - Saved best model at epoch 36
2024-07-02 13:08:43 - INFO - Epoch 36: Train Loss=0.5721, Val Acc=0.7335, Val Loss=0.5555
2024-07-02 13:08:50 - INFO - Epoch 37 training time: 7.1554
2024-07-02 13:08:51 - INFO - Saved best model at epoch 37
2024-07-02 13:08:51 - INFO - Epoch 37: Train Loss=0.5603, Val Acc=0.7344, Val Loss=0.5443
2024-07-02 13:08:58 - INFO - Epoch 38 training time: 6.9482
2024-07-02 13:08:59 - INFO - Saved best model at epoch 38
2024-07-02 13:08:59 - INFO - Epoch 38: Train Loss=0.5538, Val Acc=0.7380, Val Loss=0.5351
2024-07-02 13:09:06 - INFO - Epoch 39 training time: 7.0976
2024-07-02 13:09:07 - INFO - Saved best model at epoch 39
2024-07-02 13:09:07 - INFO - Epoch 39: Train Loss=0.5413, Val Acc=0.7335, Val Loss=0.5292
2024-07-02 13:09:14 - INFO - Epoch 40 training time: 7.1986
2024-07-02 13:09:15 - INFO - Saved best model at epoch 40
2024-07-02 13:09:15 - INFO - Epoch 40: Train Loss=0.5359, Val Acc=0.7452, Val Loss=0.5223
2024-07-02 13:09:22 - INFO - Epoch 41 training time: 6.9078
2024-07-02 13:09:23 - INFO - Saved best model at epoch 41
2024-07-02 13:09:23 - INFO - Epoch 41: Train Loss=0.5304, Val Acc=0.7443, Val Loss=0.5162
2024-07-02 13:09:29 - INFO - Epoch 42 training time: 6.9585
2024-07-02 13:09:30 - INFO - Saved best model at epoch 42
2024-07-02 13:09:30 - INFO - Epoch 42: Train Loss=0.5260, Val Acc=0.7407, Val Loss=0.5114
2024-07-02 13:09:37 - INFO - Epoch 43 training time: 6.8360
2024-07-02 13:09:38 - INFO - Saved best model at epoch 43
2024-07-02 13:09:38 - INFO - Epoch 43: Train Loss=0.5191, Val Acc=0.7407, Val Loss=0.5073
2024-07-02 13:09:45 - INFO - Epoch 44 training time: 6.6931
2024-07-02 13:09:45 - INFO - Saved best model at epoch 44
2024-07-02 13:09:45 - INFO - Epoch 44: Train Loss=0.5142, Val Acc=0.7471, Val Loss=0.5030
2024-07-02 13:09:52 - INFO - Epoch 45 training time: 6.7304
2024-07-02 13:09:53 - INFO - Saved best model at epoch 45
2024-07-02 13:09:53 - INFO - Epoch 45: Train Loss=0.5128, Val Acc=0.7516, Val Loss=0.5003
2024-07-02 13:10:00 - INFO - Epoch 46 training time: 6.8868
2024-07-02 13:10:01 - INFO - Saved best model at epoch 46
2024-07-02 13:10:01 - INFO - Epoch 46: Train Loss=0.5075, Val Acc=0.7652, Val Loss=0.4957
2024-07-02 13:10:08 - INFO - Epoch 47 training time: 7.2632
2024-07-02 13:10:09 - INFO - Saved best model at epoch 47
2024-07-02 13:10:09 - INFO - Epoch 47: Train Loss=0.5067, Val Acc=0.7643, Val Loss=0.4941
2024-07-02 13:10:15 - INFO - Epoch 48 training time: 6.5610
2024-07-02 13:10:16 - INFO - Saved best model at epoch 48
2024-07-02 13:10:16 - INFO - Epoch 48: Train Loss=0.5063, Val Acc=0.7616, Val Loss=0.4911
2024-07-02 13:10:23 - INFO - Epoch 49 training time: 6.7776
2024-07-02 13:10:23 - INFO - Saved best model at epoch 49
2024-07-02 13:10:23 - INFO - Epoch 49: Train Loss=0.5028, Val Acc=0.7643, Val Loss=0.4886
2024-07-02 13:10:30 - INFO - Epoch 50 training time: 6.7879
2024-07-02 13:10:31 - INFO - Saved best model at epoch 50
2024-07-02 13:10:31 - INFO - Epoch 50: Train Loss=0.4974, Val Acc=0.7715, Val Loss=0.4844
2024-07-02 13:10:38 - INFO - Epoch 51 training time: 6.4991
2024-07-02 13:10:38 - INFO - Saved best model at epoch 51
2024-07-02 13:10:38 - INFO - Epoch 51: Train Loss=0.4951, Val Acc=0.7715, Val Loss=0.4828
2024-07-02 13:10:45 - INFO - Epoch 52 training time: 6.6218
2024-07-02 13:10:46 - INFO - Saved best model at epoch 52
2024-07-02 13:10:46 - INFO - Epoch 52: Train Loss=0.4920, Val Acc=0.7779, Val Loss=0.4787
2024-07-02 13:10:52 - INFO - Epoch 53 training time: 6.7316
2024-07-02 13:10:53 - INFO - Saved best model at epoch 53
2024-07-02 13:10:53 - INFO - Epoch 53: Train Loss=0.4914, Val Acc=0.7752, Val Loss=0.4758
2024-07-02 13:11:00 - INFO - Epoch 54 training time: 6.8630
2024-07-02 13:11:01 - INFO - Saved best model at epoch 54
2024-07-02 13:11:01 - INFO - Epoch 54: Train Loss=0.4850, Val Acc=0.7761, Val Loss=0.4745
2024-07-02 13:11:07 - INFO - Epoch 55 training time: 6.6196
2024-07-02 13:11:08 - INFO - Saved best model at epoch 55
2024-07-02 13:11:08 - INFO - Epoch 55: Train Loss=0.4804, Val Acc=0.7779, Val Loss=0.4710
2024-07-02 13:11:15 - INFO - Epoch 56 training time: 6.3379
2024-07-02 13:11:15 - INFO - Saved best model at epoch 56
2024-07-02 13:11:15 - INFO - Epoch 56: Train Loss=0.4806, Val Acc=0.7797, Val Loss=0.4675
2024-07-02 13:11:22 - INFO - Epoch 57 training time: 6.5633
2024-07-02 13:11:23 - INFO - Saved best model at epoch 57
2024-07-02 13:11:23 - INFO - Epoch 57: Train Loss=0.4759, Val Acc=0.7797, Val Loss=0.4648
2024-07-02 13:11:29 - INFO - Epoch 58 training time: 6.5679
2024-07-02 13:11:30 - INFO - Saved best model at epoch 58
2024-07-02 13:11:30 - INFO - Epoch 58: Train Loss=0.4703, Val Acc=0.7797, Val Loss=0.4608
2024-07-02 13:11:36 - INFO - Epoch 59 training time: 6.5387
2024-07-02 13:11:37 - INFO - Saved best model at epoch 59
2024-07-02 13:11:37 - INFO - Epoch 59: Train Loss=0.4697, Val Acc=0.7824, Val Loss=0.4573
2024-07-02 13:11:44 - INFO - Epoch 60 training time: 6.9183
2024-07-02 13:11:45 - INFO - Saved best model at epoch 60
2024-07-02 13:11:45 - INFO - Epoch 60: Train Loss=0.4645, Val Acc=0.7851, Val Loss=0.4551
2024-07-02 13:11:51 - INFO - Epoch 61 training time: 6.3352
2024-07-02 13:11:52 - INFO - Saved best model at epoch 61
2024-07-02 13:11:52 - INFO - Epoch 61: Train Loss=0.4662, Val Acc=0.7888, Val Loss=0.4497
2024-07-02 13:11:59 - INFO - Epoch 62 training time: 6.7009
2024-07-02 13:11:59 - INFO - Saved best model at epoch 62
2024-07-02 13:11:59 - INFO - Epoch 62: Train Loss=0.4553, Val Acc=0.7869, Val Loss=0.4461
2024-07-02 13:12:06 - INFO - Epoch 63 training time: 7.0017
2024-07-02 13:12:07 - INFO - Saved best model at epoch 63
2024-07-02 13:12:07 - INFO - Epoch 63: Train Loss=0.4503, Val Acc=0.7860, Val Loss=0.4388
2024-07-02 13:12:14 - INFO - Epoch 64 training time: 6.6286
2024-07-02 13:12:15 - INFO - Saved best model at epoch 64
2024-07-02 13:12:15 - INFO - Epoch 64: Train Loss=0.4460, Val Acc=0.7906, Val Loss=0.4324
2024-07-02 13:12:21 - INFO - Epoch 65 training time: 6.6050
2024-07-02 13:12:22 - INFO - Saved best model at epoch 65
2024-07-02 13:12:22 - INFO - Epoch 65: Train Loss=0.4402, Val Acc=0.7942, Val Loss=0.4263
2024-07-02 13:12:28 - INFO - Epoch 66 training time: 6.3243
2024-07-02 13:12:29 - INFO - Saved best model at epoch 66
2024-07-02 13:12:29 - INFO - Epoch 66: Train Loss=0.4326, Val Acc=0.7888, Val Loss=0.4182
2024-07-02 13:12:36 - INFO - Epoch 67 training time: 6.7591
2024-07-02 13:12:37 - INFO - Saved best model at epoch 67
2024-07-02 13:12:37 - INFO - Epoch 67: Train Loss=0.4228, Val Acc=0.7951, Val Loss=0.4106
2024-07-02 13:12:43 - INFO - Epoch 68 training time: 6.5363
2024-07-02 13:12:44 - INFO - Saved best model at epoch 68
2024-07-02 13:12:44 - INFO - Epoch 68: Train Loss=0.4159, Val Acc=0.8078, Val Loss=0.4041
2024-07-02 13:12:51 - INFO - Epoch 69 training time: 6.6875
2024-07-02 13:12:52 - INFO - Saved best model at epoch 69
2024-07-02 13:12:52 - INFO - Epoch 69: Train Loss=0.4068, Val Acc=0.8404, Val Loss=0.3921
2024-07-02 13:12:58 - INFO - Epoch 70 training time: 6.6097
2024-07-02 13:12:59 - INFO - Saved best model at epoch 70
2024-07-02 13:12:59 - INFO - Epoch 70: Train Loss=0.3968, Val Acc=0.8413, Val Loss=0.3832
2024-07-02 13:13:06 - INFO - Epoch 71 training time: 6.5778
2024-07-02 13:13:06 - INFO - Saved best model at epoch 71
2024-07-02 13:13:06 - INFO - Epoch 71: Train Loss=0.3907, Val Acc=0.8468, Val Loss=0.3751
2024-07-02 13:13:13 - INFO - Epoch 72 training time: 6.5290
2024-07-02 13:13:14 - INFO - Saved best model at epoch 72
2024-07-02 13:13:14 - INFO - Epoch 72: Train Loss=0.3790, Val Acc=0.8722, Val Loss=0.3698
2024-07-02 13:13:21 - INFO - Epoch 73 training time: 6.9995
2024-07-02 13:13:21 - INFO - Saved best model at epoch 73
2024-07-02 13:13:21 - INFO - Epoch 73: Train Loss=0.3751, Val Acc=0.8685, Val Loss=0.3585
2024-07-02 13:13:28 - INFO - Epoch 74 training time: 6.9048
2024-07-02 13:13:29 - INFO - Saved best model at epoch 74
2024-07-02 13:13:29 - INFO - Epoch 74: Train Loss=0.3646, Val Acc=0.8758, Val Loss=0.3527
2024-07-02 13:13:36 - INFO - Epoch 75 training time: 6.5983
2024-07-02 13:13:37 - INFO - Saved best model at epoch 75
2024-07-02 13:13:37 - INFO - Epoch 75: Train Loss=0.3560, Val Acc=0.8749, Val Loss=0.3451
2024-07-02 13:13:43 - INFO - Epoch 76 training time: 6.8911
2024-07-02 13:13:44 - INFO - Saved best model at epoch 76
2024-07-02 13:13:44 - INFO - Epoch 76: Train Loss=0.3481, Val Acc=0.8758, Val Loss=0.3382
2024-07-02 13:13:51 - INFO - Epoch 77 training time: 6.8344
2024-07-02 13:13:52 - INFO - Saved best model at epoch 77
2024-07-02 13:13:52 - INFO - Epoch 77: Train Loss=0.3455, Val Acc=0.8821, Val Loss=0.3340
2024-07-02 13:13:59 - INFO - Epoch 78 training time: 6.7094
2024-07-02 13:13:59 - INFO - Saved best model at epoch 78
2024-07-02 13:13:59 - INFO - Epoch 78: Train Loss=0.3376, Val Acc=0.8840, Val Loss=0.3266
2024-07-02 13:14:06 - INFO - Epoch 79 training time: 6.4499
2024-07-02 13:14:07 - INFO - Saved best model at epoch 79
2024-07-02 13:14:07 - INFO - Epoch 79: Train Loss=0.3295, Val Acc=0.8894, Val Loss=0.3219
2024-07-02 13:14:13 - INFO - Epoch 80 training time: 6.7705
2024-07-02 13:14:14 - INFO - Saved best model at epoch 80
2024-07-02 13:14:14 - INFO - Epoch 80: Train Loss=0.3261, Val Acc=0.8894, Val Loss=0.3158
2024-07-02 13:14:21 - INFO - Epoch 81 training time: 6.6048
2024-07-02 13:14:21 - INFO - Saved best model at epoch 81
2024-07-02 13:14:21 - INFO - Epoch 81: Train Loss=0.3175, Val Acc=0.8885, Val Loss=0.3125
2024-07-02 13:14:29 - INFO - Epoch 82 training time: 7.1035
2024-07-02 13:14:29 - INFO - Epoch 82: Train Loss=0.3164, Val Acc=0.9048, Val Loss=0.3130
2024-07-02 13:14:36 - INFO - Epoch 83 training time: 6.7636
2024-07-02 13:14:37 - INFO - Saved best model at epoch 83
2024-07-02 13:14:37 - INFO - Epoch 83: Train Loss=0.3114, Val Acc=0.8948, Val Loss=0.3042
2024-07-02 13:14:44 - INFO - Epoch 84 training time: 7.0046
2024-07-02 13:14:45 - INFO - Epoch 84: Train Loss=0.2997, Val Acc=0.9039, Val Loss=0.3044
2024-07-02 13:14:52 - INFO - Epoch 85 training time: 6.9655
2024-07-02 13:14:53 - INFO - Saved best model at epoch 85
2024-07-02 13:14:53 - INFO - Epoch 85: Train Loss=0.3012, Val Acc=0.8948, Val Loss=0.2983
2024-07-02 13:14:59 - INFO - Epoch 86 training time: 6.9232
2024-07-02 13:15:00 - INFO - Saved best model at epoch 86
2024-07-02 13:15:00 - INFO - Epoch 86: Train Loss=0.3023, Val Acc=0.8994, Val Loss=0.2963
2024-07-02 13:15:07 - INFO - Epoch 87 training time: 6.9283
2024-07-02 13:15:08 - INFO - Saved best model at epoch 87
2024-07-02 13:15:08 - INFO - Epoch 87: Train Loss=0.2962, Val Acc=0.8930, Val Loss=0.2942
2024-07-02 13:15:15 - INFO - Epoch 88 training time: 6.6263
2024-07-02 13:15:15 - INFO - Saved best model at epoch 88
2024-07-02 13:15:15 - INFO - Epoch 88: Train Loss=0.2928, Val Acc=0.8957, Val Loss=0.2904
2024-07-02 13:15:22 - INFO - Epoch 89 training time: 6.8560
2024-07-02 13:15:23 - INFO - Saved best model at epoch 89
2024-07-02 13:15:23 - INFO - Epoch 89: Train Loss=0.2890, Val Acc=0.8948, Val Loss=0.2879
2024-07-02 13:15:30 - INFO - Epoch 90 training time: 6.8037
2024-07-02 13:15:31 - INFO - Saved best model at epoch 90
2024-07-02 13:15:31 - INFO - Epoch 90: Train Loss=0.2864, Val Acc=0.8985, Val Loss=0.2871
2024-07-02 13:15:37 - INFO - Epoch 91 training time: 6.7326
2024-07-02 13:15:38 - INFO - Saved best model at epoch 91
2024-07-02 13:15:38 - INFO - Epoch 91: Train Loss=0.2781, Val Acc=0.8985, Val Loss=0.2840
2024-07-02 13:15:45 - INFO - Epoch 92 training time: 6.8117
2024-07-02 13:15:46 - INFO - Saved best model at epoch 92
2024-07-02 13:15:46 - INFO - Epoch 92: Train Loss=0.2812, Val Acc=0.8985, Val Loss=0.2821
2024-07-02 13:15:53 - INFO - Epoch 93 training time: 7.4443
2024-07-02 13:15:54 - INFO - Saved best model at epoch 93
2024-07-02 13:15:54 - INFO - Epoch 93: Train Loss=0.2788, Val Acc=0.8976, Val Loss=0.2807
2024-07-02 13:16:01 - INFO - Epoch 94 training time: 6.8057
2024-07-02 13:16:02 - INFO - Saved best model at epoch 94
2024-07-02 13:16:02 - INFO - Epoch 94: Train Loss=0.2760, Val Acc=0.9112, Val Loss=0.2806
2024-07-02 13:16:09 - INFO - Epoch 95 training time: 7.0046
2024-07-02 13:16:09 - INFO - Saved best model at epoch 95
2024-07-02 13:16:09 - INFO - Epoch 95: Train Loss=0.2792, Val Acc=0.9003, Val Loss=0.2778
2024-07-02 13:16:16 - INFO - Epoch 96 training time: 6.7941
2024-07-02 13:16:17 - INFO - Saved best model at epoch 96
2024-07-02 13:16:17 - INFO - Epoch 96: Train Loss=0.2702, Val Acc=0.8985, Val Loss=0.2767
2024-07-02 13:16:23 - INFO - Epoch 97 training time: 6.4834
2024-07-02 13:16:24 - INFO - Saved best model at epoch 97
2024-07-02 13:16:24 - INFO - Epoch 97: Train Loss=0.2704, Val Acc=0.9003, Val Loss=0.2746
2024-07-02 13:16:31 - INFO - Epoch 98 training time: 6.9936
2024-07-02 13:16:32 - INFO - Epoch 98: Train Loss=0.2672, Val Acc=0.9012, Val Loss=0.2753
2024-07-02 13:16:39 - INFO - Epoch 99 training time: 6.7609
2024-07-02 13:16:40 - INFO - Saved best model at epoch 99
2024-07-02 13:16:40 - INFO - Epoch 99: Train Loss=0.2662, Val Acc=0.8994, Val Loss=0.2738
2024-07-02 13:16:46 - INFO - Epoch 100 training time: 6.6538
2024-07-02 13:16:47 - INFO - Epoch 100: Train Loss=0.2661, Val Acc=0.9093, Val Loss=0.2759
2024-07-02 13:16:54 - INFO - Epoch 101 training time: 6.7427
2024-07-02 13:16:54 - INFO - Saved best model at epoch 101
2024-07-02 13:16:54 - INFO - Epoch 101: Train Loss=0.2668, Val Acc=0.9057, Val Loss=0.2715
2024-07-02 13:17:01 - INFO - Epoch 102 training time: 6.4517
2024-07-02 13:17:02 - INFO - Saved best model at epoch 102
2024-07-02 13:17:02 - INFO - Epoch 102: Train Loss=0.2611, Val Acc=0.9112, Val Loss=0.2710
2024-07-02 13:17:08 - INFO - Epoch 103 training time: 6.4528
2024-07-02 13:17:09 - INFO - Saved best model at epoch 103
2024-07-02 13:17:09 - INFO - Epoch 103: Train Loss=0.2642, Val Acc=0.8994, Val Loss=0.2696
2024-07-02 13:17:15 - INFO - Epoch 104 training time: 6.5732
2024-07-02 13:17:16 - INFO - Saved best model at epoch 104
2024-07-02 13:17:16 - INFO - Epoch 104: Train Loss=0.2597, Val Acc=0.9039, Val Loss=0.2687
2024-07-02 13:17:23 - INFO - Epoch 105 training time: 6.6198
2024-07-02 13:17:24 - INFO - Epoch 105: Train Loss=0.2592, Val Acc=0.9112, Val Loss=0.2709
2024-07-02 13:17:30 - INFO - Epoch 106 training time: 6.4679
2024-07-02 13:17:31 - INFO - Saved best model at epoch 106
2024-07-02 13:17:31 - INFO - Epoch 106: Train Loss=0.2613, Val Acc=0.9021, Val Loss=0.2683
2024-07-02 13:17:37 - INFO - Epoch 107 training time: 6.5049
2024-07-02 13:17:38 - INFO - Saved best model at epoch 107
2024-07-02 13:17:38 - INFO - Epoch 107: Train Loss=0.2575, Val Acc=0.9030, Val Loss=0.2657
2024-07-02 13:17:44 - INFO - Epoch 108 training time: 6.4932
2024-07-02 13:17:45 - INFO - Saved best model at epoch 108
2024-07-02 13:17:45 - INFO - Epoch 108: Train Loss=0.2565, Val Acc=0.9012, Val Loss=0.2646
2024-07-02 13:17:52 - INFO - Epoch 109 training time: 6.5872
2024-07-02 13:17:53 - INFO - Epoch 109: Train Loss=0.2513, Val Acc=0.9048, Val Loss=0.2668
2024-07-02 13:17:59 - INFO - Epoch 110 training time: 6.8185
2024-07-02 13:18:00 - INFO - Epoch 110: Train Loss=0.2529, Val Acc=0.9039, Val Loss=0.2646
2024-07-02 13:18:07 - INFO - Epoch 111 training time: 6.8203
2024-07-02 13:18:08 - INFO - Saved best model at epoch 111
2024-07-02 13:18:08 - INFO - Epoch 111: Train Loss=0.2519, Val Acc=0.9021, Val Loss=0.2626
2024-07-02 13:18:14 - INFO - Epoch 112 training time: 6.5311
2024-07-02 13:18:15 - INFO - Epoch 112: Train Loss=0.2541, Val Acc=0.9112, Val Loss=0.2634
2024-07-02 13:18:22 - INFO - Epoch 113 training time: 6.6236
2024-07-02 13:18:22 - INFO - Saved best model at epoch 113
2024-07-02 13:18:22 - INFO - Epoch 113: Train Loss=0.2561, Val Acc=0.9102, Val Loss=0.2621
2024-07-02 13:18:29 - INFO - Epoch 114 training time: 6.2186
2024-07-02 13:18:29 - INFO - Epoch 114: Train Loss=0.2519, Val Acc=0.9057, Val Loss=0.2638
2024-07-02 13:18:36 - INFO - Epoch 115 training time: 6.2688
2024-07-02 13:18:36 - INFO - Epoch 115: Train Loss=0.2478, Val Acc=0.9030, Val Loss=0.2629
2024-07-02 13:18:43 - INFO - Epoch 116 training time: 6.5339
2024-07-02 13:18:44 - INFO - Saved best model at epoch 116
2024-07-02 13:18:44 - INFO - Epoch 116: Train Loss=0.2481, Val Acc=0.9112, Val Loss=0.2592
2024-07-02 13:18:50 - INFO - Epoch 117 training time: 6.6551
2024-07-02 13:18:51 - INFO - Saved best model at epoch 117
2024-07-02 13:18:51 - INFO - Epoch 117: Train Loss=0.2478, Val Acc=0.9021, Val Loss=0.2584
2024-07-02 13:18:58 - INFO - Epoch 118 training time: 6.6141
2024-07-02 13:18:58 - INFO - Epoch 118: Train Loss=0.2468, Val Acc=0.9039, Val Loss=0.2586
2024-07-02 13:19:05 - INFO - Epoch 119 training time: 6.5718
2024-07-02 13:19:06 - INFO - Epoch 119: Train Loss=0.2470, Val Acc=0.9048, Val Loss=0.2585
2024-07-02 13:19:12 - INFO - Epoch 120 training time: 6.7269
2024-07-02 13:19:13 - INFO - Saved best model at epoch 120
2024-07-02 13:19:13 - INFO - Epoch 120: Train Loss=0.2447, Val Acc=0.9112, Val Loss=0.2572
2024-07-02 13:19:20 - INFO - Epoch 121 training time: 6.5782
2024-07-02 13:19:20 - INFO - Epoch 121: Train Loss=0.2462, Val Acc=0.9121, Val Loss=0.2596
2024-07-02 13:19:27 - INFO - Epoch 122 training time: 6.7745
2024-07-02 13:19:28 - INFO - Saved best model at epoch 122
2024-07-02 13:19:28 - INFO - Epoch 122: Train Loss=0.2462, Val Acc=0.9102, Val Loss=0.2551
2024-07-02 13:19:35 - INFO - Epoch 123 training time: 6.8251
2024-07-02 13:19:36 - INFO - Epoch 123: Train Loss=0.2442, Val Acc=0.9102, Val Loss=0.2567
2024-07-02 13:19:42 - INFO - Epoch 124 training time: 6.5268
2024-07-02 13:19:43 - INFO - Epoch 124: Train Loss=0.2432, Val Acc=0.9112, Val Loss=0.2557
2024-07-02 13:19:49 - INFO - Epoch 125 training time: 6.5169
2024-07-02 13:19:50 - INFO - Saved best model at epoch 125
2024-07-02 13:19:50 - INFO - Epoch 125: Train Loss=0.2462, Val Acc=0.9048, Val Loss=0.2547
2024-07-02 13:19:57 - INFO - Epoch 126 training time: 6.5545
2024-07-02 13:19:57 - INFO - Saved best model at epoch 126
2024-07-02 13:19:57 - INFO - Epoch 126: Train Loss=0.2384, Val Acc=0.9021, Val Loss=0.2531
2024-07-02 13:20:04 - INFO - Epoch 127 training time: 6.5425
2024-07-02 13:20:05 - INFO - Epoch 127: Train Loss=0.2418, Val Acc=0.9121, Val Loss=0.2543
2024-07-02 13:20:11 - INFO - Epoch 128 training time: 6.5998
2024-07-02 13:20:12 - INFO - Epoch 128: Train Loss=0.2393, Val Acc=0.9048, Val Loss=0.2549
2024-07-02 13:20:19 - INFO - Epoch 129 training time: 6.5815
2024-07-02 13:20:19 - INFO - Saved best model at epoch 129
2024-07-02 13:20:19 - INFO - Epoch 129: Train Loss=0.2389, Val Acc=0.9148, Val Loss=0.2527
2024-07-02 13:20:26 - INFO - Epoch 130 training time: 6.6801
2024-07-02 13:20:27 - INFO - Saved best model at epoch 130
2024-07-02 13:20:27 - INFO - Epoch 130: Train Loss=0.2375, Val Acc=0.9057, Val Loss=0.2505
2024-07-02 13:20:34 - INFO - Epoch 131 training time: 7.0139
2024-07-02 13:20:35 - INFO - Epoch 131: Train Loss=0.2359, Val Acc=0.9130, Val Loss=0.2554
2024-07-02 13:20:42 - INFO - Epoch 132 training time: 7.0190
2024-07-02 13:20:43 - INFO - Epoch 132: Train Loss=0.2357, Val Acc=0.9130, Val Loss=0.2510
2024-07-02 13:20:50 - INFO - Epoch 133 training time: 7.2337
2024-07-02 13:20:51 - INFO - Saved best model at epoch 133
2024-07-02 13:20:51 - INFO - Epoch 133: Train Loss=0.2325, Val Acc=0.9130, Val Loss=0.2488
2024-07-02 13:20:58 - INFO - Epoch 134 training time: 6.8361
2024-07-02 13:20:58 - INFO - Epoch 134: Train Loss=0.2361, Val Acc=0.9148, Val Loss=0.2521
2024-07-02 13:21:05 - INFO - Epoch 135 training time: 7.0759
2024-07-02 13:21:06 - INFO - Epoch 135: Train Loss=0.2315, Val Acc=0.9157, Val Loss=0.2498
2024-07-02 13:21:13 - INFO - Epoch 136 training time: 6.7308
2024-07-02 13:21:14 - INFO - Saved best model at epoch 136
2024-07-02 13:21:14 - INFO - Epoch 136: Train Loss=0.2330, Val Acc=0.9148, Val Loss=0.2478
2024-07-02 13:21:20 - INFO - Epoch 137 training time: 6.3669
2024-07-02 13:21:21 - INFO - Saved best model at epoch 137
2024-07-02 13:21:21 - INFO - Epoch 137: Train Loss=0.2326, Val Acc=0.9157, Val Loss=0.2460
2024-07-02 13:21:27 - INFO - Epoch 138 training time: 6.6595
2024-07-02 13:21:28 - INFO - Epoch 138: Train Loss=0.2316, Val Acc=0.9166, Val Loss=0.2498
2024-07-02 13:21:35 - INFO - Epoch 139 training time: 6.4648
2024-07-02 13:21:35 - INFO - Epoch 139: Train Loss=0.2341, Val Acc=0.9148, Val Loss=0.2469
2024-07-02 13:21:42 - INFO - Epoch 140 training time: 6.9503
2024-07-02 13:21:43 - INFO - Epoch 140: Train Loss=0.2273, Val Acc=0.9130, Val Loss=0.2470
2024-07-02 13:21:50 - INFO - Epoch 141 training time: 6.8407
2024-07-02 13:21:51 - INFO - Epoch 141: Train Loss=0.2272, Val Acc=0.9121, Val Loss=0.2488
2024-07-02 13:21:57 - INFO - Epoch 142 training time: 6.8080
2024-07-02 13:21:58 - INFO - Early stopping triggered, epoch 142
2024-07-02 13:21:59 - INFO - Test F1-Score: 0.9228
2024-07-02 13:21:59 - INFO - Test Precision : 0.9237
2024-07-02 13:21:59 - INFO - Test Accuracy: 0.9229
2024-07-02 13:21:59 - INFO - Test Recall: 0.9224
2024-07-02 13:21:59 - INFO - Train Time: 950.9824
2024-07-03 02:51:32 - INFO - rs= 84
2024-07-03 02:51:38 - INFO - Epoch 1 training time: 5.1573
2024-07-03 02:51:39 - INFO - Saved best model at epoch 1
2024-07-03 02:51:39 - INFO - Epoch 1: Train Loss=0.6945, Val Acc=0.4869, Val Loss=0.6937
2024-07-03 02:51:44 - INFO - Epoch 2 training time: 5.6927
2024-07-03 02:51:45 - INFO - Saved best model at epoch 2
2024-07-03 02:51:45 - INFO - Epoch 2: Train Loss=0.6934, Val Acc=0.4869, Val Loss=0.6929
2024-07-03 02:51:51 - INFO - Epoch 3 training time: 6.1458
2024-07-03 02:51:52 - INFO - Saved best model at epoch 3
2024-07-03 02:51:52 - INFO - Epoch 3: Train Loss=0.6924, Val Acc=0.5494, Val Loss=0.6916
2024-07-03 02:51:58 - INFO - Epoch 4 training time: 6.1394
2024-07-03 02:51:59 - INFO - Saved best model at epoch 4
2024-07-03 02:51:59 - INFO - Epoch 4: Train Loss=0.6908, Val Acc=0.5494, Val Loss=0.6897
2024-07-03 02:52:03 - INFO - Epoch 5 training time: 4.7841
2024-07-03 02:52:04 - INFO - Saved best model at epoch 5
2024-07-03 02:52:04 - INFO - Epoch 5: Train Loss=0.6879, Val Acc=0.5784, Val Loss=0.6861
2024-07-03 02:52:10 - INFO - Epoch 6 training time: 6.1995
2024-07-03 02:52:11 - INFO - Saved best model at epoch 6
2024-07-03 02:52:11 - INFO - Epoch 6: Train Loss=0.6830, Val Acc=0.5875, Val Loss=0.6803
2024-07-03 02:52:18 - INFO - Epoch 7 training time: 6.8808
2024-07-03 02:52:19 - INFO - Saved best model at epoch 7
2024-07-03 02:52:19 - INFO - Epoch 7: Train Loss=0.6766, Val Acc=0.5848, Val Loss=0.6735
2024-07-03 02:52:26 - INFO - Epoch 8 training time: 6.8295
2024-07-03 02:52:26 - INFO - Saved best model at epoch 8
2024-07-03 02:52:26 - INFO - Epoch 8: Train Loss=0.6701, Val Acc=0.6147, Val Loss=0.6670
2024-07-03 02:52:32 - INFO - Epoch 9 training time: 5.9158
2024-07-03 02:52:33 - INFO - Epoch 9: Train Loss=0.6765, Val Acc=0.5612, Val Loss=0.6853
2024-07-03 02:52:39 - INFO - Epoch 10 training time: 5.8932
2024-07-03 02:52:39 - INFO - Epoch 10: Train Loss=0.6815, Val Acc=0.5621, Val Loss=0.6838
2024-07-03 02:52:45 - INFO - Epoch 11 training time: 5.7994
2024-07-03 02:52:46 - INFO - Epoch 11: Train Loss=0.6805, Val Acc=0.5630, Val Loss=0.6832
2024-07-03 02:52:52 - INFO - Epoch 12 training time: 6.0436
2024-07-03 02:52:53 - INFO - Epoch 12: Train Loss=0.6798, Val Acc=0.5621, Val Loss=0.6828
2024-07-03 02:52:58 - INFO - Epoch 13 training time: 5.0592
2024-07-03 02:52:58 - INFO - Early stopping triggered, epoch 13
2024-07-03 02:52:59 - INFO - Test F1-Score: 0.6312
2024-07-03 02:52:59 - INFO - Test Precision : 0.6397
2024-07-03 02:52:59 - INFO - Test Accuracy: 0.6364
2024-07-03 02:52:59 - INFO - Test Recall: 0.6336
2024-07-03 02:52:59 - INFO - Train Time: 76.5402
2024-07-03 03:14:37 - INFO - rs= 88
2024-07-03 03:14:43 - INFO - Epoch 1 training time: 4.9874
2024-07-03 03:14:43 - INFO - Saved best model at epoch 1
2024-07-03 03:14:43 - INFO - Epoch 1: Train Loss=0.6930, Val Acc=0.5141, Val Loss=0.6928
2024-07-03 03:14:49 - INFO - Epoch 2 training time: 5.8899
2024-07-03 03:14:50 - INFO - Saved best model at epoch 2
2024-07-03 03:14:50 - INFO - Epoch 2: Train Loss=0.6927, Val Acc=0.5177, Val Loss=0.6924
2024-07-03 03:14:56 - INFO - Epoch 3 training time: 5.9626
2024-07-03 03:14:57 - INFO - Saved best model at epoch 3
2024-07-03 03:14:57 - INFO - Epoch 3: Train Loss=0.6921, Val Acc=0.5313, Val Loss=0.6915
2024-07-03 03:15:03 - INFO - Epoch 4 training time: 6.0161
2024-07-03 03:15:03 - INFO - Saved best model at epoch 4
2024-07-03 03:15:03 - INFO - Epoch 4: Train Loss=0.6911, Val Acc=0.5549, Val Loss=0.6899
2024-07-03 03:15:09 - INFO - Epoch 5 training time: 5.5454
2024-07-03 03:15:10 - INFO - Saved best model at epoch 5
2024-07-03 03:15:10 - INFO - Epoch 5: Train Loss=0.6895, Val Acc=0.5839, Val Loss=0.6872
2024-07-03 03:15:16 - INFO - Epoch 6 training time: 5.9417
2024-07-03 03:15:16 - INFO - Saved best model at epoch 6
2024-07-03 03:15:16 - INFO - Epoch 6: Train Loss=0.6859, Val Acc=0.5920, Val Loss=0.6822
2024-07-03 03:15:22 - INFO - Epoch 7 training time: 6.0818
2024-07-03 03:15:23 - INFO - Saved best model at epoch 7
2024-07-03 03:15:23 - INFO - Epoch 7: Train Loss=0.6841, Val Acc=0.5793, Val Loss=0.6821
2024-07-03 03:15:29 - INFO - Epoch 8 training time: 5.8190
2024-07-03 03:15:30 - INFO - Saved best model at epoch 8
2024-07-03 03:15:30 - INFO - Epoch 8: Train Loss=0.6830, Val Acc=0.6011, Val Loss=0.6761
2024-07-03 03:15:35 - INFO - Epoch 9 training time: 5.8892
2024-07-03 03:15:36 - INFO - Epoch 9: Train Loss=0.6784, Val Acc=0.5811, Val Loss=0.6803
2024-07-03 03:15:43 - INFO - Epoch 10 training time: 6.5053
2024-07-03 03:15:43 - INFO - Epoch 10: Train Loss=0.6817, Val Acc=0.5775, Val Loss=0.6800
2024-07-03 03:15:49 - INFO - Epoch 11 training time: 5.9279
2024-07-03 03:15:50 - INFO - Epoch 11: Train Loss=0.6813, Val Acc=0.5775, Val Loss=0.6799
2024-07-03 03:15:56 - INFO - Epoch 12 training time: 6.1115
2024-07-03 03:15:57 - INFO - Epoch 12: Train Loss=0.6811, Val Acc=0.5775, Val Loss=0.6793
2024-07-03 03:16:03 - INFO - Epoch 13 training time: 5.8798
2024-07-03 03:16:03 - INFO - Early stopping triggered, epoch 13
2024-07-03 03:16:04 - INFO - Test F1-Score: 0.5685
2024-07-03 03:16:04 - INFO - Test Precision : 0.5821
2024-07-03 03:16:04 - INFO - Test Accuracy: 0.5793
2024-07-03 03:16:04 - INFO - Test Recall: 0.5753
2024-07-03 03:16:04 - INFO - Train Time: 76.5577
2024-07-03 03:30:44 - INFO - rs= 87
2024-07-03 03:30:50 - INFO - Epoch 1 training time: 5.0519
2024-07-03 03:30:50 - INFO - Saved best model at epoch 1
2024-07-03 03:30:50 - INFO - Epoch 1: Train Loss=0.6929, Val Acc=0.5131, Val Loss=0.6929
2024-07-03 03:30:57 - INFO - Epoch 2 training time: 6.1935
2024-07-03 03:30:57 - INFO - Saved best model at epoch 2
2024-07-03 03:30:57 - INFO - Epoch 2: Train Loss=0.6928, Val Acc=0.5131, Val Loss=0.6928
2024-07-03 03:31:04 - INFO - Epoch 3 training time: 6.5329
2024-07-03 03:31:05 - INFO - Epoch 3: Train Loss=0.6927, Val Acc=0.5131, Val Loss=0.6928
2024-07-03 03:31:10 - INFO - Epoch 4 training time: 5.5812
2024-07-03 03:31:11 - INFO - Epoch 4: Train Loss=0.6927, Val Acc=0.5131, Val Loss=0.6928
2024-07-03 03:31:17 - INFO - Epoch 5 training time: 5.8381
2024-07-03 03:31:17 - INFO - Epoch 5: Train Loss=0.6929, Val Acc=0.5131, Val Loss=0.6928
2024-07-03 03:31:24 - INFO - Epoch 6 training time: 6.0885
2024-07-03 03:31:24 - INFO - Epoch 6: Train Loss=0.6928, Val Acc=0.5131, Val Loss=0.6928
2024-07-03 03:31:31 - INFO - Epoch 7 training time: 6.2653
2024-07-03 03:31:31 - INFO - Early stopping triggered, epoch 7
2024-07-03 03:31:32 - INFO - Test F1-Score: 0.3395
2024-07-03 03:31:32 - INFO - Test Precision : 0.2570
2024-07-03 03:31:32 - INFO - Test Accuracy: 0.5141
2024-07-03 03:31:32 - INFO - Test Recall: 0.5000
2024-07-03 03:31:32 - INFO - Train Time: 41.5514
2024-07-03 03:50:30 - INFO - rs= 7
2024-07-03 03:50:36 - INFO - Epoch 1 training time: 5.3353
2024-07-03 03:50:36 - INFO - Saved best model at epoch 1
2024-07-03 03:50:36 - INFO - Epoch 1: Train Loss=0.6928, Val Acc=0.5131, Val Loss=0.6928
2024-07-03 03:50:43 - INFO - Epoch 2 training time: 6.2006
2024-07-03 03:50:43 - INFO - Epoch 2: Train Loss=0.6928, Val Acc=0.5131, Val Loss=0.6928
2024-07-03 03:50:50 - INFO - Epoch 3 training time: 6.2455
2024-07-03 03:50:50 - INFO - Epoch 3: Train Loss=0.6927, Val Acc=0.5131, Val Loss=0.6928
2024-07-03 03:50:57 - INFO - Epoch 4 training time: 6.7615
2024-07-03 03:50:58 - INFO - Epoch 4: Train Loss=0.6929, Val Acc=0.5131, Val Loss=0.6928
2024-07-03 03:51:05 - INFO - Epoch 5 training time: 6.9849
2024-07-03 03:51:06 - INFO - Epoch 5: Train Loss=0.6928, Val Acc=0.5131, Val Loss=0.6928
2024-07-03 03:51:12 - INFO - Epoch 6 training time: 6.2388
2024-07-03 03:51:13 - INFO - Early stopping triggered, epoch 6
2024-07-03 03:51:13 - INFO - Test F1-Score: 0.3395
2024-07-03 03:51:13 - INFO - Test Precision : 0.2570
2024-07-03 03:51:13 - INFO - Test Accuracy: 0.5141
2024-07-03 03:51:13 - INFO - Test Recall: 0.5000
2024-07-03 03:51:13 - INFO - Train Time: 37.7666
2024-07-03 03:54:58 - INFO - rs= 55
2024-07-03 03:55:04 - INFO - Epoch 1 training time: 5.4711
2024-07-03 03:55:05 - INFO - Saved best model at epoch 1
2024-07-03 03:55:05 - INFO - Epoch 1: Train Loss=0.6953, Val Acc=0.5131, Val Loss=0.6944
2024-07-03 03:55:10 - INFO - Epoch 2 training time: 5.7369
2024-07-03 03:55:11 - INFO - Saved best model at epoch 2
2024-07-03 03:55:11 - INFO - Epoch 2: Train Loss=0.6936, Val Acc=0.5131, Val Loss=0.6928
2024-07-03 03:55:18 - INFO - Epoch 3 training time: 6.7306
2024-07-03 03:55:19 - INFO - Saved best model at epoch 3
2024-07-03 03:55:19 - INFO - Epoch 3: Train Loss=0.6924, Val Acc=0.5177, Val Loss=0.6914
2024-07-03 03:55:25 - INFO - Epoch 4 training time: 6.8688
2024-07-03 03:55:26 - INFO - Saved best model at epoch 4
2024-07-03 03:55:26 - INFO - Epoch 4: Train Loss=0.6910, Val Acc=0.5376, Val Loss=0.6896
2024-07-03 03:55:34 - INFO - Epoch 5 training time: 7.3603
2024-07-03 03:55:34 - INFO - Saved best model at epoch 5
2024-07-03 03:55:34 - INFO - Epoch 5: Train Loss=0.6894, Val Acc=0.5811, Val Loss=0.6872
2024-07-03 03:55:42 - INFO - Epoch 6 training time: 7.0865
2024-07-03 03:55:42 - INFO - Saved best model at epoch 6
2024-07-03 03:55:42 - INFO - Epoch 6: Train Loss=0.6881, Val Acc=0.5993, Val Loss=0.6849
2024-07-03 03:55:49 - INFO - Epoch 7 training time: 7.0015
2024-07-03 03:55:50 - INFO - Saved best model at epoch 7
2024-07-03 03:55:50 - INFO - Epoch 7: Train Loss=0.6866, Val Acc=0.5984, Val Loss=0.6832
2024-07-03 03:55:56 - INFO - Epoch 8 training time: 5.8695
2024-07-03 03:55:57 - INFO - Saved best model at epoch 8
2024-07-03 03:55:57 - INFO - Epoch 8: Train Loss=0.6855, Val Acc=0.5984, Val Loss=0.6814
2024-07-03 03:56:03 - INFO - Epoch 9 training time: 5.9632
2024-07-03 03:56:03 - INFO - Saved best model at epoch 9
2024-07-03 03:56:03 - INFO - Epoch 9: Train Loss=0.6849, Val Acc=0.5984, Val Loss=0.6802
2024-07-03 03:56:10 - INFO - Epoch 10 training time: 6.4495
2024-07-03 03:56:11 - INFO - Saved best model at epoch 10
2024-07-03 03:56:11 - INFO - Epoch 10: Train Loss=0.6844, Val Acc=0.5975, Val Loss=0.6794
2024-07-03 03:56:16 - INFO - Epoch 11 training time: 5.7194
2024-07-03 03:56:17 - INFO - Saved best model at epoch 11
2024-07-03 03:56:17 - INFO - Epoch 11: Train Loss=0.6836, Val Acc=0.5975, Val Loss=0.6786
