2024-06-28 13:41:22 - INFO - rs= 23
2024-06-28 13:41:28 - INFO - Epoch 1 training time: 5.6028
2024-06-28 13:41:29 - INFO - Saved best model at epoch 1
2024-06-28 13:41:29 - INFO - Epoch 1: Train Loss=0.6933, Val Acc=0.5136, Val Loss=0.6930
2024-06-28 13:41:36 - INFO - Epoch 2 training time: 7.1149
2024-06-28 13:41:37 - INFO - Saved best model at epoch 2
2024-06-28 13:41:37 - INFO - Epoch 2: Train Loss=0.6929, Val Acc=0.5136, Val Loss=0.6929
2024-06-28 13:41:44 - INFO - Epoch 3 training time: 6.8661
2024-06-28 13:41:45 - INFO - Saved best model at epoch 3
2024-06-28 13:41:45 - INFO - Epoch 3: Train Loss=0.6928, Val Acc=0.5136, Val Loss=0.6928
2024-06-28 13:41:52 - INFO - Epoch 4 training time: 6.8734
2024-06-28 13:41:52 - INFO - Epoch 4: Train Loss=0.6928, Val Acc=0.5136, Val Loss=0.6928
2024-06-28 13:42:00 - INFO - Epoch 5 training time: 7.1887
2024-06-28 13:42:00 - INFO - Epoch 5: Train Loss=0.6928, Val Acc=0.5136, Val Loss=0.6928
2024-06-28 13:42:07 - INFO - Epoch 6 training time: 6.8079
2024-06-28 13:42:08 - INFO - Epoch 6: Train Loss=0.6928, Val Acc=0.5136, Val Loss=0.6928
2024-06-28 13:42:15 - INFO - Epoch 7 training time: 6.8516
2024-06-28 13:42:16 - INFO - Epoch 7: Train Loss=0.6928, Val Acc=0.5136, Val Loss=0.6928
2024-06-28 13:42:23 - INFO - Epoch 8 training time: 7.1117
2024-06-28 13:42:24 - INFO - Early stopping triggered, epoch 8
2024-06-28 13:42:25 - INFO - Test F1-Score: 0.3393
2024-06-28 13:42:25 - INFO - Test Precision : 0.2568
2024-06-28 13:42:25 - INFO - Test Accuracy: 0.5136
2024-06-28 13:42:25 - INFO - Test Recall: 0.5000
2024-06-28 13:42:25 - INFO - Train Time: 54.4170
2024-06-28 13:42:25 - INFO - rs= 7
2024-06-28 13:42:32 - INFO - Epoch 1 training time: 7.3399
2024-06-28 13:42:33 - INFO - Saved best model at epoch 1
2024-06-28 13:42:33 - INFO - Epoch 1: Train Loss=0.6931, Val Acc=0.5299, Val Loss=0.6926
2024-06-28 13:42:40 - INFO - Epoch 2 training time: 6.8610
2024-06-28 13:42:40 - INFO - Saved best model at epoch 2
2024-06-28 13:42:40 - INFO - Epoch 2: Train Loss=0.6923, Val Acc=0.5389, Val Loss=0.6916
2024-06-28 13:42:47 - INFO - Epoch 3 training time: 6.8253
2024-06-28 13:42:48 - INFO - Saved best model at epoch 3
2024-06-28 13:42:48 - INFO - Epoch 3: Train Loss=0.6913, Val Acc=0.5734, Val Loss=0.6897
2024-06-28 13:42:55 - INFO - Epoch 4 training time: 7.0294
2024-06-28 13:42:56 - INFO - Saved best model at epoch 4
2024-06-28 13:42:56 - INFO - Epoch 4: Train Loss=0.6898, Val Acc=0.5897, Val Loss=0.6872
2024-06-28 13:43:03 - INFO - Epoch 5 training time: 6.9233
2024-06-28 13:43:03 - INFO - Saved best model at epoch 5
2024-06-28 13:43:03 - INFO - Epoch 5: Train Loss=0.6879, Val Acc=0.6024, Val Loss=0.6829
2024-06-28 13:43:11 - INFO - Epoch 6 training time: 7.0930
2024-06-28 13:43:11 - INFO - Saved best model at epoch 6
2024-06-28 13:43:11 - INFO - Epoch 6: Train Loss=0.6860, Val Acc=0.6024, Val Loss=0.6809
2024-06-28 13:43:18 - INFO - Epoch 7 training time: 7.1404
2024-06-28 13:43:19 - INFO - Saved best model at epoch 7
2024-06-28 13:43:19 - INFO - Epoch 7: Train Loss=0.6848, Val Acc=0.6014, Val Loss=0.6785
2024-06-28 13:43:26 - INFO - Epoch 8 training time: 7.0458
2024-06-28 13:43:27 - INFO - Saved best model at epoch 8
2024-06-28 13:43:27 - INFO - Epoch 8: Train Loss=0.6839, Val Acc=0.6014, Val Loss=0.6772
2024-06-28 13:43:34 - INFO - Epoch 9 training time: 6.8870
2024-06-28 13:43:35 - INFO - Saved best model at epoch 9
2024-06-28 13:43:35 - INFO - Epoch 9: Train Loss=0.6830, Val Acc=0.6014, Val Loss=0.6757
2024-06-28 13:43:42 - INFO - Epoch 10 training time: 7.0604
2024-06-28 13:43:43 - INFO - Saved best model at epoch 10
2024-06-28 13:43:43 - INFO - Epoch 10: Train Loss=0.6817, Val Acc=0.6205, Val Loss=0.6706
2024-06-28 13:43:50 - INFO - Epoch 11 training time: 7.0836
2024-06-28 13:43:51 - INFO - Epoch 11: Train Loss=0.6826, Val Acc=0.6005, Val Loss=0.6742
2024-06-28 13:43:58 - INFO - Epoch 12 training time: 7.0514
2024-06-28 13:43:58 - INFO - Epoch 12: Train Loss=0.6820, Val Acc=0.6014, Val Loss=0.6733
2024-06-28 13:44:05 - INFO - Epoch 13 training time: 6.8646
2024-06-28 13:44:06 - INFO - Epoch 13: Train Loss=0.6817, Val Acc=0.6024, Val Loss=0.6728
2024-06-28 13:44:13 - INFO - Epoch 14 training time: 6.9322
2024-06-28 13:44:14 - INFO - Epoch 14: Train Loss=0.6811, Val Acc=0.6014, Val Loss=0.6723
2024-06-28 13:44:20 - INFO - Epoch 15 training time: 6.7729
2024-06-28 13:44:21 - INFO - Early stopping triggered, epoch 15
2024-06-28 13:44:22 - INFO - Test F1-Score: 0.5897
2024-06-28 13:44:22 - INFO - Test Precision : 0.6042
2024-06-28 13:44:22 - INFO - Test Accuracy: 0.5996
2024-06-28 13:44:22 - INFO - Test Recall: 0.5958
2024-06-28 13:44:22 - INFO - Train Time: 104.9101
2024-06-28 13:44:22 - INFO - rs= 6
2024-06-28 13:44:29 - INFO - Epoch 1 training time: 7.0778
2024-06-28 13:44:30 - INFO - Saved best model at epoch 1
2024-06-28 13:44:30 - INFO - Epoch 1: Train Loss=0.6936, Val Acc=0.4864, Val Loss=0.6931
2024-06-28 13:44:37 - INFO - Epoch 2 training time: 6.8612
2024-06-28 13:44:38 - INFO - Saved best model at epoch 2
2024-06-28 13:44:38 - INFO - Epoch 2: Train Loss=0.6928, Val Acc=0.5326, Val Loss=0.6923
2024-06-28 13:44:45 - INFO - Epoch 3 training time: 7.2272
2024-06-28 13:44:46 - INFO - Saved best model at epoch 3
2024-06-28 13:44:46 - INFO - Epoch 3: Train Loss=0.6920, Val Acc=0.5426, Val Loss=0.6911
2024-06-28 13:44:53 - INFO - Epoch 4 training time: 7.1205
2024-06-28 13:44:54 - INFO - Saved best model at epoch 4
2024-06-28 13:44:54 - INFO - Epoch 4: Train Loss=0.6909, Val Acc=0.5716, Val Loss=0.6892
2024-06-28 13:45:01 - INFO - Epoch 5 training time: 7.1186
2024-06-28 13:45:02 - INFO - Saved best model at epoch 5
2024-06-28 13:45:02 - INFO - Epoch 5: Train Loss=0.6886, Val Acc=0.5888, Val Loss=0.6857
2024-06-28 13:45:09 - INFO - Epoch 6 training time: 7.2082
2024-06-28 13:45:10 - INFO - Saved best model at epoch 6
2024-06-28 13:45:10 - INFO - Epoch 6: Train Loss=0.6862, Val Acc=0.6014, Val Loss=0.6823
2024-06-28 13:45:16 - INFO - Epoch 7 training time: 6.5753
2024-06-28 13:45:17 - INFO - Saved best model at epoch 7
2024-06-28 13:45:17 - INFO - Epoch 7: Train Loss=0.6828, Val Acc=0.6132, Val Loss=0.6788
2024-06-28 13:45:23 - INFO - Epoch 8 training time: 6.2492
2024-06-28 13:45:24 - INFO - Saved best model at epoch 8
2024-06-28 13:45:24 - INFO - Epoch 8: Train Loss=0.6778, Val Acc=0.6005, Val Loss=0.6763
2024-06-28 13:45:31 - INFO - Epoch 9 training time: 6.3382
2024-06-28 13:45:31 - INFO - Saved best model at epoch 9
2024-06-28 13:45:31 - INFO - Epoch 9: Train Loss=0.6825, Val Acc=0.6024, Val Loss=0.6755
2024-06-28 13:45:38 - INFO - Epoch 10 training time: 6.3568
2024-06-28 13:45:39 - INFO - Saved best model at epoch 10
2024-06-28 13:45:39 - INFO - Epoch 10: Train Loss=0.6820, Val Acc=0.6014, Val Loss=0.6750
2024-06-28 13:45:45 - INFO - Epoch 11 training time: 6.5485
2024-06-28 13:45:46 - INFO - Saved best model at epoch 11
2024-06-28 13:45:46 - INFO - Epoch 11: Train Loss=0.6726, Val Acc=0.6060, Val Loss=0.6734
2024-06-28 13:45:52 - INFO - Epoch 12 training time: 6.3849
2024-06-28 13:45:53 - INFO - Saved best model at epoch 12
2024-06-28 13:45:53 - INFO - Epoch 12: Train Loss=0.6812, Val Acc=0.6078, Val Loss=0.6729
2024-06-28 13:46:00 - INFO - Epoch 13 training time: 6.7895
2024-06-28 13:46:01 - INFO - Saved best model at epoch 13
2024-06-28 13:46:01 - INFO - Epoch 13: Train Loss=0.6804, Val Acc=0.6024, Val Loss=0.6725
2024-06-28 13:46:07 - INFO - Epoch 14 training time: 6.3821
2024-06-28 13:46:08 - INFO - Saved best model at epoch 14
2024-06-28 13:46:08 - INFO - Epoch 14: Train Loss=0.6793, Val Acc=0.6024, Val Loss=0.6721
2024-06-28 13:46:14 - INFO - Epoch 15 training time: 5.9088
2024-06-28 13:46:14 - INFO - Saved best model at epoch 15
2024-06-28 13:46:14 - INFO - Epoch 15: Train Loss=0.6758, Val Acc=0.6087, Val Loss=0.6711
2024-06-28 13:46:21 - INFO - Epoch 16 training time: 6.8308
2024-06-28 13:46:22 - INFO - Saved best model at epoch 16
2024-06-28 13:46:22 - INFO - Epoch 16: Train Loss=0.6764, Val Acc=0.6386, Val Loss=0.6618
2024-06-28 13:46:29 - INFO - Epoch 17 training time: 7.2313
2024-06-28 13:46:30 - INFO - Epoch 17: Train Loss=0.6759, Val Acc=0.6033, Val Loss=0.6698
2024-06-28 13:46:37 - INFO - Epoch 18 training time: 7.3125
2024-06-28 13:46:38 - INFO - Epoch 18: Train Loss=0.6659, Val Acc=0.6042, Val Loss=0.6682
2024-06-28 13:46:45 - INFO - Epoch 19 training time: 7.1213
2024-06-28 13:46:46 - INFO - Saved best model at epoch 19
2024-06-28 13:46:46 - INFO - Epoch 19: Train Loss=0.6661, Val Acc=0.6187, Val Loss=0.6527
2024-06-28 13:46:53 - INFO - Epoch 20 training time: 7.2568
2024-06-28 13:46:54 - INFO - Saved best model at epoch 20
2024-06-28 13:46:54 - INFO - Epoch 20: Train Loss=0.6584, Val Acc=0.6150, Val Loss=0.6491
2024-06-28 13:47:02 - INFO - Epoch 21 training time: 7.4755
2024-06-28 13:47:03 - INFO - Saved best model at epoch 21
2024-06-28 13:47:03 - INFO - Epoch 21: Train Loss=0.6428, Val Acc=0.6105, Val Loss=0.6448
2024-06-28 13:47:10 - INFO - Epoch 22 training time: 7.4431
2024-06-28 13:47:11 - INFO - Saved best model at epoch 22
2024-06-28 13:47:11 - INFO - Epoch 22: Train Loss=0.6362, Val Acc=0.6159, Val Loss=0.6374
2024-06-28 13:47:18 - INFO - Epoch 23 training time: 7.2543
2024-06-28 13:47:19 - INFO - Saved best model at epoch 23
2024-06-28 13:47:19 - INFO - Epoch 23: Train Loss=0.6288, Val Acc=0.6259, Val Loss=0.6288
2024-06-28 13:47:26 - INFO - Epoch 24 training time: 6.5331
2024-06-28 13:47:26 - INFO - Saved best model at epoch 24
2024-06-28 13:47:26 - INFO - Epoch 24: Train Loss=0.6208, Val Acc=0.6322, Val Loss=0.6185
2024-06-28 13:47:33 - INFO - Epoch 25 training time: 6.8424
2024-06-28 13:47:34 - INFO - Saved best model at epoch 25
2024-06-28 13:47:34 - INFO - Epoch 25: Train Loss=0.6109, Val Acc=0.6422, Val Loss=0.6041
2024-06-28 13:47:41 - INFO - Epoch 26 training time: 7.1706
2024-06-28 13:47:42 - INFO - Saved best model at epoch 26
2024-06-28 13:47:42 - INFO - Epoch 26: Train Loss=0.6033, Val Acc=0.6495, Val Loss=0.5937
2024-06-28 13:47:50 - INFO - Epoch 27 training time: 7.5820
2024-06-28 13:47:51 - INFO - Saved best model at epoch 27
2024-06-28 13:47:51 - INFO - Epoch 27: Train Loss=0.5925, Val Acc=0.6848, Val Loss=0.5835
2024-06-28 13:47:58 - INFO - Epoch 28 training time: 7.1669
2024-06-28 13:47:59 - INFO - Saved best model at epoch 28
2024-06-28 13:47:59 - INFO - Epoch 28: Train Loss=0.5854, Val Acc=0.7056, Val Loss=0.5742
2024-06-28 13:48:06 - INFO - Epoch 29 training time: 7.0194
2024-06-28 13:48:07 - INFO - Saved best model at epoch 29
2024-06-28 13:48:07 - INFO - Epoch 29: Train Loss=0.5705, Val Acc=0.7201, Val Loss=0.5584
2024-06-28 13:48:14 - INFO - Epoch 30 training time: 7.1306
2024-06-28 13:48:15 - INFO - Saved best model at epoch 30
2024-06-28 13:48:15 - INFO - Epoch 30: Train Loss=0.5722, Val Acc=0.7400, Val Loss=0.5453
2024-06-28 13:48:22 - INFO - Epoch 31 training time: 7.0848
2024-06-28 13:48:22 - INFO - Saved best model at epoch 31
2024-06-28 13:48:22 - INFO - Epoch 31: Train Loss=0.5477, Val Acc=0.7473, Val Loss=0.5295
2024-06-28 13:48:30 - INFO - Epoch 32 training time: 7.1481
2024-06-28 13:48:30 - INFO - Saved best model at epoch 32
2024-06-28 13:48:30 - INFO - Epoch 32: Train Loss=0.5343, Val Acc=0.7264, Val Loss=0.5196
2024-06-28 13:48:38 - INFO - Epoch 33 training time: 7.2178
2024-06-28 13:48:39 - INFO - Saved best model at epoch 33
2024-06-28 13:48:39 - INFO - Epoch 33: Train Loss=0.5216, Val Acc=0.7998, Val Loss=0.4923
2024-06-28 13:48:45 - INFO - Epoch 34 training time: 6.7714
2024-06-28 13:48:46 - INFO - Saved best model at epoch 34
2024-06-28 13:48:46 - INFO - Epoch 34: Train Loss=0.5080, Val Acc=0.7989, Val Loss=0.4780
2024-06-28 13:48:53 - INFO - Epoch 35 training time: 6.7766
2024-06-28 13:48:54 - INFO - Saved best model at epoch 35
2024-06-28 13:48:54 - INFO - Epoch 35: Train Loss=0.4894, Val Acc=0.8025, Val Loss=0.4598
2024-06-28 13:49:01 - INFO - Epoch 36 training time: 6.9775
2024-06-28 13:49:02 - INFO - Saved best model at epoch 36
2024-06-28 13:49:02 - INFO - Epoch 36: Train Loss=0.4859, Val Acc=0.7971, Val Loss=0.4479
2024-06-28 13:49:09 - INFO - Epoch 37 training time: 7.1678
2024-06-28 13:49:10 - INFO - Saved best model at epoch 37
2024-06-28 13:49:10 - INFO - Epoch 37: Train Loss=0.4540, Val Acc=0.8080, Val Loss=0.4317
2024-06-28 13:49:17 - INFO - Epoch 38 training time: 7.0726
2024-06-28 13:49:18 - INFO - Saved best model at epoch 38
2024-06-28 13:49:18 - INFO - Epoch 38: Train Loss=0.4400, Val Acc=0.8243, Val Loss=0.4130
2024-06-28 13:49:25 - INFO - Epoch 39 training time: 7.0421
2024-06-28 13:49:26 - INFO - Saved best model at epoch 39
2024-06-28 13:49:26 - INFO - Epoch 39: Train Loss=0.4243, Val Acc=0.8442, Val Loss=0.4022
2024-06-28 13:49:33 - INFO - Epoch 40 training time: 6.9656
2024-06-28 13:49:33 - INFO - Saved best model at epoch 40
2024-06-28 13:49:33 - INFO - Epoch 40: Train Loss=0.4301, Val Acc=0.8478, Val Loss=0.3930
2024-06-28 13:49:41 - INFO - Epoch 41 training time: 7.4876
2024-06-28 13:49:42 - INFO - Saved best model at epoch 41
2024-06-28 13:49:42 - INFO - Epoch 41: Train Loss=0.4059, Val Acc=0.8542, Val Loss=0.3845
2024-06-28 13:49:49 - INFO - Epoch 42 training time: 7.5718
2024-06-28 13:49:50 - INFO - Saved best model at epoch 42
2024-06-28 13:49:50 - INFO - Epoch 42: Train Loss=0.3931, Val Acc=0.8569, Val Loss=0.3823
2024-06-28 13:49:57 - INFO - Epoch 43 training time: 7.0352
2024-06-28 13:49:58 - INFO - Saved best model at epoch 43
2024-06-28 13:49:58 - INFO - Epoch 43: Train Loss=0.3902, Val Acc=0.8614, Val Loss=0.3765
2024-06-28 13:50:05 - INFO - Epoch 44 training time: 6.7907
2024-06-28 13:50:06 - INFO - Saved best model at epoch 44
2024-06-28 13:50:06 - INFO - Epoch 44: Train Loss=0.4194, Val Acc=0.8641, Val Loss=0.3712
2024-06-28 13:50:13 - INFO - Epoch 45 training time: 7.6648
2024-06-28 13:50:14 - INFO - Saved best model at epoch 45
2024-06-28 13:50:14 - INFO - Epoch 45: Train Loss=0.3846, Val Acc=0.8641, Val Loss=0.3680
2024-06-28 13:50:22 - INFO - Epoch 46 training time: 7.7164
2024-06-28 13:50:23 - INFO - Saved best model at epoch 46
2024-06-28 13:50:23 - INFO - Epoch 46: Train Loss=0.3758, Val Acc=0.8659, Val Loss=0.3630
2024-06-28 13:50:30 - INFO - Epoch 47 training time: 7.2469
2024-06-28 13:50:31 - INFO - Saved best model at epoch 47
2024-06-28 13:50:31 - INFO - Epoch 47: Train Loss=0.3731, Val Acc=0.8650, Val Loss=0.3627
2024-06-28 13:50:38 - INFO - Epoch 48 training time: 7.2234
2024-06-28 13:50:39 - INFO - Saved best model at epoch 48
2024-06-28 13:50:39 - INFO - Epoch 48: Train Loss=0.3743, Val Acc=0.8659, Val Loss=0.3612
2024-06-28 13:50:46 - INFO - Epoch 49 training time: 7.1135
2024-06-28 13:50:47 - INFO - Saved best model at epoch 49
2024-06-28 13:50:47 - INFO - Epoch 49: Train Loss=0.3674, Val Acc=0.8659, Val Loss=0.3581
2024-06-28 13:50:54 - INFO - Epoch 50 training time: 7.1514
2024-06-28 13:50:55 - INFO - Saved best model at epoch 50
2024-06-28 13:50:55 - INFO - Epoch 50: Train Loss=0.3655, Val Acc=0.8696, Val Loss=0.3532
2024-06-28 13:51:03 - INFO - Epoch 51 training time: 7.5649
2024-06-28 13:51:04 - INFO - Saved best model at epoch 51
2024-06-28 13:51:04 - INFO - Epoch 51: Train Loss=0.3650, Val Acc=0.8705, Val Loss=0.3508
2024-06-28 13:51:11 - INFO - Epoch 52 training time: 7.4252
2024-06-28 13:51:12 - INFO - Epoch 52: Train Loss=0.3643, Val Acc=0.8732, Val Loss=0.3513
2024-06-28 13:51:19 - INFO - Epoch 53 training time: 7.1318
2024-06-28 13:51:20 - INFO - Saved best model at epoch 53
2024-06-28 13:51:20 - INFO - Epoch 53: Train Loss=0.3650, Val Acc=0.8714, Val Loss=0.3486
2024-06-28 13:51:27 - INFO - Epoch 54 training time: 7.1624
2024-06-28 13:51:28 - INFO - Saved best model at epoch 54
2024-06-28 13:51:28 - INFO - Epoch 54: Train Loss=0.3598, Val Acc=0.8768, Val Loss=0.3474
2024-06-28 13:51:35 - INFO - Epoch 55 training time: 7.1489
2024-06-28 13:51:36 - INFO - Epoch 55: Train Loss=0.3570, Val Acc=0.8687, Val Loss=0.3505
2024-06-28 13:51:43 - INFO - Epoch 56 training time: 7.1908
2024-06-28 13:51:44 - INFO - Saved best model at epoch 56
2024-06-28 13:51:44 - INFO - Epoch 56: Train Loss=0.3580, Val Acc=0.8741, Val Loss=0.3464
2024-06-28 13:51:51 - INFO - Epoch 57 training time: 7.4833
2024-06-28 13:51:52 - INFO - Epoch 57: Train Loss=0.3564, Val Acc=0.8696, Val Loss=0.3523
2024-06-28 13:51:59 - INFO - Epoch 58 training time: 7.1562
2024-06-28 13:52:00 - INFO - Epoch 58: Train Loss=0.3584, Val Acc=0.8750, Val Loss=0.3485
2024-06-28 13:52:08 - INFO - Epoch 59 training time: 7.4785
2024-06-28 13:52:09 - INFO - Epoch 59: Train Loss=0.3528, Val Acc=0.8741, Val Loss=0.3467
2024-06-28 13:52:16 - INFO - Epoch 60 training time: 7.2327
2024-06-28 13:52:17 - INFO - Epoch 60: Train Loss=0.3537, Val Acc=0.8687, Val Loss=0.3553
2024-06-28 13:52:24 - INFO - Epoch 61 training time: 7.4348
2024-06-28 13:52:25 - INFO - Early stopping triggered, epoch 61
2024-06-28 13:52:26 - INFO - Test F1-Score: 0.8791
2024-06-28 13:52:26 - INFO - Test Precision : 0.8819
2024-06-28 13:52:26 - INFO - Test Accuracy: 0.8795
2024-06-28 13:52:26 - INFO - Test Recall: 0.8785
2024-06-28 13:52:26 - INFO - Train Time: 431.1530
2024-06-28 13:52:26 - INFO - rs= 7
2024-06-28 13:52:34 - INFO - Epoch 1 training time: 7.7532
2024-06-28 13:52:34 - INFO - Saved best model at epoch 1
2024-06-28 13:52:34 - INFO - Epoch 1: Train Loss=0.6930, Val Acc=0.5136, Val Loss=0.6929
2024-06-28 13:52:42 - INFO - Epoch 2 training time: 7.1041
2024-06-28 13:52:42 - INFO - Saved best model at epoch 2
2024-06-28 13:52:42 - INFO - Epoch 2: Train Loss=0.6928, Val Acc=0.5136, Val Loss=0.6928
2024-06-28 13:52:49 - INFO - Epoch 3 training time: 7.1080
2024-06-28 13:52:50 - INFO - Epoch 3: Train Loss=0.6928, Val Acc=0.5136, Val Loss=0.6928
2024-06-28 13:52:57 - INFO - Epoch 4 training time: 7.1858
2024-06-28 13:52:58 - INFO - Epoch 4: Train Loss=0.6928, Val Acc=0.5136, Val Loss=0.6928
2024-06-28 13:53:06 - INFO - Epoch 5 training time: 7.4828
2024-06-28 13:53:07 - INFO - Epoch 5: Train Loss=0.6928, Val Acc=0.5136, Val Loss=0.6928
2024-06-28 13:53:14 - INFO - Epoch 6 training time: 7.2742
2024-06-28 13:53:15 - INFO - Epoch 6: Train Loss=0.6928, Val Acc=0.5136, Val Loss=0.6928
2024-06-28 13:53:22 - INFO - Epoch 7 training time: 7.3898
2024-06-28 13:53:23 - INFO - Early stopping triggered, epoch 7
2024-06-28 13:53:24 - INFO - Test F1-Score: 0.3393
2024-06-28 13:53:24 - INFO - Test Precision : 0.2568
2024-06-28 13:53:24 - INFO - Test Accuracy: 0.5136
2024-06-28 13:53:24 - INFO - Test Recall: 0.5000
2024-06-28 13:53:24 - INFO - Train Time: 51.2980
2024-06-28 13:53:24 - INFO - rs= 9
2024-06-28 13:53:31 - INFO - Epoch 1 training time: 7.1656
2024-06-28 13:53:32 - INFO - Saved best model at epoch 1
2024-06-28 13:53:32 - INFO - Epoch 1: Train Loss=0.6932, Val Acc=0.5136, Val Loss=0.6930
2024-06-28 13:53:39 - INFO - Epoch 2 training time: 7.0727
2024-06-28 13:53:40 - INFO - Saved best model at epoch 2
2024-06-28 13:53:40 - INFO - Epoch 2: Train Loss=0.6929, Val Acc=0.5136, Val Loss=0.6929
2024-06-28 13:53:47 - INFO - Epoch 3 training time: 7.1452
2024-06-28 13:53:48 - INFO - Saved best model at epoch 3
2024-06-28 13:53:48 - INFO - Epoch 3: Train Loss=0.6929, Val Acc=0.5136, Val Loss=0.6928
2024-06-28 13:53:55 - INFO - Epoch 4 training time: 7.0917
2024-06-28 13:53:55 - INFO - Epoch 4: Train Loss=0.6927, Val Acc=0.5136, Val Loss=0.6928
2024-06-28 13:54:03 - INFO - Epoch 5 training time: 7.2021
2024-06-28 13:54:04 - INFO - Epoch 5: Train Loss=0.6928, Val Acc=0.5136, Val Loss=0.6928
2024-06-28 13:54:11 - INFO - Epoch 6 training time: 7.0711
2024-06-28 13:54:11 - INFO - Epoch 6: Train Loss=0.6928, Val Acc=0.5136, Val Loss=0.6928
2024-06-28 13:54:19 - INFO - Epoch 7 training time: 7.5349
2024-06-28 13:54:20 - INFO - Saved best model at epoch 7
2024-06-28 13:54:20 - INFO - Epoch 7: Train Loss=0.6928, Val Acc=0.5136, Val Loss=0.6927
2024-06-28 13:54:27 - INFO - Epoch 8 training time: 7.3431
2024-06-28 13:54:28 - INFO - Saved best model at epoch 8
2024-06-28 13:54:28 - INFO - Epoch 8: Train Loss=0.6928, Val Acc=0.5136, Val Loss=0.6926
2024-06-28 13:54:35 - INFO - Epoch 9 training time: 7.2334
2024-06-28 13:54:36 - INFO - Saved best model at epoch 9
2024-06-28 13:54:36 - INFO - Epoch 9: Train Loss=0.6926, Val Acc=0.5136, Val Loss=0.6923
2024-06-28 13:54:43 - INFO - Epoch 10 training time: 7.3836
2024-06-28 13:54:44 - INFO - Saved best model at epoch 10
2024-06-28 13:54:44 - INFO - Epoch 10: Train Loss=0.6923, Val Acc=0.5272, Val Loss=0.6913
2024-06-28 13:54:52 - INFO - Epoch 11 training time: 7.3086
2024-06-28 13:54:53 - INFO - Saved best model at epoch 11
2024-06-28 13:54:53 - INFO - Epoch 11: Train Loss=0.6912, Val Acc=0.6295, Val Loss=0.6888
2024-06-28 13:55:00 - INFO - Epoch 12 training time: 7.3647
2024-06-28 13:55:01 - INFO - Saved best model at epoch 12
2024-06-28 13:55:01 - INFO - Epoch 12: Train Loss=0.6888, Val Acc=0.6123, Val Loss=0.6830
2024-06-28 13:55:08 - INFO - Epoch 13 training time: 7.4273
2024-06-28 13:55:09 - INFO - Saved best model at epoch 13
2024-06-28 13:55:09 - INFO - Epoch 13: Train Loss=0.6838, Val Acc=0.5897, Val Loss=0.6732
2024-06-28 13:55:16 - INFO - Epoch 14 training time: 7.1857
2024-06-28 13:55:17 - INFO - Saved best model at epoch 14
2024-06-28 13:55:17 - INFO - Epoch 14: Train Loss=0.6758, Val Acc=0.6322, Val Loss=0.6608
2024-06-28 13:55:24 - INFO - Epoch 15 training time: 7.3168
2024-06-28 13:55:25 - INFO - Saved best model at epoch 15
2024-06-28 13:55:25 - INFO - Epoch 15: Train Loss=0.6692, Val Acc=0.6350, Val Loss=0.6523
2024-06-28 13:55:33 - INFO - Epoch 16 training time: 7.5422
2024-06-28 13:55:34 - INFO - Saved best model at epoch 16
2024-06-28 13:55:34 - INFO - Epoch 16: Train Loss=0.6655, Val Acc=0.6341, Val Loss=0.6460
2024-06-28 13:55:41 - INFO - Epoch 17 training time: 7.4780
2024-06-28 13:55:42 - INFO - Saved best model at epoch 17
2024-06-28 13:55:42 - INFO - Epoch 17: Train Loss=0.6613, Val Acc=0.6304, Val Loss=0.6451
2024-06-28 13:55:50 - INFO - Epoch 18 training time: 7.3149
2024-06-28 13:55:50 - INFO - Saved best model at epoch 18
2024-06-28 13:55:50 - INFO - Epoch 18: Train Loss=0.6574, Val Acc=0.6313, Val Loss=0.6394
2024-06-28 13:55:58 - INFO - Epoch 19 training time: 7.6888
2024-06-28 13:55:59 - INFO - Saved best model at epoch 19
2024-06-28 13:55:59 - INFO - Epoch 19: Train Loss=0.6512, Val Acc=0.6359, Val Loss=0.6324
2024-06-28 13:56:06 - INFO - Epoch 20 training time: 7.3475
2024-06-28 13:56:07 - INFO - Saved best model at epoch 20
2024-06-28 13:56:07 - INFO - Epoch 20: Train Loss=0.6370, Val Acc=0.6422, Val Loss=0.6117
2024-06-28 13:56:15 - INFO - Epoch 21 training time: 7.8521
2024-06-28 13:56:16 - INFO - Saved best model at epoch 21
2024-06-28 13:56:16 - INFO - Epoch 21: Train Loss=0.6191, Val Acc=0.6404, Val Loss=0.5896
2024-06-28 13:56:23 - INFO - Epoch 22 training time: 7.1687
2024-06-28 13:56:24 - INFO - Saved best model at epoch 22
2024-06-28 13:56:24 - INFO - Epoch 22: Train Loss=0.5960, Val Acc=0.7301, Val Loss=0.5640
2024-06-28 13:56:31 - INFO - Epoch 23 training time: 7.3299
2024-06-28 13:56:32 - INFO - Saved best model at epoch 23
2024-06-28 13:56:32 - INFO - Epoch 23: Train Loss=0.5771, Val Acc=0.7464, Val Loss=0.5424
2024-06-28 13:56:39 - INFO - Epoch 24 training time: 7.3285
2024-06-28 13:56:40 - INFO - Saved best model at epoch 24
2024-06-28 13:56:40 - INFO - Epoch 24: Train Loss=0.5563, Val Acc=0.7645, Val Loss=0.5264
2024-06-28 13:56:48 - INFO - Epoch 25 training time: 7.6832
2024-06-28 13:56:49 - INFO - Saved best model at epoch 25
2024-06-28 13:56:49 - INFO - Epoch 25: Train Loss=0.5474, Val Acc=0.7518, Val Loss=0.5216
2024-06-28 13:56:56 - INFO - Epoch 26 training time: 7.5646
2024-06-28 13:56:57 - INFO - Saved best model at epoch 26
2024-06-28 13:56:57 - INFO - Epoch 26: Train Loss=0.5376, Val Acc=0.7636, Val Loss=0.5156
2024-06-28 13:57:05 - INFO - Epoch 27 training time: 7.4168
2024-06-28 13:57:06 - INFO - Saved best model at epoch 27
2024-06-28 13:57:06 - INFO - Epoch 27: Train Loss=0.5352, Val Acc=0.7563, Val Loss=0.5143
2024-06-28 13:57:13 - INFO - Epoch 28 training time: 7.5568
2024-06-28 13:57:14 - INFO - Epoch 28: Train Loss=0.5354, Val Acc=0.7473, Val Loss=0.5153
2024-06-28 13:57:22 - INFO - Epoch 29 training time: 8.1412
2024-06-28 13:57:23 - INFO - Saved best model at epoch 29
2024-06-28 13:57:23 - INFO - Epoch 29: Train Loss=0.5341, Val Acc=0.7645, Val Loss=0.5117
2024-06-28 13:57:30 - INFO - Epoch 30 training time: 7.2835
2024-06-28 13:57:31 - INFO - Saved best model at epoch 30
2024-06-28 13:57:31 - INFO - Epoch 30: Train Loss=0.5317, Val Acc=0.7636, Val Loss=0.5112
2024-06-28 13:57:39 - INFO - Epoch 31 training time: 7.4763
2024-06-28 13:57:40 - INFO - Saved best model at epoch 31
2024-06-28 13:57:40 - INFO - Epoch 31: Train Loss=0.5324, Val Acc=0.7654, Val Loss=0.5079
2024-06-28 13:57:48 - INFO - Epoch 32 training time: 7.8173
2024-06-28 13:57:48 - INFO - Saved best model at epoch 32
2024-06-28 13:57:48 - INFO - Epoch 32: Train Loss=0.5271, Val Acc=0.7681, Val Loss=0.5025
2024-06-28 13:57:56 - INFO - Epoch 33 training time: 7.8180
2024-06-28 13:57:57 - INFO - Saved best model at epoch 33
2024-06-28 13:57:57 - INFO - Epoch 33: Train Loss=0.5268, Val Acc=0.7690, Val Loss=0.5010
2024-06-28 13:58:05 - INFO - Epoch 34 training time: 7.4808
2024-06-28 13:58:05 - INFO - Saved best model at epoch 34
2024-06-28 13:58:05 - INFO - Epoch 34: Train Loss=0.5213, Val Acc=0.7690, Val Loss=0.5003
2024-06-28 13:58:13 - INFO - Epoch 35 training time: 7.4368
2024-06-28 13:58:14 - INFO - Saved best model at epoch 35
2024-06-28 13:58:14 - INFO - Epoch 35: Train Loss=0.5194, Val Acc=0.7699, Val Loss=0.4998
2024-06-28 13:58:21 - INFO - Epoch 36 training time: 7.3028
2024-06-28 13:58:22 - INFO - Epoch 36: Train Loss=0.5239, Val Acc=0.7699, Val Loss=0.5010
2024-06-28 13:58:29 - INFO - Epoch 37 training time: 7.2357
2024-06-28 13:58:30 - INFO - Epoch 37: Train Loss=0.5223, Val Acc=0.7690, Val Loss=0.5008
2024-06-28 13:58:37 - INFO - Epoch 38 training time: 7.3263
2024-06-28 13:58:38 - INFO - Epoch 38: Train Loss=0.5189, Val Acc=0.7572, Val Loss=0.5004
2024-06-28 13:58:45 - INFO - Epoch 39 training time: 7.0146
2024-06-28 13:58:46 - INFO - Epoch 39: Train Loss=0.5184, Val Acc=0.7591, Val Loss=0.5010
2024-06-28 13:58:53 - INFO - Epoch 40 training time: 7.1925
2024-06-28 13:58:54 - INFO - Early stopping triggered, epoch 40
2024-06-28 13:58:55 - INFO - Test F1-Score: 0.7728
2024-06-28 13:58:55 - INFO - Test Precision : 0.7813
2024-06-28 13:58:55 - INFO - Test Accuracy: 0.7736
2024-06-28 13:58:55 - INFO - Test Recall: 0.7757
2024-06-28 13:58:55 - INFO - Train Time: 295.6443
2024-06-28 13:58:55 - INFO - rs= 90
2024-06-28 13:59:02 - INFO - Epoch 1 training time: 7.1622
2024-06-28 13:59:03 - INFO - Saved best model at epoch 1
2024-06-28 13:59:03 - INFO - Epoch 1: Train Loss=0.6989, Val Acc=0.4864, Val Loss=0.6974
2024-06-28 13:59:10 - INFO - Epoch 2 training time: 7.1981
2024-06-28 13:59:11 - INFO - Saved best model at epoch 2
2024-06-28 13:59:11 - INFO - Epoch 2: Train Loss=0.6963, Val Acc=0.4864, Val Loss=0.6952
2024-06-28 13:59:18 - INFO - Epoch 3 training time: 7.1415
2024-06-28 13:59:19 - INFO - Saved best model at epoch 3
2024-06-28 13:59:19 - INFO - Epoch 3: Train Loss=0.6947, Val Acc=0.4864, Val Loss=0.6938
2024-06-28 13:59:26 - INFO - Epoch 4 training time: 7.0184
2024-06-28 13:59:27 - INFO - Saved best model at epoch 4
2024-06-28 13:59:27 - INFO - Epoch 4: Train Loss=0.6936, Val Acc=0.4864, Val Loss=0.6932
2024-06-28 13:59:34 - INFO - Epoch 5 training time: 7.2703
2024-06-28 13:59:35 - INFO - Saved best model at epoch 5
2024-06-28 13:59:35 - INFO - Epoch 5: Train Loss=0.6930, Val Acc=0.5136, Val Loss=0.6929
2024-06-28 13:59:42 - INFO - Epoch 6 training time: 7.0457
2024-06-28 13:59:43 - INFO - Saved best model at epoch 6
2024-06-28 13:59:43 - INFO - Epoch 6: Train Loss=0.6929, Val Acc=0.5136, Val Loss=0.6928
2024-06-28 13:59:50 - INFO - Epoch 7 training time: 7.1460
2024-06-28 13:59:51 - INFO - Epoch 7: Train Loss=0.6930, Val Acc=0.5136, Val Loss=0.6928
2024-06-28 13:59:58 - INFO - Epoch 8 training time: 7.3422
2024-06-28 13:59:59 - INFO - Epoch 8: Train Loss=0.6929, Val Acc=0.5136, Val Loss=0.6928
2024-06-28 14:00:06 - INFO - Epoch 9 training time: 7.1429
2024-06-28 14:00:07 - INFO - Epoch 9: Train Loss=0.6929, Val Acc=0.5136, Val Loss=0.6928
2024-06-28 14:00:14 - INFO - Epoch 10 training time: 7.1689
2024-06-28 14:00:15 - INFO - Epoch 10: Train Loss=0.6929, Val Acc=0.5136, Val Loss=0.6928
2024-06-28 14:00:22 - INFO - Epoch 11 training time: 7.0142
2024-06-28 14:00:23 - INFO - Early stopping triggered, epoch 11
2024-06-28 14:00:23 - INFO - Test F1-Score: 0.3393
2024-06-28 14:00:23 - INFO - Test Precision : 0.2568
2024-06-28 14:00:23 - INFO - Test Accuracy: 0.5136
2024-06-28 14:00:23 - INFO - Test Recall: 0.5000
2024-06-28 14:00:23 - INFO - Train Time: 78.6504
2024-06-28 14:00:24 - INFO - rs= 46
2024-06-28 14:00:31 - INFO - Epoch 1 training time: 7.4990
2024-06-28 14:00:32 - INFO - Saved best model at epoch 1
2024-06-28 14:00:32 - INFO - Epoch 1: Train Loss=0.6976, Val Acc=0.4864, Val Loss=0.6961
2024-06-28 14:00:39 - INFO - Epoch 2 training time: 7.0662
2024-06-28 14:00:40 - INFO - Saved best model at epoch 2
2024-06-28 14:00:40 - INFO - Epoch 2: Train Loss=0.6947, Val Acc=0.5000, Val Loss=0.6933
2024-06-28 14:00:47 - INFO - Epoch 3 training time: 6.9103
2024-06-28 14:00:48 - INFO - Saved best model at epoch 3
2024-06-28 14:00:48 - INFO - Epoch 3: Train Loss=0.6918, Val Acc=0.4674, Val Loss=0.6916
2024-06-28 14:00:55 - INFO - Epoch 4 training time: 6.9975
2024-06-28 14:00:55 - INFO - Saved best model at epoch 4
2024-06-28 14:00:55 - INFO - Epoch 4: Train Loss=0.6906, Val Acc=0.5136, Val Loss=0.6905
2024-06-28 14:01:03 - INFO - Epoch 5 training time: 7.4488
2024-06-28 14:01:04 - INFO - Saved best model at epoch 5
2024-06-28 14:01:04 - INFO - Epoch 5: Train Loss=0.6897, Val Acc=0.5136, Val Loss=0.6897
2024-06-28 14:01:11 - INFO - Epoch 6 training time: 7.3672
2024-06-28 14:01:12 - INFO - Saved best model at epoch 6
2024-06-28 14:01:12 - INFO - Epoch 6: Train Loss=0.6891, Val Acc=0.5136, Val Loss=0.6887
2024-06-28 14:01:19 - INFO - Epoch 7 training time: 7.3865
2024-06-28 14:01:20 - INFO - Saved best model at epoch 7
2024-06-28 14:01:20 - INFO - Epoch 7: Train Loss=0.6878, Val Acc=0.5136, Val Loss=0.6873
2024-06-28 14:01:27 - INFO - Epoch 8 training time: 7.2928
2024-06-28 14:01:28 - INFO - Saved best model at epoch 8
2024-06-28 14:01:28 - INFO - Epoch 8: Train Loss=0.6860, Val Acc=0.5770, Val Loss=0.6846
2024-06-28 14:01:36 - INFO - Epoch 9 training time: 7.6946
2024-06-28 14:01:37 - INFO - Saved best model at epoch 9
2024-06-28 14:01:37 - INFO - Epoch 9: Train Loss=0.6818, Val Acc=0.6250, Val Loss=0.6791
2024-06-28 14:01:44 - INFO - Epoch 10 training time: 7.1043
2024-06-28 14:01:45 - INFO - Saved best model at epoch 10
2024-06-28 14:01:45 - INFO - Epoch 10: Train Loss=0.6750, Val Acc=0.6214, Val Loss=0.6695
2024-06-28 14:01:52 - INFO - Epoch 11 training time: 7.1649
2024-06-28 14:01:53 - INFO - Saved best model at epoch 11
2024-06-28 14:01:53 - INFO - Epoch 11: Train Loss=0.6622, Val Acc=0.6313, Val Loss=0.6552
2024-06-28 14:02:00 - INFO - Epoch 12 training time: 7.0758
2024-06-28 14:02:01 - INFO - Saved best model at epoch 12
2024-06-28 14:02:01 - INFO - Epoch 12: Train Loss=0.6482, Val Acc=0.6304, Val Loss=0.6390
2024-06-28 14:02:08 - INFO - Epoch 13 training time: 7.2135
2024-06-28 14:02:09 - INFO - Saved best model at epoch 13
2024-06-28 14:02:09 - INFO - Epoch 13: Train Loss=0.6321, Val Acc=0.6793, Val Loss=0.6229
2024-06-28 14:02:16 - INFO - Epoch 14 training time: 7.1936
2024-06-28 14:02:17 - INFO - Saved best model at epoch 14
2024-06-28 14:02:17 - INFO - Epoch 14: Train Loss=0.6155, Val Acc=0.7083, Val Loss=0.6067
2024-06-28 14:02:24 - INFO - Epoch 15 training time: 7.1561
2024-06-28 14:02:25 - INFO - Saved best model at epoch 15
2024-06-28 14:02:25 - INFO - Epoch 15: Train Loss=0.6021, Val Acc=0.7074, Val Loss=0.5930
2024-06-28 14:02:32 - INFO - Epoch 16 training time: 7.4289
2024-06-28 14:02:33 - INFO - Saved best model at epoch 16
2024-06-28 14:02:33 - INFO - Epoch 16: Train Loss=0.5839, Val Acc=0.7156, Val Loss=0.5696
2024-06-28 14:02:40 - INFO - Epoch 17 training time: 7.4516
2024-06-28 14:02:41 - INFO - Saved best model at epoch 17
2024-06-28 14:02:41 - INFO - Epoch 17: Train Loss=0.5638, Val Acc=0.7274, Val Loss=0.5369
2024-06-28 14:02:49 - INFO - Epoch 18 training time: 7.5159
2024-06-28 14:02:50 - INFO - Saved best model at epoch 18
2024-06-28 14:02:50 - INFO - Epoch 18: Train Loss=0.5203, Val Acc=0.7926, Val Loss=0.4725
2024-06-28 14:02:57 - INFO - Epoch 19 training time: 7.5061
2024-06-28 14:02:58 - INFO - Epoch 19: Train Loss=0.4894, Val Acc=0.7681, Val Loss=0.5268
2024-06-28 14:03:06 - INFO - Epoch 20 training time: 7.7550
2024-06-28 14:03:07 - INFO - Epoch 20: Train Loss=0.5128, Val Acc=0.7899, Val Loss=0.5026
2024-06-28 14:03:14 - INFO - Epoch 21 training time: 7.2965
2024-06-28 14:03:15 - INFO - Epoch 21: Train Loss=0.5007, Val Acc=0.8080, Val Loss=0.4875
2024-06-28 14:03:22 - INFO - Epoch 22 training time: 7.3038
2024-06-28 14:03:23 - INFO - Epoch 22: Train Loss=0.4921, Val Acc=0.8170, Val Loss=0.4836
2024-06-28 14:03:30 - INFO - Epoch 23 training time: 7.0524
2024-06-28 14:03:31 - INFO - Early stopping triggered, epoch 23
2024-06-28 14:03:32 - INFO - Test F1-Score: 0.7771
2024-06-28 14:03:32 - INFO - Test Precision : 0.7772
2024-06-28 14:03:32 - INFO - Test Accuracy: 0.7772
2024-06-28 14:03:32 - INFO - Test Recall: 0.7774
2024-06-28 14:03:32 - INFO - Train Time: 167.8811
2024-06-28 14:03:32 - INFO - rs= 22
2024-06-28 14:03:39 - INFO - Epoch 1 training time: 7.0626
2024-06-28 14:03:40 - INFO - Saved best model at epoch 1
2024-06-28 14:03:40 - INFO - Epoch 1: Train Loss=0.6950, Val Acc=0.4864, Val Loss=0.6942
2024-06-28 14:03:47 - INFO - Epoch 2 training time: 7.7486
2024-06-28 14:03:48 - INFO - Saved best model at epoch 2
2024-06-28 14:03:48 - INFO - Epoch 2: Train Loss=0.6937, Val Acc=0.4864, Val Loss=0.6932
2024-06-28 14:03:56 - INFO - Epoch 3 training time: 7.3335
2024-06-28 14:03:57 - INFO - Saved best model at epoch 3
2024-06-28 14:03:57 - INFO - Epoch 3: Train Loss=0.6928, Val Acc=0.5697, Val Loss=0.6924
2024-06-28 14:04:04 - INFO - Epoch 4 training time: 7.3757
2024-06-28 14:04:05 - INFO - Saved best model at epoch 4
2024-06-28 14:04:05 - INFO - Epoch 4: Train Loss=0.6917, Val Acc=0.5498, Val Loss=0.6912
2024-06-28 14:04:12 - INFO - Epoch 5 training time: 7.3708
2024-06-28 14:04:13 - INFO - Saved best model at epoch 5
2024-06-28 14:04:13 - INFO - Epoch 5: Train Loss=0.6903, Val Acc=0.5688, Val Loss=0.6889
2024-06-28 14:04:20 - INFO - Epoch 6 training time: 7.3705
2024-06-28 14:04:21 - INFO - Saved best model at epoch 6
2024-06-28 14:04:21 - INFO - Epoch 6: Train Loss=0.6879, Val Acc=0.5797, Val Loss=0.6859
2024-06-28 14:04:28 - INFO - Epoch 7 training time: 7.2404
2024-06-28 14:04:29 - INFO - Saved best model at epoch 7
2024-06-28 14:04:29 - INFO - Epoch 7: Train Loss=0.6826, Val Acc=0.5888, Val Loss=0.6790
2024-06-28 14:04:37 - INFO - Epoch 8 training time: 7.4201
2024-06-28 14:04:38 - INFO - Epoch 8: Train Loss=0.6813, Val Acc=0.5761, Val Loss=0.6841
2024-06-28 14:04:45 - INFO - Epoch 9 training time: 7.4396
2024-06-28 14:04:46 - INFO - Epoch 9: Train Loss=0.6821, Val Acc=0.5734, Val Loss=0.6838
2024-06-28 14:04:53 - INFO - Epoch 10 training time: 7.2677
2024-06-28 14:04:54 - INFO - Epoch 10: Train Loss=0.6825, Val Acc=0.5752, Val Loss=0.6835
2024-06-28 14:05:01 - INFO - Epoch 11 training time: 7.4350
2024-06-28 14:05:02 - INFO - Saved best model at epoch 11
2024-06-28 14:05:02 - INFO - Epoch 11: Train Loss=0.6802, Val Acc=0.6014, Val Loss=0.6723
2024-06-28 14:05:09 - INFO - Epoch 12 training time: 7.0748
2024-06-28 14:05:10 - INFO - Epoch 12: Train Loss=0.6774, Val Acc=0.5761, Val Loss=0.6829
2024-06-28 14:05:17 - INFO - Epoch 13 training time: 7.1363
2024-06-28 14:05:18 - INFO - Epoch 13: Train Loss=0.6811, Val Acc=0.5761, Val Loss=0.6822
2024-06-28 14:05:25 - INFO - Epoch 14 training time: 7.3119
2024-06-28 14:05:26 - INFO - Epoch 14: Train Loss=0.6803, Val Acc=0.5752, Val Loss=0.6818
2024-06-28 14:05:34 - INFO - Epoch 15 training time: 7.2047
2024-06-28 14:05:34 - INFO - Epoch 15: Train Loss=0.6801, Val Acc=0.5752, Val Loss=0.6816
2024-06-28 14:05:41 - INFO - Epoch 16 training time: 6.8015
2024-06-28 14:05:42 - INFO - Early stopping triggered, epoch 16
2024-06-28 14:05:43 - INFO - Test F1-Score: 0.6174
2024-06-28 14:05:43 - INFO - Test Precision : 0.6263
2024-06-28 14:05:43 - INFO - Test Accuracy: 0.6232
2024-06-28 14:05:43 - INFO - Test Recall: 0.6203
2024-06-28 14:05:43 - INFO - Train Time: 116.5937
2024-06-28 14:05:43 - INFO - rs= 53
2024-06-28 14:05:50 - INFO - Epoch 1 training time: 7.2505
2024-06-28 14:05:51 - INFO - Saved best model at epoch 1
2024-06-28 14:05:51 - INFO - Epoch 1: Train Loss=0.6964, Val Acc=0.4864, Val Loss=0.6951
2024-06-28 14:05:58 - INFO - Epoch 2 training time: 7.0164
2024-06-28 14:05:59 - INFO - Saved best model at epoch 2
2024-06-28 14:05:59 - INFO - Epoch 2: Train Loss=0.6944, Val Acc=0.4864, Val Loss=0.6938
2024-06-28 14:06:06 - INFO - Epoch 3 training time: 7.0871
2024-06-28 14:06:07 - INFO - Saved best model at epoch 3
2024-06-28 14:06:07 - INFO - Epoch 3: Train Loss=0.6936, Val Acc=0.4864, Val Loss=0.6932
2024-06-28 14:06:14 - INFO - Epoch 4 training time: 7.4175
2024-06-28 14:06:15 - INFO - Saved best model at epoch 4
2024-06-28 14:06:15 - INFO - Epoch 4: Train Loss=0.6932, Val Acc=0.5136, Val Loss=0.6929
2024-06-28 14:06:22 - INFO - Epoch 5 training time: 7.0913
2024-06-28 14:06:23 - INFO - Saved best model at epoch 5
2024-06-28 14:06:23 - INFO - Epoch 5: Train Loss=0.6929, Val Acc=0.5136, Val Loss=0.6928
2024-06-28 14:06:30 - INFO - Epoch 6 training time: 7.2946
2024-06-28 14:06:31 - INFO - Epoch 6: Train Loss=0.6929, Val Acc=0.5136, Val Loss=0.6928
2024-06-28 14:06:38 - INFO - Epoch 7 training time: 7.0323
2024-06-28 14:06:39 - INFO - Saved best model at epoch 7
2024-06-28 14:06:39 - INFO - Epoch 7: Train Loss=0.6928, Val Acc=0.5136, Val Loss=0.6927
2024-06-28 14:06:46 - INFO - Epoch 8 training time: 6.8550
2024-06-28 14:06:47 - INFO - Saved best model at epoch 8
2024-06-28 14:06:47 - INFO - Epoch 8: Train Loss=0.6926, Val Acc=0.5136, Val Loss=0.6925
2024-06-28 14:06:54 - INFO - Epoch 9 training time: 7.4346
2024-06-28 14:06:55 - INFO - Saved best model at epoch 9
2024-06-28 14:06:55 - INFO - Epoch 9: Train Loss=0.6923, Val Acc=0.5299, Val Loss=0.6916
2024-06-28 14:07:02 - INFO - Epoch 10 training time: 7.2617
2024-06-28 14:07:03 - INFO - Saved best model at epoch 10
2024-06-28 14:07:03 - INFO - Epoch 10: Train Loss=0.6911, Val Acc=0.6087, Val Loss=0.6901
2024-06-28 14:07:10 - INFO - Epoch 11 training time: 7.1550
2024-06-28 14:07:11 - INFO - Saved best model at epoch 11
2024-06-28 14:07:11 - INFO - Epoch 11: Train Loss=0.6891, Val Acc=0.6105, Val Loss=0.6871
2024-06-28 14:07:19 - INFO - Epoch 12 training time: 7.6418
2024-06-28 14:07:20 - INFO - Saved best model at epoch 12
2024-06-28 14:07:20 - INFO - Epoch 12: Train Loss=0.6854, Val Acc=0.6159, Val Loss=0.6814
2024-06-28 14:07:26 - INFO - Epoch 13 training time: 6.3549
2024-06-28 14:07:27 - INFO - Saved best model at epoch 13
2024-06-28 14:07:27 - INFO - Epoch 13: Train Loss=0.6785, Val Acc=0.6150, Val Loss=0.6731
2024-06-28 14:07:34 - INFO - Epoch 14 training time: 7.1659
2024-06-28 14:07:35 - INFO - Saved best model at epoch 14
2024-06-28 14:07:35 - INFO - Epoch 14: Train Loss=0.6711, Val Acc=0.6096, Val Loss=0.6656
2024-06-28 14:07:42 - INFO - Epoch 15 training time: 7.1568
2024-06-28 14:07:43 - INFO - Saved best model at epoch 15
2024-06-28 14:07:43 - INFO - Epoch 15: Train Loss=0.6657, Val Acc=0.6096, Val Loss=0.6603
2024-06-28 14:07:50 - INFO - Epoch 16 training time: 7.4542
2024-06-28 14:07:51 - INFO - Saved best model at epoch 16
2024-06-28 14:07:51 - INFO - Epoch 16: Train Loss=0.6577, Val Acc=0.6187, Val Loss=0.6505
2024-06-28 14:07:58 - INFO - Epoch 17 training time: 7.1970
2024-06-28 14:07:59 - INFO - Saved best model at epoch 17
2024-06-28 14:07:59 - INFO - Epoch 17: Train Loss=0.6468, Val Acc=0.6150, Val Loss=0.6356
2024-06-28 14:08:07 - INFO - Epoch 18 training time: 7.4962
2024-06-28 14:08:08 - INFO - Saved best model at epoch 18
2024-06-28 14:08:08 - INFO - Epoch 18: Train Loss=0.6307, Val Acc=0.6178, Val Loss=0.6146
2024-06-28 14:08:15 - INFO - Epoch 19 training time: 7.2858
2024-06-28 14:08:16 - INFO - Saved best model at epoch 19
2024-06-28 14:08:16 - INFO - Epoch 19: Train Loss=0.6055, Val Acc=0.6250, Val Loss=0.5850
2024-06-28 14:08:23 - INFO - Epoch 20 training time: 7.3586
2024-06-28 14:08:24 - INFO - Saved best model at epoch 20
2024-06-28 14:08:24 - INFO - Epoch 20: Train Loss=0.5781, Val Acc=0.7418, Val Loss=0.5582
2024-06-28 14:08:31 - INFO - Epoch 21 training time: 6.8802
2024-06-28 14:08:32 - INFO - Saved best model at epoch 21
2024-06-28 14:08:32 - INFO - Epoch 21: Train Loss=0.5560, Val Acc=0.7545, Val Loss=0.5421
2024-06-28 14:08:39 - INFO - Epoch 22 training time: 6.9046
2024-06-28 14:08:40 - INFO - Saved best model at epoch 22
2024-06-28 14:08:40 - INFO - Epoch 22: Train Loss=0.5389, Val Acc=0.7482, Val Loss=0.5366
2024-06-28 14:08:47 - INFO - Epoch 23 training time: 7.4808
2024-06-28 14:08:48 - INFO - Saved best model at epoch 23
2024-06-28 14:08:48 - INFO - Epoch 23: Train Loss=0.5323, Val Acc=0.7563, Val Loss=0.5281
2024-06-28 14:08:55 - INFO - Epoch 24 training time: 7.2997
2024-06-28 14:08:56 - INFO - Saved best model at epoch 24
2024-06-28 14:08:56 - INFO - Epoch 24: Train Loss=0.5280, Val Acc=0.7618, Val Loss=0.5212
2024-06-28 14:09:03 - INFO - Epoch 25 training time: 7.3997
2024-06-28 14:09:04 - INFO - Saved best model at epoch 25
2024-06-28 14:09:04 - INFO - Epoch 25: Train Loss=0.5206, Val Acc=0.7681, Val Loss=0.5185
2024-06-28 14:09:12 - INFO - Epoch 26 training time: 7.3036
2024-06-28 14:09:13 - INFO - Epoch 26: Train Loss=0.5248, Val Acc=0.7545, Val Loss=0.5223
2024-06-28 14:09:20 - INFO - Epoch 27 training time: 7.0320
2024-06-28 14:09:20 - INFO - Epoch 27: Train Loss=0.5215, Val Acc=0.7572, Val Loss=0.5205
2024-06-28 14:09:28 - INFO - Epoch 28 training time: 7.2057
2024-06-28 14:09:28 - INFO - Epoch 28: Train Loss=0.5195, Val Acc=0.7654, Val Loss=0.5199
2024-06-28 14:09:36 - INFO - Epoch 29 training time: 7.1661
2024-06-28 14:09:36 - INFO - Saved best model at epoch 29
2024-06-28 14:09:36 - INFO - Epoch 29: Train Loss=0.5167, Val Acc=0.7582, Val Loss=0.5183
2024-06-28 14:09:43 - INFO - Epoch 30 training time: 6.9573
2024-06-28 14:09:44 - INFO - Epoch 30: Train Loss=0.5185, Val Acc=0.7627, Val Loss=0.5219
2024-06-28 14:09:51 - INFO - Epoch 31 training time: 7.2177
2024-06-28 14:09:52 - INFO - Epoch 31: Train Loss=0.5169, Val Acc=0.7536, Val Loss=0.5222
2024-06-28 14:10:00 - INFO - Epoch 32 training time: 7.2415
2024-06-28 14:10:00 - INFO - Epoch 32: Train Loss=0.5182, Val Acc=0.7554, Val Loss=0.5214
2024-06-28 14:10:07 - INFO - Epoch 33 training time: 7.0270
2024-06-28 14:10:08 - INFO - Epoch 33: Train Loss=0.5153, Val Acc=0.7554, Val Loss=0.5215
2024-06-28 14:10:15 - INFO - Epoch 34 training time: 6.7915
2024-06-28 14:10:16 - INFO - Early stopping triggered, epoch 34
2024-06-28 14:10:17 - INFO - Test F1-Score: 0.7526
2024-06-28 14:10:17 - INFO - Test Precision : 0.7623
2024-06-28 14:10:17 - INFO - Test Accuracy: 0.7536
2024-06-28 14:10:17 - INFO - Test Recall: 0.7560
2024-06-28 14:10:17 - INFO - Train Time: 243.9141
2024-06-28 14:10:17 - INFO - rs= 85
2024-06-28 14:10:24 - INFO - Epoch 1 training time: 7.0022
2024-06-28 14:10:24 - INFO - Saved best model at epoch 1
2024-06-28 14:10:24 - INFO - Epoch 1: Train Loss=0.6930, Val Acc=0.5136, Val Loss=0.6929
2024-06-28 14:10:32 - INFO - Epoch 2 training time: 7.2980
2024-06-28 14:10:33 - INFO - Saved best model at epoch 2
2024-06-28 14:10:33 - INFO - Epoch 2: Train Loss=0.6929, Val Acc=0.5136, Val Loss=0.6926
2024-06-28 14:10:39 - INFO - Epoch 3 training time: 6.7425
2024-06-28 14:10:40 - INFO - Saved best model at epoch 3
2024-06-28 14:10:40 - INFO - Epoch 3: Train Loss=0.6924, Val Acc=0.5136, Val Loss=0.6919
2024-06-28 14:10:47 - INFO - Epoch 4 training time: 6.5906
2024-06-28 14:10:48 - INFO - Saved best model at epoch 4
2024-06-28 14:10:48 - INFO - Epoch 4: Train Loss=0.6917, Val Acc=0.5136, Val Loss=0.6906
2024-06-28 14:10:54 - INFO - Epoch 5 training time: 6.7341
2024-06-28 14:10:55 - INFO - Saved best model at epoch 5
2024-06-28 14:10:55 - INFO - Epoch 5: Train Loss=0.6900, Val Acc=0.5136, Val Loss=0.6883
2024-06-28 14:11:02 - INFO - Epoch 6 training time: 6.6995
2024-06-28 14:11:03 - INFO - Saved best model at epoch 6
2024-06-28 14:11:03 - INFO - Epoch 6: Train Loss=0.6860, Val Acc=0.5290, Val Loss=0.6812
2024-06-28 14:11:09 - INFO - Epoch 7 training time: 6.6786
2024-06-28 14:11:10 - INFO - Saved best model at epoch 7
2024-06-28 14:11:10 - INFO - Epoch 7: Train Loss=0.6735, Val Acc=0.7446, Val Loss=0.6590
2024-06-28 14:11:16 - INFO - Epoch 8 training time: 6.2347
2024-06-28 14:11:17 - INFO - Saved best model at epoch 8
2024-06-28 14:11:17 - INFO - Epoch 8: Train Loss=0.6335, Val Acc=0.7690, Val Loss=0.5970
2024-06-28 14:11:23 - INFO - Epoch 9 training time: 6.2906
2024-06-28 14:11:24 - INFO - Saved best model at epoch 9
2024-06-28 14:11:24 - INFO - Epoch 9: Train Loss=0.5705, Val Acc=0.7754, Val Loss=0.5413
2024-06-28 14:11:30 - INFO - Epoch 10 training time: 5.9711
2024-06-28 14:11:31 - INFO - Saved best model at epoch 10
2024-06-28 14:11:31 - INFO - Epoch 10: Train Loss=0.5232, Val Acc=0.7835, Val Loss=0.5040
2024-06-28 14:11:37 - INFO - Epoch 11 training time: 6.4198
2024-06-28 14:11:38 - INFO - Saved best model at epoch 11
2024-06-28 14:11:38 - INFO - Epoch 11: Train Loss=0.4927, Val Acc=0.7871, Val Loss=0.4799
2024-06-28 14:11:44 - INFO - Epoch 12 training time: 6.4580
2024-06-28 14:11:45 - INFO - Saved best model at epoch 12
2024-06-28 14:11:45 - INFO - Epoch 12: Train Loss=0.4712, Val Acc=0.7926, Val Loss=0.4646
2024-06-28 14:11:52 - INFO - Epoch 13 training time: 6.7342
2024-06-28 14:11:52 - INFO - Saved best model at epoch 13
2024-06-28 14:11:52 - INFO - Epoch 13: Train Loss=0.4577, Val Acc=0.7980, Val Loss=0.4543
2024-06-28 14:11:59 - INFO - Epoch 14 training time: 6.6949
2024-06-28 14:12:00 - INFO - Saved best model at epoch 14
2024-06-28 14:12:00 - INFO - Epoch 14: Train Loss=0.4472, Val Acc=0.7980, Val Loss=0.4452
2024-06-28 14:12:06 - INFO - Epoch 15 training time: 6.5131
2024-06-28 14:12:07 - INFO - Saved best model at epoch 15
2024-06-28 14:12:07 - INFO - Epoch 15: Train Loss=0.4379, Val Acc=0.8043, Val Loss=0.4385
2024-06-28 14:12:14 - INFO - Epoch 16 training time: 6.5543
2024-06-28 14:12:15 - INFO - Saved best model at epoch 16
2024-06-28 14:12:15 - INFO - Epoch 16: Train Loss=0.4325, Val Acc=0.8053, Val Loss=0.4341
2024-06-28 14:12:21 - INFO - Epoch 17 training time: 6.2551
2024-06-28 14:12:22 - INFO - Saved best model at epoch 17
2024-06-28 14:12:22 - INFO - Epoch 17: Train Loss=0.4235, Val Acc=0.8080, Val Loss=0.4308
2024-06-28 14:12:28 - INFO - Epoch 18 training time: 6.5766
2024-06-28 14:12:29 - INFO - Saved best model at epoch 18
2024-06-28 14:12:29 - INFO - Epoch 18: Train Loss=0.4224, Val Acc=0.8062, Val Loss=0.4292
2024-06-28 14:12:35 - INFO - Epoch 19 training time: 5.7536
2024-06-28 14:12:35 - INFO - Saved best model at epoch 19
2024-06-28 14:12:35 - INFO - Epoch 19: Train Loss=0.4186, Val Acc=0.8134, Val Loss=0.4271
2024-06-28 14:12:41 - INFO - Epoch 20 training time: 6.0761
2024-06-28 14:12:42 - INFO - Saved best model at epoch 20
2024-06-28 14:12:42 - INFO - Epoch 20: Train Loss=0.4143, Val Acc=0.8125, Val Loss=0.4265
2024-06-28 14:12:48 - INFO - Epoch 21 training time: 5.9118
2024-06-28 14:12:49 - INFO - Saved best model at epoch 21
2024-06-28 14:12:49 - INFO - Epoch 21: Train Loss=0.4153, Val Acc=0.8152, Val Loss=0.4236
2024-06-28 14:12:55 - INFO - Epoch 22 training time: 6.6084
2024-06-28 14:12:56 - INFO - Saved best model at epoch 22
2024-06-28 14:12:56 - INFO - Epoch 22: Train Loss=0.4088, Val Acc=0.8161, Val Loss=0.4217
2024-06-28 14:13:02 - INFO - Epoch 23 training time: 6.3075
2024-06-28 14:13:03 - INFO - Saved best model at epoch 23
2024-06-28 14:13:03 - INFO - Epoch 23: Train Loss=0.4075, Val Acc=0.8098, Val Loss=0.4214
2024-06-28 14:13:09 - INFO - Epoch 24 training time: 6.2956
2024-06-28 14:13:10 - INFO - Saved best model at epoch 24
2024-06-28 14:13:10 - INFO - Epoch 24: Train Loss=0.4076, Val Acc=0.8161, Val Loss=0.4200
2024-06-28 14:13:16 - INFO - Epoch 25 training time: 6.3533
2024-06-28 14:13:17 - INFO - Epoch 25: Train Loss=0.4048, Val Acc=0.8062, Val Loss=0.4207
2024-06-28 14:13:23 - INFO - Epoch 26 training time: 6.3241
2024-06-28 14:13:24 - INFO - Saved best model at epoch 26
2024-06-28 14:13:24 - INFO - Epoch 26: Train Loss=0.4047, Val Acc=0.8143, Val Loss=0.4174
2024-06-28 14:13:31 - INFO - Epoch 27 training time: 6.7085
2024-06-28 14:13:32 - INFO - Saved best model at epoch 27
2024-06-28 14:13:32 - INFO - Epoch 27: Train Loss=0.4025, Val Acc=0.8188, Val Loss=0.4160
2024-06-28 14:13:38 - INFO - Epoch 28 training time: 6.3585
2024-06-28 14:13:39 - INFO - Epoch 28: Train Loss=0.3985, Val Acc=0.8062, Val Loss=0.4201
2024-06-28 14:13:45 - INFO - Epoch 29 training time: 6.6006
2024-06-28 14:13:46 - INFO - Saved best model at epoch 29
2024-06-28 14:13:46 - INFO - Epoch 29: Train Loss=0.4016, Val Acc=0.8207, Val Loss=0.4136
2024-06-28 14:13:52 - INFO - Epoch 30 training time: 5.9067
2024-06-28 14:13:53 - INFO - Saved best model at epoch 30
2024-06-28 14:13:53 - INFO - Epoch 30: Train Loss=0.4001, Val Acc=0.8152, Val Loss=0.4133
2024-06-28 14:13:59 - INFO - Epoch 31 training time: 6.2073
2024-06-28 14:14:00 - INFO - Saved best model at epoch 31
2024-06-28 14:14:00 - INFO - Epoch 31: Train Loss=0.3976, Val Acc=0.8179, Val Loss=0.4113
2024-06-28 14:14:06 - INFO - Epoch 32 training time: 6.0950
2024-06-28 14:14:07 - INFO - Saved best model at epoch 32
2024-06-28 14:14:07 - INFO - Epoch 32: Train Loss=0.3966, Val Acc=0.8225, Val Loss=0.4105
2024-06-28 14:14:13 - INFO - Epoch 33 training time: 6.1786
2024-06-28 14:14:14 - INFO - Saved best model at epoch 33
2024-06-28 14:14:14 - INFO - Epoch 33: Train Loss=0.3951, Val Acc=0.8225, Val Loss=0.4095
2024-06-28 14:14:20 - INFO - Epoch 34 training time: 6.3232
2024-06-28 14:14:21 - INFO - Saved best model at epoch 34
2024-06-28 14:14:21 - INFO - Epoch 34: Train Loss=0.3969, Val Acc=0.8225, Val Loss=0.4084
2024-06-28 14:14:27 - INFO - Epoch 35 training time: 6.1853
2024-06-28 14:14:28 - INFO - Saved best model at epoch 35
2024-06-28 14:14:28 - INFO - Epoch 35: Train Loss=0.3939, Val Acc=0.8225, Val Loss=0.4074
2024-06-28 14:14:34 - INFO - Epoch 36 training time: 6.1256
2024-06-28 14:14:34 - INFO - Saved best model at epoch 36
2024-06-28 14:14:34 - INFO - Epoch 36: Train Loss=0.3939, Val Acc=0.8197, Val Loss=0.4068
2024-06-28 14:14:41 - INFO - Epoch 37 training time: 6.3180
2024-06-28 14:14:42 - INFO - Saved best model at epoch 37
2024-06-28 14:14:42 - INFO - Epoch 37: Train Loss=0.3879, Val Acc=0.8252, Val Loss=0.4053
2024-06-28 14:14:48 - INFO - Epoch 38 training time: 6.4358
2024-06-28 14:14:49 - INFO - Epoch 38: Train Loss=0.3904, Val Acc=0.8207, Val Loss=0.4082
2024-06-28 14:14:55 - INFO - Epoch 39 training time: 6.5843
2024-06-28 14:14:56 - INFO - Saved best model at epoch 39
2024-06-28 14:14:56 - INFO - Epoch 39: Train Loss=0.3902, Val Acc=0.8170, Val Loss=0.4051
2024-06-28 14:15:03 - INFO - Epoch 40 training time: 6.4199
2024-06-28 14:15:03 - INFO - Saved best model at epoch 40
2024-06-28 14:15:03 - INFO - Epoch 40: Train Loss=0.3894, Val Acc=0.8234, Val Loss=0.4027
2024-06-28 14:15:10 - INFO - Epoch 41 training time: 6.3319
2024-06-28 14:15:10 - INFO - Saved best model at epoch 41
2024-06-28 14:15:10 - INFO - Epoch 41: Train Loss=0.3882, Val Acc=0.8234, Val Loss=0.4022
2024-06-28 14:15:17 - INFO - Epoch 42 training time: 6.1261
2024-06-28 14:15:17 - INFO - Saved best model at epoch 42
2024-06-28 14:15:17 - INFO - Epoch 42: Train Loss=0.3858, Val Acc=0.8252, Val Loss=0.4009
2024-06-28 14:15:23 - INFO - Epoch 43 training time: 6.1428
2024-06-28 14:15:24 - INFO - Saved best model at epoch 43
2024-06-28 14:15:24 - INFO - Epoch 43: Train Loss=0.3852, Val Acc=0.8252, Val Loss=0.3997
2024-06-28 14:15:31 - INFO - Epoch 44 training time: 6.3532
2024-06-28 14:15:31 - INFO - Saved best model at epoch 44
2024-06-28 14:15:31 - INFO - Epoch 44: Train Loss=0.3837, Val Acc=0.8234, Val Loss=0.3990
2024-06-28 14:15:38 - INFO - Epoch 45 training time: 6.3886
2024-06-28 14:15:38 - INFO - Epoch 45: Train Loss=0.3832, Val Acc=0.8234, Val Loss=0.3991
2024-06-28 14:15:45 - INFO - Epoch 46 training time: 6.2616
2024-06-28 14:15:45 - INFO - Saved best model at epoch 46
2024-06-28 14:15:45 - INFO - Epoch 46: Train Loss=0.3834, Val Acc=0.8261, Val Loss=0.3971
2024-06-28 14:15:52 - INFO - Epoch 47 training time: 6.4326
2024-06-28 14:15:53 - INFO - Saved best model at epoch 47
2024-06-28 14:15:53 - INFO - Epoch 47: Train Loss=0.3819, Val Acc=0.8225, Val Loss=0.3963
2024-06-28 14:15:59 - INFO - Epoch 48 training time: 6.4599
2024-06-28 14:16:00 - INFO - Saved best model at epoch 48
2024-06-28 14:16:00 - INFO - Epoch 48: Train Loss=0.3792, Val Acc=0.8225, Val Loss=0.3954
2024-06-28 14:16:06 - INFO - Epoch 49 training time: 6.3286
2024-06-28 14:16:07 - INFO - Epoch 49: Train Loss=0.3804, Val Acc=0.8207, Val Loss=0.3975
2024-06-28 14:16:13 - INFO - Epoch 50 training time: 6.5760
2024-06-28 14:16:14 - INFO - Epoch 50: Train Loss=0.3799, Val Acc=0.8143, Val Loss=0.3994
2024-06-28 14:16:21 - INFO - Epoch 51 training time: 6.4677
2024-06-28 14:16:21 - INFO - Saved best model at epoch 51
2024-06-28 14:16:21 - INFO - Epoch 51: Train Loss=0.3781, Val Acc=0.8225, Val Loss=0.3951
2024-06-28 14:16:28 - INFO - Epoch 52 training time: 6.2500
2024-06-28 14:16:28 - INFO - Saved best model at epoch 52
2024-06-28 14:16:28 - INFO - Epoch 52: Train Loss=0.3755, Val Acc=0.8288, Val Loss=0.3913
2024-06-28 14:16:35 - INFO - Epoch 53 training time: 6.2797
2024-06-28 14:16:35 - INFO - Saved best model at epoch 53
2024-06-28 14:16:35 - INFO - Epoch 53: Train Loss=0.3755, Val Acc=0.8279, Val Loss=0.3899
2024-06-28 14:16:41 - INFO - Epoch 54 training time: 6.0883
2024-06-28 14:16:42 - INFO - Saved best model at epoch 54
2024-06-28 14:16:42 - INFO - Epoch 54: Train Loss=0.3743, Val Acc=0.8288, Val Loss=0.3893
2024-06-28 14:16:48 - INFO - Epoch 55 training time: 5.9509
2024-06-28 14:16:49 - INFO - Saved best model at epoch 55
2024-06-28 14:16:49 - INFO - Epoch 55: Train Loss=0.3740, Val Acc=0.8297, Val Loss=0.3882
2024-06-28 14:16:55 - INFO - Epoch 56 training time: 6.1025
2024-06-28 14:16:56 - INFO - Epoch 56: Train Loss=0.3727, Val Acc=0.8270, Val Loss=0.3899
2024-06-28 14:17:02 - INFO - Epoch 57 training time: 6.2485
2024-06-28 14:17:03 - INFO - Saved best model at epoch 57
2024-06-28 14:17:03 - INFO - Epoch 57: Train Loss=0.3721, Val Acc=0.8288, Val Loss=0.3873
2024-06-28 14:17:09 - INFO - Epoch 58 training time: 6.1942
2024-06-28 14:17:10 - INFO - Epoch 58: Train Loss=0.3682, Val Acc=0.8234, Val Loss=0.3908
2024-06-28 14:17:16 - INFO - Epoch 59 training time: 6.2832
2024-06-28 14:17:17 - INFO - Saved best model at epoch 59
2024-06-28 14:17:17 - INFO - Epoch 59: Train Loss=0.3670, Val Acc=0.8306, Val Loss=0.3845
2024-06-28 14:17:23 - INFO - Epoch 60 training time: 6.4717
2024-06-28 14:17:24 - INFO - Saved best model at epoch 60
2024-06-28 14:17:24 - INFO - Epoch 60: Train Loss=0.3688, Val Acc=0.8288, Val Loss=0.3838
2024-06-28 14:17:31 - INFO - Epoch 61 training time: 6.7186
2024-06-28 14:17:31 - INFO - Saved best model at epoch 61
2024-06-28 14:17:31 - INFO - Epoch 61: Train Loss=0.3702, Val Acc=0.8279, Val Loss=0.3820
2024-06-28 14:17:38 - INFO - Epoch 62 training time: 6.7182
2024-06-28 14:17:39 - INFO - Saved best model at epoch 62
2024-06-28 14:17:39 - INFO - Epoch 62: Train Loss=0.3675, Val Acc=0.8297, Val Loss=0.3816
2024-06-28 14:17:45 - INFO - Epoch 63 training time: 6.1840
2024-06-28 14:17:46 - INFO - Saved best model at epoch 63
2024-06-28 14:17:46 - INFO - Epoch 63: Train Loss=0.3661, Val Acc=0.8297, Val Loss=0.3805
2024-06-28 14:17:52 - INFO - Epoch 64 training time: 6.2203
2024-06-28 14:17:53 - INFO - Saved best model at epoch 64
2024-06-28 14:17:53 - INFO - Epoch 64: Train Loss=0.3666, Val Acc=0.8297, Val Loss=0.3792
2024-06-28 14:18:00 - INFO - Epoch 65 training time: 6.8778
2024-06-28 14:18:01 - INFO - Saved best model at epoch 65
2024-06-28 14:18:01 - INFO - Epoch 65: Train Loss=0.3624, Val Acc=0.8315, Val Loss=0.3783
2024-06-28 14:18:08 - INFO - Epoch 66 training time: 7.4573
2024-06-28 14:18:09 - INFO - Saved best model at epoch 66
2024-06-28 14:18:09 - INFO - Epoch 66: Train Loss=0.3628, Val Acc=0.8297, Val Loss=0.3770
2024-06-28 14:18:16 - INFO - Epoch 67 training time: 7.3735
2024-06-28 14:18:17 - INFO - Saved best model at epoch 67
2024-06-28 14:18:17 - INFO - Epoch 67: Train Loss=0.3612, Val Acc=0.8324, Val Loss=0.3761
2024-06-28 14:18:24 - INFO - Epoch 68 training time: 7.0008
2024-06-28 14:18:25 - INFO - Saved best model at epoch 68
2024-06-28 14:18:25 - INFO - Epoch 68: Train Loss=0.3622, Val Acc=0.8297, Val Loss=0.3744
2024-06-28 14:18:32 - INFO - Epoch 69 training time: 7.1944
2024-06-28 14:18:33 - INFO - Saved best model at epoch 69
2024-06-28 14:18:33 - INFO - Epoch 69: Train Loss=0.3595, Val Acc=0.8306, Val Loss=0.3740
2024-06-28 14:18:40 - INFO - Epoch 70 training time: 7.2734
2024-06-28 14:18:41 - INFO - Saved best model at epoch 70
2024-06-28 14:18:41 - INFO - Epoch 70: Train Loss=0.3604, Val Acc=0.8333, Val Loss=0.3722
2024-06-28 14:18:48 - INFO - Epoch 71 training time: 7.1419
2024-06-28 14:18:49 - INFO - Saved best model at epoch 71
2024-06-28 14:18:49 - INFO - Epoch 71: Train Loss=0.3577, Val Acc=0.8315, Val Loss=0.3712
2024-06-28 14:18:56 - INFO - Epoch 72 training time: 7.1288
2024-06-28 14:18:57 - INFO - Saved best model at epoch 72
2024-06-28 14:18:57 - INFO - Epoch 72: Train Loss=0.3581, Val Acc=0.8351, Val Loss=0.3701
2024-06-28 14:19:04 - INFO - Epoch 73 training time: 6.3767
2024-06-28 14:19:04 - INFO - Saved best model at epoch 73
2024-06-28 14:19:04 - INFO - Epoch 73: Train Loss=0.3556, Val Acc=0.8324, Val Loss=0.3698
2024-06-28 14:19:11 - INFO - Epoch 74 training time: 6.7777
2024-06-28 14:19:12 - INFO - Saved best model at epoch 74
2024-06-28 14:19:12 - INFO - Epoch 74: Train Loss=0.3567, Val Acc=0.8342, Val Loss=0.3680
2024-06-28 14:19:19 - INFO - Epoch 75 training time: 7.1662
2024-06-28 14:19:20 - INFO - Epoch 75: Train Loss=0.3539, Val Acc=0.8315, Val Loss=0.3730
2024-06-28 14:19:27 - INFO - Epoch 76 training time: 7.1808
2024-06-28 14:19:28 - INFO - Epoch 76: Train Loss=0.3541, Val Acc=0.8297, Val Loss=0.3695
2024-06-28 14:19:35 - INFO - Epoch 77 training time: 7.3975
2024-06-28 14:19:36 - INFO - Saved best model at epoch 77
2024-06-28 14:19:36 - INFO - Epoch 77: Train Loss=0.3530, Val Acc=0.8324, Val Loss=0.3658
2024-06-28 14:19:42 - INFO - Epoch 78 training time: 5.8612
2024-06-28 14:19:43 - INFO - Saved best model at epoch 78
2024-06-28 14:19:43 - INFO - Epoch 78: Train Loss=0.3517, Val Acc=0.8324, Val Loss=0.3656
2024-06-28 14:19:50 - INFO - Epoch 79 training time: 7.0630
2024-06-28 14:19:51 - INFO - Saved best model at epoch 79
2024-06-28 14:19:51 - INFO - Epoch 79: Train Loss=0.3527, Val Acc=0.8342, Val Loss=0.3640
2024-06-28 14:19:57 - INFO - Epoch 80 training time: 6.1395
2024-06-28 14:19:57 - INFO - Saved best model at epoch 80
2024-06-28 14:19:57 - INFO - Epoch 80: Train Loss=0.3499, Val Acc=0.8351, Val Loss=0.3624
2024-06-28 14:20:04 - INFO - Epoch 81 training time: 6.6138
2024-06-28 14:20:05 - INFO - Saved best model at epoch 81
2024-06-28 14:20:05 - INFO - Epoch 81: Train Loss=0.3471, Val Acc=0.8388, Val Loss=0.3590
2024-06-28 14:20:12 - INFO - Epoch 82 training time: 7.3707
2024-06-28 14:20:13 - INFO - Epoch 82: Train Loss=0.3454, Val Acc=0.8315, Val Loss=0.3644
2024-06-28 14:20:20 - INFO - Epoch 83 training time: 7.2457
2024-06-28 14:20:21 - INFO - Saved best model at epoch 83
2024-06-28 14:20:21 - INFO - Epoch 83: Train Loss=0.3473, Val Acc=0.8370, Val Loss=0.3567
2024-06-28 14:20:28 - INFO - Epoch 84 training time: 7.3096
2024-06-28 14:20:29 - INFO - Saved best model at epoch 84
2024-06-28 14:20:29 - INFO - Epoch 84: Train Loss=0.3453, Val Acc=0.8415, Val Loss=0.3556
2024-06-28 14:20:37 - INFO - Epoch 85 training time: 7.2859
2024-06-28 14:20:37 - INFO - Epoch 85: Train Loss=0.3461, Val Acc=0.8361, Val Loss=0.3578
2024-06-28 14:20:45 - INFO - Epoch 86 training time: 7.7170
2024-06-28 14:20:46 - INFO - Epoch 86: Train Loss=0.3426, Val Acc=0.8370, Val Loss=0.3559
2024-06-28 14:20:54 - INFO - Epoch 87 training time: 7.5690
2024-06-28 14:20:55 - INFO - Saved best model at epoch 87
2024-06-28 14:20:55 - INFO - Epoch 87: Train Loss=0.3435, Val Acc=0.8370, Val Loss=0.3517
2024-06-28 14:21:02 - INFO - Epoch 88 training time: 7.4394
2024-06-28 14:21:03 - INFO - Epoch 88: Train Loss=0.3427, Val Acc=0.8442, Val Loss=0.3524
2024-06-28 14:21:10 - INFO - Epoch 89 training time: 7.4533
2024-06-28 14:21:11 - INFO - Epoch 89: Train Loss=0.3416, Val Acc=0.8406, Val Loss=0.3519
2024-06-28 14:21:18 - INFO - Epoch 90 training time: 7.1637
2024-06-28 14:21:19 - INFO - Saved best model at epoch 90
2024-06-28 14:21:19 - INFO - Epoch 90: Train Loss=0.3385, Val Acc=0.8433, Val Loss=0.3491
2024-06-28 14:21:26 - INFO - Epoch 91 training time: 7.0944
2024-06-28 14:21:27 - INFO - Epoch 91: Train Loss=0.3397, Val Acc=0.8433, Val Loss=0.3493
2024-06-28 14:21:34 - INFO - Epoch 92 training time: 7.1825
2024-06-28 14:21:35 - INFO - Saved best model at epoch 92
2024-06-28 14:21:35 - INFO - Epoch 92: Train Loss=0.3376, Val Acc=0.8460, Val Loss=0.3475
2024-06-28 14:21:43 - INFO - Epoch 93 training time: 7.6908
2024-06-28 14:21:44 - INFO - Saved best model at epoch 93
2024-06-28 14:21:44 - INFO - Epoch 93: Train Loss=0.3329, Val Acc=0.8442, Val Loss=0.3469
2024-06-28 14:21:51 - INFO - Epoch 94 training time: 7.4538
2024-06-28 14:21:52 - INFO - Epoch 94: Train Loss=0.3354, Val Acc=0.8478, Val Loss=0.3507
2024-06-28 14:22:00 - INFO - Epoch 95 training time: 7.7161
2024-06-28 14:22:01 - INFO - Saved best model at epoch 95
2024-06-28 14:22:01 - INFO - Epoch 95: Train Loss=0.3344, Val Acc=0.8487, Val Loss=0.3435
2024-06-28 14:22:08 - INFO - Epoch 96 training time: 7.3607
2024-06-28 14:22:09 - INFO - Saved best model at epoch 96
2024-06-28 14:22:09 - INFO - Epoch 96: Train Loss=0.3320, Val Acc=0.8478, Val Loss=0.3434
2024-06-28 14:22:16 - INFO - Epoch 97 training time: 7.3197
2024-06-28 14:22:17 - INFO - Saved best model at epoch 97
2024-06-28 14:22:17 - INFO - Epoch 97: Train Loss=0.3304, Val Acc=0.8505, Val Loss=0.3402
2024-06-28 14:22:24 - INFO - Epoch 98 training time: 7.3165
2024-06-28 14:22:25 - INFO - Saved best model at epoch 98
2024-06-28 14:22:25 - INFO - Epoch 98: Train Loss=0.3330, Val Acc=0.8505, Val Loss=0.3389
2024-06-28 14:22:33 - INFO - Epoch 99 training time: 7.4409
2024-06-28 14:22:34 - INFO - Epoch 99: Train Loss=0.3302, Val Acc=0.8442, Val Loss=0.3420
2024-06-28 14:22:41 - INFO - Epoch 100 training time: 7.3120
2024-06-28 14:22:42 - INFO - Epoch 100: Train Loss=0.3289, Val Acc=0.8469, Val Loss=0.3410
2024-06-28 14:22:49 - INFO - Epoch 101 training time: 7.3535
2024-06-28 14:22:50 - INFO - Epoch 101: Train Loss=0.3282, Val Acc=0.8478, Val Loss=0.3398
2024-06-28 14:22:58 - INFO - Epoch 102 training time: 7.4707
2024-06-28 14:22:58 - INFO - Epoch 102: Train Loss=0.3347, Val Acc=0.8478, Val Loss=0.3398
2024-06-28 14:23:06 - INFO - Epoch 103 training time: 7.3476
2024-06-28 14:23:07 - INFO - Saved best model at epoch 103
2024-06-28 14:23:07 - INFO - Epoch 103: Train Loss=0.3272, Val Acc=0.8514, Val Loss=0.3373
2024-06-28 14:23:14 - INFO - Epoch 104 training time: 7.2185
2024-06-28 14:23:15 - INFO - Epoch 104: Train Loss=0.3328, Val Acc=0.8478, Val Loss=0.3373
2024-06-28 14:23:21 - INFO - Epoch 105 training time: 6.8002
2024-06-28 14:23:22 - INFO - Epoch 105: Train Loss=0.3308, Val Acc=0.8487, Val Loss=0.3378
2024-06-28 14:23:29 - INFO - Epoch 106 training time: 7.0462
2024-06-28 14:23:30 - INFO - Saved best model at epoch 106
2024-06-28 14:23:30 - INFO - Epoch 106: Train Loss=0.3302, Val Acc=0.8524, Val Loss=0.3358
2024-06-28 14:23:37 - INFO - Epoch 107 training time: 7.0912
2024-06-28 14:23:38 - INFO - Saved best model at epoch 107
2024-06-28 14:23:38 - INFO - Epoch 107: Train Loss=0.3277, Val Acc=0.8542, Val Loss=0.3340
2024-06-28 14:23:45 - INFO - Epoch 108 training time: 7.1557
2024-06-28 14:23:46 - INFO - Saved best model at epoch 108
2024-06-28 14:23:46 - INFO - Epoch 108: Train Loss=0.3282, Val Acc=0.8560, Val Loss=0.3338
2024-06-28 14:23:53 - INFO - Epoch 109 training time: 7.1037
2024-06-28 14:23:54 - INFO - Saved best model at epoch 109
2024-06-28 14:23:54 - INFO - Epoch 109: Train Loss=0.3263, Val Acc=0.8542, Val Loss=0.3332
2024-06-28 14:24:01 - INFO - Epoch 110 training time: 7.1217
2024-06-28 14:24:02 - INFO - Saved best model at epoch 110
2024-06-28 14:24:02 - INFO - Epoch 110: Train Loss=0.3260, Val Acc=0.8560, Val Loss=0.3312
2024-06-28 14:24:09 - INFO - Epoch 111 training time: 7.2390
2024-06-28 14:24:10 - INFO - Saved best model at epoch 111
2024-06-28 14:24:10 - INFO - Epoch 111: Train Loss=0.3269, Val Acc=0.8587, Val Loss=0.3293
2024-06-28 14:24:17 - INFO - Epoch 112 training time: 7.2273
2024-06-28 14:24:18 - INFO - Epoch 112: Train Loss=0.3228, Val Acc=0.8560, Val Loss=0.3320
2024-06-28 14:24:25 - INFO - Epoch 113 training time: 7.1803
2024-06-28 14:24:26 - INFO - Epoch 113: Train Loss=0.3224, Val Acc=0.8551, Val Loss=0.3296
2024-06-28 14:24:33 - INFO - Epoch 114 training time: 7.1444
2024-06-28 14:24:34 - INFO - Epoch 114: Train Loss=0.3225, Val Acc=0.8542, Val Loss=0.3329
2024-06-28 14:24:41 - INFO - Epoch 115 training time: 7.2247
2024-06-28 14:24:42 - INFO - Saved best model at epoch 115
2024-06-28 14:24:42 - INFO - Epoch 115: Train Loss=0.3227, Val Acc=0.8605, Val Loss=0.3273
2024-06-28 14:24:49 - INFO - Epoch 116 training time: 7.0786
2024-06-28 14:24:50 - INFO - Epoch 116: Train Loss=0.3218, Val Acc=0.8551, Val Loss=0.3293
2024-06-28 14:24:57 - INFO - Epoch 117 training time: 6.9973
2024-06-28 14:24:58 - INFO - Saved best model at epoch 117
2024-06-28 14:24:58 - INFO - Epoch 117: Train Loss=0.3198, Val Acc=0.8587, Val Loss=0.3256
2024-06-28 14:25:05 - INFO - Epoch 118 training time: 7.4448
2024-06-28 14:25:06 - INFO - Epoch 118: Train Loss=0.3176, Val Acc=0.8596, Val Loss=0.3263
2024-06-28 14:25:13 - INFO - Epoch 119 training time: 6.9969
2024-06-28 14:25:14 - INFO - Saved best model at epoch 119
2024-06-28 14:25:14 - INFO - Epoch 119: Train Loss=0.3203, Val Acc=0.8596, Val Loss=0.3236
2024-06-28 14:25:21 - INFO - Epoch 120 training time: 7.0669
2024-06-28 14:25:22 - INFO - Epoch 120: Train Loss=0.3184, Val Acc=0.8569, Val Loss=0.3245
2024-06-28 14:25:30 - INFO - Epoch 121 training time: 7.3714
2024-06-28 14:25:30 - INFO - Epoch 121: Train Loss=0.3226, Val Acc=0.8505, Val Loss=0.3402
2024-06-28 14:25:37 - INFO - Epoch 122 training time: 7.0073
2024-06-28 14:25:38 - INFO - Epoch 122: Train Loss=0.3188, Val Acc=0.8587, Val Loss=0.3239
2024-06-28 14:25:45 - INFO - Epoch 123 training time: 6.9554
2024-06-28 14:25:46 - INFO - Saved best model at epoch 123
2024-06-28 14:25:46 - INFO - Epoch 123: Train Loss=0.3193, Val Acc=0.8623, Val Loss=0.3209
2024-06-28 14:25:53 - INFO - Epoch 124 training time: 7.2613
2024-06-28 14:25:54 - INFO - Epoch 124: Train Loss=0.3194, Val Acc=0.8596, Val Loss=0.3214
2024-06-28 14:26:01 - INFO - Epoch 125 training time: 7.0630
2024-06-28 14:26:02 - INFO - Epoch 125: Train Loss=0.3159, Val Acc=0.8578, Val Loss=0.3210
2024-06-28 14:26:09 - INFO - Epoch 126 training time: 6.9110
2024-06-28 14:26:10 - INFO - Saved best model at epoch 126
2024-06-28 14:26:10 - INFO - Epoch 126: Train Loss=0.3171, Val Acc=0.8596, Val Loss=0.3200
2024-06-28 14:26:17 - INFO - Epoch 127 training time: 7.2498
2024-06-28 14:26:18 - INFO - Saved best model at epoch 127
2024-06-28 14:26:18 - INFO - Epoch 127: Train Loss=0.3135, Val Acc=0.8659, Val Loss=0.3159
2024-06-28 14:26:25 - INFO - Epoch 128 training time: 7.2693
2024-06-28 14:26:26 - INFO - Saved best model at epoch 128
2024-06-28 14:26:26 - INFO - Epoch 128: Train Loss=0.3150, Val Acc=0.8623, Val Loss=0.3155
2024-06-28 14:26:33 - INFO - Epoch 129 training time: 7.1051
2024-06-28 14:26:34 - INFO - Epoch 129: Train Loss=0.3180, Val Acc=0.8632, Val Loss=0.3196
2024-06-28 14:26:41 - INFO - Epoch 130 training time: 7.2327
2024-06-28 14:26:42 - INFO - Saved best model at epoch 130
2024-06-28 14:26:42 - INFO - Epoch 130: Train Loss=0.3153, Val Acc=0.8659, Val Loss=0.3142
2024-06-28 14:26:50 - INFO - Epoch 131 training time: 7.8760
2024-06-28 14:26:51 - INFO - Saved best model at epoch 131
2024-06-28 14:26:51 - INFO - Epoch 131: Train Loss=0.3127, Val Acc=0.8650, Val Loss=0.3137
2024-06-28 14:26:58 - INFO - Epoch 132 training time: 7.6569
2024-06-28 14:26:59 - INFO - Saved best model at epoch 132
2024-06-28 14:26:59 - INFO - Epoch 132: Train Loss=0.3120, Val Acc=0.8659, Val Loss=0.3129
2024-06-28 14:27:07 - INFO - Epoch 133 training time: 7.3483
2024-06-28 14:27:07 - INFO - Epoch 133: Train Loss=0.3161, Val Acc=0.8623, Val Loss=0.3190
2024-06-28 14:27:15 - INFO - Epoch 134 training time: 7.2570
2024-06-28 14:27:16 - INFO - Epoch 134: Train Loss=0.3135, Val Acc=0.8659, Val Loss=0.3134
2024-06-28 14:27:23 - INFO - Epoch 135 training time: 7.3257
2024-06-28 14:27:24 - INFO - Epoch 135: Train Loss=0.3119, Val Acc=0.8632, Val Loss=0.3176
2024-06-28 14:27:31 - INFO - Epoch 136 training time: 7.3979
2024-06-28 14:27:32 - INFO - Saved best model at epoch 136
2024-06-28 14:27:32 - INFO - Epoch 136: Train Loss=0.3131, Val Acc=0.8678, Val Loss=0.3111
2024-06-28 14:27:40 - INFO - Epoch 137 training time: 7.4754
2024-06-28 14:27:40 - INFO - Saved best model at epoch 137
2024-06-28 14:27:40 - INFO - Epoch 137: Train Loss=0.3077, Val Acc=0.8687, Val Loss=0.3092
2024-06-28 14:27:48 - INFO - Epoch 138 training time: 7.5625
2024-06-28 14:27:49 - INFO - Epoch 138: Train Loss=0.3099, Val Acc=0.8696, Val Loss=0.3133
2024-06-28 14:27:56 - INFO - Epoch 139 training time: 7.2649
2024-06-28 14:27:57 - INFO - Epoch 139: Train Loss=0.3085, Val Acc=0.8696, Val Loss=0.3127
2024-06-28 14:28:05 - INFO - Epoch 140 training time: 7.5196
2024-06-28 14:28:05 - INFO - Epoch 140: Train Loss=0.3069, Val Acc=0.8650, Val Loss=0.3107
2024-06-28 14:28:13 - INFO - Epoch 141 training time: 7.1708
2024-06-28 14:28:14 - INFO - Saved best model at epoch 141
2024-06-28 14:28:14 - INFO - Epoch 141: Train Loss=0.3081, Val Acc=0.8687, Val Loss=0.3058
2024-06-28 14:28:21 - INFO - Epoch 142 training time: 7.3582
2024-06-28 14:28:22 - INFO - Epoch 142: Train Loss=0.3077, Val Acc=0.8650, Val Loss=0.3122
2024-06-28 14:28:29 - INFO - Epoch 143 training time: 7.4555
2024-06-28 14:28:30 - INFO - Epoch 143: Train Loss=0.3074, Val Acc=0.8668, Val Loss=0.3059
2024-06-28 14:28:37 - INFO - Epoch 144 training time: 7.1655
2024-06-28 14:28:38 - INFO - Saved best model at epoch 144
2024-06-28 14:28:38 - INFO - Epoch 144: Train Loss=0.3045, Val Acc=0.8678, Val Loss=0.3039
2024-06-28 14:28:45 - INFO - Epoch 145 training time: 7.0950
2024-06-28 14:28:46 - INFO - Epoch 145: Train Loss=0.3058, Val Acc=0.8714, Val Loss=0.3047
2024-06-28 14:28:53 - INFO - Epoch 146 training time: 7.0497
2024-06-28 14:28:54 - INFO - Epoch 146: Train Loss=0.3072, Val Acc=0.8641, Val Loss=0.3049
2024-06-28 14:29:01 - INFO - Epoch 147 training time: 7.2846
2024-06-28 14:29:02 - INFO - Epoch 147: Train Loss=0.3036, Val Acc=0.8714, Val Loss=0.3044
2024-06-28 14:29:09 - INFO - Epoch 148 training time: 7.1848
2024-06-28 14:29:10 - INFO - Epoch 148: Train Loss=0.3010, Val Acc=0.8659, Val Loss=0.3077
2024-06-28 14:29:17 - INFO - Epoch 149 training time: 7.1566
2024-06-28 14:29:18 - INFO - Saved best model at epoch 149
2024-06-28 14:29:18 - INFO - Epoch 149: Train Loss=0.3020, Val Acc=0.8696, Val Loss=0.3023
2024-06-28 14:29:25 - INFO - Epoch 150 training time: 6.9789
2024-06-28 14:29:26 - INFO - Saved best model at epoch 150
2024-06-28 14:29:26 - INFO - Epoch 150: Train Loss=0.3027, Val Acc=0.8668, Val Loss=0.3003
2024-06-28 14:29:33 - INFO - Epoch 151 training time: 7.2304
2024-06-28 14:29:34 - INFO - Saved best model at epoch 151
2024-06-28 14:29:34 - INFO - Epoch 151: Train Loss=0.3010, Val Acc=0.8641, Val Loss=0.2996
2024-06-28 14:29:41 - INFO - Epoch 152 training time: 7.2347
2024-06-28 14:29:42 - INFO - Epoch 152: Train Loss=0.3015, Val Acc=0.8641, Val Loss=0.3061
2024-06-28 14:29:49 - INFO - Epoch 153 training time: 7.2554
2024-06-28 14:29:50 - INFO - Saved best model at epoch 153
2024-06-28 14:29:50 - INFO - Epoch 153: Train Loss=0.3053, Val Acc=0.8696, Val Loss=0.2979
2024-06-28 14:29:57 - INFO - Epoch 154 training time: 7.1783
2024-06-28 14:29:58 - INFO - Saved best model at epoch 154
2024-06-28 14:29:58 - INFO - Epoch 154: Train Loss=0.3002, Val Acc=0.8750, Val Loss=0.2976
2024-06-28 14:30:05 - INFO - Epoch 155 training time: 7.0428
2024-06-28 14:30:06 - INFO - Saved best model at epoch 155
2024-06-28 14:30:06 - INFO - Epoch 155: Train Loss=0.3019, Val Acc=0.8696, Val Loss=0.2961
2024-06-28 14:30:13 - INFO - Epoch 156 training time: 7.1026
2024-06-28 14:30:14 - INFO - Epoch 156: Train Loss=0.2987, Val Acc=0.8741, Val Loss=0.2961
2024-06-28 14:30:22 - INFO - Epoch 157 training time: 7.5037
2024-06-28 14:30:22 - INFO - Epoch 157: Train Loss=0.2977, Val Acc=0.8714, Val Loss=0.2961
2024-06-28 14:30:30 - INFO - Epoch 158 training time: 7.2491
2024-06-28 14:30:30 - INFO - Epoch 158: Train Loss=0.2995, Val Acc=0.8678, Val Loss=0.2961
2024-06-28 14:30:38 - INFO - Epoch 159 training time: 7.0958
2024-06-28 14:30:38 - INFO - Saved best model at epoch 159
2024-06-28 14:30:38 - INFO - Epoch 159: Train Loss=0.3013, Val Acc=0.8705, Val Loss=0.2956
2024-06-28 14:30:45 - INFO - Epoch 160 training time: 7.0409
2024-06-28 14:30:46 - INFO - Saved best model at epoch 160
2024-06-28 14:30:46 - INFO - Epoch 160: Train Loss=0.2985, Val Acc=0.8732, Val Loss=0.2946
2024-06-28 14:30:54 - INFO - Epoch 161 training time: 7.6201
2024-06-28 14:30:55 - INFO - Epoch 161: Train Loss=0.2960, Val Acc=0.8696, Val Loss=0.2969
2024-06-28 14:31:02 - INFO - Epoch 162 training time: 7.4957
2024-06-28 14:31:03 - INFO - Saved best model at epoch 162
2024-06-28 14:31:03 - INFO - Epoch 162: Train Loss=0.2962, Val Acc=0.8723, Val Loss=0.2918
2024-06-28 14:31:10 - INFO - Epoch 163 training time: 7.1353
2024-06-28 14:31:11 - INFO - Epoch 163: Train Loss=0.2989, Val Acc=0.8678, Val Loss=0.2999
2024-06-28 14:31:19 - INFO - Epoch 164 training time: 7.4397
2024-06-28 14:31:19 - INFO - Epoch 164: Train Loss=0.2980, Val Acc=0.8668, Val Loss=0.3004
2024-06-28 14:31:26 - INFO - Epoch 165 training time: 6.9156
2024-06-28 14:31:27 - INFO - Epoch 165: Train Loss=0.2961, Val Acc=0.8696, Val Loss=0.2921
2024-06-28 14:31:34 - INFO - Epoch 166 training time: 6.8905
2024-06-28 14:31:35 - INFO - Epoch 166: Train Loss=0.2967, Val Acc=0.8659, Val Loss=0.2992
2024-06-28 14:31:42 - INFO - Epoch 167 training time: 6.9894
2024-06-28 14:31:43 - INFO - Early stopping triggered, epoch 167
2024-06-28 14:31:44 - INFO - Test F1-Score: 0.9020
2024-06-28 14:31:44 - INFO - Test Precision : 0.9027
2024-06-28 14:31:44 - INFO - Test Accuracy: 0.9022
2024-06-28 14:31:44 - INFO - Test Recall: 0.9017
2024-06-28 14:31:44 - INFO - Train Time: 1150.3096
