2024-06-28 11:12:03 - INFO - rs= 54
2024-06-28 11:12:13 - INFO - Epoch 1 training time: 9.4661
2024-06-28 11:12:14 - INFO - Saved best model at epoch 1
2024-06-28 11:12:14 - INFO - Epoch 1: Train Loss=0.6922, Val Acc=0.5141, Val Loss=0.6905
2024-06-28 11:12:23 - INFO - Epoch 2 training time: 8.8104
2024-06-28 11:12:24 - INFO - Saved best model at epoch 2
2024-06-28 11:12:24 - INFO - Epoch 2: Train Loss=0.6848, Val Acc=0.5141, Val Loss=0.6693
2024-06-28 11:12:32 - INFO - Epoch 3 training time: 8.7040
2024-06-28 11:12:33 - INFO - Saved best model at epoch 3
2024-06-28 11:12:33 - INFO - Epoch 3: Train Loss=0.6603, Val Acc=0.6129, Val Loss=0.6342
2024-06-28 11:12:42 - INFO - Epoch 4 training time: 8.6416
2024-06-28 11:12:43 - INFO - Saved best model at epoch 4
2024-06-28 11:12:43 - INFO - Epoch 4: Train Loss=0.6209, Val Acc=0.6927, Val Loss=0.5932
2024-06-28 11:12:52 - INFO - Epoch 5 training time: 8.7506
2024-06-28 11:12:53 - INFO - Saved best model at epoch 5
2024-06-28 11:12:53 - INFO - Epoch 5: Train Loss=0.5916, Val Acc=0.6999, Val Loss=0.5771
2024-06-28 11:13:01 - INFO - Epoch 6 training time: 8.5409
2024-06-28 11:13:02 - INFO - Saved best model at epoch 6
2024-06-28 11:13:02 - INFO - Epoch 6: Train Loss=0.5803, Val Acc=0.6954, Val Loss=0.5696
2024-06-28 11:13:11 - INFO - Epoch 7 training time: 8.5793
2024-06-28 11:13:11 - INFO - Saved best model at epoch 7
2024-06-28 11:13:11 - INFO - Epoch 7: Train Loss=0.5726, Val Acc=0.7008, Val Loss=0.5643
2024-06-28 11:13:20 - INFO - Epoch 8 training time: 8.9080
2024-06-28 11:13:21 - INFO - Saved best model at epoch 8
2024-06-28 11:13:21 - INFO - Epoch 8: Train Loss=0.5701, Val Acc=0.7026, Val Loss=0.5605
2024-06-28 11:13:30 - INFO - Epoch 9 training time: 8.5208
2024-06-28 11:13:31 - INFO - Saved best model at epoch 9
2024-06-28 11:13:31 - INFO - Epoch 9: Train Loss=0.5641, Val Acc=0.7063, Val Loss=0.5568
2024-06-28 11:13:39 - INFO - Epoch 10 training time: 8.6173
2024-06-28 11:13:40 - INFO - Saved best model at epoch 10
2024-06-28 11:13:40 - INFO - Epoch 10: Train Loss=0.5602, Val Acc=0.7044, Val Loss=0.5529
2024-06-28 11:13:49 - INFO - Epoch 11 training time: 8.8418
2024-06-28 11:13:50 - INFO - Saved best model at epoch 11
2024-06-28 11:13:50 - INFO - Epoch 11: Train Loss=0.5537, Val Acc=0.7035, Val Loss=0.5491
2024-06-28 11:13:59 - INFO - Epoch 12 training time: 8.5878
2024-06-28 11:14:00 - INFO - Saved best model at epoch 12
2024-06-28 11:14:00 - INFO - Epoch 12: Train Loss=0.5487, Val Acc=0.7126, Val Loss=0.5437
2024-06-28 11:14:08 - INFO - Epoch 13 training time: 8.5124
2024-06-28 11:14:09 - INFO - Saved best model at epoch 13
2024-06-28 11:14:09 - INFO - Epoch 13: Train Loss=0.5436, Val Acc=0.7117, Val Loss=0.5378
2024-06-28 11:14:18 - INFO - Epoch 14 training time: 8.7822
2024-06-28 11:14:19 - INFO - Saved best model at epoch 14
2024-06-28 11:14:19 - INFO - Epoch 14: Train Loss=0.5360, Val Acc=0.7235, Val Loss=0.5274
2024-06-28 11:14:28 - INFO - Epoch 15 training time: 8.7812
2024-06-28 11:14:28 - INFO - Saved best model at epoch 15
2024-06-28 11:14:28 - INFO - Epoch 15: Train Loss=0.5282, Val Acc=0.7235, Val Loss=0.5196
2024-06-28 11:14:37 - INFO - Epoch 16 training time: 8.8461
2024-06-28 11:14:38 - INFO - Saved best model at epoch 16
2024-06-28 11:14:38 - INFO - Epoch 16: Train Loss=0.5184, Val Acc=0.7162, Val Loss=0.5114
2024-06-28 11:14:48 - INFO - Epoch 17 training time: 9.2746
2024-06-28 11:14:49 - INFO - Saved best model at epoch 17
2024-06-28 11:14:49 - INFO - Epoch 17: Train Loss=0.5080, Val Acc=0.7262, Val Loss=0.4976
2024-06-28 11:14:58 - INFO - Epoch 18 training time: 8.9787
2024-06-28 11:14:59 - INFO - Saved best model at epoch 18
2024-06-28 11:14:59 - INFO - Epoch 18: Train Loss=0.4933, Val Acc=0.7208, Val Loss=0.4850
2024-06-28 11:15:07 - INFO - Epoch 19 training time: 8.9269
2024-06-28 11:15:08 - INFO - Saved best model at epoch 19
2024-06-28 11:15:08 - INFO - Epoch 19: Train Loss=0.4798, Val Acc=0.7144, Val Loss=0.4711
2024-06-28 11:15:17 - INFO - Epoch 20 training time: 8.7116
2024-06-28 11:15:18 - INFO - Saved best model at epoch 20
2024-06-28 11:15:18 - INFO - Epoch 20: Train Loss=0.4660, Val Acc=0.7570, Val Loss=0.4630
2024-06-28 11:15:27 - INFO - Epoch 21 training time: 8.5186
2024-06-28 11:15:28 - INFO - Saved best model at epoch 21
2024-06-28 11:15:28 - INFO - Epoch 21: Train Loss=0.4590, Val Acc=0.7724, Val Loss=0.4484
2024-06-28 11:15:36 - INFO - Epoch 22 training time: 8.5977
2024-06-28 11:15:37 - INFO - Saved best model at epoch 22
2024-06-28 11:15:37 - INFO - Epoch 22: Train Loss=0.4457, Val Acc=0.8132, Val Loss=0.4420
2024-06-28 11:15:46 - INFO - Epoch 23 training time: 8.9928
2024-06-28 11:15:47 - INFO - Saved best model at epoch 23
2024-06-28 11:15:47 - INFO - Epoch 23: Train Loss=0.4358, Val Acc=0.8187, Val Loss=0.4342
2024-06-28 11:15:56 - INFO - Epoch 24 training time: 8.7307
2024-06-28 11:15:57 - INFO - Saved best model at epoch 24
2024-06-28 11:15:57 - INFO - Epoch 24: Train Loss=0.4288, Val Acc=0.8187, Val Loss=0.4293
2024-06-28 11:16:05 - INFO - Epoch 25 training time: 8.7274
2024-06-28 11:16:06 - INFO - Saved best model at epoch 25
2024-06-28 11:16:06 - INFO - Epoch 25: Train Loss=0.4231, Val Acc=0.8187, Val Loss=0.4244
2024-06-28 11:16:15 - INFO - Epoch 26 training time: 8.4009
2024-06-28 11:16:16 - INFO - Saved best model at epoch 26
2024-06-28 11:16:16 - INFO - Epoch 26: Train Loss=0.4156, Val Acc=0.8141, Val Loss=0.4167
2024-06-28 11:16:24 - INFO - Epoch 27 training time: 8.6896
2024-06-28 11:16:25 - INFO - Saved best model at epoch 27
2024-06-28 11:16:25 - INFO - Epoch 27: Train Loss=0.4123, Val Acc=0.8223, Val Loss=0.4153
2024-06-28 11:16:34 - INFO - Epoch 28 training time: 8.6415
2024-06-28 11:16:35 - INFO - Saved best model at epoch 28
2024-06-28 11:16:35 - INFO - Epoch 28: Train Loss=0.4054, Val Acc=0.8178, Val Loss=0.4095
2024-06-28 11:16:44 - INFO - Epoch 29 training time: 8.6453
2024-06-28 11:16:45 - INFO - Saved best model at epoch 29
2024-06-28 11:16:45 - INFO - Epoch 29: Train Loss=0.4041, Val Acc=0.8241, Val Loss=0.4065
2024-06-28 11:16:53 - INFO - Epoch 30 training time: 8.6487
2024-06-28 11:16:54 - INFO - Saved best model at epoch 30
2024-06-28 11:16:54 - INFO - Epoch 30: Train Loss=0.3998, Val Acc=0.8232, Val Loss=0.4047
2024-06-28 11:17:03 - INFO - Epoch 31 training time: 8.7433
2024-06-28 11:17:04 - INFO - Saved best model at epoch 31
2024-06-28 11:17:04 - INFO - Epoch 31: Train Loss=0.3968, Val Acc=0.8268, Val Loss=0.4031
2024-06-28 11:17:12 - INFO - Epoch 32 training time: 8.5710
2024-06-28 11:17:13 - INFO - Saved best model at epoch 32
2024-06-28 11:17:13 - INFO - Epoch 32: Train Loss=0.3929, Val Acc=0.8259, Val Loss=0.3980
2024-06-28 11:17:22 - INFO - Epoch 33 training time: 8.5334
2024-06-28 11:17:23 - INFO - Saved best model at epoch 33
2024-06-28 11:17:23 - INFO - Epoch 33: Train Loss=0.3874, Val Acc=0.8196, Val Loss=0.3954
2024-06-28 11:17:31 - INFO - Epoch 34 training time: 8.6352
2024-06-28 11:17:32 - INFO - Saved best model at epoch 34
2024-06-28 11:17:32 - INFO - Epoch 34: Train Loss=0.3877, Val Acc=0.8205, Val Loss=0.3919
2024-06-28 11:17:41 - INFO - Epoch 35 training time: 8.8520
2024-06-28 11:17:42 - INFO - Saved best model at epoch 35
2024-06-28 11:17:42 - INFO - Epoch 35: Train Loss=0.3853, Val Acc=0.8259, Val Loss=0.3881
2024-06-28 11:17:51 - INFO - Epoch 36 training time: 8.8814
2024-06-28 11:17:52 - INFO - Epoch 36: Train Loss=0.3811, Val Acc=0.8332, Val Loss=0.3887
2024-06-28 11:18:01 - INFO - Epoch 37 training time: 8.6497
2024-06-28 11:18:02 - INFO - Saved best model at epoch 37
2024-06-28 11:18:02 - INFO - Epoch 37: Train Loss=0.3779, Val Acc=0.8296, Val Loss=0.3841
2024-06-28 11:18:10 - INFO - Epoch 38 training time: 8.6277
2024-06-28 11:18:11 - INFO - Saved best model at epoch 38
2024-06-28 11:18:11 - INFO - Epoch 38: Train Loss=0.3753, Val Acc=0.8286, Val Loss=0.3821
2024-06-28 11:18:20 - INFO - Epoch 39 training time: 8.8711
2024-06-28 11:18:21 - INFO - Epoch 39: Train Loss=0.3740, Val Acc=0.8305, Val Loss=0.3828
2024-06-28 11:18:29 - INFO - Epoch 40 training time: 8.5580
2024-06-28 11:18:30 - INFO - Saved best model at epoch 40
2024-06-28 11:18:30 - INFO - Epoch 40: Train Loss=0.3710, Val Acc=0.8296, Val Loss=0.3762
2024-06-28 11:18:39 - INFO - Epoch 41 training time: 8.7017
2024-06-28 11:18:40 - INFO - Epoch 41: Train Loss=0.3677, Val Acc=0.8386, Val Loss=0.3835
2024-06-28 11:18:48 - INFO - Epoch 42 training time: 8.4977
2024-06-28 11:18:49 - INFO - Saved best model at epoch 42
2024-06-28 11:18:49 - INFO - Epoch 42: Train Loss=0.3676, Val Acc=0.8341, Val Loss=0.3716
2024-06-28 11:18:58 - INFO - Epoch 43 training time: 8.6475
2024-06-28 11:18:59 - INFO - Saved best model at epoch 43
2024-06-28 11:18:59 - INFO - Epoch 43: Train Loss=0.3673, Val Acc=0.8332, Val Loss=0.3689
2024-06-28 11:19:07 - INFO - Epoch 44 training time: 8.5744
2024-06-28 11:19:08 - INFO - Saved best model at epoch 44
2024-06-28 11:19:08 - INFO - Epoch 44: Train Loss=0.3586, Val Acc=0.8314, Val Loss=0.3655
2024-06-28 11:19:17 - INFO - Epoch 45 training time: 8.7275
2024-06-28 11:19:18 - INFO - Saved best model at epoch 45
2024-06-28 11:19:18 - INFO - Epoch 45: Train Loss=0.3585, Val Acc=0.8368, Val Loss=0.3608
2024-06-28 11:19:27 - INFO - Epoch 46 training time: 8.5352
2024-06-28 11:19:27 - INFO - Saved best model at epoch 46
2024-06-28 11:19:27 - INFO - Epoch 46: Train Loss=0.3600, Val Acc=0.8404, Val Loss=0.3603
2024-06-28 11:19:36 - INFO - Epoch 47 training time: 8.5773
2024-06-28 11:19:37 - INFO - Saved best model at epoch 47
2024-06-28 11:19:37 - INFO - Epoch 47: Train Loss=0.3544, Val Acc=0.8377, Val Loss=0.3578
2024-06-28 11:19:45 - INFO - Epoch 48 training time: 8.2078
2024-06-28 11:19:46 - INFO - Saved best model at epoch 48
2024-06-28 11:19:46 - INFO - Epoch 48: Train Loss=0.3506, Val Acc=0.8377, Val Loss=0.3544
2024-06-28 11:19:55 - INFO - Epoch 49 training time: 8.7444
2024-06-28 11:19:56 - INFO - Saved best model at epoch 49
2024-06-28 11:19:56 - INFO - Epoch 49: Train Loss=0.3509, Val Acc=0.8459, Val Loss=0.3524
2024-06-28 11:20:04 - INFO - Epoch 50 training time: 8.6575
2024-06-28 11:20:05 - INFO - Epoch 50: Train Loss=0.3466, Val Acc=0.8486, Val Loss=0.3526
2024-06-28 11:20:14 - INFO - Epoch 51 training time: 8.9924
2024-06-28 11:20:15 - INFO - Saved best model at epoch 51
2024-06-28 11:20:15 - INFO - Epoch 51: Train Loss=0.3478, Val Acc=0.8504, Val Loss=0.3498
2024-06-28 11:20:24 - INFO - Epoch 52 training time: 8.9452
2024-06-28 11:20:25 - INFO - Saved best model at epoch 52
2024-06-28 11:20:25 - INFO - Epoch 52: Train Loss=0.3430, Val Acc=0.8540, Val Loss=0.3458
2024-06-28 11:20:34 - INFO - Epoch 53 training time: 9.1396
2024-06-28 11:20:35 - INFO - Saved best model at epoch 53
2024-06-28 11:20:35 - INFO - Epoch 53: Train Loss=0.3426, Val Acc=0.8468, Val Loss=0.3447
2024-06-28 11:20:44 - INFO - Epoch 54 training time: 8.9229
2024-06-28 11:20:45 - INFO - Saved best model at epoch 54
2024-06-28 11:20:45 - INFO - Epoch 54: Train Loss=0.3399, Val Acc=0.8540, Val Loss=0.3407
2024-06-28 11:20:54 - INFO - Epoch 55 training time: 8.9537
2024-06-28 11:20:55 - INFO - Epoch 55: Train Loss=0.3381, Val Acc=0.8658, Val Loss=0.3419
2024-06-28 11:21:04 - INFO - Epoch 56 training time: 8.9219
2024-06-28 11:21:05 - INFO - Saved best model at epoch 56
2024-06-28 11:21:05 - INFO - Epoch 56: Train Loss=0.3391, Val Acc=0.8685, Val Loss=0.3358
2024-06-28 11:21:14 - INFO - Epoch 57 training time: 8.7816
2024-06-28 11:21:15 - INFO - Epoch 57: Train Loss=0.3345, Val Acc=0.8704, Val Loss=0.3361
2024-06-28 11:21:23 - INFO - Epoch 58 training time: 8.7154
2024-06-28 11:21:24 - INFO - Saved best model at epoch 58
2024-06-28 11:21:24 - INFO - Epoch 58: Train Loss=0.3328, Val Acc=0.8740, Val Loss=0.3345
2024-06-28 11:21:33 - INFO - Epoch 59 training time: 8.7694
2024-06-28 11:21:34 - INFO - Saved best model at epoch 59
2024-06-28 11:21:34 - INFO - Epoch 59: Train Loss=0.3312, Val Acc=0.8740, Val Loss=0.3323
2024-06-28 11:21:43 - INFO - Epoch 60 training time: 9.0399
2024-06-28 11:21:44 - INFO - Epoch 60: Train Loss=0.3296, Val Acc=0.8812, Val Loss=0.3336
2024-06-28 11:21:53 - INFO - Epoch 61 training time: 8.7895
2024-06-28 11:21:54 - INFO - Saved best model at epoch 61
2024-06-28 11:21:54 - INFO - Epoch 61: Train Loss=0.3285, Val Acc=0.8885, Val Loss=0.3277
2024-06-28 11:22:03 - INFO - Epoch 62 training time: 8.8161
2024-06-28 11:22:03 - INFO - Epoch 62: Train Loss=0.3286, Val Acc=0.8830, Val Loss=0.3311
2024-06-28 11:22:13 - INFO - Epoch 63 training time: 9.1478
2024-06-28 11:22:14 - INFO - Saved best model at epoch 63
2024-06-28 11:22:14 - INFO - Epoch 63: Train Loss=0.3230, Val Acc=0.8894, Val Loss=0.3245
2024-06-28 11:22:22 - INFO - Epoch 64 training time: 8.7761
2024-06-28 11:22:23 - INFO - Epoch 64: Train Loss=0.3232, Val Acc=0.8840, Val Loss=0.3252
2024-06-28 11:22:32 - INFO - Epoch 65 training time: 8.6429
2024-06-28 11:22:33 - INFO - Epoch 65: Train Loss=0.3195, Val Acc=0.8821, Val Loss=0.3294
2024-06-28 11:22:41 - INFO - Epoch 66 training time: 8.4819
2024-06-28 11:22:42 - INFO - Saved best model at epoch 66
2024-06-28 11:22:42 - INFO - Epoch 66: Train Loss=0.3232, Val Acc=0.8867, Val Loss=0.3205
2024-06-28 11:22:51 - INFO - Epoch 67 training time: 8.5151
2024-06-28 11:22:52 - INFO - Saved best model at epoch 67
2024-06-28 11:22:52 - INFO - Epoch 67: Train Loss=0.3166, Val Acc=0.8894, Val Loss=0.3187
2024-06-28 11:23:00 - INFO - Epoch 68 training time: 8.4527
2024-06-28 11:23:01 - INFO - Epoch 68: Train Loss=0.3157, Val Acc=0.8858, Val Loss=0.3208
2024-06-28 11:23:09 - INFO - Epoch 69 training time: 8.4695
2024-06-28 11:23:10 - INFO - Epoch 69: Train Loss=0.3195, Val Acc=0.8894, Val Loss=0.3188
2024-06-28 11:23:19 - INFO - Epoch 70 training time: 8.6530
2024-06-28 11:23:20 - INFO - Saved best model at epoch 70
2024-06-28 11:23:20 - INFO - Epoch 70: Train Loss=0.3134, Val Acc=0.8930, Val Loss=0.3143
2024-06-28 11:23:28 - INFO - Epoch 71 training time: 8.3291
2024-06-28 11:23:29 - INFO - Epoch 71: Train Loss=0.3134, Val Acc=0.8939, Val Loss=0.3149
2024-06-28 11:23:38 - INFO - Epoch 72 training time: 8.4236
2024-06-28 11:23:38 - INFO - Epoch 72: Train Loss=0.3139, Val Acc=0.8849, Val Loss=0.3146
2024-06-28 11:23:47 - INFO - Epoch 73 training time: 8.7504
2024-06-28 11:23:48 - INFO - Saved best model at epoch 73
2024-06-28 11:23:48 - INFO - Epoch 73: Train Loss=0.3112, Val Acc=0.8912, Val Loss=0.3142
2024-06-28 11:23:57 - INFO - Epoch 74 training time: 8.6784
2024-06-28 11:23:58 - INFO - Saved best model at epoch 74
2024-06-28 11:23:58 - INFO - Epoch 74: Train Loss=0.3133, Val Acc=0.8966, Val Loss=0.3103
2024-06-28 11:24:07 - INFO - Epoch 75 training time: 8.8293
2024-06-28 11:24:08 - INFO - Epoch 75: Train Loss=0.3051, Val Acc=0.8957, Val Loss=0.3108
2024-06-28 11:24:16 - INFO - Epoch 76 training time: 8.8296
2024-06-28 11:24:17 - INFO - Epoch 76: Train Loss=0.3032, Val Acc=0.8957, Val Loss=0.3112
2024-06-28 11:24:26 - INFO - Epoch 77 training time: 8.9201
2024-06-28 11:24:27 - INFO - Saved best model at epoch 77
2024-06-28 11:24:27 - INFO - Epoch 77: Train Loss=0.3026, Val Acc=0.8948, Val Loss=0.3086
2024-06-28 11:24:36 - INFO - Epoch 78 training time: 8.7133
2024-06-28 11:24:37 - INFO - Saved best model at epoch 78
2024-06-28 11:24:37 - INFO - Epoch 78: Train Loss=0.3063, Val Acc=0.8939, Val Loss=0.3060
2024-06-28 11:24:46 - INFO - Epoch 79 training time: 8.8334
2024-06-28 11:24:46 - INFO - Saved best model at epoch 79
2024-06-28 11:24:46 - INFO - Epoch 79: Train Loss=0.3033, Val Acc=0.8957, Val Loss=0.3049
2024-06-28 11:24:55 - INFO - Epoch 80 training time: 8.9317
2024-06-28 11:24:56 - INFO - Epoch 80: Train Loss=0.3047, Val Acc=0.8966, Val Loss=0.3074
2024-06-28 11:25:05 - INFO - Epoch 81 training time: 8.7080
2024-06-28 11:25:06 - INFO - Saved best model at epoch 81
2024-06-28 11:25:06 - INFO - Epoch 81: Train Loss=0.3044, Val Acc=0.8948, Val Loss=0.3028
2024-06-28 11:25:14 - INFO - Epoch 82 training time: 8.5475
2024-06-28 11:25:15 - INFO - Epoch 82: Train Loss=0.2998, Val Acc=0.8966, Val Loss=0.3043
2024-06-28 11:25:24 - INFO - Epoch 83 training time: 8.7757
2024-06-28 11:25:25 - INFO - Saved best model at epoch 83
2024-06-28 11:25:25 - INFO - Epoch 83: Train Loss=0.3004, Val Acc=0.8985, Val Loss=0.3023
2024-06-28 11:25:34 - INFO - Epoch 84 training time: 8.5416
2024-06-28 11:25:35 - INFO - Epoch 84: Train Loss=0.2951, Val Acc=0.8930, Val Loss=0.3025
2024-06-28 11:25:43 - INFO - Epoch 85 training time: 8.5678
2024-06-28 11:25:44 - INFO - Saved best model at epoch 85
2024-06-28 11:25:44 - INFO - Epoch 85: Train Loss=0.3000, Val Acc=0.8966, Val Loss=0.2990
2024-06-28 11:25:53 - INFO - Epoch 86 training time: 8.5485
2024-06-28 11:25:54 - INFO - Epoch 86: Train Loss=0.2952, Val Acc=0.8976, Val Loss=0.2993
2024-06-28 11:26:02 - INFO - Epoch 87 training time: 8.6841
2024-06-28 11:26:03 - INFO - Saved best model at epoch 87
2024-06-28 11:26:03 - INFO - Epoch 87: Train Loss=0.2946, Val Acc=0.9003, Val Loss=0.2970
2024-06-28 11:26:12 - INFO - Epoch 88 training time: 8.9478
2024-06-28 11:26:13 - INFO - Epoch 88: Train Loss=0.2954, Val Acc=0.8976, Val Loss=0.2973
2024-06-28 11:26:22 - INFO - Epoch 89 training time: 9.1894
2024-06-28 11:26:23 - INFO - Saved best model at epoch 89
2024-06-28 11:26:23 - INFO - Epoch 89: Train Loss=0.2931, Val Acc=0.9012, Val Loss=0.2967
2024-06-28 11:26:32 - INFO - Epoch 90 training time: 8.8952
2024-06-28 11:26:33 - INFO - Epoch 90: Train Loss=0.2911, Val Acc=0.9003, Val Loss=0.2976
2024-06-28 11:26:42 - INFO - Epoch 91 training time: 8.9234
2024-06-28 11:26:43 - INFO - Saved best model at epoch 91
2024-06-28 11:26:43 - INFO - Epoch 91: Train Loss=0.2894, Val Acc=0.8985, Val Loss=0.2932
2024-06-28 11:26:52 - INFO - Epoch 92 training time: 9.0152
2024-06-28 11:26:53 - INFO - Epoch 92: Train Loss=0.2887, Val Acc=0.8976, Val Loss=0.2947
2024-06-28 11:27:02 - INFO - Epoch 93 training time: 8.9966
2024-06-28 11:27:03 - INFO - Epoch 93: Train Loss=0.2916, Val Acc=0.8994, Val Loss=0.2945
2024-06-28 11:27:12 - INFO - Epoch 94 training time: 9.1391
2024-06-28 11:27:13 - INFO - Saved best model at epoch 94
2024-06-28 11:27:13 - INFO - Epoch 94: Train Loss=0.2874, Val Acc=0.9012, Val Loss=0.2914
2024-06-28 11:27:22 - INFO - Epoch 95 training time: 9.0097
2024-06-28 11:27:23 - INFO - Epoch 95: Train Loss=0.2856, Val Acc=0.9003, Val Loss=0.2918
2024-06-28 11:27:34 - INFO - Epoch 96 training time: 10.4738
2024-06-28 11:27:35 - INFO - Epoch 96: Train Loss=0.2902, Val Acc=0.9012, Val Loss=0.2915
2024-06-28 11:27:44 - INFO - Epoch 97 training time: 8.8599
2024-06-28 11:27:45 - INFO - Epoch 97: Train Loss=0.2864, Val Acc=0.9003, Val Loss=0.2946
2024-06-28 11:27:54 - INFO - Epoch 98 training time: 8.9758
2024-06-28 11:27:55 - INFO - Saved best model at epoch 98
2024-06-28 11:27:55 - INFO - Epoch 98: Train Loss=0.2867, Val Acc=0.9003, Val Loss=0.2909
2024-06-28 11:28:04 - INFO - Epoch 99 training time: 9.0767
2024-06-28 11:28:05 - INFO - Saved best model at epoch 99
2024-06-28 11:28:05 - INFO - Epoch 99: Train Loss=0.2825, Val Acc=0.8994, Val Loss=0.2898
2024-06-28 11:28:13 - INFO - Epoch 100 training time: 8.8120
2024-06-28 11:28:14 - INFO - Saved best model at epoch 100
2024-06-28 11:28:14 - INFO - Epoch 100: Train Loss=0.2796, Val Acc=0.9048, Val Loss=0.2895
2024-06-28 11:28:23 - INFO - Epoch 101 training time: 8.7083
2024-06-28 11:28:24 - INFO - Epoch 101: Train Loss=0.2790, Val Acc=0.9039, Val Loss=0.2901
2024-06-28 11:28:33 - INFO - Epoch 102 training time: 8.6575
2024-06-28 11:28:33 - INFO - Saved best model at epoch 102
2024-06-28 11:28:33 - INFO - Epoch 102: Train Loss=0.2789, Val Acc=0.9030, Val Loss=0.2885
2024-06-28 11:28:42 - INFO - Epoch 103 training time: 8.7233
2024-06-28 11:28:43 - INFO - Saved best model at epoch 103
2024-06-28 11:28:43 - INFO - Epoch 103: Train Loss=0.2791, Val Acc=0.9048, Val Loss=0.2870
2024-06-28 11:28:52 - INFO - Epoch 104 training time: 8.7095
2024-06-28 11:28:53 - INFO - Epoch 104: Train Loss=0.2776, Val Acc=0.9048, Val Loss=0.2873
2024-06-28 11:29:01 - INFO - Epoch 105 training time: 8.7560
2024-06-28 11:29:02 - INFO - Saved best model at epoch 105
2024-06-28 11:29:02 - INFO - Epoch 105: Train Loss=0.2778, Val Acc=0.9075, Val Loss=0.2849
2024-06-28 11:29:11 - INFO - Epoch 106 training time: 8.4089
2024-06-28 11:29:12 - INFO - Epoch 106: Train Loss=0.2808, Val Acc=0.9048, Val Loss=0.2891
2024-06-28 11:29:20 - INFO - Epoch 107 training time: 8.2935
2024-06-28 11:29:21 - INFO - Epoch 107: Train Loss=0.2741, Val Acc=0.9030, Val Loss=0.2866
2024-06-28 11:29:30 - INFO - Epoch 108 training time: 8.5686
2024-06-28 11:29:30 - INFO - Saved best model at epoch 108
2024-06-28 11:29:30 - INFO - Epoch 108: Train Loss=0.2756, Val Acc=0.9012, Val Loss=0.2823
2024-06-28 11:29:39 - INFO - Epoch 109 training time: 8.5358
2024-06-28 11:29:40 - INFO - Epoch 109: Train Loss=0.2786, Val Acc=0.9021, Val Loss=0.2873
2024-06-28 11:29:49 - INFO - Epoch 110 training time: 8.7670
2024-06-28 11:29:50 - INFO - Saved best model at epoch 110
2024-06-28 11:29:50 - INFO - Epoch 110: Train Loss=0.2742, Val Acc=0.9093, Val Loss=0.2817
2024-06-28 11:29:58 - INFO - Epoch 111 training time: 8.8241
2024-06-28 11:29:59 - INFO - Epoch 111: Train Loss=0.2724, Val Acc=0.9066, Val Loss=0.2849
2024-06-28 11:30:08 - INFO - Epoch 112 training time: 8.6641
2024-06-28 11:30:09 - INFO - Epoch 112: Train Loss=0.2730, Val Acc=0.9075, Val Loss=0.2821
2024-06-28 11:30:18 - INFO - Epoch 113 training time: 8.7685
2024-06-28 11:30:19 - INFO - Saved best model at epoch 113
2024-06-28 11:30:19 - INFO - Epoch 113: Train Loss=0.2714, Val Acc=0.9039, Val Loss=0.2807
2024-06-28 11:30:27 - INFO - Epoch 114 training time: 8.5938
2024-06-28 11:30:28 - INFO - Epoch 114: Train Loss=0.2758, Val Acc=0.9012, Val Loss=0.2871
2024-06-28 11:30:37 - INFO - Epoch 115 training time: 8.6373
2024-06-28 11:30:38 - INFO - Epoch 115: Train Loss=0.2739, Val Acc=0.9075, Val Loss=0.2807
2024-06-28 11:30:46 - INFO - Epoch 116 training time: 8.6861
2024-06-28 11:30:47 - INFO - Epoch 116: Train Loss=0.2704, Val Acc=0.9039, Val Loss=0.2828
2024-06-28 11:30:56 - INFO - Epoch 117 training time: 8.7043
2024-06-28 11:30:57 - INFO - Saved best model at epoch 117
2024-06-28 11:30:57 - INFO - Epoch 117: Train Loss=0.2718, Val Acc=0.9075, Val Loss=0.2794
2024-06-28 11:31:06 - INFO - Epoch 118 training time: 8.7169
2024-06-28 11:31:06 - INFO - Saved best model at epoch 118
2024-06-28 11:31:06 - INFO - Epoch 118: Train Loss=0.2709, Val Acc=0.9021, Val Loss=0.2789
2024-06-28 11:31:15 - INFO - Epoch 119 training time: 8.8376
2024-06-28 11:31:16 - INFO - Epoch 119: Train Loss=0.2679, Val Acc=0.9030, Val Loss=0.2885
2024-06-28 11:31:25 - INFO - Epoch 120 training time: 8.7875
2024-06-28 11:31:26 - INFO - Saved best model at epoch 120
2024-06-28 11:31:26 - INFO - Epoch 120: Train Loss=0.2642, Val Acc=0.9048, Val Loss=0.2776
2024-06-28 11:31:35 - INFO - Epoch 121 training time: 8.7258
2024-06-28 11:31:36 - INFO - Epoch 121: Train Loss=0.2690, Val Acc=0.9084, Val Loss=0.2784
2024-06-28 11:31:44 - INFO - Epoch 122 training time: 8.4015
2024-06-28 11:31:45 - INFO - Saved best model at epoch 122
2024-06-28 11:31:45 - INFO - Epoch 122: Train Loss=0.2726, Val Acc=0.9075, Val Loss=0.2771
2024-06-28 11:31:53 - INFO - Epoch 123 training time: 8.4200
2024-06-28 11:31:54 - INFO - Epoch 123: Train Loss=0.2642, Val Acc=0.9057, Val Loss=0.2790
2024-06-28 11:32:03 - INFO - Epoch 124 training time: 8.5723
2024-06-28 11:32:04 - INFO - Epoch 124: Train Loss=0.2652, Val Acc=0.9084, Val Loss=0.2778
2024-06-28 11:32:12 - INFO - Epoch 125 training time: 8.6569
2024-06-28 11:32:13 - INFO - Saved best model at epoch 125
2024-06-28 11:32:13 - INFO - Epoch 125: Train Loss=0.2634, Val Acc=0.9102, Val Loss=0.2757
2024-06-28 11:32:22 - INFO - Epoch 126 training time: 8.7006
2024-06-28 11:32:23 - INFO - Saved best model at epoch 126
2024-06-28 11:32:23 - INFO - Epoch 126: Train Loss=0.2713, Val Acc=0.9093, Val Loss=0.2743
2024-06-28 11:32:32 - INFO - Epoch 127 training time: 8.6438
2024-06-28 11:32:32 - INFO - Epoch 127: Train Loss=0.2670, Val Acc=0.9084, Val Loss=0.2763
2024-06-28 11:32:41 - INFO - Epoch 128 training time: 9.0136
2024-06-28 11:32:42 - INFO - Saved best model at epoch 128
2024-06-28 11:32:42 - INFO - Epoch 128: Train Loss=0.2644, Val Acc=0.9084, Val Loss=0.2721
2024-06-28 11:32:51 - INFO - Epoch 129 training time: 9.0469
2024-06-28 11:32:52 - INFO - Epoch 129: Train Loss=0.2625, Val Acc=0.9112, Val Loss=0.2725
2024-06-28 11:33:01 - INFO - Epoch 130 training time: 8.8666
2024-06-28 11:33:02 - INFO - Epoch 130: Train Loss=0.2616, Val Acc=0.9121, Val Loss=0.2735
2024-06-28 11:33:11 - INFO - Epoch 131 training time: 8.6542
2024-06-28 11:33:12 - INFO - Saved best model at epoch 131
2024-06-28 11:33:12 - INFO - Epoch 131: Train Loss=0.2646, Val Acc=0.9084, Val Loss=0.2717
2024-06-28 11:33:21 - INFO - Epoch 132 training time: 8.7141
2024-06-28 11:33:22 - INFO - Epoch 132: Train Loss=0.2638, Val Acc=0.9112, Val Loss=0.2728
2024-06-28 11:33:30 - INFO - Epoch 133 training time: 8.7971
2024-06-28 11:33:31 - INFO - Epoch 133: Train Loss=0.2643, Val Acc=0.9048, Val Loss=0.2755
2024-06-28 11:33:40 - INFO - Epoch 134 training time: 8.6580
2024-06-28 11:33:41 - INFO - Epoch 134: Train Loss=0.2602, Val Acc=0.9121, Val Loss=0.2721
2024-06-28 11:33:50 - INFO - Epoch 135 training time: 8.8147
2024-06-28 11:33:51 - INFO - Saved best model at epoch 135
2024-06-28 11:33:51 - INFO - Epoch 135: Train Loss=0.2612, Val Acc=0.9102, Val Loss=0.2696
2024-06-28 11:33:59 - INFO - Epoch 136 training time: 8.8017
2024-06-28 11:34:00 - INFO - Epoch 136: Train Loss=0.2587, Val Acc=0.9057, Val Loss=0.2722
2024-06-28 11:34:09 - INFO - Epoch 137 training time: 9.0806
2024-06-28 11:34:10 - INFO - Epoch 137: Train Loss=0.2577, Val Acc=0.9093, Val Loss=0.2697
2024-06-28 11:34:19 - INFO - Epoch 138 training time: 8.5995
2024-06-28 11:34:20 - INFO - Epoch 138: Train Loss=0.2595, Val Acc=0.9102, Val Loss=0.2710
2024-06-28 11:34:29 - INFO - Epoch 139 training time: 8.5687
2024-06-28 11:34:29 - INFO - Saved best model at epoch 139
2024-06-28 11:34:29 - INFO - Epoch 139: Train Loss=0.2610, Val Acc=0.9112, Val Loss=0.2690
2024-06-28 11:34:38 - INFO - Epoch 140 training time: 8.6771
2024-06-28 11:34:39 - INFO - Saved best model at epoch 140
2024-06-28 11:34:39 - INFO - Epoch 140: Train Loss=0.2585, Val Acc=0.9112, Val Loss=0.2682
2024-06-28 11:34:47 - INFO - Epoch 141 training time: 8.4146
2024-06-28 11:34:48 - INFO - Saved best model at epoch 141
2024-06-28 11:34:48 - INFO - Epoch 141: Train Loss=0.2622, Val Acc=0.9139, Val Loss=0.2663
2024-06-28 11:34:57 - INFO - Epoch 142 training time: 8.5609
2024-06-28 11:34:58 - INFO - Epoch 142: Train Loss=0.2523, Val Acc=0.9084, Val Loss=0.2777
2024-06-28 11:35:06 - INFO - Epoch 143 training time: 8.4975
2024-06-28 11:35:07 - INFO - Epoch 143: Train Loss=0.2549, Val Acc=0.9130, Val Loss=0.2678
2024-06-28 11:35:16 - INFO - Epoch 144 training time: 8.3893
2024-06-28 11:35:17 - INFO - Epoch 144: Train Loss=0.2564, Val Acc=0.9102, Val Loss=0.2679
2024-06-28 11:35:25 - INFO - Epoch 145 training time: 8.6572
2024-06-28 11:35:26 - INFO - Epoch 145: Train Loss=0.2555, Val Acc=0.9112, Val Loss=0.2665
2024-06-28 11:35:35 - INFO - Epoch 146 training time: 8.6931
2024-06-28 11:35:36 - INFO - Early stopping triggered, epoch 146
2024-06-28 11:35:37 - INFO - Test F1-Score: 0.9219
2024-06-28 11:35:37 - INFO - Test Precision : 0.9229
2024-06-28 11:35:37 - INFO - Test Accuracy: 0.9220
2024-06-28 11:35:37 - INFO - Test Recall: 0.9215
2024-06-28 11:35:37 - INFO - Train Time: 1275.9969
2024-06-28 11:35:37 - INFO - rs= 50
2024-06-28 11:35:46 - INFO - Epoch 1 training time: 9.2043
2024-06-28 11:35:47 - INFO - Saved best model at epoch 1
2024-06-28 11:35:47 - INFO - Epoch 1: Train Loss=0.6936, Val Acc=0.5141, Val Loss=0.6916
2024-06-28 11:35:56 - INFO - Epoch 2 training time: 8.7942
2024-06-28 11:35:57 - INFO - Saved best model at epoch 2
2024-06-28 11:35:57 - INFO - Epoch 2: Train Loss=0.6855, Val Acc=0.5141, Val Loss=0.6779
2024-06-28 11:36:06 - INFO - Epoch 3 training time: 8.9346
2024-06-28 11:36:07 - INFO - Saved best model at epoch 3
2024-06-28 11:36:07 - INFO - Epoch 3: Train Loss=0.6641, Val Acc=0.5902, Val Loss=0.6510
2024-06-28 11:36:15 - INFO - Epoch 4 training time: 8.7563
2024-06-28 11:36:16 - INFO - Saved best model at epoch 4
2024-06-28 11:36:16 - INFO - Epoch 4: Train Loss=0.6260, Val Acc=0.6881, Val Loss=0.6124
2024-06-28 11:36:25 - INFO - Epoch 5 training time: 8.9047
2024-06-28 11:36:26 - INFO - Saved best model at epoch 5
2024-06-28 11:36:26 - INFO - Epoch 5: Train Loss=0.5894, Val Acc=0.6917, Val Loss=0.5936
2024-06-28 11:36:35 - INFO - Epoch 6 training time: 8.7174
2024-06-28 11:36:36 - INFO - Saved best model at epoch 6
2024-06-28 11:36:36 - INFO - Epoch 6: Train Loss=0.5774, Val Acc=0.6936, Val Loss=0.5861
2024-06-28 11:36:44 - INFO - Epoch 7 training time: 8.5953
2024-06-28 11:36:45 - INFO - Saved best model at epoch 7
2024-06-28 11:36:45 - INFO - Epoch 7: Train Loss=0.5724, Val Acc=0.6936, Val Loss=0.5823
2024-06-28 11:36:54 - INFO - Epoch 8 training time: 8.7254
2024-06-28 11:36:55 - INFO - Saved best model at epoch 8
2024-06-28 11:36:55 - INFO - Epoch 8: Train Loss=0.5651, Val Acc=0.6908, Val Loss=0.5794
2024-06-28 11:37:03 - INFO - Epoch 9 training time: 8.8185
2024-06-28 11:37:04 - INFO - Saved best model at epoch 9
2024-06-28 11:37:04 - INFO - Epoch 9: Train Loss=0.5615, Val Acc=0.6927, Val Loss=0.5761
2024-06-28 11:37:13 - INFO - Epoch 10 training time: 8.8058
2024-06-28 11:37:14 - INFO - Saved best model at epoch 10
2024-06-28 11:37:14 - INFO - Epoch 10: Train Loss=0.5593, Val Acc=0.6899, Val Loss=0.5719
2024-06-28 11:37:23 - INFO - Epoch 11 training time: 8.7463
2024-06-28 11:37:24 - INFO - Saved best model at epoch 11
2024-06-28 11:37:24 - INFO - Epoch 11: Train Loss=0.5528, Val Acc=0.7026, Val Loss=0.5667
2024-06-28 11:37:32 - INFO - Epoch 12 training time: 8.7530
2024-06-28 11:37:33 - INFO - Saved best model at epoch 12
2024-06-28 11:37:33 - INFO - Epoch 12: Train Loss=0.5481, Val Acc=0.7072, Val Loss=0.5610
2024-06-28 11:37:42 - INFO - Epoch 13 training time: 8.6269
2024-06-28 11:37:43 - INFO - Saved best model at epoch 13
2024-06-28 11:37:43 - INFO - Epoch 13: Train Loss=0.5425, Val Acc=0.7017, Val Loss=0.5531
2024-06-28 11:37:52 - INFO - Epoch 14 training time: 8.9226
2024-06-28 11:37:53 - INFO - Saved best model at epoch 14
2024-06-28 11:37:53 - INFO - Epoch 14: Train Loss=0.5317, Val Acc=0.7053, Val Loss=0.5432
2024-06-28 11:38:01 - INFO - Epoch 15 training time: 8.6120
2024-06-28 11:38:02 - INFO - Saved best model at epoch 15
2024-06-28 11:38:02 - INFO - Epoch 15: Train Loss=0.5224, Val Acc=0.7063, Val Loss=0.5307
2024-06-28 11:38:11 - INFO - Epoch 16 training time: 8.9624
2024-06-28 11:38:12 - INFO - Saved best model at epoch 16
2024-06-28 11:38:12 - INFO - Epoch 16: Train Loss=0.5085, Val Acc=0.7081, Val Loss=0.5177
2024-06-28 11:38:21 - INFO - Epoch 17 training time: 9.5269
2024-06-28 11:38:22 - INFO - Saved best model at epoch 17
2024-06-28 11:38:22 - INFO - Epoch 17: Train Loss=0.4913, Val Acc=0.7144, Val Loss=0.5033
2024-06-28 11:38:31 - INFO - Epoch 18 training time: 8.8534
2024-06-28 11:38:32 - INFO - Saved best model at epoch 18
2024-06-28 11:38:32 - INFO - Epoch 18: Train Loss=0.4777, Val Acc=0.7335, Val Loss=0.4878
2024-06-28 11:38:42 - INFO - Epoch 19 training time: 9.8494
2024-06-28 11:38:43 - INFO - Saved best model at epoch 19
2024-06-28 11:38:43 - INFO - Epoch 19: Train Loss=0.4639, Val Acc=0.7498, Val Loss=0.4757
2024-06-28 11:38:52 - INFO - Epoch 20 training time: 9.1124
2024-06-28 11:38:53 - INFO - Saved best model at epoch 20
2024-06-28 11:38:53 - INFO - Epoch 20: Train Loss=0.4538, Val Acc=0.8123, Val Loss=0.4665
2024-06-28 11:39:02 - INFO - Epoch 21 training time: 9.0907
2024-06-28 11:39:03 - INFO - Saved best model at epoch 21
2024-06-28 11:39:03 - INFO - Epoch 21: Train Loss=0.4424, Val Acc=0.8132, Val Loss=0.4595
2024-06-28 11:39:12 - INFO - Epoch 22 training time: 9.0913
2024-06-28 11:39:13 - INFO - Saved best model at epoch 22
2024-06-28 11:39:13 - INFO - Epoch 22: Train Loss=0.4348, Val Acc=0.8114, Val Loss=0.4538
2024-06-28 11:39:22 - INFO - Epoch 23 training time: 8.8773
2024-06-28 11:39:23 - INFO - Saved best model at epoch 23
2024-06-28 11:39:23 - INFO - Epoch 23: Train Loss=0.4255, Val Acc=0.8160, Val Loss=0.4482
2024-06-28 11:39:31 - INFO - Epoch 24 training time: 8.8265
2024-06-28 11:39:32 - INFO - Saved best model at epoch 24
2024-06-28 11:39:32 - INFO - Epoch 24: Train Loss=0.4211, Val Acc=0.8160, Val Loss=0.4407
2024-06-28 11:39:42 - INFO - Epoch 25 training time: 9.6335
2024-06-28 11:39:43 - INFO - Saved best model at epoch 25
2024-06-28 11:39:43 - INFO - Epoch 25: Train Loss=0.4166, Val Acc=0.8169, Val Loss=0.4374
2024-06-28 11:39:52 - INFO - Epoch 26 training time: 9.0869
2024-06-28 11:39:53 - INFO - Saved best model at epoch 26
2024-06-28 11:39:53 - INFO - Epoch 26: Train Loss=0.4118, Val Acc=0.8132, Val Loss=0.4345
2024-06-28 11:40:02 - INFO - Epoch 27 training time: 9.2140
2024-06-28 11:40:03 - INFO - Saved best model at epoch 27
2024-06-28 11:40:03 - INFO - Epoch 27: Train Loss=0.4105, Val Acc=0.8196, Val Loss=0.4297
2024-06-28 11:40:12 - INFO - Epoch 28 training time: 8.9592
2024-06-28 11:40:13 - INFO - Saved best model at epoch 28
2024-06-28 11:40:13 - INFO - Epoch 28: Train Loss=0.4070, Val Acc=0.8160, Val Loss=0.4290
2024-06-28 11:40:23 - INFO - Epoch 29 training time: 10.3704
2024-06-28 11:40:24 - INFO - Saved best model at epoch 29
2024-06-28 11:40:24 - INFO - Epoch 29: Train Loss=0.4028, Val Acc=0.8223, Val Loss=0.4255
2024-06-28 11:40:34 - INFO - Epoch 30 training time: 9.5558
2024-06-28 11:40:35 - INFO - Saved best model at epoch 30
2024-06-28 11:40:35 - INFO - Epoch 30: Train Loss=0.3994, Val Acc=0.8268, Val Loss=0.4239
2024-06-28 11:40:43 - INFO - Epoch 31 training time: 8.7408
2024-06-28 11:40:44 - INFO - Saved best model at epoch 31
2024-06-28 11:40:44 - INFO - Epoch 31: Train Loss=0.3967, Val Acc=0.8250, Val Loss=0.4209
2024-06-28 11:40:55 - INFO - Epoch 32 training time: 10.8399
2024-06-28 11:40:56 - INFO - Saved best model at epoch 32
2024-06-28 11:40:56 - INFO - Epoch 32: Train Loss=0.3918, Val Acc=0.8286, Val Loss=0.4199
2024-06-28 11:41:05 - INFO - Epoch 33 training time: 9.4828
2024-06-28 11:41:07 - INFO - Saved best model at epoch 33
2024-06-28 11:41:07 - INFO - Epoch 33: Train Loss=0.3929, Val Acc=0.8241, Val Loss=0.4162
2024-06-28 11:41:17 - INFO - Epoch 34 training time: 10.6070
2024-06-28 11:41:18 - INFO - Saved best model at epoch 34
2024-06-28 11:41:18 - INFO - Epoch 34: Train Loss=0.3911, Val Acc=0.8241, Val Loss=0.4136
2024-06-28 11:41:28 - INFO - Epoch 35 training time: 9.9331
2024-06-28 11:41:29 - INFO - Saved best model at epoch 35
2024-06-28 11:41:30 - INFO - Epoch 35: Train Loss=0.3875, Val Acc=0.8296, Val Loss=0.4120
2024-06-28 11:41:39 - INFO - Epoch 36 training time: 9.5318
2024-06-28 11:41:40 - INFO - Saved best model at epoch 36
2024-06-28 11:41:40 - INFO - Epoch 36: Train Loss=0.3858, Val Acc=0.8332, Val Loss=0.4089
2024-06-28 11:41:50 - INFO - Epoch 37 training time: 10.4724
2024-06-28 11:41:51 - INFO - Saved best model at epoch 37
2024-06-28 11:41:51 - INFO - Epoch 37: Train Loss=0.3811, Val Acc=0.8323, Val Loss=0.4066
2024-06-28 11:42:00 - INFO - Epoch 38 training time: 8.8983
2024-06-28 11:42:01 - INFO - Saved best model at epoch 38
2024-06-28 11:42:01 - INFO - Epoch 38: Train Loss=0.3805, Val Acc=0.8341, Val Loss=0.4049
2024-06-28 11:42:10 - INFO - Epoch 39 training time: 8.9173
2024-06-28 11:42:11 - INFO - Saved best model at epoch 39
2024-06-28 11:42:11 - INFO - Epoch 39: Train Loss=0.3772, Val Acc=0.8359, Val Loss=0.4017
2024-06-28 11:42:20 - INFO - Epoch 40 training time: 9.2272
2024-06-28 11:42:21 - INFO - Saved best model at epoch 40
2024-06-28 11:42:21 - INFO - Epoch 40: Train Loss=0.3766, Val Acc=0.8323, Val Loss=0.3980
2024-06-28 11:42:30 - INFO - Epoch 41 training time: 8.9045
2024-06-28 11:42:31 - INFO - Saved best model at epoch 41
2024-06-28 11:42:31 - INFO - Epoch 41: Train Loss=0.3692, Val Acc=0.8350, Val Loss=0.3960
2024-06-28 11:42:40 - INFO - Epoch 42 training time: 9.1030
2024-06-28 11:42:41 - INFO - Saved best model at epoch 42
2024-06-28 11:42:41 - INFO - Epoch 42: Train Loss=0.3704, Val Acc=0.8296, Val Loss=0.3954
2024-06-28 11:42:50 - INFO - Epoch 43 training time: 9.0132
2024-06-28 11:42:51 - INFO - Saved best model at epoch 43
2024-06-28 11:42:51 - INFO - Epoch 43: Train Loss=0.3655, Val Acc=0.8359, Val Loss=0.3927
2024-06-28 11:43:00 - INFO - Epoch 44 training time: 9.3975
2024-06-28 11:43:01 - INFO - Saved best model at epoch 44
2024-06-28 11:43:01 - INFO - Epoch 44: Train Loss=0.3632, Val Acc=0.8341, Val Loss=0.3906
2024-06-28 11:43:10 - INFO - Epoch 45 training time: 9.4179
2024-06-28 11:43:11 - INFO - Saved best model at epoch 45
2024-06-28 11:43:11 - INFO - Epoch 45: Train Loss=0.3646, Val Acc=0.8350, Val Loss=0.3851
2024-06-28 11:43:20 - INFO - Epoch 46 training time: 8.8358
2024-06-28 11:43:21 - INFO - Saved best model at epoch 46
2024-06-28 11:43:21 - INFO - Epoch 46: Train Loss=0.3605, Val Acc=0.8377, Val Loss=0.3825
2024-06-28 11:43:30 - INFO - Epoch 47 training time: 9.1524
2024-06-28 11:43:31 - INFO - Saved best model at epoch 47
2024-06-28 11:43:31 - INFO - Epoch 47: Train Loss=0.3603, Val Acc=0.8386, Val Loss=0.3803
2024-06-28 11:43:41 - INFO - Epoch 48 training time: 10.4376
2024-06-28 11:43:42 - INFO - Saved best model at epoch 48
2024-06-28 11:43:42 - INFO - Epoch 48: Train Loss=0.3549, Val Acc=0.8359, Val Loss=0.3766
2024-06-28 11:43:51 - INFO - Epoch 49 training time: 8.8111
2024-06-28 11:43:52 - INFO - Saved best model at epoch 49
2024-06-28 11:43:52 - INFO - Epoch 49: Train Loss=0.3550, Val Acc=0.8404, Val Loss=0.3745
2024-06-28 11:44:01 - INFO - Epoch 50 training time: 8.9872
2024-06-28 11:44:02 - INFO - Saved best model at epoch 50
2024-06-28 11:44:02 - INFO - Epoch 50: Train Loss=0.3522, Val Acc=0.8395, Val Loss=0.3716
2024-06-28 11:44:12 - INFO - Epoch 51 training time: 10.4394
2024-06-28 11:44:13 - INFO - Epoch 51: Train Loss=0.3505, Val Acc=0.8350, Val Loss=0.3720
2024-06-28 11:44:22 - INFO - Epoch 52 training time: 9.1264
2024-06-28 11:44:23 - INFO - Saved best model at epoch 52
2024-06-28 11:44:23 - INFO - Epoch 52: Train Loss=0.3479, Val Acc=0.8386, Val Loss=0.3668
2024-06-28 11:44:32 - INFO - Epoch 53 training time: 9.0728
2024-06-28 11:44:33 - INFO - Epoch 53: Train Loss=0.3440, Val Acc=0.8359, Val Loss=0.3696
2024-06-28 11:44:42 - INFO - Epoch 54 training time: 9.2161
2024-06-28 11:44:43 - INFO - Saved best model at epoch 54
2024-06-28 11:44:43 - INFO - Epoch 54: Train Loss=0.3456, Val Acc=0.8413, Val Loss=0.3637
2024-06-28 11:44:53 - INFO - Epoch 55 training time: 9.7439
2024-06-28 11:44:54 - INFO - Saved best model at epoch 55
2024-06-28 11:44:54 - INFO - Epoch 55: Train Loss=0.3436, Val Acc=0.8386, Val Loss=0.3601
2024-06-28 11:45:03 - INFO - Epoch 56 training time: 9.0538
2024-06-28 11:45:04 - INFO - Saved best model at epoch 56
2024-06-28 11:45:04 - INFO - Epoch 56: Train Loss=0.3406, Val Acc=0.8441, Val Loss=0.3595
2024-06-28 11:45:13 - INFO - Epoch 57 training time: 8.9654
2024-06-28 11:45:14 - INFO - Saved best model at epoch 57
2024-06-28 11:45:14 - INFO - Epoch 57: Train Loss=0.3402, Val Acc=0.8404, Val Loss=0.3572
2024-06-28 11:45:23 - INFO - Epoch 58 training time: 9.5486
2024-06-28 11:45:24 - INFO - Saved best model at epoch 58
2024-06-28 11:45:24 - INFO - Epoch 58: Train Loss=0.3375, Val Acc=0.8477, Val Loss=0.3550
2024-06-28 11:45:33 - INFO - Epoch 59 training time: 8.9641
2024-06-28 11:45:34 - INFO - Saved best model at epoch 59
2024-06-28 11:45:34 - INFO - Epoch 59: Train Loss=0.3367, Val Acc=0.8568, Val Loss=0.3525
2024-06-28 11:45:45 - INFO - Epoch 60 training time: 10.7452
2024-06-28 11:45:46 - INFO - Saved best model at epoch 60
2024-06-28 11:45:46 - INFO - Epoch 60: Train Loss=0.3335, Val Acc=0.8622, Val Loss=0.3492
2024-06-28 11:45:56 - INFO - Epoch 61 training time: 10.0678
2024-06-28 11:45:57 - INFO - Saved best model at epoch 61
2024-06-28 11:45:57 - INFO - Epoch 61: Train Loss=0.3290, Val Acc=0.8577, Val Loss=0.3485
2024-06-28 11:46:06 - INFO - Epoch 62 training time: 9.0214
2024-06-28 11:46:07 - INFO - Saved best model at epoch 62
2024-06-28 11:46:07 - INFO - Epoch 62: Train Loss=0.3313, Val Acc=0.8604, Val Loss=0.3463
2024-06-28 11:46:15 - INFO - Epoch 63 training time: 8.6708
2024-06-28 11:46:16 - INFO - Epoch 63: Train Loss=0.3305, Val Acc=0.8613, Val Loss=0.3493
2024-06-28 11:46:25 - INFO - Epoch 64 training time: 8.8210
2024-06-28 11:46:26 - INFO - Saved best model at epoch 64
2024-06-28 11:46:26 - INFO - Epoch 64: Train Loss=0.3300, Val Acc=0.8604, Val Loss=0.3445
2024-06-28 11:46:35 - INFO - Epoch 65 training time: 9.4902
2024-06-28 11:46:36 - INFO - Epoch 65: Train Loss=0.3296, Val Acc=0.8568, Val Loss=0.3489
2024-06-28 11:46:45 - INFO - Epoch 66 training time: 9.3447
2024-06-28 11:46:46 - INFO - Saved best model at epoch 66
2024-06-28 11:46:46 - INFO - Epoch 66: Train Loss=0.3246, Val Acc=0.8640, Val Loss=0.3411
2024-06-28 11:46:57 - INFO - Epoch 67 training time: 10.4865
2024-06-28 11:46:58 - INFO - Saved best model at epoch 67
2024-06-28 11:46:58 - INFO - Epoch 67: Train Loss=0.3255, Val Acc=0.8649, Val Loss=0.3388
2024-06-28 11:47:07 - INFO - Epoch 68 training time: 9.3843
2024-06-28 11:47:08 - INFO - Saved best model at epoch 68
2024-06-28 11:47:08 - INFO - Epoch 68: Train Loss=0.3199, Val Acc=0.8713, Val Loss=0.3370
2024-06-28 11:47:17 - INFO - Epoch 69 training time: 8.8327
2024-06-28 11:47:18 - INFO - Saved best model at epoch 69
2024-06-28 11:47:18 - INFO - Epoch 69: Train Loss=0.3208, Val Acc=0.8713, Val Loss=0.3361
2024-06-28 11:47:26 - INFO - Epoch 70 training time: 8.5552
2024-06-28 11:47:27 - INFO - Saved best model at epoch 70
2024-06-28 11:47:27 - INFO - Epoch 70: Train Loss=0.3214, Val Acc=0.8676, Val Loss=0.3354
2024-06-28 11:47:37 - INFO - Epoch 71 training time: 10.2709
2024-06-28 11:47:38 - INFO - Saved best model at epoch 71
2024-06-28 11:47:38 - INFO - Epoch 71: Train Loss=0.3213, Val Acc=0.8758, Val Loss=0.3324
2024-06-28 11:47:49 - INFO - Epoch 72 training time: 10.5187
2024-06-28 11:47:50 - INFO - Saved best model at epoch 72
2024-06-28 11:47:50 - INFO - Epoch 72: Train Loss=0.3184, Val Acc=0.8722, Val Loss=0.3311
2024-06-28 11:47:59 - INFO - Epoch 73 training time: 8.9380
2024-06-28 11:47:59 - INFO - Epoch 73: Train Loss=0.3178, Val Acc=0.8667, Val Loss=0.3375
2024-06-28 11:48:09 - INFO - Epoch 74 training time: 9.1004
2024-06-28 11:48:09 - INFO - Saved best model at epoch 74
2024-06-28 11:48:09 - INFO - Epoch 74: Train Loss=0.3191, Val Acc=0.8776, Val Loss=0.3288
2024-06-28 11:48:18 - INFO - Epoch 75 training time: 9.0542
2024-06-28 11:48:19 - INFO - Epoch 75: Train Loss=0.3124, Val Acc=0.8676, Val Loss=0.3324
2024-06-28 11:48:28 - INFO - Epoch 76 training time: 9.0315
2024-06-28 11:48:29 - INFO - Epoch 76: Train Loss=0.3150, Val Acc=0.8694, Val Loss=0.3293
2024-06-28 11:48:40 - INFO - Epoch 77 training time: 10.4813
2024-06-28 11:48:41 - INFO - Saved best model at epoch 77
2024-06-28 11:48:41 - INFO - Epoch 77: Train Loss=0.3116, Val Acc=0.8858, Val Loss=0.3280
2024-06-28 11:48:49 - INFO - Epoch 78 training time: 8.8062
2024-06-28 11:48:50 - INFO - Epoch 78: Train Loss=0.3135, Val Acc=0.8694, Val Loss=0.3317
2024-06-28 11:49:01 - INFO - Epoch 79 training time: 10.6757
2024-06-28 11:49:02 - INFO - Saved best model at epoch 79
2024-06-28 11:49:02 - INFO - Epoch 79: Train Loss=0.3099, Val Acc=0.8821, Val Loss=0.3247
2024-06-28 11:49:11 - INFO - Epoch 80 training time: 8.7474
2024-06-28 11:49:11 - INFO - Saved best model at epoch 80
2024-06-28 11:49:11 - INFO - Epoch 80: Train Loss=0.3082, Val Acc=0.8849, Val Loss=0.3204
2024-06-28 11:49:20 - INFO - Epoch 81 training time: 8.8858
2024-06-28 11:49:21 - INFO - Epoch 81: Train Loss=0.3119, Val Acc=0.8830, Val Loss=0.3211
2024-06-28 11:49:30 - INFO - Epoch 82 training time: 8.6233
2024-06-28 11:49:31 - INFO - Saved best model at epoch 82
2024-06-28 11:49:31 - INFO - Epoch 82: Train Loss=0.3091, Val Acc=0.8858, Val Loss=0.3192
2024-06-28 11:49:40 - INFO - Epoch 83 training time: 8.8068
2024-06-28 11:49:40 - INFO - Epoch 83: Train Loss=0.3079, Val Acc=0.8785, Val Loss=0.3208
2024-06-28 11:49:49 - INFO - Epoch 84 training time: 8.5922
2024-06-28 11:49:50 - INFO - Saved best model at epoch 84
2024-06-28 11:49:50 - INFO - Epoch 84: Train Loss=0.3065, Val Acc=0.8867, Val Loss=0.3173
2024-06-28 11:49:59 - INFO - Epoch 85 training time: 8.8994
2024-06-28 11:50:00 - INFO - Saved best model at epoch 85
2024-06-28 11:50:00 - INFO - Epoch 85: Train Loss=0.3062, Val Acc=0.8840, Val Loss=0.3172
2024-06-28 11:50:09 - INFO - Epoch 86 training time: 8.9446
2024-06-28 11:50:10 - INFO - Saved best model at epoch 86
2024-06-28 11:50:10 - INFO - Epoch 86: Train Loss=0.3033, Val Acc=0.8885, Val Loss=0.3149
2024-06-28 11:50:19 - INFO - Epoch 87 training time: 9.3098
2024-06-28 11:50:20 - INFO - Saved best model at epoch 87
2024-06-28 11:50:20 - INFO - Epoch 87: Train Loss=0.3010, Val Acc=0.8840, Val Loss=0.3141
2024-06-28 11:50:29 - INFO - Epoch 88 training time: 9.5138
2024-06-28 11:50:30 - INFO - Saved best model at epoch 88
2024-06-28 11:50:30 - INFO - Epoch 88: Train Loss=0.3021, Val Acc=0.8830, Val Loss=0.3135
2024-06-28 11:50:40 - INFO - Epoch 89 training time: 9.6236
2024-06-28 11:50:41 - INFO - Saved best model at epoch 89
2024-06-28 11:50:41 - INFO - Epoch 89: Train Loss=0.3017, Val Acc=0.8830, Val Loss=0.3116
2024-06-28 11:50:50 - INFO - Epoch 90 training time: 9.0792
2024-06-28 11:50:51 - INFO - Epoch 90: Train Loss=0.3038, Val Acc=0.8849, Val Loss=0.3127
2024-06-28 11:51:00 - INFO - Epoch 91 training time: 9.1035
2024-06-28 11:51:01 - INFO - Saved best model at epoch 91
2024-06-28 11:51:01 - INFO - Epoch 91: Train Loss=0.3018, Val Acc=0.8894, Val Loss=0.3087
2024-06-28 11:51:10 - INFO - Epoch 92 training time: 9.2750
2024-06-28 11:51:11 - INFO - Saved best model at epoch 92
2024-06-28 11:51:11 - INFO - Epoch 92: Train Loss=0.2964, Val Acc=0.8903, Val Loss=0.3075
2024-06-28 11:51:20 - INFO - Epoch 93 training time: 8.9603
2024-06-28 11:51:21 - INFO - Epoch 93: Train Loss=0.2988, Val Acc=0.8876, Val Loss=0.3075
2024-06-28 11:51:30 - INFO - Epoch 94 training time: 9.0507
2024-06-28 11:51:31 - INFO - Saved best model at epoch 94
2024-06-28 11:51:31 - INFO - Epoch 94: Train Loss=0.2973, Val Acc=0.8912, Val Loss=0.3070
2024-06-28 11:51:42 - INFO - Epoch 95 training time: 11.4098
2024-06-28 11:51:43 - INFO - Epoch 95: Train Loss=0.2942, Val Acc=0.8903, Val Loss=0.3097
2024-06-28 11:51:52 - INFO - Epoch 96 training time: 9.2382
2024-06-28 11:51:53 - INFO - Epoch 96: Train Loss=0.2977, Val Acc=0.8876, Val Loss=0.3072
2024-06-28 11:52:02 - INFO - Epoch 97 training time: 9.1261
2024-06-28 11:52:03 - INFO - Saved best model at epoch 97
2024-06-28 11:52:03 - INFO - Epoch 97: Train Loss=0.2932, Val Acc=0.8903, Val Loss=0.3041
2024-06-28 11:52:14 - INFO - Epoch 98 training time: 10.4405
2024-06-28 11:52:14 - INFO - Saved best model at epoch 98
2024-06-28 11:52:14 - INFO - Epoch 98: Train Loss=0.2943, Val Acc=0.8921, Val Loss=0.3026
2024-06-28 11:52:23 - INFO - Epoch 99 training time: 8.6614
2024-06-28 11:52:24 - INFO - Epoch 99: Train Loss=0.2936, Val Acc=0.8912, Val Loss=0.3032
2024-06-28 11:52:33 - INFO - Epoch 100 training time: 8.7288
2024-06-28 11:52:34 - INFO - Saved best model at epoch 100
2024-06-28 11:52:34 - INFO - Epoch 100: Train Loss=0.2893, Val Acc=0.8912, Val Loss=0.3012
2024-06-28 11:52:42 - INFO - Epoch 101 training time: 8.9266
2024-06-28 11:52:43 - INFO - Epoch 101: Train Loss=0.2889, Val Acc=0.8912, Val Loss=0.3044
2024-06-28 11:52:52 - INFO - Epoch 102 training time: 8.7973
2024-06-28 11:52:53 - INFO - Saved best model at epoch 102
2024-06-28 11:52:53 - INFO - Epoch 102: Train Loss=0.2963, Val Acc=0.8903, Val Loss=0.3003
2024-06-28 11:53:02 - INFO - Epoch 103 training time: 8.6404
2024-06-28 11:53:02 - INFO - Saved best model at epoch 103
2024-06-28 11:53:02 - INFO - Epoch 103: Train Loss=0.2891, Val Acc=0.8921, Val Loss=0.2996
2024-06-28 11:53:11 - INFO - Epoch 104 training time: 8.6064
2024-06-28 11:53:12 - INFO - Saved best model at epoch 104
2024-06-28 11:53:12 - INFO - Epoch 104: Train Loss=0.2872, Val Acc=0.8921, Val Loss=0.2992
2024-06-28 11:53:21 - INFO - Epoch 105 training time: 9.4679
2024-06-28 11:53:22 - INFO - Epoch 105: Train Loss=0.2893, Val Acc=0.8921, Val Loss=0.2995
2024-06-28 11:53:31 - INFO - Epoch 106 training time: 8.8162
2024-06-28 11:53:32 - INFO - Saved best model at epoch 106
2024-06-28 11:53:32 - INFO - Epoch 106: Train Loss=0.2896, Val Acc=0.8921, Val Loss=0.2970
2024-06-28 11:53:42 - INFO - Epoch 107 training time: 9.5512
2024-06-28 11:53:42 - INFO - Saved best model at epoch 107
2024-06-28 11:53:42 - INFO - Epoch 107: Train Loss=0.2844, Val Acc=0.8948, Val Loss=0.2958
2024-06-28 11:53:51 - INFO - Epoch 108 training time: 8.8914
2024-06-28 11:53:52 - INFO - Saved best model at epoch 108
2024-06-28 11:53:52 - INFO - Epoch 108: Train Loss=0.2858, Val Acc=0.8939, Val Loss=0.2946
2024-06-28 11:54:01 - INFO - Epoch 109 training time: 8.9847
2024-06-28 11:54:02 - INFO - Epoch 109: Train Loss=0.2877, Val Acc=0.8894, Val Loss=0.2970
2024-06-28 11:54:12 - INFO - Epoch 110 training time: 10.3675
2024-06-28 11:54:13 - INFO - Epoch 110: Train Loss=0.2826, Val Acc=0.8912, Val Loss=0.2958
2024-06-28 11:54:22 - INFO - Epoch 111 training time: 9.0966
2024-06-28 11:54:23 - INFO - Epoch 111: Train Loss=0.2829, Val Acc=0.8921, Val Loss=0.2965
2024-06-28 11:54:32 - INFO - Epoch 112 training time: 8.9464
2024-06-28 11:54:33 - INFO - Saved best model at epoch 112
2024-06-28 11:54:33 - INFO - Epoch 112: Train Loss=0.2860, Val Acc=0.8948, Val Loss=0.2915
2024-06-28 11:54:42 - INFO - Epoch 113 training time: 8.8746
2024-06-28 11:54:43 - INFO - Saved best model at epoch 113
2024-06-28 11:54:43 - INFO - Epoch 113: Train Loss=0.2846, Val Acc=0.8930, Val Loss=0.2911
2024-06-28 11:54:52 - INFO - Epoch 114 training time: 8.8881
2024-06-28 11:54:53 - INFO - Saved best model at epoch 114
2024-06-28 11:54:53 - INFO - Epoch 114: Train Loss=0.2787, Val Acc=0.8957, Val Loss=0.2903
2024-06-28 11:55:02 - INFO - Epoch 115 training time: 9.0435
2024-06-28 11:55:02 - INFO - Epoch 115: Train Loss=0.2874, Val Acc=0.8812, Val Loss=0.3097
2024-06-28 11:55:11 - INFO - Epoch 116 training time: 8.8944
2024-06-28 11:55:12 - INFO - Saved best model at epoch 116
2024-06-28 11:55:12 - INFO - Epoch 116: Train Loss=0.2813, Val Acc=0.8976, Val Loss=0.2890
2024-06-28 11:55:21 - INFO - Epoch 117 training time: 8.7908
2024-06-28 11:55:22 - INFO - Saved best model at epoch 117
2024-06-28 11:55:22 - INFO - Epoch 117: Train Loss=0.2778, Val Acc=0.8994, Val Loss=0.2871
2024-06-28 11:55:30 - INFO - Epoch 118 training time: 8.6101
2024-06-28 11:55:31 - INFO - Epoch 118: Train Loss=0.2812, Val Acc=0.8948, Val Loss=0.2881
2024-06-28 11:55:40 - INFO - Epoch 119 training time: 8.7060
2024-06-28 11:55:41 - INFO - Epoch 119: Train Loss=0.2799, Val Acc=0.9003, Val Loss=0.2921
2024-06-28 11:55:50 - INFO - Epoch 120 training time: 8.7120
2024-06-28 11:55:50 - INFO - Epoch 120: Train Loss=0.2761, Val Acc=0.8948, Val Loss=0.2881
2024-06-28 11:55:59 - INFO - Epoch 121 training time: 8.5152
2024-06-28 11:56:00 - INFO - Saved best model at epoch 121
2024-06-28 11:56:00 - INFO - Epoch 121: Train Loss=0.2763, Val Acc=0.8976, Val Loss=0.2830
2024-06-28 11:56:09 - INFO - Epoch 122 training time: 8.8631
2024-06-28 11:56:10 - INFO - Epoch 122: Train Loss=0.2768, Val Acc=0.9003, Val Loss=0.2835
2024-06-28 11:56:18 - INFO - Epoch 123 training time: 8.9135
2024-06-28 11:56:19 - INFO - Epoch 123: Train Loss=0.2775, Val Acc=0.8994, Val Loss=0.2842
2024-06-28 11:56:28 - INFO - Epoch 124 training time: 8.8464
2024-06-28 11:56:29 - INFO - Epoch 124: Train Loss=0.2771, Val Acc=0.9048, Val Loss=0.2838
2024-06-28 11:56:38 - INFO - Epoch 125 training time: 9.1963
2024-06-28 11:56:39 - INFO - Epoch 125: Train Loss=0.2730, Val Acc=0.8966, Val Loss=0.2840
2024-06-28 11:56:49 - INFO - Epoch 126 training time: 9.2764
2024-06-28 11:56:49 - INFO - Saved best model at epoch 126
2024-06-28 11:56:49 - INFO - Epoch 126: Train Loss=0.2764, Val Acc=0.8976, Val Loss=0.2806
2024-06-28 11:56:59 - INFO - Epoch 127 training time: 9.2191
2024-06-28 11:57:00 - INFO - Epoch 127: Train Loss=0.2755, Val Acc=0.8985, Val Loss=0.2825
2024-06-28 11:57:09 - INFO - Epoch 128 training time: 9.7336
2024-06-28 11:57:10 - INFO - Epoch 128: Train Loss=0.2720, Val Acc=0.8930, Val Loss=0.2868
2024-06-28 11:57:19 - INFO - Epoch 129 training time: 8.8854
2024-06-28 11:57:20 - INFO - Epoch 129: Train Loss=0.2750, Val Acc=0.8948, Val Loss=0.2866
2024-06-28 11:57:29 - INFO - Epoch 130 training time: 8.9887
2024-06-28 11:57:30 - INFO - Saved best model at epoch 130
2024-06-28 11:57:30 - INFO - Epoch 130: Train Loss=0.2768, Val Acc=0.9048, Val Loss=0.2781
2024-06-28 11:57:39 - INFO - Epoch 131 training time: 8.9227
2024-06-28 11:57:40 - INFO - Epoch 131: Train Loss=0.2769, Val Acc=0.9048, Val Loss=0.2827
2024-06-28 11:57:49 - INFO - Epoch 132 training time: 9.0522
2024-06-28 11:57:49 - INFO - Epoch 132: Train Loss=0.2733, Val Acc=0.9003, Val Loss=0.2781
2024-06-28 11:58:01 - INFO - Epoch 133 training time: 11.4973
2024-06-28 11:58:02 - INFO - Saved best model at epoch 133
2024-06-28 11:58:02 - INFO - Epoch 133: Train Loss=0.2708, Val Acc=0.9021, Val Loss=0.2753
2024-06-28 11:58:11 - INFO - Epoch 134 training time: 8.8441
2024-06-28 11:58:12 - INFO - Saved best model at epoch 134
2024-06-28 11:58:12 - INFO - Epoch 134: Train Loss=0.2679, Val Acc=0.9030, Val Loss=0.2746
2024-06-28 11:58:22 - INFO - Epoch 135 training time: 10.6367
2024-06-28 11:58:23 - INFO - Epoch 135: Train Loss=0.2674, Val Acc=0.8994, Val Loss=0.2747
2024-06-28 11:58:32 - INFO - Epoch 136 training time: 8.7822
2024-06-28 11:58:33 - INFO - Epoch 136: Train Loss=0.2673, Val Acc=0.8994, Val Loss=0.2765
2024-06-28 11:58:42 - INFO - Epoch 137 training time: 8.9139
2024-06-28 11:58:43 - INFO - Saved best model at epoch 137
2024-06-28 11:58:43 - INFO - Epoch 137: Train Loss=0.2694, Val Acc=0.9139, Val Loss=0.2740
2024-06-28 11:58:51 - INFO - Epoch 138 training time: 8.7976
2024-06-28 11:58:52 - INFO - Epoch 138: Train Loss=0.2732, Val Acc=0.9021, Val Loss=0.2751
2024-06-28 11:59:01 - INFO - Epoch 139 training time: 8.8146
2024-06-28 11:59:02 - INFO - Epoch 139: Train Loss=0.2687, Val Acc=0.8976, Val Loss=0.2775
2024-06-28 11:59:10 - INFO - Epoch 140 training time: 8.5520
2024-06-28 11:59:11 - INFO - Epoch 140: Train Loss=0.2748, Val Acc=0.8994, Val Loss=0.2757
2024-06-28 11:59:20 - INFO - Epoch 141 training time: 8.7659
2024-06-28 11:59:21 - INFO - Epoch 141: Train Loss=0.2673, Val Acc=0.8876, Val Loss=0.2809
2024-06-28 11:59:29 - INFO - Epoch 142 training time: 8.5411
2024-06-28 11:59:30 - INFO - Saved best model at epoch 142
2024-06-28 11:59:30 - INFO - Epoch 142: Train Loss=0.2638, Val Acc=0.9075, Val Loss=0.2695
2024-06-28 11:59:39 - INFO - Epoch 143 training time: 8.8578
2024-06-28 11:59:40 - INFO - Epoch 143: Train Loss=0.2682, Val Acc=0.8957, Val Loss=0.2766
2024-06-28 11:59:49 - INFO - Epoch 144 training time: 8.9187
2024-06-28 11:59:50 - INFO - Saved best model at epoch 144
2024-06-28 11:59:50 - INFO - Epoch 144: Train Loss=0.2646, Val Acc=0.9093, Val Loss=0.2693
2024-06-28 11:59:59 - INFO - Epoch 145 training time: 8.7841
2024-06-28 11:59:59 - INFO - Saved best model at epoch 145
2024-06-28 11:59:59 - INFO - Epoch 145: Train Loss=0.2645, Val Acc=0.9066, Val Loss=0.2681
2024-06-28 12:00:08 - INFO - Epoch 146 training time: 8.9114
2024-06-28 12:00:09 - INFO - Epoch 146: Train Loss=0.2620, Val Acc=0.9075, Val Loss=0.2741
2024-06-28 12:00:18 - INFO - Epoch 147 training time: 9.0990
2024-06-28 12:00:19 - INFO - Epoch 147: Train Loss=0.2638, Val Acc=0.8957, Val Loss=0.2743
2024-06-28 12:00:31 - INFO - Epoch 148 training time: 11.5024
2024-06-28 12:00:31 - INFO - Epoch 148: Train Loss=0.2629, Val Acc=0.8994, Val Loss=0.2714
2024-06-28 12:00:40 - INFO - Epoch 149 training time: 9.0404
2024-06-28 12:00:41 - INFO - Epoch 149: Train Loss=0.2617, Val Acc=0.9039, Val Loss=0.2681
2024-06-28 12:00:50 - INFO - Epoch 150 training time: 8.9010
2024-06-28 12:00:51 - INFO - Saved best model at epoch 150
2024-06-28 12:00:51 - INFO - Epoch 150: Train Loss=0.2637, Val Acc=0.9030, Val Loss=0.2673
2024-06-28 12:01:00 - INFO - Epoch 151 training time: 8.7294
2024-06-28 12:01:01 - INFO - Saved best model at epoch 151
2024-06-28 12:01:01 - INFO - Epoch 151: Train Loss=0.2599, Val Acc=0.9084, Val Loss=0.2660
2024-06-28 12:01:10 - INFO - Epoch 152 training time: 8.9451
2024-06-28 12:01:11 - INFO - Saved best model at epoch 152
2024-06-28 12:01:11 - INFO - Epoch 152: Train Loss=0.2624, Val Acc=0.9030, Val Loss=0.2649
2024-06-28 12:01:19 - INFO - Epoch 153 training time: 8.8629
2024-06-28 12:01:20 - INFO - Epoch 153: Train Loss=0.2597, Val Acc=0.9012, Val Loss=0.2699
2024-06-28 12:01:29 - INFO - Epoch 154 training time: 9.0627
2024-06-28 12:01:30 - INFO - Epoch 154: Train Loss=0.2614, Val Acc=0.9012, Val Loss=0.2706
2024-06-28 12:01:40 - INFO - Epoch 155 training time: 9.5813
2024-06-28 12:01:41 - INFO - Epoch 155: Train Loss=0.2578, Val Acc=0.9048, Val Loss=0.2657
2024-06-28 12:01:50 - INFO - Epoch 156 training time: 9.4647
2024-06-28 12:01:51 - INFO - Saved best model at epoch 156
2024-06-28 12:01:51 - INFO - Epoch 156: Train Loss=0.2608, Val Acc=0.9030, Val Loss=0.2626
2024-06-28 12:02:01 - INFO - Epoch 157 training time: 10.2227
2024-06-28 12:02:02 - INFO - Epoch 157: Train Loss=0.2552, Val Acc=0.9030, Val Loss=0.2687
2024-06-28 12:02:12 - INFO - Epoch 158 training time: 9.7785
2024-06-28 12:02:13 - INFO - Saved best model at epoch 158
2024-06-28 12:02:13 - INFO - Epoch 158: Train Loss=0.2591, Val Acc=0.9112, Val Loss=0.2618
2024-06-28 12:02:22 - INFO - Epoch 159 training time: 8.9949
2024-06-28 12:02:23 - INFO - Saved best model at epoch 159
2024-06-28 12:02:23 - INFO - Epoch 159: Train Loss=0.2552, Val Acc=0.9121, Val Loss=0.2606
2024-06-28 12:02:32 - INFO - Epoch 160 training time: 9.0274
2024-06-28 12:02:33 - INFO - Epoch 160: Train Loss=0.2547, Val Acc=0.9093, Val Loss=0.2613
2024-06-28 12:02:42 - INFO - Epoch 161 training time: 9.1221
2024-06-28 12:02:43 - INFO - Epoch 161: Train Loss=0.2580, Val Acc=0.9112, Val Loss=0.2629
2024-06-28 12:02:52 - INFO - Epoch 162 training time: 9.0357
2024-06-28 12:02:53 - INFO - Epoch 162: Train Loss=0.2549, Val Acc=0.9112, Val Loss=0.2688
2024-06-28 12:03:02 - INFO - Epoch 163 training time: 9.2533
2024-06-28 12:03:03 - INFO - Epoch 163: Train Loss=0.2605, Val Acc=0.9066, Val Loss=0.2613
2024-06-28 12:03:12 - INFO - Epoch 164 training time: 9.0518
2024-06-28 12:03:13 - INFO - Saved best model at epoch 164
2024-06-28 12:03:13 - INFO - Epoch 164: Train Loss=0.2536, Val Acc=0.9121, Val Loss=0.2580
2024-06-28 12:03:23 - INFO - Epoch 165 training time: 10.4539
2024-06-28 12:03:24 - INFO - Epoch 165: Train Loss=0.2561, Val Acc=0.9057, Val Loss=0.2613
2024-06-28 12:03:33 - INFO - Epoch 166 training time: 8.9624
2024-06-28 12:03:34 - INFO - Saved best model at epoch 166
2024-06-28 12:03:34 - INFO - Epoch 166: Train Loss=0.2516, Val Acc=0.9112, Val Loss=0.2571
2024-06-28 12:03:45 - INFO - Epoch 167 training time: 10.6746
2024-06-28 12:03:45 - INFO - Epoch 167: Train Loss=0.2537, Val Acc=0.9093, Val Loss=0.2587
2024-06-28 12:03:55 - INFO - Epoch 168 training time: 9.0691
2024-06-28 12:03:56 - INFO - Saved best model at epoch 168
2024-06-28 12:03:56 - INFO - Epoch 168: Train Loss=0.2548, Val Acc=0.9075, Val Loss=0.2568
2024-06-28 12:04:04 - INFO - Epoch 169 training time: 8.9254
2024-06-28 12:04:05 - INFO - Saved best model at epoch 169
2024-06-28 12:04:05 - INFO - Epoch 169: Train Loss=0.2566, Val Acc=0.9121, Val Loss=0.2563
2024-06-28 12:04:14 - INFO - Epoch 170 training time: 8.6863
2024-06-28 12:04:15 - INFO - Saved best model at epoch 170
2024-06-28 12:04:15 - INFO - Epoch 170: Train Loss=0.2536, Val Acc=0.9148, Val Loss=0.2552
2024-06-28 12:04:24 - INFO - Epoch 171 training time: 8.7270
2024-06-28 12:04:24 - INFO - Saved best model at epoch 171
2024-06-28 12:04:24 - INFO - Epoch 171: Train Loss=0.2532, Val Acc=0.9112, Val Loss=0.2545
2024-06-28 12:04:33 - INFO - Epoch 172 training time: 8.7106
2024-06-28 12:04:34 - INFO - Saved best model at epoch 172
2024-06-28 12:04:34 - INFO - Epoch 172: Train Loss=0.2520, Val Acc=0.9139, Val Loss=0.2524
2024-06-28 12:04:43 - INFO - Epoch 173 training time: 8.8171
2024-06-28 12:04:44 - INFO - Epoch 173: Train Loss=0.2504, Val Acc=0.9130, Val Loss=0.2532
2024-06-28 12:04:52 - INFO - Epoch 174 training time: 8.7371
2024-06-28 12:04:53 - INFO - Epoch 174: Train Loss=0.2451, Val Acc=0.9112, Val Loss=0.2539
2024-06-28 12:05:02 - INFO - Epoch 175 training time: 8.8436
2024-06-28 12:05:03 - INFO - Saved best model at epoch 175
2024-06-28 12:05:03 - INFO - Epoch 175: Train Loss=0.2505, Val Acc=0.9130, Val Loss=0.2520
2024-06-28 12:05:12 - INFO - Epoch 176 training time: 8.7189
2024-06-28 12:05:12 - INFO - Epoch 176: Train Loss=0.2511, Val Acc=0.9093, Val Loss=0.2545
2024-06-28 12:05:21 - INFO - Epoch 177 training time: 8.6147
2024-06-28 12:05:22 - INFO - Saved best model at epoch 177
2024-06-28 12:05:22 - INFO - Epoch 177: Train Loss=0.2483, Val Acc=0.9193, Val Loss=0.2495
2024-06-28 12:05:31 - INFO - Epoch 178 training time: 8.6664
2024-06-28 12:05:31 - INFO - Epoch 178: Train Loss=0.2459, Val Acc=0.9148, Val Loss=0.2509
2024-06-28 12:05:40 - INFO - Epoch 179 training time: 8.9395
2024-06-28 12:05:41 - INFO - Saved best model at epoch 179
2024-06-28 12:05:41 - INFO - Epoch 179: Train Loss=0.2480, Val Acc=0.9139, Val Loss=0.2494
2024-06-28 12:05:50 - INFO - Epoch 180 training time: 8.9699
2024-06-28 12:05:51 - INFO - Epoch 180: Train Loss=0.2491, Val Acc=0.9121, Val Loss=0.2521
2024-06-28 12:06:00 - INFO - Epoch 181 training time: 8.9635
2024-06-28 12:06:01 - INFO - Epoch 181: Train Loss=0.2467, Val Acc=0.9066, Val Loss=0.2556
2024-06-28 12:06:10 - INFO - Epoch 182 training time: 9.6743
2024-06-28 12:06:11 - INFO - Saved best model at epoch 182
2024-06-28 12:06:11 - INFO - Epoch 182: Train Loss=0.2480, Val Acc=0.9130, Val Loss=0.2476
2024-06-28 12:06:22 - INFO - Epoch 183 training time: 10.6296
2024-06-28 12:06:23 - INFO - Epoch 183: Train Loss=0.2472, Val Acc=0.9130, Val Loss=0.2511
2024-06-28 12:06:32 - INFO - Epoch 184 training time: 8.9848
2024-06-28 12:06:33 - INFO - Epoch 184: Train Loss=0.2441, Val Acc=0.9139, Val Loss=0.2501
2024-06-28 12:06:42 - INFO - Epoch 185 training time: 8.9359
2024-06-28 12:06:42 - INFO - Epoch 185: Train Loss=0.2472, Val Acc=0.8976, Val Loss=0.2682
2024-06-28 12:06:51 - INFO - Epoch 186 training time: 8.8312
2024-06-28 12:06:52 - INFO - Epoch 186: Train Loss=0.2436, Val Acc=0.9039, Val Loss=0.2591
2024-06-28 12:07:01 - INFO - Epoch 187 training time: 8.6723
2024-06-28 12:07:02 - INFO - Early stopping triggered, epoch 187
2024-06-28 12:07:03 - INFO - Test F1-Score: 0.9229
2024-06-28 12:07:03 - INFO - Test Precision : 0.9229
2024-06-28 12:07:03 - INFO - Test Accuracy: 0.9229
2024-06-28 12:07:03 - INFO - Test Recall: 0.9229
2024-06-28 12:07:03 - INFO - Train Time: 1719.6101
2024-06-28 12:07:04 - INFO - rs= 15
2024-06-28 12:07:13 - INFO - Epoch 1 training time: 9.3323
2024-06-28 12:07:14 - INFO - Saved best model at epoch 1
2024-06-28 12:07:14 - INFO - Epoch 1: Train Loss=0.6969, Val Acc=0.4859, Val Loss=0.6956
2024-06-28 12:07:23 - INFO - Epoch 2 training time: 9.0208
2024-06-28 12:07:24 - INFO - Saved best model at epoch 2
2024-06-28 12:07:24 - INFO - Epoch 2: Train Loss=0.6948, Val Acc=0.4859, Val Loss=0.6940
2024-06-28 12:07:33 - INFO - Epoch 3 training time: 8.9526
2024-06-28 12:07:34 - INFO - Saved best model at epoch 3
2024-06-28 12:07:34 - INFO - Epoch 3: Train Loss=0.6937, Val Acc=0.4859, Val Loss=0.6934
2024-06-28 12:07:43 - INFO - Epoch 4 training time: 9.1680
2024-06-28 12:07:44 - INFO - Saved best model at epoch 4
2024-06-28 12:07:44 - INFO - Epoch 4: Train Loss=0.6932, Val Acc=0.5141, Val Loss=0.6929
2024-06-28 12:07:53 - INFO - Epoch 5 training time: 8.8815
2024-06-28 12:07:54 - INFO - Saved best model at epoch 5
2024-06-28 12:07:54 - INFO - Epoch 5: Train Loss=0.6929, Val Acc=0.5141, Val Loss=0.6928
2024-06-28 12:08:03 - INFO - Epoch 6 training time: 8.9904
2024-06-28 12:08:04 - INFO - Saved best model at epoch 6
2024-06-28 12:08:04 - INFO - Epoch 6: Train Loss=0.6929, Val Acc=0.5141, Val Loss=0.6923
2024-06-28 12:08:13 - INFO - Epoch 7 training time: 8.9590
2024-06-28 12:08:14 - INFO - Saved best model at epoch 7
2024-06-28 12:08:14 - INFO - Epoch 7: Train Loss=0.6841, Val Acc=0.5141, Val Loss=0.6744
2024-06-28 12:08:23 - INFO - Epoch 8 training time: 9.0788
2024-06-28 12:08:24 - INFO - Saved best model at epoch 8
2024-06-28 12:08:24 - INFO - Epoch 8: Train Loss=0.6672, Val Acc=0.4814, Val Loss=0.6617
2024-06-28 12:08:33 - INFO - Epoch 9 training time: 9.0054
2024-06-28 12:08:34 - INFO - Saved best model at epoch 9
2024-06-28 12:08:34 - INFO - Epoch 9: Train Loss=0.6510, Val Acc=0.6582, Val Loss=0.6417
2024-06-28 12:08:42 - INFO - Epoch 10 training time: 8.8263
2024-06-28 12:08:43 - INFO - Saved best model at epoch 10
2024-06-28 12:08:43 - INFO - Epoch 10: Train Loss=0.6297, Val Acc=0.7280, Val Loss=0.6173
2024-06-28 12:08:53 - INFO - Epoch 11 training time: 9.3817
2024-06-28 12:08:54 - INFO - Saved best model at epoch 11
2024-06-28 12:08:54 - INFO - Epoch 11: Train Loss=0.6045, Val Acc=0.7289, Val Loss=0.5913
2024-06-28 12:09:03 - INFO - Epoch 12 training time: 9.0310
2024-06-28 12:09:04 - INFO - Saved best model at epoch 12
2024-06-28 12:09:04 - INFO - Epoch 12: Train Loss=0.5822, Val Acc=0.7235, Val Loss=0.5732
2024-06-28 12:09:13 - INFO - Epoch 13 training time: 8.7726
2024-06-28 12:09:14 - INFO - Saved best model at epoch 13
2024-06-28 12:09:14 - INFO - Epoch 13: Train Loss=0.5663, Val Acc=0.7307, Val Loss=0.5568
2024-06-28 12:09:22 - INFO - Epoch 14 training time: 8.8818
2024-06-28 12:09:23 - INFO - Saved best model at epoch 14
2024-06-28 12:09:23 - INFO - Epoch 14: Train Loss=0.5554, Val Acc=0.7289, Val Loss=0.5472
2024-06-28 12:09:32 - INFO - Epoch 15 training time: 8.6971
2024-06-28 12:09:33 - INFO - Saved best model at epoch 15
2024-06-28 12:09:33 - INFO - Epoch 15: Train Loss=0.5474, Val Acc=0.7307, Val Loss=0.5429
2024-06-28 12:09:42 - INFO - Epoch 16 training time: 9.2061
2024-06-28 12:09:43 - INFO - Saved best model at epoch 16
2024-06-28 12:09:43 - INFO - Epoch 16: Train Loss=0.5473, Val Acc=0.7325, Val Loss=0.5386
2024-06-28 12:09:52 - INFO - Epoch 17 training time: 9.1275
2024-06-28 12:09:53 - INFO - Saved best model at epoch 17
2024-06-28 12:09:53 - INFO - Epoch 17: Train Loss=0.5427, Val Acc=0.7335, Val Loss=0.5385
2024-06-28 12:10:02 - INFO - Epoch 18 training time: 9.0781
2024-06-28 12:10:03 - INFO - Saved best model at epoch 18
2024-06-28 12:10:03 - INFO - Epoch 18: Train Loss=0.5400, Val Acc=0.7307, Val Loss=0.5340
2024-06-28 12:10:12 - INFO - Epoch 19 training time: 8.9438
2024-06-28 12:10:13 - INFO - Saved best model at epoch 19
2024-06-28 12:10:13 - INFO - Epoch 19: Train Loss=0.5379, Val Acc=0.7307, Val Loss=0.5327
2024-06-28 12:10:22 - INFO - Epoch 20 training time: 8.8091
2024-06-28 12:10:23 - INFO - Saved best model at epoch 20
2024-06-28 12:10:23 - INFO - Epoch 20: Train Loss=0.5384, Val Acc=0.7289, Val Loss=0.5319
2024-06-28 12:10:32 - INFO - Epoch 21 training time: 8.8304
2024-06-28 12:10:33 - INFO - Saved best model at epoch 21
2024-06-28 12:10:33 - INFO - Epoch 21: Train Loss=0.5366, Val Acc=0.7325, Val Loss=0.5309
2024-06-28 12:10:41 - INFO - Epoch 22 training time: 8.7771
2024-06-28 12:10:42 - INFO - Saved best model at epoch 22
2024-06-28 12:10:42 - INFO - Epoch 22: Train Loss=0.5366, Val Acc=0.7280, Val Loss=0.5298
2024-06-28 12:10:51 - INFO - Epoch 23 training time: 8.6262
2024-06-28 12:10:52 - INFO - Saved best model at epoch 23
2024-06-28 12:10:52 - INFO - Epoch 23: Train Loss=0.5349, Val Acc=0.7298, Val Loss=0.5292
2024-06-28 12:11:01 - INFO - Epoch 24 training time: 8.8082
2024-06-28 12:11:01 - INFO - Saved best model at epoch 24
2024-06-28 12:11:01 - INFO - Epoch 24: Train Loss=0.5356, Val Acc=0.7289, Val Loss=0.5290
2024-06-28 12:11:10 - INFO - Epoch 25 training time: 8.6135
2024-06-28 12:11:11 - INFO - Saved best model at epoch 25
2024-06-28 12:11:11 - INFO - Epoch 25: Train Loss=0.5331, Val Acc=0.7316, Val Loss=0.5280
2024-06-28 12:11:19 - INFO - Epoch 26 training time: 8.3806
2024-06-28 12:11:20 - INFO - Epoch 26: Train Loss=0.5341, Val Acc=0.7289, Val Loss=0.5283
2024-06-28 12:11:29 - INFO - Epoch 27 training time: 8.4780
2024-06-28 12:11:30 - INFO - Saved best model at epoch 27
2024-06-28 12:11:30 - INFO - Epoch 27: Train Loss=0.5336, Val Acc=0.7298, Val Loss=0.5277
2024-06-28 12:11:38 - INFO - Epoch 28 training time: 8.6011
2024-06-28 12:11:39 - INFO - Saved best model at epoch 28
2024-06-28 12:11:39 - INFO - Epoch 28: Train Loss=0.5328, Val Acc=0.7307, Val Loss=0.5268
2024-06-28 12:11:48 - INFO - Epoch 29 training time: 9.0363
2024-06-28 12:11:49 - INFO - Epoch 29: Train Loss=0.5314, Val Acc=0.7298, Val Loss=0.5268
2024-06-28 12:11:58 - INFO - Epoch 30 training time: 8.9272
2024-06-28 12:11:59 - INFO - Saved best model at epoch 30
2024-06-28 12:11:59 - INFO - Epoch 30: Train Loss=0.5332, Val Acc=0.7307, Val Loss=0.5262
2024-06-28 12:12:08 - INFO - Epoch 31 training time: 9.2920
2024-06-28 12:12:09 - INFO - Saved best model at epoch 31
2024-06-28 12:12:09 - INFO - Epoch 31: Train Loss=0.5314, Val Acc=0.7335, Val Loss=0.5259
2024-06-28 12:12:18 - INFO - Epoch 32 training time: 9.0888
2024-06-28 12:12:19 - INFO - Saved best model at epoch 32
2024-06-28 12:12:19 - INFO - Epoch 32: Train Loss=0.5322, Val Acc=0.7316, Val Loss=0.5254
2024-06-28 12:12:28 - INFO - Epoch 33 training time: 8.7679
2024-06-28 12:12:29 - INFO - Epoch 33: Train Loss=0.5307, Val Acc=0.7298, Val Loss=0.5257
2024-06-28 12:12:38 - INFO - Epoch 34 training time: 9.0299
2024-06-28 12:12:39 - INFO - Saved best model at epoch 34
2024-06-28 12:12:39 - INFO - Epoch 34: Train Loss=0.5326, Val Acc=0.7298, Val Loss=0.5248
2024-06-28 12:12:47 - INFO - Epoch 35 training time: 8.6227
2024-06-28 12:12:48 - INFO - Saved best model at epoch 35
2024-06-28 12:12:48 - INFO - Epoch 35: Train Loss=0.5312, Val Acc=0.7325, Val Loss=0.5247
2024-06-28 12:12:57 - INFO - Epoch 36 training time: 8.9550
2024-06-28 12:12:58 - INFO - Saved best model at epoch 36
2024-06-28 12:12:58 - INFO - Epoch 36: Train Loss=0.5312, Val Acc=0.7316, Val Loss=0.5241
2024-06-28 12:13:07 - INFO - Epoch 37 training time: 8.8921
2024-06-28 12:13:08 - INFO - Epoch 37: Train Loss=0.5307, Val Acc=0.7316, Val Loss=0.5272
2024-06-28 12:13:16 - INFO - Epoch 38 training time: 8.7546
2024-06-28 12:13:17 - INFO - Saved best model at epoch 38
2024-06-28 12:13:17 - INFO - Epoch 38: Train Loss=0.5310, Val Acc=0.7325, Val Loss=0.5238
2024-06-28 12:13:26 - INFO - Epoch 39 training time: 8.7273
2024-06-28 12:13:27 - INFO - Epoch 39: Train Loss=0.5321, Val Acc=0.7307, Val Loss=0.5238
2024-06-28 12:13:36 - INFO - Epoch 40 training time: 8.5641
2024-06-28 12:13:36 - INFO - Epoch 40: Train Loss=0.5305, Val Acc=0.7298, Val Loss=0.5248
2024-06-28 12:13:46 - INFO - Epoch 41 training time: 9.0740
2024-06-28 12:13:46 - INFO - Saved best model at epoch 41
2024-06-28 12:13:46 - INFO - Epoch 41: Train Loss=0.5292, Val Acc=0.7316, Val Loss=0.5232
2024-06-28 12:13:56 - INFO - Epoch 42 training time: 9.4354
2024-06-28 12:13:57 - INFO - Saved best model at epoch 42
2024-06-28 12:13:57 - INFO - Epoch 42: Train Loss=0.5300, Val Acc=0.7316, Val Loss=0.5227
2024-06-28 12:14:06 - INFO - Epoch 43 training time: 8.9278
2024-06-28 12:14:07 - INFO - Epoch 43: Train Loss=0.5309, Val Acc=0.7316, Val Loss=0.5261
2024-06-28 12:14:16 - INFO - Epoch 44 training time: 9.0002
2024-06-28 12:14:17 - INFO - Epoch 44: Train Loss=0.5295, Val Acc=0.7298, Val Loss=0.5245
2024-06-28 12:14:25 - INFO - Epoch 45 training time: 8.8098
2024-06-28 12:14:26 - INFO - Saved best model at epoch 45
2024-06-28 12:14:26 - INFO - Epoch 45: Train Loss=0.5292, Val Acc=0.7316, Val Loss=0.5220
2024-06-28 12:14:35 - INFO - Epoch 46 training time: 8.8390
2024-06-28 12:14:36 - INFO - Epoch 46: Train Loss=0.5286, Val Acc=0.7307, Val Loss=0.5237
2024-06-28 12:14:45 - INFO - Epoch 47 training time: 9.0523
2024-06-28 12:14:46 - INFO - Saved best model at epoch 47
2024-06-28 12:14:46 - INFO - Epoch 47: Train Loss=0.5290, Val Acc=0.7316, Val Loss=0.5218
2024-06-28 12:14:55 - INFO - Epoch 48 training time: 8.9929
2024-06-28 12:14:56 - INFO - Epoch 48: Train Loss=0.5283, Val Acc=0.7316, Val Loss=0.5221
2024-06-28 12:15:05 - INFO - Epoch 49 training time: 9.1038
2024-06-28 12:15:06 - INFO - Saved best model at epoch 49
2024-06-28 12:15:06 - INFO - Epoch 49: Train Loss=0.5283, Val Acc=0.7316, Val Loss=0.5214
2024-06-28 12:15:15 - INFO - Epoch 50 training time: 9.0336
2024-06-28 12:15:16 - INFO - Saved best model at epoch 50
2024-06-28 12:15:16 - INFO - Epoch 50: Train Loss=0.5279, Val Acc=0.7316, Val Loss=0.5210
2024-06-28 12:15:25 - INFO - Epoch 51 training time: 8.9236
2024-06-28 12:15:26 - INFO - Epoch 51: Train Loss=0.5283, Val Acc=0.7307, Val Loss=0.5212
2024-06-28 12:15:35 - INFO - Epoch 52 training time: 9.0205
2024-06-28 12:15:36 - INFO - Epoch 52: Train Loss=0.5276, Val Acc=0.7289, Val Loss=0.5221
2024-06-28 12:15:45 - INFO - Epoch 53 training time: 9.0973
2024-06-28 12:15:46 - INFO - Saved best model at epoch 53
2024-06-28 12:15:46 - INFO - Epoch 53: Train Loss=0.5279, Val Acc=0.7307, Val Loss=0.5209
2024-06-28 12:15:55 - INFO - Epoch 54 training time: 9.0817
2024-06-28 12:15:56 - INFO - Epoch 54: Train Loss=0.5278, Val Acc=0.7298, Val Loss=0.5227
2024-06-28 12:16:05 - INFO - Epoch 55 training time: 8.8107
2024-06-28 12:16:06 - INFO - Saved best model at epoch 55
2024-06-28 12:16:06 - INFO - Epoch 55: Train Loss=0.5275, Val Acc=0.7335, Val Loss=0.5200
2024-06-28 12:16:15 - INFO - Epoch 56 training time: 8.8928
2024-06-28 12:16:15 - INFO - Epoch 56: Train Loss=0.5259, Val Acc=0.7298, Val Loss=0.5214
2024-06-28 12:16:26 - INFO - Epoch 57 training time: 10.3957
2024-06-28 12:16:27 - INFO - Saved best model at epoch 57
2024-06-28 12:16:27 - INFO - Epoch 57: Train Loss=0.5277, Val Acc=0.7344, Val Loss=0.5194
2024-06-28 12:16:36 - INFO - Epoch 58 training time: 9.0458
2024-06-28 12:16:37 - INFO - Saved best model at epoch 58
2024-06-28 12:16:37 - INFO - Epoch 58: Train Loss=0.5268, Val Acc=0.7344, Val Loss=0.5192
2024-06-28 12:16:45 - INFO - Epoch 59 training time: 8.6943
2024-06-28 12:16:46 - INFO - Epoch 59: Train Loss=0.5267, Val Acc=0.7298, Val Loss=0.5214
2024-06-28 12:16:55 - INFO - Epoch 60 training time: 8.6515
2024-06-28 12:16:56 - INFO - Saved best model at epoch 60
2024-06-28 12:16:56 - INFO - Epoch 60: Train Loss=0.5251, Val Acc=0.7316, Val Loss=0.5188
2024-06-28 12:17:04 - INFO - Epoch 61 training time: 8.6227
2024-06-28 12:17:05 - INFO - Epoch 61: Train Loss=0.5241, Val Acc=0.7289, Val Loss=0.5220
2024-06-28 12:17:14 - INFO - Epoch 62 training time: 8.6538
2024-06-28 12:17:15 - INFO - Saved best model at epoch 62
2024-06-28 12:17:15 - INFO - Epoch 62: Train Loss=0.5280, Val Acc=0.7344, Val Loss=0.5182
2024-06-28 12:17:24 - INFO - Epoch 63 training time: 8.7928
2024-06-28 12:17:25 - INFO - Saved best model at epoch 63
2024-06-28 12:17:25 - INFO - Epoch 63: Train Loss=0.5257, Val Acc=0.7298, Val Loss=0.5180
2024-06-28 12:17:33 - INFO - Epoch 64 training time: 8.6673
2024-06-28 12:17:34 - INFO - Epoch 64: Train Loss=0.5251, Val Acc=0.7298, Val Loss=0.5274
2024-06-28 12:17:43 - INFO - Epoch 65 training time: 8.7734
2024-06-28 12:17:44 - INFO - Saved best model at epoch 65
2024-06-28 12:17:44 - INFO - Epoch 65: Train Loss=0.5256, Val Acc=0.7335, Val Loss=0.5173
2024-06-28 12:17:53 - INFO - Epoch 66 training time: 8.7724
2024-06-28 12:17:54 - INFO - Epoch 66: Train Loss=0.5241, Val Acc=0.7298, Val Loss=0.5176
2024-06-28 12:18:02 - INFO - Epoch 67 training time: 8.8023
2024-06-28 12:18:03 - INFO - Epoch 67: Train Loss=0.5246, Val Acc=0.7298, Val Loss=0.5175
2024-06-28 12:18:12 - INFO - Epoch 68 training time: 9.2516
2024-06-28 12:18:13 - INFO - Saved best model at epoch 68
2024-06-28 12:18:13 - INFO - Epoch 68: Train Loss=0.5248, Val Acc=0.7344, Val Loss=0.5166
2024-06-28 12:18:22 - INFO - Epoch 69 training time: 8.9947
2024-06-28 12:18:23 - INFO - Saved best model at epoch 69
2024-06-28 12:18:23 - INFO - Epoch 69: Train Loss=0.5235, Val Acc=0.7289, Val Loss=0.5164
2024-06-28 12:18:33 - INFO - Epoch 70 training time: 9.4800
2024-06-28 12:18:34 - INFO - Saved best model at epoch 70
2024-06-28 12:18:34 - INFO - Epoch 70: Train Loss=0.5234, Val Acc=0.7280, Val Loss=0.5160
2024-06-28 12:18:43 - INFO - Epoch 71 training time: 8.8909
2024-06-28 12:18:43 - INFO - Epoch 71: Train Loss=0.5218, Val Acc=0.7289, Val Loss=0.5176
2024-06-28 12:18:52 - INFO - Epoch 72 training time: 8.9619
2024-06-28 12:18:53 - INFO - Saved best model at epoch 72
2024-06-28 12:18:53 - INFO - Epoch 72: Train Loss=0.5227, Val Acc=0.7298, Val Loss=0.5158
2024-06-28 12:19:02 - INFO - Epoch 73 training time: 8.8228
2024-06-28 12:19:03 - INFO - Epoch 73: Train Loss=0.5226, Val Acc=0.7289, Val Loss=0.5170
2024-06-28 12:19:12 - INFO - Epoch 74 training time: 8.9686
2024-06-28 12:19:13 - INFO - Saved best model at epoch 74
2024-06-28 12:19:13 - INFO - Epoch 74: Train Loss=0.5227, Val Acc=0.7289, Val Loss=0.5146
2024-06-28 12:19:22 - INFO - Epoch 75 training time: 8.6395
2024-06-28 12:19:22 - INFO - Saved best model at epoch 75
2024-06-28 12:19:22 - INFO - Epoch 75: Train Loss=0.5212, Val Acc=0.7280, Val Loss=0.5145
2024-06-28 12:19:31 - INFO - Epoch 76 training time: 8.7306
2024-06-28 12:19:32 - INFO - Saved best model at epoch 76
2024-06-28 12:19:32 - INFO - Epoch 76: Train Loss=0.5213, Val Acc=0.7344, Val Loss=0.5140
2024-06-28 12:19:41 - INFO - Epoch 77 training time: 8.7037
2024-06-28 12:19:42 - INFO - Saved best model at epoch 77
2024-06-28 12:19:42 - INFO - Epoch 77: Train Loss=0.5210, Val Acc=0.7344, Val Loss=0.5135
2024-06-28 12:19:50 - INFO - Epoch 78 training time: 8.6215
2024-06-28 12:19:51 - INFO - Saved best model at epoch 78
2024-06-28 12:19:51 - INFO - Epoch 78: Train Loss=0.5208, Val Acc=0.7307, Val Loss=0.5128
2024-06-28 12:20:00 - INFO - Epoch 79 training time: 8.6741
2024-06-28 12:20:01 - INFO - Saved best model at epoch 79
2024-06-28 12:20:01 - INFO - Epoch 79: Train Loss=0.5203, Val Acc=0.7298, Val Loss=0.5126
2024-06-28 12:20:10 - INFO - Epoch 80 training time: 8.9579
2024-06-28 12:20:11 - INFO - Saved best model at epoch 80
2024-06-28 12:20:11 - INFO - Epoch 80: Train Loss=0.5190, Val Acc=0.7344, Val Loss=0.5116
2024-06-28 12:20:19 - INFO - Epoch 81 training time: 8.6393
2024-06-28 12:20:20 - INFO - Epoch 81: Train Loss=0.5185, Val Acc=0.7307, Val Loss=0.5133
2024-06-28 12:20:30 - INFO - Epoch 82 training time: 9.2727
2024-06-28 12:20:30 - INFO - Saved best model at epoch 82
2024-06-28 12:20:30 - INFO - Epoch 82: Train Loss=0.5176, Val Acc=0.7316, Val Loss=0.5106
2024-06-28 12:20:40 - INFO - Epoch 83 training time: 9.1642
2024-06-28 12:20:41 - INFO - Epoch 83: Train Loss=0.5168, Val Acc=0.7289, Val Loss=0.5136
2024-06-28 12:20:50 - INFO - Epoch 84 training time: 8.9372
2024-06-28 12:20:51 - INFO - Saved best model at epoch 84
2024-06-28 12:20:51 - INFO - Epoch 84: Train Loss=0.5172, Val Acc=0.7289, Val Loss=0.5100
2024-06-28 12:20:59 - INFO - Epoch 85 training time: 8.9728
2024-06-28 12:21:00 - INFO - Epoch 85: Train Loss=0.5155, Val Acc=0.7307, Val Loss=0.5106
2024-06-28 12:21:10 - INFO - Epoch 86 training time: 9.2904
2024-06-28 12:21:11 - INFO - Epoch 86: Train Loss=0.5149, Val Acc=0.7280, Val Loss=0.5148
2024-06-28 12:21:19 - INFO - Epoch 87 training time: 8.8245
2024-06-28 12:21:20 - INFO - Saved best model at epoch 87
2024-06-28 12:21:20 - INFO - Epoch 87: Train Loss=0.5135, Val Acc=0.7298, Val Loss=0.5071
2024-06-28 12:21:29 - INFO - Epoch 88 training time: 8.9188
2024-06-28 12:21:30 - INFO - Epoch 88: Train Loss=0.5126, Val Acc=0.7289, Val Loss=0.5112
2024-06-28 12:21:39 - INFO - Epoch 89 training time: 8.8278
2024-06-28 12:21:40 - INFO - Saved best model at epoch 89
2024-06-28 12:21:40 - INFO - Epoch 89: Train Loss=0.5105, Val Acc=0.7298, Val Loss=0.5058
2024-06-28 12:21:49 - INFO - Epoch 90 training time: 8.8584
2024-06-28 12:21:50 - INFO - Saved best model at epoch 90
2024-06-28 12:21:50 - INFO - Epoch 90: Train Loss=0.5089, Val Acc=0.7289, Val Loss=0.5040
2024-06-28 12:21:59 - INFO - Epoch 91 training time: 9.5451
2024-06-28 12:22:00 - INFO - Epoch 91: Train Loss=0.5094, Val Acc=0.7298, Val Loss=0.5048
2024-06-28 12:22:09 - INFO - Epoch 92 training time: 8.8162
2024-06-28 12:22:10 - INFO - Saved best model at epoch 92
2024-06-28 12:22:10 - INFO - Epoch 92: Train Loss=0.5079, Val Acc=0.7316, Val Loss=0.5033
2024-06-28 12:22:20 - INFO - Epoch 93 training time: 9.3982
2024-06-28 12:22:20 - INFO - Saved best model at epoch 93
2024-06-28 12:22:20 - INFO - Epoch 93: Train Loss=0.5062, Val Acc=0.7307, Val Loss=0.5007
2024-06-28 12:22:29 - INFO - Epoch 94 training time: 8.8660
2024-06-28 12:22:30 - INFO - Saved best model at epoch 94
2024-06-28 12:22:30 - INFO - Epoch 94: Train Loss=0.5031, Val Acc=0.7298, Val Loss=0.5000
2024-06-28 12:22:39 - INFO - Epoch 95 training time: 8.6067
2024-06-28 12:22:40 - INFO - Saved best model at epoch 95
2024-06-28 12:22:40 - INFO - Epoch 95: Train Loss=0.5025, Val Acc=0.7316, Val Loss=0.4981
2024-06-28 12:22:49 - INFO - Epoch 96 training time: 8.7648
2024-06-28 12:22:49 - INFO - Saved best model at epoch 96
2024-06-28 12:22:49 - INFO - Epoch 96: Train Loss=0.5031, Val Acc=0.7289, Val Loss=0.4957
2024-06-28 12:22:59 - INFO - Epoch 97 training time: 9.2660
2024-06-28 12:23:00 - INFO - Saved best model at epoch 97
2024-06-28 12:23:00 - INFO - Epoch 97: Train Loss=0.4986, Val Acc=0.7307, Val Loss=0.4952
2024-06-28 12:23:08 - INFO - Epoch 98 training time: 8.8022
2024-06-28 12:23:09 - INFO - Saved best model at epoch 98
2024-06-28 12:23:09 - INFO - Epoch 98: Train Loss=0.4965, Val Acc=0.7307, Val Loss=0.4921
2024-06-28 12:23:18 - INFO - Epoch 99 training time: 8.5491
2024-06-28 12:23:19 - INFO - Epoch 99: Train Loss=0.4955, Val Acc=0.7298, Val Loss=0.4923
2024-06-28 12:23:27 - INFO - Epoch 100 training time: 8.7327
2024-06-28 12:23:28 - INFO - Epoch 100: Train Loss=0.4919, Val Acc=0.7307, Val Loss=0.4924
2024-06-28 12:23:37 - INFO - Epoch 101 training time: 8.5567
2024-06-28 12:23:38 - INFO - Saved best model at epoch 101
2024-06-28 12:23:38 - INFO - Epoch 101: Train Loss=0.4906, Val Acc=0.7307, Val Loss=0.4852
2024-06-28 12:23:47 - INFO - Epoch 102 training time: 9.1044
2024-06-28 12:23:48 - INFO - Saved best model at epoch 102
2024-06-28 12:23:48 - INFO - Epoch 102: Train Loss=0.4872, Val Acc=0.7353, Val Loss=0.4818
2024-06-28 12:23:58 - INFO - Epoch 103 training time: 10.4002
2024-06-28 12:23:59 - INFO - Saved best model at epoch 103
2024-06-28 12:23:59 - INFO - Epoch 103: Train Loss=0.4828, Val Acc=0.7316, Val Loss=0.4792
2024-06-28 12:24:08 - INFO - Epoch 104 training time: 8.7817
2024-06-28 12:24:09 - INFO - Saved best model at epoch 104
2024-06-28 12:24:09 - INFO - Epoch 104: Train Loss=0.4793, Val Acc=0.7316, Val Loss=0.4778
2024-06-28 12:24:17 - INFO - Epoch 105 training time: 8.7840
2024-06-28 12:24:18 - INFO - Saved best model at epoch 105
2024-06-28 12:24:18 - INFO - Epoch 105: Train Loss=0.4788, Val Acc=0.7362, Val Loss=0.4729
2024-06-28 12:24:27 - INFO - Epoch 106 training time: 9.0736
2024-06-28 12:24:28 - INFO - Saved best model at epoch 106
2024-06-28 12:24:28 - INFO - Epoch 106: Train Loss=0.4735, Val Acc=0.7325, Val Loss=0.4721
2024-06-28 12:24:37 - INFO - Epoch 107 training time: 8.8595
2024-06-28 12:24:38 - INFO - Saved best model at epoch 107
2024-06-28 12:24:38 - INFO - Epoch 107: Train Loss=0.4706, Val Acc=0.7362, Val Loss=0.4675
2024-06-28 12:24:47 - INFO - Epoch 108 training time: 8.8573
2024-06-28 12:24:48 - INFO - Saved best model at epoch 108
2024-06-28 12:24:48 - INFO - Epoch 108: Train Loss=0.4693, Val Acc=0.7307, Val Loss=0.4663
2024-06-28 12:24:57 - INFO - Epoch 109 training time: 8.7454
2024-06-28 12:24:57 - INFO - Saved best model at epoch 109
2024-06-28 12:24:57 - INFO - Epoch 109: Train Loss=0.4651, Val Acc=0.7652, Val Loss=0.4638
2024-06-28 12:25:06 - INFO - Epoch 110 training time: 8.8098
2024-06-28 12:25:07 - INFO - Saved best model at epoch 110
2024-06-28 12:25:07 - INFO - Epoch 110: Train Loss=0.4633, Val Acc=0.7652, Val Loss=0.4601
2024-06-28 12:25:16 - INFO - Epoch 111 training time: 8.7004
2024-06-28 12:25:17 - INFO - Saved best model at epoch 111
2024-06-28 12:25:17 - INFO - Epoch 111: Train Loss=0.4567, Val Acc=0.7697, Val Loss=0.4552
2024-06-28 12:25:26 - INFO - Epoch 112 training time: 8.8118
2024-06-28 12:25:27 - INFO - Saved best model at epoch 112
2024-06-28 12:25:27 - INFO - Epoch 112: Train Loss=0.4525, Val Acc=0.7752, Val Loss=0.4532
2024-06-28 12:25:35 - INFO - Epoch 113 training time: 8.7685
2024-06-28 12:25:36 - INFO - Saved best model at epoch 113
2024-06-28 12:25:36 - INFO - Epoch 113: Train Loss=0.4470, Val Acc=0.7915, Val Loss=0.4500
2024-06-28 12:25:45 - INFO - Epoch 114 training time: 8.7853
2024-06-28 12:25:46 - INFO - Saved best model at epoch 114
2024-06-28 12:25:46 - INFO - Epoch 114: Train Loss=0.4440, Val Acc=0.7987, Val Loss=0.4444
2024-06-28 12:25:55 - INFO - Epoch 115 training time: 8.6210
2024-06-28 12:25:55 - INFO - Saved best model at epoch 115
2024-06-28 12:25:55 - INFO - Epoch 115: Train Loss=0.4420, Val Acc=0.7987, Val Loss=0.4416
2024-06-28 12:26:04 - INFO - Epoch 116 training time: 8.8705
2024-06-28 12:26:05 - INFO - Saved best model at epoch 116
2024-06-28 12:26:05 - INFO - Epoch 116: Train Loss=0.4362, Val Acc=0.7960, Val Loss=0.4390
2024-06-28 12:26:14 - INFO - Epoch 117 training time: 9.0213
2024-06-28 12:26:15 - INFO - Saved best model at epoch 117
2024-06-28 12:26:15 - INFO - Epoch 117: Train Loss=0.4328, Val Acc=0.7933, Val Loss=0.4361
2024-06-28 12:26:24 - INFO - Epoch 118 training time: 9.2771
2024-06-28 12:26:25 - INFO - Saved best model at epoch 118
2024-06-28 12:26:25 - INFO - Epoch 118: Train Loss=0.4295, Val Acc=0.7969, Val Loss=0.4331
2024-06-28 12:26:34 - INFO - Epoch 119 training time: 9.0141
2024-06-28 12:26:35 - INFO - Saved best model at epoch 119
2024-06-28 12:26:35 - INFO - Epoch 119: Train Loss=0.4241, Val Acc=0.7960, Val Loss=0.4308
2024-06-28 12:26:46 - INFO - Epoch 120 training time: 10.7293
2024-06-28 12:26:47 - INFO - Saved best model at epoch 120
2024-06-28 12:26:47 - INFO - Epoch 120: Train Loss=0.4198, Val Acc=0.7951, Val Loss=0.4278
2024-06-28 12:26:58 - INFO - Epoch 121 training time: 10.7838
2024-06-28 12:26:59 - INFO - Epoch 121: Train Loss=0.4171, Val Acc=0.7879, Val Loss=0.4296
2024-06-28 12:27:08 - INFO - Epoch 122 training time: 9.3332
2024-06-28 12:27:09 - INFO - Saved best model at epoch 122
2024-06-28 12:27:09 - INFO - Epoch 122: Train Loss=0.4141, Val Acc=0.7842, Val Loss=0.4233
2024-06-28 12:27:18 - INFO - Epoch 123 training time: 8.8926
2024-06-28 12:27:19 - INFO - Saved best model at epoch 123
2024-06-28 12:27:19 - INFO - Epoch 123: Train Loss=0.4099, Val Acc=0.7851, Val Loss=0.4223
2024-06-28 12:27:27 - INFO - Epoch 124 training time: 8.7421
2024-06-28 12:27:28 - INFO - Saved best model at epoch 124
2024-06-28 12:27:28 - INFO - Epoch 124: Train Loss=0.4089, Val Acc=0.7860, Val Loss=0.4201
2024-06-28 12:27:37 - INFO - Epoch 125 training time: 8.9351
2024-06-28 12:27:38 - INFO - Saved best model at epoch 125
2024-06-28 12:27:38 - INFO - Epoch 125: Train Loss=0.4057, Val Acc=0.7869, Val Loss=0.4189
2024-06-28 12:27:48 - INFO - Epoch 126 training time: 9.2489
2024-06-28 12:27:49 - INFO - Saved best model at epoch 126
2024-06-28 12:27:49 - INFO - Epoch 126: Train Loss=0.3993, Val Acc=0.7906, Val Loss=0.4174
2024-06-28 12:27:58 - INFO - Epoch 127 training time: 9.0289
2024-06-28 12:27:59 - INFO - Saved best model at epoch 127
2024-06-28 12:27:59 - INFO - Epoch 127: Train Loss=0.3986, Val Acc=0.8169, Val Loss=0.4163
2024-06-28 12:28:08 - INFO - Epoch 128 training time: 9.5490
2024-06-28 12:28:09 - INFO - Saved best model at epoch 128
2024-06-28 12:28:09 - INFO - Epoch 128: Train Loss=0.3999, Val Acc=0.7906, Val Loss=0.4159
2024-06-28 12:28:18 - INFO - Epoch 129 training time: 9.0841
2024-06-28 12:28:19 - INFO - Saved best model at epoch 129
2024-06-28 12:28:19 - INFO - Epoch 129: Train Loss=0.3934, Val Acc=0.8196, Val Loss=0.4146
2024-06-28 12:28:28 - INFO - Epoch 130 training time: 8.7297
2024-06-28 12:28:29 - INFO - Saved best model at epoch 130
2024-06-28 12:28:29 - INFO - Epoch 130: Train Loss=0.3913, Val Acc=0.8205, Val Loss=0.4138
2024-06-28 12:28:37 - INFO - Epoch 131 training time: 8.8030
2024-06-28 12:28:38 - INFO - Saved best model at epoch 131
2024-06-28 12:28:38 - INFO - Epoch 131: Train Loss=0.3899, Val Acc=0.8187, Val Loss=0.4137
2024-06-28 12:28:47 - INFO - Epoch 132 training time: 8.5865
2024-06-28 12:28:48 - INFO - Saved best model at epoch 132
2024-06-28 12:28:48 - INFO - Epoch 132: Train Loss=0.3885, Val Acc=0.8205, Val Loss=0.4134
2024-06-28 12:28:58 - INFO - Epoch 133 training time: 10.2193
2024-06-28 12:28:59 - INFO - Saved best model at epoch 133
2024-06-28 12:28:59 - INFO - Epoch 133: Train Loss=0.3857, Val Acc=0.8223, Val Loss=0.4119
2024-06-28 12:29:08 - INFO - Epoch 134 training time: 9.3714
2024-06-28 12:29:09 - INFO - Saved best model at epoch 134
2024-06-28 12:29:09 - INFO - Epoch 134: Train Loss=0.3876, Val Acc=0.8196, Val Loss=0.4117
2024-06-28 12:29:18 - INFO - Epoch 135 training time: 8.6676
2024-06-28 12:29:19 - INFO - Saved best model at epoch 135
2024-06-28 12:29:19 - INFO - Epoch 135: Train Loss=0.3846, Val Acc=0.8214, Val Loss=0.4115
2024-06-28 12:29:27 - INFO - Epoch 136 training time: 8.6255
2024-06-28 12:29:28 - INFO - Saved best model at epoch 136
2024-06-28 12:29:28 - INFO - Epoch 136: Train Loss=0.3847, Val Acc=0.8223, Val Loss=0.4105
2024-06-28 12:29:37 - INFO - Epoch 137 training time: 8.5911
2024-06-28 12:29:38 - INFO - Epoch 137: Train Loss=0.3835, Val Acc=0.8232, Val Loss=0.4115
2024-06-28 12:29:47 - INFO - Epoch 138 training time: 8.8534
2024-06-28 12:29:48 - INFO - Epoch 138: Train Loss=0.3829, Val Acc=0.8187, Val Loss=0.4179
2024-06-28 12:29:56 - INFO - Epoch 139 training time: 8.7990
2024-06-28 12:29:57 - INFO - Epoch 139: Train Loss=0.3814, Val Acc=0.8214, Val Loss=0.4105
2024-06-28 12:30:06 - INFO - Epoch 140 training time: 9.0718
2024-06-28 12:30:07 - INFO - Epoch 140: Train Loss=0.3806, Val Acc=0.8205, Val Loss=0.4192
2024-06-28 12:30:16 - INFO - Epoch 141 training time: 8.8534
2024-06-28 12:30:17 - INFO - Early stopping triggered, epoch 141
2024-06-28 12:30:18 - INFO - Test F1-Score: 0.8444
2024-06-28 12:30:18 - INFO - Test Precision : 0.8466
2024-06-28 12:30:18 - INFO - Test Accuracy: 0.8450
2024-06-28 12:30:18 - INFO - Test Recall: 0.8440
2024-06-28 12:30:18 - INFO - Train Time: 1263.9756
2024-06-28 12:30:19 - INFO - rs= 92
2024-06-28 12:30:30 - INFO - Epoch 1 training time: 11.4055
2024-06-28 12:30:31 - INFO - Saved best model at epoch 1
2024-06-28 12:30:31 - INFO - Epoch 1: Train Loss=0.6935, Val Acc=0.5141, Val Loss=0.6932
2024-06-28 12:30:41 - INFO - Epoch 2 training time: 9.8400
2024-06-28 12:30:42 - INFO - Saved best model at epoch 2
2024-06-28 12:30:42 - INFO - Epoch 2: Train Loss=0.6931, Val Acc=0.5141, Val Loss=0.6929
2024-06-28 12:30:51 - INFO - Epoch 3 training time: 9.2661
2024-06-28 12:30:52 - INFO - Saved best model at epoch 3
2024-06-28 12:30:52 - INFO - Epoch 3: Train Loss=0.6930, Val Acc=0.5141, Val Loss=0.6928
2024-06-28 12:31:02 - INFO - Epoch 4 training time: 9.6263
2024-06-28 12:31:03 - INFO - Epoch 4: Train Loss=0.6929, Val Acc=0.5141, Val Loss=0.6928
2024-06-28 12:31:13 - INFO - Epoch 5 training time: 9.8615
2024-06-28 12:31:14 - INFO - Saved best model at epoch 5
2024-06-28 12:31:14 - INFO - Epoch 5: Train Loss=0.6927, Val Acc=0.5141, Val Loss=0.6927
2024-06-28 12:31:23 - INFO - Epoch 6 training time: 9.7757
2024-06-28 12:31:24 - INFO - Epoch 6: Train Loss=0.6929, Val Acc=0.5141, Val Loss=0.6927
2024-06-28 12:31:34 - INFO - Epoch 7 training time: 9.5936
2024-06-28 12:31:35 - INFO - Epoch 7: Train Loss=0.6928, Val Acc=0.5141, Val Loss=0.6927
2024-06-28 12:31:45 - INFO - Epoch 8 training time: 9.6398
2024-06-28 12:31:45 - INFO - Epoch 8: Train Loss=0.6928, Val Acc=0.5141, Val Loss=0.6927
2024-06-28 12:31:57 - INFO - Epoch 9 training time: 11.0864
2024-06-28 12:31:58 - INFO - Epoch 9: Train Loss=0.6928, Val Acc=0.5141, Val Loss=0.6927
2024-06-28 12:32:07 - INFO - Epoch 10 training time: 9.2548
2024-06-28 12:32:08 - INFO - Early stopping triggered, epoch 10
2024-06-28 12:32:09 - INFO - Test F1-Score: 0.3395
2024-06-28 12:32:09 - INFO - Test Precision : 0.2570
2024-06-28 12:32:09 - INFO - Test Accuracy: 0.5141
2024-06-28 12:32:09 - INFO - Test Recall: 0.5000
2024-06-28 12:32:09 - INFO - Train Time: 99.3497
2024-06-28 12:32:09 - INFO - rs= 10
2024-06-28 12:32:18 - INFO - Epoch 1 training time: 9.0258
2024-06-28 12:32:19 - INFO - Saved best model at epoch 1
2024-06-28 12:32:19 - INFO - Epoch 1: Train Loss=0.6929, Val Acc=0.5141, Val Loss=0.6926
2024-06-28 12:32:28 - INFO - Epoch 2 training time: 8.7786
2024-06-28 12:32:29 - INFO - Saved best model at epoch 2
2024-06-28 12:32:29 - INFO - Epoch 2: Train Loss=0.6911, Val Acc=0.5141, Val Loss=0.6876
2024-06-28 12:32:38 - INFO - Epoch 3 training time: 9.0035
2024-06-28 12:32:39 - INFO - Saved best model at epoch 3
2024-06-28 12:32:39 - INFO - Epoch 3: Train Loss=0.6790, Val Acc=0.5222, Val Loss=0.6649
2024-06-28 12:32:48 - INFO - Epoch 4 training time: 9.2284
2024-06-28 12:32:49 - INFO - Saved best model at epoch 4
2024-06-28 12:32:49 - INFO - Epoch 4: Train Loss=0.6517, Val Acc=0.6718, Val Loss=0.6318
2024-06-28 12:34:18 - INFO - Epoch 5 training time: 89.0090
2024-06-28 12:34:24 - INFO - Saved best model at epoch 5
2024-06-28 12:34:24 - INFO - Epoch 5: Train Loss=0.6147, Val Acc=0.6945, Val Loss=0.5963
2024-06-28 12:35:58 - INFO - Epoch 6 training time: 93.8016
2024-06-28 12:36:05 - INFO - Saved best model at epoch 6
2024-06-28 12:36:05 - INFO - Epoch 6: Train Loss=0.5852, Val Acc=0.6945, Val Loss=0.5792
2024-06-28 12:37:45 - INFO - Epoch 7 training time: 99.8377
2024-06-28 12:37:51 - INFO - Saved best model at epoch 7
2024-06-28 12:37:51 - INFO - Epoch 7: Train Loss=0.5777, Val Acc=0.6899, Val Loss=0.5739
2024-06-28 12:39:37 - INFO - Epoch 8 training time: 105.2824
2024-06-28 12:39:44 - INFO - Saved best model at epoch 8
2024-06-28 12:39:44 - INFO - Epoch 8: Train Loss=0.5746, Val Acc=0.6972, Val Loss=0.5693
2024-06-28 12:41:29 - INFO - Epoch 9 training time: 105.2857
2024-06-28 12:41:36 - INFO - Saved best model at epoch 9
2024-06-28 12:41:36 - INFO - Epoch 9: Train Loss=0.5712, Val Acc=0.6945, Val Loss=0.5676
2024-06-28 12:43:22 - INFO - Epoch 10 training time: 106.3236
2024-06-28 12:43:29 - INFO - Saved best model at epoch 10
2024-06-28 12:43:29 - INFO - Epoch 10: Train Loss=0.5702, Val Acc=0.6954, Val Loss=0.5643
2024-06-28 12:45:16 - INFO - Epoch 11 training time: 106.5295
2024-06-28 12:45:23 - INFO - Saved best model at epoch 11
2024-06-28 12:45:23 - INFO - Epoch 11: Train Loss=0.5683, Val Acc=0.6945, Val Loss=0.5620
2024-06-28 12:47:06 - INFO - Epoch 12 training time: 103.4823
2024-06-28 12:47:13 - INFO - Saved best model at epoch 12
2024-06-28 12:47:13 - INFO - Epoch 12: Train Loss=0.5648, Val Acc=0.6954, Val Loss=0.5582
2024-06-28 12:48:58 - INFO - Epoch 13 training time: 104.9683
2024-06-28 12:49:05 - INFO - Saved best model at epoch 13
2024-06-28 12:49:05 - INFO - Epoch 13: Train Loss=0.5628, Val Acc=0.6972, Val Loss=0.5554
2024-06-28 12:50:51 - INFO - Epoch 14 training time: 105.9399
2024-06-28 12:50:58 - INFO - Saved best model at epoch 14
2024-06-28 12:50:58 - INFO - Epoch 14: Train Loss=0.5568, Val Acc=0.6927, Val Loss=0.5497
2024-06-28 12:52:44 - INFO - Epoch 15 training time: 105.9936
2024-06-28 12:52:51 - INFO - Saved best model at epoch 15
2024-06-28 12:52:51 - INFO - Epoch 15: Train Loss=0.5540, Val Acc=0.6917, Val Loss=0.5444
2024-06-28 12:54:34 - INFO - Epoch 16 training time: 102.9913
2024-06-28 12:54:41 - INFO - Saved best model at epoch 16
2024-06-28 12:54:41 - INFO - Epoch 16: Train Loss=0.5467, Val Acc=0.6936, Val Loss=0.5367
2024-06-28 12:56:25 - INFO - Epoch 17 training time: 104.4823
2024-06-28 12:56:32 - INFO - Saved best model at epoch 17
2024-06-28 12:56:32 - INFO - Epoch 17: Train Loss=0.5392, Val Acc=0.6990, Val Loss=0.5261
2024-06-28 12:58:18 - INFO - Epoch 18 training time: 105.6134
2024-06-28 12:58:25 - INFO - Saved best model at epoch 18
2024-06-28 12:58:25 - INFO - Epoch 18: Train Loss=0.5273, Val Acc=0.7090, Val Loss=0.5119
2024-06-28 13:00:10 - INFO - Epoch 19 training time: 104.8774
2024-06-28 13:00:17 - INFO - Saved best model at epoch 19
2024-06-28 13:00:17 - INFO - Epoch 19: Train Loss=0.5120, Val Acc=0.7117, Val Loss=0.4948
2024-06-28 13:02:01 - INFO - Epoch 20 training time: 104.2164
2024-06-28 13:02:08 - INFO - Saved best model at epoch 20
2024-06-28 13:02:08 - INFO - Epoch 20: Train Loss=0.5017, Val Acc=0.7507, Val Loss=0.4800
2024-06-28 13:03:55 - INFO - Epoch 21 training time: 107.0136
2024-06-28 13:04:02 - INFO - Saved best model at epoch 21
2024-06-28 13:04:02 - INFO - Epoch 21: Train Loss=0.4843, Val Acc=0.7951, Val Loss=0.4635
2024-06-28 13:05:47 - INFO - Epoch 22 training time: 105.3672
2024-06-28 13:05:54 - INFO - Saved best model at epoch 22
2024-06-28 13:05:54 - INFO - Epoch 22: Train Loss=0.4682, Val Acc=0.8114, Val Loss=0.4490
2024-06-28 13:07:40 - INFO - Epoch 23 training time: 105.9074
2024-06-28 13:07:47 - INFO - Saved best model at epoch 23
2024-06-28 13:07:47 - INFO - Epoch 23: Train Loss=0.4551, Val Acc=0.8214, Val Loss=0.4379
2024-06-28 13:09:33 - INFO - Epoch 24 training time: 106.1892
2024-06-28 13:09:42 - INFO - Saved best model at epoch 24
2024-06-28 13:09:42 - INFO - Epoch 24: Train Loss=0.4430, Val Acc=0.8223, Val Loss=0.4250
2024-06-28 13:11:31 - INFO - Epoch 25 training time: 109.6515
2024-06-28 13:11:38 - INFO - Saved best model at epoch 25
2024-06-28 13:11:38 - INFO - Epoch 25: Train Loss=0.4298, Val Acc=0.8205, Val Loss=0.4193
2024-06-28 13:13:32 - INFO - Epoch 26 training time: 113.1550
2024-06-28 13:13:39 - INFO - Saved best model at epoch 26
2024-06-28 13:13:39 - INFO - Epoch 26: Train Loss=0.4247, Val Acc=0.8277, Val Loss=0.4137
2024-06-28 13:15:30 - INFO - Epoch 27 training time: 111.4947
2024-06-28 13:15:37 - INFO - Saved best model at epoch 27
2024-06-28 13:15:37 - INFO - Epoch 27: Train Loss=0.4158, Val Acc=0.8305, Val Loss=0.4060
2024-06-28 13:17:29 - INFO - Epoch 28 training time: 111.3471
2024-06-28 13:17:36 - INFO - Saved best model at epoch 28
2024-06-28 13:17:36 - INFO - Epoch 28: Train Loss=0.4084, Val Acc=0.8341, Val Loss=0.3991
2024-06-28 13:19:34 - INFO - Epoch 29 training time: 117.3634
2024-06-28 13:19:41 - INFO - Saved best model at epoch 29
2024-06-28 13:19:41 - INFO - Epoch 29: Train Loss=0.4058, Val Acc=0.8450, Val Loss=0.3946
