2024-06-25 14:17:25 - INFO - rs= 28
2024-06-25 14:17:34 - INFO - Epoch 1 training time: 8.3760
2024-06-25 14:17:35 - INFO - Saved best model at epoch 1
2024-06-25 14:17:35 - INFO - Epoch 1: Train Loss=0.6982, Val Acc=0.4864, Val Loss=0.6965
2024-06-25 14:17:43 - INFO - Epoch 2 training time: 7.5674
2024-06-25 14:17:44 - INFO - Saved best model at epoch 2
2024-06-25 14:17:44 - INFO - Epoch 2: Train Loss=0.6955, Val Acc=0.4864, Val Loss=0.6945
2024-06-25 14:17:51 - INFO - Epoch 3 training time: 7.4510
2024-06-25 14:17:52 - INFO - Saved best model at epoch 3
2024-06-25 14:17:52 - INFO - Epoch 3: Train Loss=0.6939, Val Acc=0.4864, Val Loss=0.6934
2024-06-25 14:18:00 - INFO - Epoch 4 training time: 7.9490
2024-06-25 14:18:01 - INFO - Saved best model at epoch 4
2024-06-25 14:18:01 - INFO - Epoch 4: Train Loss=0.6932, Val Acc=0.5136, Val Loss=0.6929
2024-06-25 14:18:09 - INFO - Epoch 5 training time: 8.0863
2024-06-25 14:18:10 - INFO - Saved best model at epoch 5
2024-06-25 14:18:10 - INFO - Epoch 5: Train Loss=0.6931, Val Acc=0.5136, Val Loss=0.6928
2024-06-25 14:18:18 - INFO - Epoch 6 training time: 8.4499
2024-06-25 14:18:19 - INFO - Epoch 6: Train Loss=0.6928, Val Acc=0.5136, Val Loss=0.6928
2024-06-25 14:18:27 - INFO - Epoch 7 training time: 7.8084
2024-06-25 14:18:28 - INFO - Epoch 7: Train Loss=0.6927, Val Acc=0.5136, Val Loss=0.6928
2024-06-25 14:18:35 - INFO - Epoch 8 training time: 7.6878
2024-06-25 14:18:36 - INFO - Epoch 8: Train Loss=0.6932, Val Acc=0.5136, Val Loss=0.6928
2024-06-25 14:18:44 - INFO - Epoch 9 training time: 7.7640
2024-06-25 14:18:45 - INFO - Epoch 9: Train Loss=0.6930, Val Acc=0.5136, Val Loss=0.6928
2024-06-25 14:18:53 - INFO - Epoch 10 training time: 7.8983
2024-06-25 14:18:54 - INFO - Early stopping triggered, epoch 10
2024-06-25 14:18:55 - INFO - Test F1-Score: 0.3397
2024-06-25 14:18:55 - INFO - Test Precision : 0.2572
2024-06-25 14:18:55 - INFO - Test Accuracy: 0.5145
2024-06-25 14:18:55 - INFO - Test Recall: 0.5000
2024-06-25 14:18:55 - INFO - Train Time: 79.0380
2024-06-25 14:18:55 - INFO - rs= 11
2024-06-25 14:19:03 - INFO - Epoch 1 training time: 8.1981
2024-06-25 14:19:04 - INFO - Saved best model at epoch 1
2024-06-25 14:19:04 - INFO - Epoch 1: Train Loss=0.6930, Val Acc=0.5136, Val Loss=0.6929
2024-06-25 14:19:12 - INFO - Epoch 2 training time: 7.7147
2024-06-25 14:19:13 - INFO - Saved best model at epoch 2
2024-06-25 14:19:13 - INFO - Epoch 2: Train Loss=0.6928, Val Acc=0.5136, Val Loss=0.6928
2024-06-25 14:19:19 - INFO - Epoch 3 training time: 6.9583
2024-06-25 14:19:20 - INFO - Saved best model at epoch 3
2024-06-25 14:19:20 - INFO - Epoch 3: Train Loss=0.6926, Val Acc=0.5136, Val Loss=0.6924
2024-06-25 14:19:27 - INFO - Epoch 4 training time: 7.0408
2024-06-25 14:19:28 - INFO - Saved best model at epoch 4
2024-06-25 14:19:28 - INFO - Epoch 4: Train Loss=0.6918, Val Acc=0.5136, Val Loss=0.6900
2024-06-25 14:19:35 - INFO - Epoch 5 training time: 6.9415
2024-06-25 14:19:36 - INFO - Saved best model at epoch 5
2024-06-25 14:19:36 - INFO - Epoch 5: Train Loss=0.6853, Val Acc=0.7618, Val Loss=0.6730
2024-06-25 14:19:43 - INFO - Epoch 6 training time: 7.0765
2024-06-25 14:19:44 - INFO - Saved best model at epoch 6
2024-06-25 14:19:44 - INFO - Epoch 6: Train Loss=0.6446, Val Acc=0.8397, Val Loss=0.5860
2024-06-25 14:19:51 - INFO - Epoch 7 training time: 7.0574
2024-06-25 14:19:52 - INFO - Saved best model at epoch 7
2024-06-25 14:19:52 - INFO - Epoch 7: Train Loss=0.5556, Val Acc=0.8424, Val Loss=0.4623
2024-06-25 14:19:59 - INFO - Epoch 8 training time: 7.1438
2024-06-25 14:19:59 - INFO - Saved best model at epoch 8
2024-06-25 14:19:59 - INFO - Epoch 8: Train Loss=0.4705, Val Acc=0.8424, Val Loss=0.4290
2024-06-25 14:20:06 - INFO - Epoch 9 training time: 6.8733
2024-06-25 14:20:07 - INFO - Saved best model at epoch 9
2024-06-25 14:20:07 - INFO - Epoch 9: Train Loss=0.4533, Val Acc=0.8424, Val Loss=0.4167
2024-06-25 14:20:14 - INFO - Epoch 10 training time: 6.9065
2024-06-25 14:20:15 - INFO - Saved best model at epoch 10
2024-06-25 14:20:15 - INFO - Epoch 10: Train Loss=0.4477, Val Acc=0.8424, Val Loss=0.4135
2024-06-25 14:20:22 - INFO - Epoch 11 training time: 7.1200
2024-06-25 14:20:23 - INFO - Saved best model at epoch 11
2024-06-25 14:20:23 - INFO - Epoch 11: Train Loss=0.4472, Val Acc=0.8424, Val Loss=0.4128
2024-06-25 14:20:30 - INFO - Epoch 12 training time: 7.2158
2024-06-25 14:20:31 - INFO - Saved best model at epoch 12
2024-06-25 14:20:31 - INFO - Epoch 12: Train Loss=0.4459, Val Acc=0.8424, Val Loss=0.4125
2024-06-25 14:20:38 - INFO - Epoch 13 training time: 6.9643
2024-06-25 14:20:38 - INFO - Saved best model at epoch 13
2024-06-25 14:20:38 - INFO - Epoch 13: Train Loss=0.4464, Val Acc=0.8424, Val Loss=0.4122
2024-06-25 14:20:46 - INFO - Epoch 14 training time: 7.2148
2024-06-25 14:20:46 - INFO - Epoch 14: Train Loss=0.4476, Val Acc=0.8424, Val Loss=0.4122
2024-06-25 14:20:54 - INFO - Epoch 15 training time: 7.4010
2024-06-25 14:20:55 - INFO - Epoch 15: Train Loss=0.4489, Val Acc=0.8424, Val Loss=0.4124
2024-06-25 14:21:02 - INFO - Epoch 16 training time: 7.0761
2024-06-25 14:21:02 - INFO - Epoch 16: Train Loss=0.4476, Val Acc=0.8424, Val Loss=0.4123
2024-06-25 14:21:10 - INFO - Epoch 17 training time: 7.1915
2024-06-25 14:21:10 - INFO - Epoch 17: Train Loss=0.4475, Val Acc=0.8424, Val Loss=0.4122
2024-06-25 14:21:18 - INFO - Epoch 18 training time: 7.4002
2024-06-25 14:21:19 - INFO - Early stopping triggered, epoch 18
2024-06-25 14:21:20 - INFO - Test F1-Score: 0.8263
2024-06-25 14:21:20 - INFO - Test Precision : 0.8411
2024-06-25 14:21:20 - INFO - Test Accuracy: 0.8288
2024-06-25 14:21:20 - INFO - Test Recall: 0.8260
2024-06-25 14:21:20 - INFO - Train Time: 129.4944
2024-06-25 14:21:20 - INFO - rs= 41
2024-06-25 14:21:27 - INFO - Epoch 1 training time: 7.2886
2024-06-25 14:21:28 - INFO - Saved best model at epoch 1
2024-06-25 14:21:28 - INFO - Epoch 1: Train Loss=0.6929, Val Acc=0.5136, Val Loss=0.6927
2024-06-25 14:21:35 - INFO - Epoch 2 training time: 7.1985
2024-06-25 14:21:36 - INFO - Saved best model at epoch 2
2024-06-25 14:21:36 - INFO - Epoch 2: Train Loss=0.6913, Val Acc=0.5136, Val Loss=0.6886
2024-06-25 14:21:42 - INFO - Epoch 3 training time: 6.7691
2024-06-25 14:21:43 - INFO - Saved best model at epoch 3
2024-06-25 14:21:43 - INFO - Epoch 3: Train Loss=0.6789, Val Acc=0.5136, Val Loss=0.6706
2024-06-25 14:21:50 - INFO - Epoch 4 training time: 6.6760
2024-06-25 14:21:51 - INFO - Saved best model at epoch 4
2024-06-25 14:21:51 - INFO - Epoch 4: Train Loss=0.6615, Val Acc=0.6440, Val Loss=0.6566
2024-06-25 14:21:58 - INFO - Epoch 5 training time: 6.9485
2024-06-25 14:21:58 - INFO - Saved best model at epoch 5
2024-06-25 14:21:58 - INFO - Epoch 5: Train Loss=0.6496, Val Acc=0.6540, Val Loss=0.6427
2024-06-25 14:22:06 - INFO - Epoch 6 training time: 7.8316
2024-06-25 14:22:07 - INFO - Saved best model at epoch 6
2024-06-25 14:22:07 - INFO - Epoch 6: Train Loss=0.6316, Val Acc=0.7980, Val Loss=0.6149
2024-06-25 14:22:14 - INFO - Epoch 7 training time: 7.1404
2024-06-25 14:22:15 - INFO - Saved best model at epoch 7
2024-06-25 14:22:15 - INFO - Epoch 7: Train Loss=0.5929, Val Acc=0.8261, Val Loss=0.5615
2024-06-25 14:22:22 - INFO - Epoch 8 training time: 7.0709
2024-06-25 14:22:23 - INFO - Saved best model at epoch 8
2024-06-25 14:22:23 - INFO - Epoch 8: Train Loss=0.5390, Val Acc=0.8514, Val Loss=0.4999
2024-06-25 14:22:36 - INFO - Epoch 9 training time: 13.3585
2024-06-25 14:22:37 - INFO - Saved best model at epoch 9
2024-06-25 14:22:37 - INFO - Epoch 9: Train Loss=0.4836, Val Acc=0.8560, Val Loss=0.4502
2024-06-25 14:22:46 - INFO - Epoch 10 training time: 9.1187
2024-06-25 14:22:47 - INFO - Saved best model at epoch 10
2024-06-25 14:22:47 - INFO - Epoch 10: Train Loss=0.4445, Val Acc=0.8687, Val Loss=0.4151
2024-06-25 14:22:56 - INFO - Epoch 11 training time: 8.9675
2024-06-25 14:22:57 - INFO - Saved best model at epoch 11
2024-06-25 14:22:57 - INFO - Epoch 11: Train Loss=0.4170, Val Acc=0.8641, Val Loss=0.3922
2024-06-25 14:23:06 - INFO - Epoch 12 training time: 9.2593
2024-06-25 14:23:07 - INFO - Saved best model at epoch 12
2024-06-25 14:23:07 - INFO - Epoch 12: Train Loss=0.3997, Val Acc=0.8623, Val Loss=0.3780
2024-06-25 14:23:16 - INFO - Epoch 13 training time: 8.3255
2024-06-25 14:23:16 - INFO - Saved best model at epoch 13
2024-06-25 14:23:16 - INFO - Epoch 13: Train Loss=0.3886, Val Acc=0.8569, Val Loss=0.3696
2024-06-25 14:23:25 - INFO - Epoch 14 training time: 8.3041
2024-06-25 14:23:26 - INFO - Saved best model at epoch 14
2024-06-25 14:23:26 - INFO - Epoch 14: Train Loss=0.3775, Val Acc=0.8578, Val Loss=0.3632
2024-06-25 14:23:35 - INFO - Epoch 15 training time: 9.1026
2024-06-25 14:23:36 - INFO - Saved best model at epoch 15
2024-06-25 14:23:36 - INFO - Epoch 15: Train Loss=0.3721, Val Acc=0.8668, Val Loss=0.3563
2024-06-25 14:23:45 - INFO - Epoch 16 training time: 8.8154
2024-06-25 14:23:46 - INFO - Saved best model at epoch 16
2024-06-25 14:23:46 - INFO - Epoch 16: Train Loss=0.3668, Val Acc=0.8668, Val Loss=0.3522
2024-06-25 14:23:55 - INFO - Epoch 17 training time: 9.1800
2024-06-25 14:23:56 - INFO - Saved best model at epoch 17
2024-06-25 14:23:56 - INFO - Epoch 17: Train Loss=0.3597, Val Acc=0.8650, Val Loss=0.3490
2024-06-25 14:24:04 - INFO - Epoch 18 training time: 8.7222
2024-06-25 14:24:05 - INFO - Saved best model at epoch 18
2024-06-25 14:24:05 - INFO - Epoch 18: Train Loss=0.3576, Val Acc=0.8641, Val Loss=0.3463
2024-06-25 14:24:14 - INFO - Epoch 19 training time: 8.5824
2024-06-25 14:24:15 - INFO - Saved best model at epoch 19
2024-06-25 14:24:15 - INFO - Epoch 19: Train Loss=0.3540, Val Acc=0.8650, Val Loss=0.3438
2024-06-25 14:24:24 - INFO - Epoch 20 training time: 8.9688
2024-06-25 14:24:25 - INFO - Saved best model at epoch 20
2024-06-25 14:24:25 - INFO - Epoch 20: Train Loss=0.3517, Val Acc=0.8641, Val Loss=0.3424
2024-06-25 14:24:37 - INFO - Epoch 21 training time: 11.7656
2024-06-25 14:24:38 - INFO - Epoch 21: Train Loss=0.3524, Val Acc=0.8596, Val Loss=0.3465
2024-06-25 14:24:48 - INFO - Epoch 22 training time: 10.5978
2024-06-25 14:24:49 - INFO - Saved best model at epoch 22
2024-06-25 14:24:49 - INFO - Epoch 22: Train Loss=0.3457, Val Acc=0.8632, Val Loss=0.3394
2024-06-25 14:25:00 - INFO - Epoch 23 training time: 10.9042
2024-06-25 14:25:01 - INFO - Saved best model at epoch 23
2024-06-25 14:25:01 - INFO - Epoch 23: Train Loss=0.3472, Val Acc=0.8668, Val Loss=0.3389
2024-06-25 14:25:13 - INFO - Epoch 24 training time: 11.4580
2024-06-25 14:25:14 - INFO - Epoch 24: Train Loss=0.3449, Val Acc=0.8668, Val Loss=0.3392
2024-06-25 14:25:25 - INFO - Epoch 25 training time: 11.4027
2024-06-25 14:25:26 - INFO - Saved best model at epoch 25
2024-06-25 14:25:26 - INFO - Epoch 25: Train Loss=0.3433, Val Acc=0.8587, Val Loss=0.3388
2024-06-25 14:25:37 - INFO - Epoch 26 training time: 11.1306
2024-06-25 14:25:38 - INFO - Saved best model at epoch 26
2024-06-25 14:25:38 - INFO - Epoch 26: Train Loss=0.3471, Val Acc=0.8641, Val Loss=0.3372
2024-06-25 14:25:51 - INFO - Epoch 27 training time: 13.2225
2024-06-25 14:25:53 - INFO - Epoch 27: Train Loss=0.3411, Val Acc=0.8659, Val Loss=0.3378
2024-06-25 14:26:03 - INFO - Epoch 28 training time: 10.9471
2024-06-25 14:26:05 - INFO - Saved best model at epoch 28
2024-06-25 14:26:05 - INFO - Epoch 28: Train Loss=0.3414, Val Acc=0.8623, Val Loss=0.3358
2024-06-25 14:26:27 - INFO - Epoch 29 training time: 22.4434
2024-06-25 14:26:28 - INFO - Saved best model at epoch 29
2024-06-25 14:26:28 - INFO - Epoch 29: Train Loss=0.3395, Val Acc=0.8659, Val Loss=0.3355
2024-06-25 14:27:00 - INFO - Epoch 30 training time: 31.8666
2024-06-25 14:27:01 - INFO - Saved best model at epoch 30
2024-06-25 14:27:01 - INFO - Epoch 30: Train Loss=0.3290, Val Acc=0.8687, Val Loss=0.3330
2024-06-25 14:27:10 - INFO - Epoch 31 training time: 8.9698
2024-06-25 14:27:11 - INFO - Saved best model at epoch 31
2024-06-25 14:27:11 - INFO - Epoch 31: Train Loss=0.3263, Val Acc=0.8687, Val Loss=0.3290
2024-06-25 14:27:20 - INFO - Epoch 32 training time: 8.6267
2024-06-25 14:27:20 - INFO - Epoch 32: Train Loss=0.3278, Val Acc=0.8659, Val Loss=0.3317
2024-06-25 14:27:30 - INFO - Epoch 33 training time: 9.1768
2024-06-25 14:27:31 - INFO - Saved best model at epoch 33
2024-06-25 14:27:31 - INFO - Epoch 33: Train Loss=0.3257, Val Acc=0.8705, Val Loss=0.3284
2024-06-25 14:27:43 - INFO - Epoch 34 training time: 12.4404
2024-06-25 14:27:44 - INFO - Saved best model at epoch 34
2024-06-25 14:27:44 - INFO - Epoch 34: Train Loss=0.3243, Val Acc=0.8696, Val Loss=0.3278
2024-06-25 14:27:53 - INFO - Epoch 35 training time: 9.0719
2024-06-25 14:27:54 - INFO - Saved best model at epoch 35
2024-06-25 14:27:54 - INFO - Epoch 35: Train Loss=0.3205, Val Acc=0.8705, Val Loss=0.3268
2024-06-25 14:28:03 - INFO - Epoch 36 training time: 8.8094
2024-06-25 14:28:04 - INFO - Saved best model at epoch 36
2024-06-25 14:28:04 - INFO - Epoch 36: Train Loss=0.3213, Val Acc=0.8723, Val Loss=0.3227
2024-06-25 14:28:13 - INFO - Epoch 37 training time: 8.7630
2024-06-25 14:28:14 - INFO - Saved best model at epoch 37
2024-06-25 14:28:14 - INFO - Epoch 37: Train Loss=0.3104, Val Acc=0.8804, Val Loss=0.3156
2024-06-25 14:28:22 - INFO - Epoch 38 training time: 8.9586
2024-06-25 14:28:23 - INFO - Saved best model at epoch 38
2024-06-25 14:28:23 - INFO - Epoch 38: Train Loss=0.3091, Val Acc=0.8813, Val Loss=0.3147
2024-06-25 14:28:32 - INFO - Epoch 39 training time: 8.4289
2024-06-25 14:28:33 - INFO - Saved best model at epoch 39
2024-06-25 14:28:33 - INFO - Epoch 39: Train Loss=0.3096, Val Acc=0.8813, Val Loss=0.3136
2024-06-25 14:28:41 - INFO - Epoch 40 training time: 8.5952
2024-06-25 14:28:43 - INFO - Saved best model at epoch 40
2024-06-25 14:28:43 - INFO - Epoch 40: Train Loss=0.3074, Val Acc=0.8813, Val Loss=0.3129
2024-06-25 14:28:52 - INFO - Epoch 41 training time: 8.8511
2024-06-25 14:28:52 - INFO - Epoch 41: Train Loss=0.3082, Val Acc=0.8813, Val Loss=0.3140
2024-06-25 14:29:01 - INFO - Epoch 42 training time: 8.5671
2024-06-25 14:29:02 - INFO - Epoch 42: Train Loss=0.3048, Val Acc=0.8795, Val Loss=0.3129
2024-06-25 14:29:12 - INFO - Epoch 43 training time: 9.5937
2024-06-25 14:29:13 - INFO - Saved best model at epoch 43
2024-06-25 14:29:13 - INFO - Epoch 43: Train Loss=0.3056, Val Acc=0.8832, Val Loss=0.3121
2024-06-25 14:29:22 - INFO - Epoch 44 training time: 9.7525
2024-06-25 14:29:23 - INFO - Epoch 44: Train Loss=0.3087, Val Acc=0.8813, Val Loss=0.3144
2024-06-25 14:29:33 - INFO - Epoch 45 training time: 9.6441
2024-06-25 14:29:34 - INFO - Saved best model at epoch 45
2024-06-25 14:29:34 - INFO - Epoch 45: Train Loss=0.3092, Val Acc=0.8822, Val Loss=0.3119
2024-06-25 14:29:43 - INFO - Epoch 46 training time: 9.2098
2024-06-25 14:29:44 - INFO - Epoch 46: Train Loss=0.3049, Val Acc=0.8822, Val Loss=0.3140
2024-06-25 14:29:55 - INFO - Epoch 47 training time: 11.1077
2024-06-25 14:29:56 - INFO - Epoch 47: Train Loss=0.3047, Val Acc=0.8841, Val Loss=0.3122
2024-06-25 14:30:05 - INFO - Epoch 48 training time: 8.4144
2024-06-25 14:30:05 - INFO - Saved best model at epoch 48
2024-06-25 14:30:05 - INFO - Epoch 48: Train Loss=0.3084, Val Acc=0.8832, Val Loss=0.3111
2024-06-25 14:30:14 - INFO - Epoch 49 training time: 8.9802
2024-06-25 14:30:15 - INFO - Epoch 49: Train Loss=0.3042, Val Acc=0.8850, Val Loss=0.3121
2024-06-25 14:30:24 - INFO - Epoch 50 training time: 8.7163
2024-06-25 14:30:25 - INFO - Saved best model at epoch 50
2024-06-25 14:30:25 - INFO - Epoch 50: Train Loss=0.3053, Val Acc=0.8832, Val Loss=0.3101
2024-06-25 14:30:33 - INFO - Epoch 51 training time: 8.5810
2024-06-25 14:30:34 - INFO - Saved best model at epoch 51
2024-06-25 14:30:34 - INFO - Epoch 51: Train Loss=0.3015, Val Acc=0.8859, Val Loss=0.3090
2024-06-25 14:30:43 - INFO - Epoch 52 training time: 8.6704
2024-06-25 14:30:44 - INFO - Saved best model at epoch 52
2024-06-25 14:30:44 - INFO - Epoch 52: Train Loss=0.3003, Val Acc=0.8841, Val Loss=0.3084
2024-06-25 14:30:53 - INFO - Epoch 53 training time: 8.5983
2024-06-25 14:30:53 - INFO - Saved best model at epoch 53
2024-06-25 14:30:53 - INFO - Epoch 53: Train Loss=0.2997, Val Acc=0.8841, Val Loss=0.3065
2024-06-25 14:31:03 - INFO - Epoch 54 training time: 9.6101
2024-06-25 14:31:04 - INFO - Saved best model at epoch 54
2024-06-25 14:31:04 - INFO - Epoch 54: Train Loss=0.2998, Val Acc=0.8813, Val Loss=0.3060
2024-06-25 14:31:13 - INFO - Epoch 55 training time: 8.6212
2024-06-25 14:31:13 - INFO - Epoch 55: Train Loss=0.3005, Val Acc=0.8850, Val Loss=0.3061
2024-06-25 14:31:22 - INFO - Epoch 56 training time: 8.9723
2024-06-25 14:31:23 - INFO - Saved best model at epoch 56
2024-06-25 14:31:23 - INFO - Epoch 56: Train Loss=0.3006, Val Acc=0.8850, Val Loss=0.3058
2024-06-25 14:31:33 - INFO - Epoch 57 training time: 9.3854
2024-06-25 14:31:34 - INFO - Epoch 57: Train Loss=0.2975, Val Acc=0.8850, Val Loss=0.3060
2024-06-25 14:31:43 - INFO - Epoch 58 training time: 9.2047
2024-06-25 14:31:44 - INFO - Saved best model at epoch 58
2024-06-25 14:31:44 - INFO - Epoch 58: Train Loss=0.2974, Val Acc=0.8850, Val Loss=0.3041
2024-06-25 14:31:54 - INFO - Epoch 59 training time: 10.3403
2024-06-25 14:31:55 - INFO - Saved best model at epoch 59
2024-06-25 14:31:55 - INFO - Epoch 59: Train Loss=0.2960, Val Acc=0.8859, Val Loss=0.3039
2024-06-25 14:32:05 - INFO - Epoch 60 training time: 10.1696
2024-06-25 14:32:06 - INFO - Epoch 60: Train Loss=0.2948, Val Acc=0.8859, Val Loss=0.3042
2024-06-25 14:32:16 - INFO - Epoch 61 training time: 10.0940
2024-06-25 14:32:17 - INFO - Epoch 61: Train Loss=0.2986, Val Acc=0.8886, Val Loss=0.3039
2024-06-25 14:32:28 - INFO - Epoch 62 training time: 10.5904
2024-06-25 14:32:29 - INFO - Saved best model at epoch 62
2024-06-25 14:32:29 - INFO - Epoch 62: Train Loss=0.2935, Val Acc=0.8850, Val Loss=0.3037
2024-06-25 14:32:39 - INFO - Epoch 63 training time: 10.3102
2024-06-25 14:32:40 - INFO - Epoch 63: Train Loss=0.2938, Val Acc=0.8877, Val Loss=0.3046
2024-06-25 14:32:51 - INFO - Epoch 64 training time: 10.5728
2024-06-25 14:32:52 - INFO - Saved best model at epoch 64
2024-06-25 14:32:52 - INFO - Epoch 64: Train Loss=0.2954, Val Acc=0.8850, Val Loss=0.3036
2024-06-25 14:33:02 - INFO - Epoch 65 training time: 10.2312
2024-06-25 14:33:03 - INFO - Saved best model at epoch 65
2024-06-25 14:33:03 - INFO - Epoch 65: Train Loss=0.2958, Val Acc=0.8868, Val Loss=0.3028
2024-06-25 14:33:13 - INFO - Epoch 66 training time: 9.9112
2024-06-25 14:33:14 - INFO - Saved best model at epoch 66
2024-06-25 14:33:14 - INFO - Epoch 66: Train Loss=0.2947, Val Acc=0.8804, Val Loss=0.3027
2024-06-25 14:33:26 - INFO - Epoch 67 training time: 11.6369
2024-06-25 14:33:27 - INFO - Epoch 67: Train Loss=0.2967, Val Acc=0.8813, Val Loss=0.3027
2024-06-25 14:33:37 - INFO - Epoch 68 training time: 10.5073
2024-06-25 14:33:38 - INFO - Saved best model at epoch 68
2024-06-25 14:33:38 - INFO - Epoch 68: Train Loss=0.2935, Val Acc=0.8859, Val Loss=0.3020
2024-06-25 14:33:48 - INFO - Epoch 69 training time: 9.4820
2024-06-25 14:33:49 - INFO - Saved best model at epoch 69
2024-06-25 14:33:49 - INFO - Epoch 69: Train Loss=0.2934, Val Acc=0.8859, Val Loss=0.2971
2024-06-25 14:34:00 - INFO - Epoch 70 training time: 11.0913
2024-06-25 14:34:01 - INFO - Saved best model at epoch 70
2024-06-25 14:34:01 - INFO - Epoch 70: Train Loss=0.2909, Val Acc=0.8859, Val Loss=0.2935
2024-06-25 14:34:12 - INFO - Epoch 71 training time: 10.9396
2024-06-25 14:34:13 - INFO - Epoch 71: Train Loss=0.2915, Val Acc=0.8850, Val Loss=0.3023
2024-06-25 14:34:24 - INFO - Epoch 72 training time: 10.8694
2024-06-25 14:34:25 - INFO - Epoch 72: Train Loss=0.2969, Val Acc=0.8850, Val Loss=0.2943
2024-06-25 14:34:36 - INFO - Epoch 73 training time: 11.2391
2024-06-25 14:34:37 - INFO - Epoch 73: Train Loss=0.2908, Val Acc=0.8841, Val Loss=0.3020
2024-06-25 14:34:48 - INFO - Epoch 74 training time: 10.7994
2024-06-25 14:34:49 - INFO - Epoch 74: Train Loss=0.2894, Val Acc=0.8841, Val Loss=0.3011
2024-06-25 14:35:00 - INFO - Epoch 75 training time: 11.0709
2024-06-25 14:35:01 - INFO - Early stopping triggered, epoch 75
2024-06-25 14:35:02 - INFO - Test F1-Score: 0.8885
2024-06-25 14:35:02 - INFO - Test Precision : 0.8885
2024-06-25 14:35:02 - INFO - Test Accuracy: 0.8886
2024-06-25 14:35:02 - INFO - Test Recall: 0.8884
2024-06-25 14:35:02 - INFO - Train Time: 749.5433
2024-06-25 14:35:03 - INFO - rs= 55
2024-06-25 14:35:13 - INFO - Epoch 1 training time: 10.0345
2024-06-25 14:35:13 - INFO - Saved best model at epoch 1
2024-06-25 14:35:13 - INFO - Epoch 1: Train Loss=0.6927, Val Acc=0.5136, Val Loss=0.6928
2024-06-25 14:35:21 - INFO - Epoch 2 training time: 7.2206
2024-06-25 14:35:22 - INFO - Saved best model at epoch 2
2024-06-25 14:35:22 - INFO - Epoch 2: Train Loss=0.6928, Val Acc=0.5136, Val Loss=0.6927
2024-06-25 14:35:29 - INFO - Epoch 3 training time: 7.5559
2024-06-25 14:35:30 - INFO - Saved best model at epoch 3
2024-06-25 14:35:30 - INFO - Epoch 3: Train Loss=0.6923, Val Acc=0.5136, Val Loss=0.6917
2024-06-25 14:35:38 - INFO - Epoch 4 training time: 8.1198
2024-06-25 14:35:39 - INFO - Saved best model at epoch 4
2024-06-25 14:35:39 - INFO - Epoch 4: Train Loss=0.6890, Val Acc=0.5752, Val Loss=0.6843
2024-06-25 14:35:50 - INFO - Epoch 5 training time: 11.3264
2024-06-25 14:35:51 - INFO - Saved best model at epoch 5
2024-06-25 14:35:51 - INFO - Epoch 5: Train Loss=0.6687, Val Acc=0.8071, Val Loss=0.6416
2024-06-25 14:36:01 - INFO - Epoch 6 training time: 9.6381
2024-06-25 14:36:02 - INFO - Saved best model at epoch 6
2024-06-25 14:36:02 - INFO - Epoch 6: Train Loss=0.5947, Val Acc=0.8143, Val Loss=0.5375
2024-06-25 14:36:11 - INFO - Epoch 7 training time: 8.9269
2024-06-25 14:36:11 - INFO - Saved best model at epoch 7
2024-06-25 14:36:11 - INFO - Epoch 7: Train Loss=0.4967, Val Acc=0.8152, Val Loss=0.4660
2024-06-25 14:36:21 - INFO - Epoch 8 training time: 9.2486
2024-06-25 14:36:22 - INFO - Saved best model at epoch 8
2024-06-25 14:36:22 - INFO - Epoch 8: Train Loss=0.4597, Val Acc=0.8152, Val Loss=0.4582
2024-06-25 14:36:31 - INFO - Epoch 9 training time: 9.0243
2024-06-25 14:36:32 - INFO - Saved best model at epoch 9
2024-06-25 14:36:32 - INFO - Epoch 9: Train Loss=0.4573, Val Acc=0.8152, Val Loss=0.4574
2024-06-25 14:36:41 - INFO - Epoch 10 training time: 9.2897
2024-06-25 14:36:42 - INFO - Saved best model at epoch 10
2024-06-25 14:36:42 - INFO - Epoch 10: Train Loss=0.4582, Val Acc=0.8152, Val Loss=0.4571
2024-06-25 14:36:52 - INFO - Epoch 11 training time: 9.9889
2024-06-25 14:36:53 - INFO - Saved best model at epoch 11
2024-06-25 14:36:53 - INFO - Epoch 11: Train Loss=0.4579, Val Acc=0.8152, Val Loss=0.4569
2024-06-25 14:37:02 - INFO - Epoch 12 training time: 9.0310
2024-06-25 14:37:03 - INFO - Saved best model at epoch 12
2024-06-25 14:37:03 - INFO - Epoch 12: Train Loss=0.4583, Val Acc=0.8152, Val Loss=0.4568
2024-06-25 14:37:12 - INFO - Epoch 13 training time: 9.2065
2024-06-25 14:37:13 - INFO - Saved best model at epoch 13
2024-06-25 14:37:13 - INFO - Epoch 13: Train Loss=0.4566, Val Acc=0.8152, Val Loss=0.4566
2024-06-25 14:37:22 - INFO - Epoch 14 training time: 9.3098
2024-06-25 14:37:23 - INFO - Epoch 14: Train Loss=0.4575, Val Acc=0.8152, Val Loss=0.4566
2024-06-25 14:37:33 - INFO - Epoch 15 training time: 9.5090
2024-06-25 14:37:34 - INFO - Saved best model at epoch 15
2024-06-25 14:37:34 - INFO - Epoch 15: Train Loss=0.4566, Val Acc=0.8152, Val Loss=0.4563
2024-06-25 14:37:43 - INFO - Epoch 16 training time: 9.8402
2024-06-25 14:37:44 - INFO - Epoch 16: Train Loss=0.4566, Val Acc=0.8152, Val Loss=0.4564
2024-06-25 14:37:55 - INFO - Epoch 17 training time: 11.1474
2024-06-25 14:37:57 - INFO - Epoch 17: Train Loss=0.4570, Val Acc=0.8152, Val Loss=0.4567
2024-06-25 14:38:12 - INFO - Epoch 18 training time: 15.5476
2024-06-25 14:38:13 - INFO - Saved best model at epoch 18
2024-06-25 14:38:13 - INFO - Epoch 18: Train Loss=0.4575, Val Acc=0.8152, Val Loss=0.4558
2024-06-25 14:38:24 - INFO - Epoch 19 training time: 10.9515
2024-06-25 14:38:25 - INFO - Epoch 19: Train Loss=0.4575, Val Acc=0.8125, Val Loss=0.4588
2024-06-25 14:38:35 - INFO - Epoch 20 training time: 10.4760
2024-06-25 14:38:36 - INFO - Epoch 20: Train Loss=0.4586, Val Acc=0.8125, Val Loss=0.4574
2024-06-25 14:38:45 - INFO - Epoch 21 training time: 8.9215
2024-06-25 14:38:46 - INFO - Epoch 21: Train Loss=0.4598, Val Acc=0.8125, Val Loss=0.4572
2024-06-25 14:38:58 - INFO - Epoch 22 training time: 12.0761
2024-06-25 14:38:59 - INFO - Epoch 22: Train Loss=0.4598, Val Acc=0.8125, Val Loss=0.4565
2024-06-25 14:39:10 - INFO - Epoch 23 training time: 10.4018
2024-06-25 14:39:10 - INFO - Early stopping triggered, epoch 23
2024-06-25 14:39:11 - INFO - Test F1-Score: 0.8246
2024-06-25 14:39:11 - INFO - Test Precision : 0.8453
2024-06-25 14:39:11 - INFO - Test Accuracy: 0.8279
2024-06-25 14:39:11 - INFO - Test Recall: 0.8246
2024-06-25 14:39:11 - INFO - Train Time: 226.7921
2024-06-25 14:39:12 - INFO - rs= 83
2024-06-25 14:39:22 - INFO - Epoch 1 training time: 9.8239
2024-06-25 14:39:22 - INFO - Saved best model at epoch 1
2024-06-25 14:39:22 - INFO - Epoch 1: Train Loss=0.6947, Val Acc=0.5000, Val Loss=0.6924
2024-06-25 14:39:30 - INFO - Epoch 2 training time: 7.8451
2024-06-25 14:39:31 - INFO - Saved best model at epoch 2
2024-06-25 14:39:31 - INFO - Epoch 2: Train Loss=0.6845, Val Acc=0.5743, Val Loss=0.6762
2024-06-25 14:39:39 - INFO - Epoch 3 training time: 7.6263
2024-06-25 14:39:40 - INFO - Saved best model at epoch 3
2024-06-25 14:39:40 - INFO - Epoch 3: Train Loss=0.6680, Val Acc=0.6241, Val Loss=0.6670
2024-06-25 14:39:47 - INFO - Epoch 4 training time: 7.8011
2024-06-25 14:39:48 - INFO - Saved best model at epoch 4
2024-06-25 14:39:48 - INFO - Epoch 4: Train Loss=0.6588, Val Acc=0.6304, Val Loss=0.6596
2024-06-25 14:39:56 - INFO - Epoch 5 training time: 7.5879
2024-06-25 14:39:57 - INFO - Saved best model at epoch 5
2024-06-25 14:39:57 - INFO - Epoch 5: Train Loss=0.6498, Val Acc=0.6486, Val Loss=0.6497
2024-06-25 14:40:04 - INFO - Epoch 6 training time: 7.7498
2024-06-25 14:40:05 - INFO - Saved best model at epoch 6
2024-06-25 14:40:05 - INFO - Epoch 6: Train Loss=0.6360, Val Acc=0.6957, Val Loss=0.6355
2024-06-25 14:40:13 - INFO - Epoch 7 training time: 7.6985
2024-06-25 14:40:14 - INFO - Saved best model at epoch 7
2024-06-25 14:40:14 - INFO - Epoch 7: Train Loss=0.6121, Val Acc=0.8406, Val Loss=0.5893
2024-06-25 14:40:22 - INFO - Epoch 8 training time: 8.0896
2024-06-25 14:40:23 - INFO - Saved best model at epoch 8
2024-06-25 14:40:23 - INFO - Epoch 8: Train Loss=0.5567, Val Acc=0.8469, Val Loss=0.5168
2024-06-25 14:40:30 - INFO - Epoch 9 training time: 7.6595
2024-06-25 14:40:31 - INFO - Saved best model at epoch 9
2024-06-25 14:40:31 - INFO - Epoch 9: Train Loss=0.4902, Val Acc=0.8542, Val Loss=0.4529
2024-06-25 14:40:39 - INFO - Epoch 10 training time: 7.6068
2024-06-25 14:40:40 - INFO - Saved best model at epoch 10
2024-06-25 14:40:40 - INFO - Epoch 10: Train Loss=0.4397, Val Acc=0.8542, Val Loss=0.4120
2024-06-25 14:40:47 - INFO - Epoch 11 training time: 7.5900
2024-06-25 14:40:48 - INFO - Saved best model at epoch 11
2024-06-25 14:40:48 - INFO - Epoch 11: Train Loss=0.4069, Val Acc=0.8551, Val Loss=0.3869
2024-06-25 14:40:56 - INFO - Epoch 12 training time: 7.8826
2024-06-25 14:40:57 - INFO - Saved best model at epoch 12
2024-06-25 14:40:57 - INFO - Epoch 12: Train Loss=0.3882, Val Acc=0.8542, Val Loss=0.3731
2024-06-25 14:41:04 - INFO - Epoch 13 training time: 7.6101
2024-06-25 14:41:05 - INFO - Saved best model at epoch 13
2024-06-25 14:41:05 - INFO - Epoch 13: Train Loss=0.3747, Val Acc=0.8623, Val Loss=0.3645
2024-06-25 14:41:13 - INFO - Epoch 14 training time: 7.7079
2024-06-25 14:41:14 - INFO - Saved best model at epoch 14
2024-06-25 14:41:14 - INFO - Epoch 14: Train Loss=0.3694, Val Acc=0.8641, Val Loss=0.3554
2024-06-25 14:41:22 - INFO - Epoch 15 training time: 7.6432
2024-06-25 14:41:22 - INFO - Saved best model at epoch 15
2024-06-25 14:41:22 - INFO - Epoch 15: Train Loss=0.3609, Val Acc=0.8605, Val Loss=0.3503
2024-06-25 14:41:30 - INFO - Epoch 16 training time: 7.7195
2024-06-25 14:41:31 - INFO - Saved best model at epoch 16
2024-06-25 14:41:31 - INFO - Epoch 16: Train Loss=0.3557, Val Acc=0.8596, Val Loss=0.3464
2024-06-25 14:41:38 - INFO - Epoch 17 training time: 6.9112
2024-06-25 14:41:39 - INFO - Saved best model at epoch 17
2024-06-25 14:41:39 - INFO - Epoch 17: Train Loss=0.3496, Val Acc=0.8596, Val Loss=0.3429
2024-06-25 14:42:43 - INFO - Epoch 18 training time: 64.6038
2024-06-25 14:42:47 - INFO - Epoch 18: Train Loss=0.3518, Val Acc=0.8578, Val Loss=0.3431
2024-06-25 14:43:59 - INFO - Epoch 19 training time: 72.0871
2024-06-25 14:44:04 - INFO - Saved best model at epoch 19
2024-06-25 14:44:04 - INFO - Epoch 19: Train Loss=0.3471, Val Acc=0.8641, Val Loss=0.3388
2024-06-25 14:45:16 - INFO - Epoch 20 training time: 72.2358
2024-06-25 14:45:21 - INFO - Saved best model at epoch 20
2024-06-25 14:45:21 - INFO - Epoch 20: Train Loss=0.3449, Val Acc=0.8632, Val Loss=0.3376
2024-06-25 14:46:34 - INFO - Epoch 21 training time: 72.9504
2024-06-25 14:46:38 - INFO - Saved best model at epoch 21
2024-06-25 14:46:38 - INFO - Epoch 21: Train Loss=0.3439, Val Acc=0.8623, Val Loss=0.3372
2024-06-25 14:47:50 - INFO - Epoch 22 training time: 72.2194
2024-06-25 14:47:55 - INFO - Epoch 22: Train Loss=0.3451, Val Acc=0.8605, Val Loss=0.3394
2024-06-25 14:49:08 - INFO - Epoch 23 training time: 73.1596
2024-06-25 14:49:12 - INFO - Saved best model at epoch 23
2024-06-25 14:49:12 - INFO - Epoch 23: Train Loss=0.3452, Val Acc=0.8659, Val Loss=0.3367
2024-06-25 14:50:23 - INFO - Epoch 24 training time: 70.8603
2024-06-25 14:50:28 - INFO - Saved best model at epoch 24
2024-06-25 14:50:28 - INFO - Epoch 24: Train Loss=0.3395, Val Acc=0.8668, Val Loss=0.3366
2024-06-25 14:51:38 - INFO - Epoch 25 training time: 70.2978
2024-06-25 14:51:42 - INFO - Saved best model at epoch 25
2024-06-25 14:51:42 - INFO - Epoch 25: Train Loss=0.3403, Val Acc=0.8641, Val Loss=0.3359
2024-06-25 14:52:54 - INFO - Epoch 26 training time: 71.3898
2024-06-25 14:52:58 - INFO - Epoch 26: Train Loss=0.3405, Val Acc=0.8650, Val Loss=0.3360
2024-06-25 14:54:08 - INFO - Epoch 27 training time: 70.2779
2024-06-25 14:54:13 - INFO - Saved best model at epoch 27
2024-06-25 14:54:13 - INFO - Epoch 27: Train Loss=0.3409, Val Acc=0.8659, Val Loss=0.3351
2024-06-25 14:55:25 - INFO - Epoch 28 training time: 71.9725
2024-06-25 14:55:29 - INFO - Epoch 28: Train Loss=0.3407, Val Acc=0.8668, Val Loss=0.3354
2024-06-25 14:56:38 - INFO - Epoch 29 training time: 68.6781
2024-06-25 14:56:42 - INFO - Epoch 29: Train Loss=0.3408, Val Acc=0.8659, Val Loss=0.3352
2024-06-25 14:57:53 - INFO - Epoch 30 training time: 70.9507
2024-06-25 14:57:57 - INFO - Saved best model at epoch 30
2024-06-25 14:57:57 - INFO - Epoch 30: Train Loss=0.3435, Val Acc=0.8659, Val Loss=0.3345
2024-06-25 14:59:08 - INFO - Epoch 31 training time: 70.4605
2024-06-25 14:59:12 - INFO - Epoch 31: Train Loss=0.3397, Val Acc=0.8632, Val Loss=0.3371
2024-06-25 15:00:16 - INFO - Epoch 32 training time: 64.4426
2024-06-25 15:00:20 - INFO - Saved best model at epoch 32
2024-06-25 15:00:20 - INFO - Epoch 32: Train Loss=0.3409, Val Acc=0.8632, Val Loss=0.3341
2024-06-25 15:01:28 - INFO - Epoch 33 training time: 67.3409
2024-06-25 15:01:32 - INFO - Epoch 33: Train Loss=0.3373, Val Acc=0.8650, Val Loss=0.3345
2024-06-25 15:02:42 - INFO - Epoch 34 training time: 70.5749
2024-06-25 15:02:47 - INFO - Saved best model at epoch 34
2024-06-25 15:02:47 - INFO - Epoch 34: Train Loss=0.3385, Val Acc=0.8641, Val Loss=0.3335
2024-06-25 15:03:55 - INFO - Epoch 35 training time: 68.3232
2024-06-25 15:03:59 - INFO - Epoch 35: Train Loss=0.3381, Val Acc=0.8623, Val Loss=0.3374
2024-06-25 15:05:09 - INFO - Epoch 36 training time: 70.2301
2024-06-25 15:05:14 - INFO - Epoch 36: Train Loss=0.3398, Val Acc=0.8623, Val Loss=0.3376
2024-06-25 15:06:25 - INFO - Epoch 37 training time: 71.1832
2024-06-25 15:06:29 - INFO - Saved best model at epoch 37
2024-06-25 15:06:29 - INFO - Epoch 37: Train Loss=0.3396, Val Acc=0.8668, Val Loss=0.3331
2024-06-25 15:07:36 - INFO - Epoch 38 training time: 66.5746
2024-06-25 15:07:40 - INFO - Saved best model at epoch 38
2024-06-25 15:07:40 - INFO - Epoch 38: Train Loss=0.3370, Val Acc=0.8668, Val Loss=0.3330
2024-06-25 15:08:52 - INFO - Epoch 39 training time: 71.4227
2024-06-25 15:08:56 - INFO - Epoch 39: Train Loss=0.3400, Val Acc=0.8542, Val Loss=0.3405
2024-06-25 15:10:01 - INFO - Epoch 40 training time: 65.0572
2024-06-25 15:10:05 - INFO - Saved best model at epoch 40
2024-06-25 15:10:05 - INFO - Epoch 40: Train Loss=0.3366, Val Acc=0.8641, Val Loss=0.3327
2024-06-25 15:11:12 - INFO - Epoch 41 training time: 66.1468
2024-06-25 15:11:16 - INFO - Saved best model at epoch 41
2024-06-25 15:11:16 - INFO - Epoch 41: Train Loss=0.3389, Val Acc=0.8659, Val Loss=0.3323
2024-06-25 15:12:24 - INFO - Epoch 42 training time: 68.4970
2024-06-25 15:12:28 - INFO - Saved best model at epoch 42
2024-06-25 15:12:28 - INFO - Epoch 42: Train Loss=0.3377, Val Acc=0.8641, Val Loss=0.3321
2024-06-25 15:13:35 - INFO - Epoch 43 training time: 66.7518
2024-06-25 15:13:39 - INFO - Epoch 43: Train Loss=0.3388, Val Acc=0.8641, Val Loss=0.3324
2024-06-25 15:14:45 - INFO - Epoch 44 training time: 65.6033
2024-06-25 15:14:49 - INFO - Saved best model at epoch 44
2024-06-25 15:14:49 - INFO - Epoch 44: Train Loss=0.3353, Val Acc=0.8668, Val Loss=0.3316
2024-06-25 15:15:55 - INFO - Epoch 45 training time: 66.7158
2024-06-25 15:15:59 - INFO - Epoch 45: Train Loss=0.3345, Val Acc=0.8650, Val Loss=0.3327
2024-06-25 15:17:05 - INFO - Epoch 46 training time: 65.6004
2024-06-25 15:17:09 - INFO - Epoch 46: Train Loss=0.3363, Val Acc=0.8650, Val Loss=0.3322
2024-06-25 15:18:15 - INFO - Epoch 47 training time: 66.2979
2024-06-25 15:18:19 - INFO - Saved best model at epoch 47
2024-06-25 15:18:19 - INFO - Epoch 47: Train Loss=0.3339, Val Acc=0.8659, Val Loss=0.3312
2024-06-25 15:19:24 - INFO - Epoch 48 training time: 64.8263
2024-06-25 15:19:28 - INFO - Saved best model at epoch 48
2024-06-25 15:19:28 - INFO - Epoch 48: Train Loss=0.3365, Val Acc=0.8659, Val Loss=0.3310
2024-06-25 15:20:34 - INFO - Epoch 49 training time: 66.2275
2024-06-25 15:20:38 - INFO - Saved best model at epoch 49
2024-06-25 15:20:38 - INFO - Epoch 49: Train Loss=0.3371, Val Acc=0.8659, Val Loss=0.3308
2024-06-25 15:21:44 - INFO - Epoch 50 training time: 66.6177
2024-06-25 15:21:48 - INFO - Saved best model at epoch 50
2024-06-25 15:21:48 - INFO - Epoch 50: Train Loss=0.3352, Val Acc=0.8668, Val Loss=0.3307
2024-06-25 15:22:54 - INFO - Epoch 51 training time: 65.3646
2024-06-25 15:22:58 - INFO - Epoch 51: Train Loss=0.3363, Val Acc=0.8641, Val Loss=0.3309
2024-06-25 15:24:04 - INFO - Epoch 52 training time: 66.3337
2024-06-25 15:24:08 - INFO - Saved best model at epoch 52
2024-06-25 15:24:08 - INFO - Epoch 52: Train Loss=0.3373, Val Acc=0.8668, Val Loss=0.3303
2024-06-25 15:25:14 - INFO - Epoch 53 training time: 65.8608
2024-06-25 15:25:18 - INFO - Epoch 53: Train Loss=0.3339, Val Acc=0.8632, Val Loss=0.3342
2024-06-25 15:26:28 - INFO - Epoch 54 training time: 69.7979
2024-06-25 15:26:32 - INFO - Epoch 54: Train Loss=0.3335, Val Acc=0.8659, Val Loss=0.3317
2024-06-25 15:27:40 - INFO - Epoch 55 training time: 67.5302
2024-06-25 15:27:44 - INFO - Saved best model at epoch 55
2024-06-25 15:27:44 - INFO - Epoch 55: Train Loss=0.3371, Val Acc=0.8659, Val Loss=0.3301
2024-06-25 15:28:52 - INFO - Epoch 56 training time: 68.2162
2024-06-25 15:28:56 - INFO - Epoch 56: Train Loss=0.3327, Val Acc=0.8641, Val Loss=0.3306
2024-06-25 15:30:05 - INFO - Epoch 57 training time: 68.7018
2024-06-25 15:30:09 - INFO - Epoch 57: Train Loss=0.3328, Val Acc=0.8641, Val Loss=0.3321
2024-06-25 15:31:14 - INFO - Epoch 58 training time: 65.1125
2024-06-25 15:31:18 - INFO - Saved best model at epoch 58
2024-06-25 15:31:18 - INFO - Epoch 58: Train Loss=0.3326, Val Acc=0.8650, Val Loss=0.3298
2024-06-25 15:32:28 - INFO - Epoch 59 training time: 69.2836
2024-06-25 15:32:32 - INFO - Epoch 59: Train Loss=0.3342, Val Acc=0.8650, Val Loss=0.3304
2024-06-25 15:33:40 - INFO - Epoch 60 training time: 68.2326
2024-06-25 15:33:44 - INFO - Epoch 60: Train Loss=0.3337, Val Acc=0.8650, Val Loss=0.3308
2024-06-25 15:34:54 - INFO - Epoch 61 training time: 69.7483
2024-06-25 15:34:58 - INFO - Saved best model at epoch 61
2024-06-25 15:34:58 - INFO - Epoch 61: Train Loss=0.3332, Val Acc=0.8659, Val Loss=0.3288
2024-06-25 15:36:05 - INFO - Epoch 62 training time: 66.9124
2024-06-25 15:36:09 - INFO - Epoch 62: Train Loss=0.3330, Val Acc=0.8659, Val Loss=0.3294
2024-06-25 15:37:16 - INFO - Epoch 63 training time: 66.7477
2024-06-25 15:37:20 - INFO - Epoch 63: Train Loss=0.3331, Val Acc=0.8650, Val Loss=0.3309
2024-06-25 15:38:27 - INFO - Epoch 64 training time: 67.3048
2024-06-25 15:38:31 - INFO - Epoch 64: Train Loss=0.3334, Val Acc=0.8650, Val Loss=0.3288
2024-06-25 15:39:40 - INFO - Epoch 65 training time: 69.2461
2024-06-25 15:39:45 - INFO - Saved best model at epoch 65
2024-06-25 15:39:45 - INFO - Epoch 65: Train Loss=0.3344, Val Acc=0.8650, Val Loss=0.3283
2024-06-25 15:40:55 - INFO - Epoch 66 training time: 70.1757
2024-06-25 15:40:59 - INFO - Epoch 66: Train Loss=0.3316, Val Acc=0.8641, Val Loss=0.3319
2024-06-25 15:42:09 - INFO - Epoch 67 training time: 69.7141
2024-06-25 15:42:13 - INFO - Saved best model at epoch 67
2024-06-25 15:42:13 - INFO - Epoch 67: Train Loss=0.3313, Val Acc=0.8678, Val Loss=0.3280
2024-06-25 15:43:22 - INFO - Epoch 68 training time: 69.4849
2024-06-25 15:43:27 - INFO - Epoch 68: Train Loss=0.3294, Val Acc=0.8650, Val Loss=0.3297
2024-06-25 15:44:36 - INFO - Epoch 69 training time: 69.1228
2024-06-25 15:44:40 - INFO - Saved best model at epoch 69
2024-06-25 15:44:40 - INFO - Epoch 69: Train Loss=0.3334, Val Acc=0.8668, Val Loss=0.3279
2024-06-25 15:45:47 - INFO - Epoch 70 training time: 67.1947
2024-06-25 15:45:51 - INFO - Saved best model at epoch 70
2024-06-25 15:45:51 - INFO - Epoch 70: Train Loss=0.3308, Val Acc=0.8668, Val Loss=0.3271
2024-06-25 15:46:51 - INFO - Epoch 71 training time: 59.7017
2024-06-25 15:46:54 - INFO - Epoch 71: Train Loss=0.3344, Val Acc=0.8596, Val Loss=0.3311
2024-06-25 15:47:53 - INFO - Epoch 72 training time: 58.3401
2024-06-25 15:47:57 - INFO - Saved best model at epoch 72
2024-06-25 15:47:57 - INFO - Epoch 72: Train Loss=0.3332, Val Acc=0.8659, Val Loss=0.3267
2024-06-25 15:48:58 - INFO - Epoch 73 training time: 60.9978
2024-06-25 15:49:01 - INFO - Epoch 73: Train Loss=0.3319, Val Acc=0.8678, Val Loss=0.3269
2024-06-25 15:50:02 - INFO - Epoch 74 training time: 60.9061
2024-06-25 15:50:06 - INFO - Epoch 74: Train Loss=0.3309, Val Acc=0.8650, Val Loss=0.3296
2024-06-25 15:51:07 - INFO - Epoch 75 training time: 61.0850
2024-06-25 15:51:11 - INFO - Saved best model at epoch 75
2024-06-25 15:51:11 - INFO - Epoch 75: Train Loss=0.3323, Val Acc=0.8650, Val Loss=0.3264
2024-06-25 15:52:12 - INFO - Epoch 76 training time: 61.0431
2024-06-25 15:52:16 - INFO - Saved best model at epoch 76
2024-06-25 15:52:16 - INFO - Epoch 76: Train Loss=0.3295, Val Acc=0.8668, Val Loss=0.3262
2024-06-25 15:53:14 - INFO - Epoch 77 training time: 58.8875
2024-06-25 15:53:18 - INFO - Saved best model at epoch 77
2024-06-25 15:53:18 - INFO - Epoch 77: Train Loss=0.3337, Val Acc=0.8668, Val Loss=0.3261
2024-06-25 15:54:17 - INFO - Epoch 78 training time: 58.9227
2024-06-25 15:54:21 - INFO - Saved best model at epoch 78
2024-06-25 15:54:21 - INFO - Epoch 78: Train Loss=0.3300, Val Acc=0.8659, Val Loss=0.3258
2024-06-25 15:55:19 - INFO - Epoch 79 training time: 57.9179
2024-06-25 15:55:22 - INFO - Saved best model at epoch 79
2024-06-25 15:55:22 - INFO - Epoch 79: Train Loss=0.3291, Val Acc=0.8668, Val Loss=0.3254
2024-06-25 15:56:23 - INFO - Epoch 80 training time: 60.2672
2024-06-25 15:56:26 - INFO - Epoch 80: Train Loss=0.3288, Val Acc=0.8650, Val Loss=0.3269
2024-06-25 15:57:28 - INFO - Epoch 81 training time: 61.6427
2024-06-25 15:57:32 - INFO - Saved best model at epoch 81
2024-06-25 15:57:32 - INFO - Epoch 81: Train Loss=0.3318, Val Acc=0.8659, Val Loss=0.3250
2024-06-25 15:58:31 - INFO - Epoch 82 training time: 59.4459
2024-06-25 15:58:35 - INFO - Epoch 82: Train Loss=0.3312, Val Acc=0.8668, Val Loss=0.3252
2024-06-25 15:59:35 - INFO - Epoch 83 training time: 60.3797
2024-06-25 15:59:39 - INFO - Saved best model at epoch 83
2024-06-25 15:59:39 - INFO - Epoch 83: Train Loss=0.3259, Val Acc=0.8659, Val Loss=0.3243
2024-06-25 16:00:41 - INFO - Epoch 84 training time: 62.3207
2024-06-25 16:00:45 - INFO - Epoch 84: Train Loss=0.3274, Val Acc=0.8659, Val Loss=0.3273
2024-06-25 16:01:45 - INFO - Epoch 85 training time: 60.0770
2024-06-25 16:01:49 - INFO - Saved best model at epoch 85
2024-06-25 16:01:49 - INFO - Epoch 85: Train Loss=0.3267, Val Acc=0.8668, Val Loss=0.3238
2024-06-25 16:02:48 - INFO - Epoch 86 training time: 59.4334
2024-06-25 16:02:52 - INFO - Saved best model at epoch 86
2024-06-25 16:02:52 - INFO - Epoch 86: Train Loss=0.3304, Val Acc=0.8668, Val Loss=0.3237
2024-06-25 16:03:53 - INFO - Epoch 87 training time: 60.5855
2024-06-25 16:03:57 - INFO - Saved best model at epoch 87
2024-06-25 16:03:57 - INFO - Epoch 87: Train Loss=0.3263, Val Acc=0.8687, Val Loss=0.3233
2024-06-25 16:05:02 - INFO - Epoch 88 training time: 64.9808
2024-06-25 16:05:08 - INFO - Saved best model at epoch 88
2024-06-25 16:05:08 - INFO - Epoch 88: Train Loss=0.3282, Val Acc=0.8668, Val Loss=0.3227
2024-06-25 16:06:19 - INFO - Epoch 89 training time: 70.8580
2024-06-25 16:06:22 - INFO - Epoch 89: Train Loss=0.3286, Val Acc=0.8668, Val Loss=0.3231
2024-06-25 16:07:41 - INFO - Epoch 90 training time: 78.8485
2024-06-25 16:07:45 - INFO - Epoch 90: Train Loss=0.3275, Val Acc=0.8659, Val Loss=0.3243
2024-06-25 16:09:01 - INFO - Epoch 91 training time: 75.6371
2024-06-25 16:09:05 - INFO - Epoch 91: Train Loss=0.3281, Val Acc=0.8668, Val Loss=0.3244
2024-06-25 16:10:22 - INFO - Epoch 92 training time: 77.5064
2024-06-25 16:10:26 - INFO - Saved best model at epoch 92
2024-06-25 16:10:26 - INFO - Epoch 92: Train Loss=0.3255, Val Acc=0.8687, Val Loss=0.3221
2024-06-25 16:11:46 - INFO - Epoch 93 training time: 80.2416
2024-06-25 16:11:50 - INFO - Epoch 93: Train Loss=0.3245, Val Acc=0.8659, Val Loss=0.3250
2024-06-25 16:13:10 - INFO - Epoch 94 training time: 79.9873
2024-06-25 16:13:14 - INFO - Epoch 94: Train Loss=0.3253, Val Acc=0.8678, Val Loss=0.3223
2024-06-25 16:14:26 - INFO - Epoch 95 training time: 72.1509
2024-06-25 16:14:29 - INFO - Epoch 95: Train Loss=0.3248, Val Acc=0.8668, Val Loss=0.3225
2024-06-25 16:15:42 - INFO - Epoch 96 training time: 73.0927
2024-06-25 16:15:46 - INFO - Saved best model at epoch 96
2024-06-25 16:15:46 - INFO - Epoch 96: Train Loss=0.3249, Val Acc=0.8687, Val Loss=0.3203
2024-06-25 16:16:54 - INFO - Epoch 97 training time: 68.1301
2024-06-25 16:16:58 - INFO - Saved best model at epoch 97
2024-06-25 16:16:58 - INFO - Epoch 97: Train Loss=0.3254, Val Acc=0.8687, Val Loss=0.3200
2024-06-25 16:18:12 - INFO - Epoch 98 training time: 73.9196
2024-06-25 16:18:15 - INFO - Epoch 98: Train Loss=0.3254, Val Acc=0.8605, Val Loss=0.3229
2024-06-25 16:19:27 - INFO - Epoch 99 training time: 71.3597
2024-06-25 16:19:30 - INFO - Epoch 99: Train Loss=0.3250, Val Acc=0.8632, Val Loss=0.3207
2024-06-25 16:20:41 - INFO - Epoch 100 training time: 70.6458
2024-06-25 16:20:44 - INFO - Saved best model at epoch 100
2024-06-25 16:20:44 - INFO - Epoch 100: Train Loss=0.3265, Val Acc=0.8687, Val Loss=0.3189
2024-06-25 16:21:57 - INFO - Epoch 101 training time: 72.7699
2024-06-25 16:22:01 - INFO - Saved best model at epoch 101
2024-06-25 16:22:01 - INFO - Epoch 101: Train Loss=0.3240, Val Acc=0.8678, Val Loss=0.3187
2024-06-25 16:23:22 - INFO - Epoch 102 training time: 80.7509
2024-06-25 16:23:25 - INFO - Saved best model at epoch 102
2024-06-25 16:23:25 - INFO - Epoch 102: Train Loss=0.3222, Val Acc=0.8714, Val Loss=0.3179
2024-06-25 16:24:39 - INFO - Epoch 103 training time: 73.1363
2024-06-25 16:24:42 - INFO - Epoch 103: Train Loss=0.3238, Val Acc=0.8668, Val Loss=0.3242
2024-06-25 16:25:53 - INFO - Epoch 104 training time: 70.2856
2024-06-25 16:25:56 - INFO - Saved best model at epoch 104
2024-06-25 16:25:56 - INFO - Epoch 104: Train Loss=0.3216, Val Acc=0.8705, Val Loss=0.3168
2024-06-25 16:27:10 - INFO - Epoch 105 training time: 74.0718
2024-06-25 16:27:14 - INFO - Epoch 105: Train Loss=0.3228, Val Acc=0.8696, Val Loss=0.3168
2024-06-25 16:28:21 - INFO - Epoch 106 training time: 66.9969
2024-06-25 16:28:24 - INFO - Epoch 106: Train Loss=0.3209, Val Acc=0.8678, Val Loss=0.3169
2024-06-25 16:29:39 - INFO - Epoch 107 training time: 75.0507
2024-06-25 16:29:44 - INFO - Saved best model at epoch 107
2024-06-25 16:29:44 - INFO - Epoch 107: Train Loss=0.3204, Val Acc=0.8705, Val Loss=0.3156
2024-06-25 16:31:04 - INFO - Epoch 108 training time: 80.4287
2024-06-25 16:31:08 - INFO - Epoch 108: Train Loss=0.3217, Val Acc=0.8678, Val Loss=0.3168
2024-06-25 16:32:16 - INFO - Epoch 109 training time: 68.2371
2024-06-25 16:32:19 - INFO - Epoch 109: Train Loss=0.3212, Val Acc=0.8678, Val Loss=0.3161
2024-06-25 16:33:27 - INFO - Epoch 110 training time: 67.4727
2024-06-25 16:33:30 - INFO - Epoch 110: Train Loss=0.3192, Val Acc=0.8668, Val Loss=0.3181
2024-06-25 16:34:38 - INFO - Epoch 111 training time: 67.5190
2024-06-25 16:34:41 - INFO - Saved best model at epoch 111
2024-06-25 16:34:41 - INFO - Epoch 111: Train Loss=0.3175, Val Acc=0.8714, Val Loss=0.3136
2024-06-25 16:35:50 - INFO - Epoch 112 training time: 69.0809
2024-06-25 16:35:53 - INFO - Saved best model at epoch 112
2024-06-25 16:35:53 - INFO - Epoch 112: Train Loss=0.3192, Val Acc=0.8723, Val Loss=0.3131
2024-06-25 16:36:56 - INFO - Epoch 113 training time: 62.4810
2024-06-25 16:36:59 - INFO - Saved best model at epoch 113
2024-06-25 16:36:59 - INFO - Epoch 113: Train Loss=0.3213, Val Acc=0.8723, Val Loss=0.3115
2024-06-25 16:38:05 - INFO - Epoch 114 training time: 65.6656
2024-06-25 16:38:08 - INFO - Saved best model at epoch 114
2024-06-25 16:38:08 - INFO - Epoch 114: Train Loss=0.3169, Val Acc=0.8723, Val Loss=0.3109
2024-06-25 16:39:14 - INFO - Epoch 115 training time: 65.8271
2024-06-25 16:39:17 - INFO - Saved best model at epoch 115
2024-06-25 16:39:17 - INFO - Epoch 115: Train Loss=0.3166, Val Acc=0.8723, Val Loss=0.3107
2024-06-25 16:40:24 - INFO - Epoch 116 training time: 66.3997
2024-06-25 16:40:27 - INFO - Saved best model at epoch 116
2024-06-25 16:40:27 - INFO - Epoch 116: Train Loss=0.3132, Val Acc=0.8723, Val Loss=0.3099
2024-06-25 16:41:32 - INFO - Epoch 117 training time: 65.3935
2024-06-25 16:41:36 - INFO - Saved best model at epoch 117
2024-06-25 16:41:36 - INFO - Epoch 117: Train Loss=0.3123, Val Acc=0.8741, Val Loss=0.3044
2024-06-25 16:42:39 - INFO - Epoch 118 training time: 63.6390
2024-06-25 16:42:43 - INFO - Saved best model at epoch 118
2024-06-25 16:42:43 - INFO - Epoch 118: Train Loss=0.3059, Val Acc=0.8768, Val Loss=0.3024
2024-06-25 16:43:46 - INFO - Epoch 119 training time: 63.5867
2024-06-25 16:43:49 - INFO - Epoch 119: Train Loss=0.3073, Val Acc=0.8723, Val Loss=0.3033
2024-06-25 16:44:52 - INFO - Epoch 120 training time: 62.8535
2024-06-25 16:44:56 - INFO - Epoch 120: Train Loss=0.3061, Val Acc=0.8750, Val Loss=0.3035
2024-06-25 16:45:59 - INFO - Epoch 121 training time: 62.9998
2024-06-25 16:46:02 - INFO - Saved best model at epoch 121
2024-06-25 16:46:02 - INFO - Epoch 121: Train Loss=0.3033, Val Acc=0.8768, Val Loss=0.2975
2024-06-25 16:47:03 - INFO - Epoch 122 training time: 61.2584
2024-06-25 16:47:06 - INFO - Epoch 122: Train Loss=0.3038, Val Acc=0.8750, Val Loss=0.2993
2024-06-25 16:48:08 - INFO - Epoch 123 training time: 61.4244
2024-06-25 16:48:11 - INFO - Epoch 123: Train Loss=0.3019, Val Acc=0.8768, Val Loss=0.2976
2024-06-25 16:49:13 - INFO - Epoch 124 training time: 62.1850
2024-06-25 16:49:16 - INFO - Saved best model at epoch 124
2024-06-25 16:49:16 - INFO - Epoch 124: Train Loss=0.3040, Val Acc=0.8759, Val Loss=0.2968
2024-06-25 16:50:20 - INFO - Epoch 125 training time: 64.0482
2024-06-25 16:50:24 - INFO - Saved best model at epoch 125
2024-06-25 16:50:24 - INFO - Epoch 125: Train Loss=0.3010, Val Acc=0.8768, Val Loss=0.2941
2024-06-25 16:51:27 - INFO - Epoch 126 training time: 63.3845
2024-06-25 16:51:30 - INFO - Saved best model at epoch 126
2024-06-25 16:51:30 - INFO - Epoch 126: Train Loss=0.3023, Val Acc=0.8786, Val Loss=0.2937
2024-06-25 16:52:32 - INFO - Epoch 127 training time: 62.1143
2024-06-25 16:52:35 - INFO - Saved best model at epoch 127
2024-06-25 16:52:35 - INFO - Epoch 127: Train Loss=0.2991, Val Acc=0.8822, Val Loss=0.2869
2024-06-25 16:53:38 - INFO - Epoch 128 training time: 62.5756
2024-06-25 16:53:41 - INFO - Saved best model at epoch 128
2024-06-25 16:53:41 - INFO - Epoch 128: Train Loss=0.2924, Val Acc=0.8850, Val Loss=0.2788
2024-06-25 16:54:43 - INFO - Epoch 129 training time: 62.2699
2024-06-25 16:54:47 - INFO - Saved best model at epoch 129
2024-06-25 16:54:47 - INFO - Epoch 129: Train Loss=0.2875, Val Acc=0.8913, Val Loss=0.2752
2024-06-25 16:55:49 - INFO - Epoch 130 training time: 62.4020
2024-06-25 16:55:52 - INFO - Saved best model at epoch 130
2024-06-25 16:55:52 - INFO - Epoch 130: Train Loss=0.2856, Val Acc=0.8922, Val Loss=0.2695
2024-06-25 16:56:53 - INFO - Epoch 131 training time: 61.1506
2024-06-25 16:56:57 - INFO - Epoch 131: Train Loss=0.2828, Val Acc=0.8949, Val Loss=0.2703
2024-06-25 16:58:00 - INFO - Epoch 132 training time: 63.1082
2024-06-25 16:58:03 - INFO - Saved best model at epoch 132
2024-06-25 16:58:03 - INFO - Epoch 132: Train Loss=0.2793, Val Acc=0.8931, Val Loss=0.2653
2024-06-25 16:59:06 - INFO - Epoch 133 training time: 63.2426
2024-06-25 16:59:09 - INFO - Saved best model at epoch 133
2024-06-25 16:59:09 - INFO - Epoch 133: Train Loss=0.2778, Val Acc=0.8904, Val Loss=0.2650
2024-06-25 17:00:11 - INFO - Epoch 134 training time: 61.6899
2024-06-25 17:00:14 - INFO - Saved best model at epoch 134
2024-06-25 17:00:14 - INFO - Epoch 134: Train Loss=0.2764, Val Acc=0.8931, Val Loss=0.2645
2024-06-25 17:01:17 - INFO - Epoch 135 training time: 62.6978
2024-06-25 17:01:20 - INFO - Epoch 135: Train Loss=0.2761, Val Acc=0.8967, Val Loss=0.2646
2024-06-25 17:02:22 - INFO - Epoch 136 training time: 61.5077
2024-06-25 17:02:25 - INFO - Saved best model at epoch 136
2024-06-25 17:02:25 - INFO - Epoch 136: Train Loss=0.2747, Val Acc=0.8986, Val Loss=0.2636
2024-06-25 17:03:28 - INFO - Epoch 137 training time: 62.9681
2024-06-25 17:03:31 - INFO - Epoch 137: Train Loss=0.2757, Val Acc=0.8986, Val Loss=0.2639
2024-06-25 17:04:35 - INFO - Epoch 138 training time: 63.5339
2024-06-25 17:04:38 - INFO - Saved best model at epoch 138
2024-06-25 17:04:38 - INFO - Epoch 138: Train Loss=0.2749, Val Acc=0.8995, Val Loss=0.2628
2024-06-25 17:05:38 - INFO - Epoch 139 training time: 60.0445
2024-06-25 17:05:41 - INFO - Saved best model at epoch 139
2024-06-25 17:05:41 - INFO - Epoch 139: Train Loss=0.2749, Val Acc=0.8958, Val Loss=0.2613
2024-06-25 17:06:42 - INFO - Epoch 140 training time: 60.6206
2024-06-25 17:06:45 - INFO - Epoch 140: Train Loss=0.2735, Val Acc=0.8995, Val Loss=0.2613
2024-06-25 17:07:49 - INFO - Epoch 141 training time: 64.2308
2024-06-25 17:07:52 - INFO - Saved best model at epoch 141
2024-06-25 17:07:52 - INFO - Epoch 141: Train Loss=0.2694, Val Acc=0.8967, Val Loss=0.2604
2024-06-25 17:08:59 - INFO - Epoch 142 training time: 66.8487
2024-06-25 17:09:03 - INFO - Epoch 142: Train Loss=0.2710, Val Acc=0.8995, Val Loss=0.2611
2024-06-25 17:10:04 - INFO - Epoch 143 training time: 61.0917
2024-06-25 17:10:07 - INFO - Saved best model at epoch 143
2024-06-25 17:10:07 - INFO - Epoch 143: Train Loss=0.2713, Val Acc=0.8967, Val Loss=0.2597
2024-06-25 17:11:07 - INFO - Epoch 144 training time: 60.2713
2024-06-25 17:11:10 - INFO - Epoch 144: Train Loss=0.2720, Val Acc=0.9004, Val Loss=0.2597
2024-06-25 17:12:08 - INFO - Epoch 145 training time: 57.6426
2024-06-25 17:12:11 - INFO - Epoch 145: Train Loss=0.2705, Val Acc=0.8958, Val Loss=0.2624
2024-06-25 17:13:11 - INFO - Epoch 146 training time: 59.9064
2024-06-25 17:13:13 - INFO - Epoch 146: Train Loss=0.2726, Val Acc=0.8967, Val Loss=0.2631
2024-06-25 17:14:04 - INFO - Epoch 147 training time: 50.5815
2024-06-25 17:14:06 - INFO - Epoch 147: Train Loss=0.2754, Val Acc=0.8949, Val Loss=0.2624
2024-06-25 17:14:54 - INFO - Epoch 148 training time: 47.8032
2024-06-25 17:14:56 - INFO - Early stopping triggered, epoch 148
2024-06-25 17:14:59 - INFO - Test F1-Score: 0.8831
2024-06-25 17:14:59 - INFO - Test Precision : 0.8830
2024-06-25 17:14:59 - INFO - Test Accuracy: 0.8832
2024-06-25 17:14:59 - INFO - Test Recall: 0.8832
2024-06-25 17:14:59 - INFO - Train Time: 8837.7765
2024-06-25 17:14:59 - INFO - rs= 71
2024-06-25 17:15:06 - INFO - Epoch 1 training time: 7.1268
2024-06-25 17:15:07 - INFO - Saved best model at epoch 1
2024-06-25 17:15:07 - INFO - Epoch 1: Train Loss=0.6941, Val Acc=0.4864, Val Loss=0.6930
2024-06-25 17:15:14 - INFO - Epoch 2 training time: 6.8896
2024-06-25 17:15:15 - INFO - Saved best model at epoch 2
2024-06-25 17:15:15 - INFO - Epoch 2: Train Loss=0.6926, Val Acc=0.5136, Val Loss=0.6928
2024-06-25 17:15:22 - INFO - Epoch 3 training time: 6.9753
2024-06-25 17:15:23 - INFO - Epoch 3: Train Loss=0.6918, Val Acc=0.5136, Val Loss=0.6930
2024-06-25 17:15:30 - INFO - Epoch 4 training time: 7.1147
2024-06-25 17:15:31 - INFO - Epoch 4: Train Loss=0.6919, Val Acc=0.5136, Val Loss=0.6930
2024-06-25 17:15:38 - INFO - Epoch 5 training time: 7.2640
2024-06-25 17:15:39 - INFO - Saved best model at epoch 5
2024-06-25 17:15:39 - INFO - Epoch 5: Train Loss=0.6928, Val Acc=0.5136, Val Loss=0.6925
2024-06-25 17:15:46 - INFO - Epoch 6 training time: 6.9896
2024-06-25 17:15:46 - INFO - Epoch 6: Train Loss=0.6927, Val Acc=0.5136, Val Loss=0.6928
2024-06-25 17:15:53 - INFO - Epoch 7 training time: 7.0945
2024-06-25 17:15:54 - INFO - Saved best model at epoch 7
2024-06-25 17:15:54 - INFO - Epoch 7: Train Loss=0.6927, Val Acc=0.5136, Val Loss=0.6924
2024-06-25 17:16:01 - INFO - Epoch 8 training time: 7.0647
2024-06-25 17:16:02 - INFO - Saved best model at epoch 8
2024-06-25 17:16:02 - INFO - Epoch 8: Train Loss=0.6900, Val Acc=0.5136, Val Loss=0.6780
2024-06-25 17:16:09 - INFO - Epoch 9 training time: 7.0200
2024-06-25 17:16:10 - INFO - Epoch 9: Train Loss=0.6894, Val Acc=0.5136, Val Loss=0.6907
2024-06-25 17:16:17 - INFO - Epoch 10 training time: 7.2405
2024-06-25 17:16:18 - INFO - Epoch 10: Train Loss=0.6868, Val Acc=0.3623, Val Loss=0.6891
2024-06-25 17:16:25 - INFO - Epoch 11 training time: 7.0579
2024-06-25 17:16:26 - INFO - Epoch 11: Train Loss=0.6807, Val Acc=0.4764, Val Loss=0.6893
2024-06-25 17:16:33 - INFO - Epoch 12 training time: 6.9898
2024-06-25 17:16:34 - INFO - Epoch 12: Train Loss=0.6818, Val Acc=0.4484, Val Loss=0.6951
2024-06-25 17:16:41 - INFO - Epoch 13 training time: 7.3010
2024-06-25 17:16:42 - INFO - Early stopping triggered, epoch 13
2024-06-25 17:16:43 - INFO - Test F1-Score: 0.3397
2024-06-25 17:16:43 - INFO - Test Precision : 0.2572
2024-06-25 17:16:43 - INFO - Test Accuracy: 0.5145
2024-06-25 17:16:43 - INFO - Test Recall: 0.5000
2024-06-25 17:16:43 - INFO - Train Time: 92.1282
2024-06-25 17:16:43 - INFO - rs= 76
2024-06-25 17:16:50 - INFO - Epoch 1 training time: 7.4608
2024-06-25 17:16:51 - INFO - Saved best model at epoch 1
2024-06-25 17:16:51 - INFO - Epoch 1: Train Loss=0.6936, Val Acc=0.4864, Val Loss=0.6933
2024-06-25 17:16:58 - INFO - Epoch 2 training time: 7.1370
2024-06-25 17:16:59 - INFO - Saved best model at epoch 2
2024-06-25 17:16:59 - INFO - Epoch 2: Train Loss=0.6931, Val Acc=0.5136, Val Loss=0.6929
2024-06-25 17:17:06 - INFO - Epoch 3 training time: 7.2996
2024-06-25 17:17:07 - INFO - Saved best model at epoch 3
2024-06-25 17:17:07 - INFO - Epoch 3: Train Loss=0.6928, Val Acc=0.5136, Val Loss=0.6923
2024-06-25 17:17:14 - INFO - Epoch 4 training time: 7.4012
2024-06-25 17:17:15 - INFO - Saved best model at epoch 4
2024-06-25 17:17:15 - INFO - Epoch 4: Train Loss=0.6913, Val Acc=0.5136, Val Loss=0.6887
2024-06-25 17:17:23 - INFO - Epoch 5 training time: 7.5619
2024-06-25 17:17:24 - INFO - Saved best model at epoch 5
2024-06-25 17:17:24 - INFO - Epoch 5: Train Loss=0.6821, Val Acc=0.7899, Val Loss=0.6666
2024-06-25 17:17:31 - INFO - Epoch 6 training time: 7.5132
2024-06-25 17:17:32 - INFO - Saved best model at epoch 6
2024-06-25 17:17:32 - INFO - Epoch 6: Train Loss=0.6392, Val Acc=0.8333, Val Loss=0.5849
2024-06-25 17:17:39 - INFO - Epoch 7 training time: 7.4809
2024-06-25 17:17:40 - INFO - Saved best model at epoch 7
2024-06-25 17:17:40 - INFO - Epoch 7: Train Loss=0.5542, Val Acc=0.8406, Val Loss=0.4838
2024-06-25 17:17:48 - INFO - Epoch 8 training time: 7.3181
2024-06-25 17:17:48 - INFO - Saved best model at epoch 8
2024-06-25 17:17:48 - INFO - Epoch 8: Train Loss=0.4810, Val Acc=0.8406, Val Loss=0.4368
2024-06-25 17:17:56 - INFO - Epoch 9 training time: 7.3489
2024-06-25 17:17:57 - INFO - Saved best model at epoch 9
2024-06-25 17:17:57 - INFO - Epoch 9: Train Loss=0.4866, Val Acc=0.8406, Val Loss=0.4270
2024-06-25 17:18:04 - INFO - Epoch 10 training time: 7.5872
2024-06-25 17:18:05 - INFO - Saved best model at epoch 10
2024-06-25 17:18:05 - INFO - Epoch 10: Train Loss=0.4561, Val Acc=0.8397, Val Loss=0.4225
2024-06-25 17:18:12 - INFO - Epoch 11 training time: 7.4433
2024-06-25 17:18:13 - INFO - Saved best model at epoch 11
2024-06-25 17:18:13 - INFO - Epoch 11: Train Loss=0.4524, Val Acc=0.8397, Val Loss=0.4199
2024-06-25 17:18:21 - INFO - Epoch 12 training time: 7.6148
2024-06-25 17:18:22 - INFO - Saved best model at epoch 12
2024-06-25 17:18:22 - INFO - Epoch 12: Train Loss=0.4501, Val Acc=0.8397, Val Loss=0.4190
2024-06-25 17:18:29 - INFO - Epoch 13 training time: 7.2791
2024-06-25 17:18:30 - INFO - Saved best model at epoch 13
2024-06-25 17:18:30 - INFO - Epoch 13: Train Loss=0.4508, Val Acc=0.8397, Val Loss=0.4186
2024-06-25 17:18:37 - INFO - Epoch 14 training time: 7.3540
2024-06-25 17:18:38 - INFO - Saved best model at epoch 14
2024-06-25 17:18:38 - INFO - Epoch 14: Train Loss=0.4525, Val Acc=0.8397, Val Loss=0.4184
2024-06-25 17:18:45 - INFO - Epoch 15 training time: 7.2208
2024-06-25 17:18:46 - INFO - Saved best model at epoch 15
2024-06-25 17:18:46 - INFO - Epoch 15: Train Loss=0.4523, Val Acc=0.8397, Val Loss=0.4183
2024-06-25 17:18:53 - INFO - Epoch 16 training time: 7.1409
2024-06-25 17:18:54 - INFO - Saved best model at epoch 16
2024-06-25 17:18:54 - INFO - Epoch 16: Train Loss=0.4506, Val Acc=0.8397, Val Loss=0.4182
2024-06-25 17:19:03 - INFO - Epoch 17 training time: 8.9028
2024-06-25 17:19:04 - INFO - Saved best model at epoch 17
2024-06-25 17:19:04 - INFO - Epoch 17: Train Loss=0.4508, Val Acc=0.8397, Val Loss=0.4179
2024-06-25 17:19:12 - INFO - Epoch 18 training time: 8.3867
2024-06-25 17:19:13 - INFO - Epoch 18: Train Loss=0.4504, Val Acc=0.8397, Val Loss=0.4181
2024-06-25 17:19:21 - INFO - Epoch 19 training time: 8.3867
2024-06-25 17:19:22 - INFO - Epoch 19: Train Loss=0.4501, Val Acc=0.8397, Val Loss=0.4179
2024-06-25 17:19:32 - INFO - Epoch 20 training time: 9.8756
2024-06-25 17:19:33 - INFO - Saved best model at epoch 20
2024-06-25 17:19:33 - INFO - Epoch 20: Train Loss=0.4492, Val Acc=0.8397, Val Loss=0.4177
2024-06-25 17:19:42 - INFO - Epoch 21 training time: 9.2679
2024-06-25 17:19:43 - INFO - Epoch 21: Train Loss=0.4499, Val Acc=0.8397, Val Loss=0.4178
2024-06-25 17:19:53 - INFO - Epoch 22 training time: 9.5377
2024-06-25 17:19:54 - INFO - Epoch 22: Train Loss=0.4517, Val Acc=0.8397, Val Loss=0.4179
2024-06-25 17:20:02 - INFO - Epoch 23 training time: 8.0954
2024-06-25 17:20:03 - INFO - Epoch 23: Train Loss=0.4498, Val Acc=0.8397, Val Loss=0.4179
2024-06-25 17:20:11 - INFO - Epoch 24 training time: 8.7427
2024-06-25 17:20:12 - INFO - Epoch 24: Train Loss=0.4849, Val Acc=0.8406, Val Loss=0.4203
2024-06-25 17:20:21 - INFO - Epoch 25 training time: 9.1199
2024-06-25 17:20:22 - INFO - Early stopping triggered, epoch 25
2024-06-25 17:20:23 - INFO - Test F1-Score: 0.8440
2024-06-25 17:20:23 - INFO - Test Precision : 0.8568
2024-06-25 17:20:23 - INFO - Test Accuracy: 0.8460
2024-06-25 17:20:23 - INFO - Test Recall: 0.8435
2024-06-25 17:20:23 - INFO - Train Time: 198.4768
2024-06-25 17:20:23 - INFO - rs= 20
2024-06-25 17:20:31 - INFO - Epoch 1 training time: 7.8037
2024-06-25 17:20:32 - INFO - Saved best model at epoch 1
2024-06-25 17:20:32 - INFO - Epoch 1: Train Loss=0.6922, Val Acc=0.6051, Val Loss=0.6851
2024-06-25 17:20:39 - INFO - Epoch 2 training time: 7.4632
2024-06-25 17:20:40 - INFO - Saved best model at epoch 2
2024-06-25 17:20:40 - INFO - Epoch 2: Train Loss=0.6753, Val Acc=0.5707, Val Loss=0.6597
2024-06-25 17:20:48 - INFO - Epoch 3 training time: 7.4232
2024-06-25 17:20:49 - INFO - Saved best model at epoch 3
2024-06-25 17:20:49 - INFO - Epoch 3: Train Loss=0.6458, Val Acc=0.6676, Val Loss=0.6212
2024-06-25 17:20:56 - INFO - Epoch 4 training time: 7.0540
2024-06-25 17:20:57 - INFO - Saved best model at epoch 4
2024-06-25 17:20:57 - INFO - Epoch 4: Train Loss=0.5922, Val Acc=0.7337, Val Loss=0.5515
2024-06-25 17:21:04 - INFO - Epoch 5 training time: 7.7616
2024-06-25 17:21:05 - INFO - Epoch 5: Train Loss=0.6044, Val Acc=0.4864, Val Loss=0.7201
2024-06-25 17:21:13 - INFO - Epoch 6 training time: 7.6154
2024-06-25 17:21:14 - INFO - Epoch 6: Train Loss=0.7096, Val Acc=0.4864, Val Loss=0.7027
2024-06-25 17:21:21 - INFO - Epoch 7 training time: 7.0881
2024-06-25 17:21:22 - INFO - Epoch 7: Train Loss=0.6995, Val Acc=0.4864, Val Loss=0.6970
2024-06-25 17:21:29 - INFO - Epoch 8 training time: 7.2435
2024-06-25 17:21:30 - INFO - Epoch 8: Train Loss=0.6956, Val Acc=0.4864, Val Loss=0.6946
2024-06-25 17:21:37 - INFO - Epoch 9 training time: 7.4831
2024-06-25 17:21:38 - INFO - Early stopping triggered, epoch 9
2024-06-25 17:21:39 - INFO - Test F1-Score: 0.7176
2024-06-25 17:21:39 - INFO - Test Precision : 0.7290
2024-06-25 17:21:39 - INFO - Test Accuracy: 0.7192
2024-06-25 17:21:39 - INFO - Test Recall: 0.7220
2024-06-25 17:21:39 - INFO - Train Time: 66.9359
2024-06-25 17:21:39 - INFO - rs= 40
2024-06-25 17:21:47 - INFO - Epoch 1 training time: 8.0352
2024-06-25 17:21:48 - INFO - Saved best model at epoch 1
2024-06-25 17:21:48 - INFO - Epoch 1: Train Loss=0.6936, Val Acc=0.4864, Val Loss=0.6932
2024-06-25 17:21:55 - INFO - Epoch 2 training time: 7.0932
2024-06-25 17:21:56 - INFO - Saved best model at epoch 2
2024-06-25 17:21:56 - INFO - Epoch 2: Train Loss=0.6906, Val Acc=0.5136, Val Loss=0.6833
2024-06-25 17:22:03 - INFO - Epoch 3 training time: 7.1939
2024-06-25 17:22:04 - INFO - Saved best model at epoch 3
2024-06-25 17:22:04 - INFO - Epoch 3: Train Loss=0.6726, Val Acc=0.5072, Val Loss=0.6529
2024-06-25 17:22:11 - INFO - Epoch 4 training time: 6.9160
2024-06-25 17:22:11 - INFO - Saved best model at epoch 4
2024-06-25 17:22:11 - INFO - Epoch 4: Train Loss=0.6301, Val Acc=0.6911, Val Loss=0.5921
2024-06-25 17:22:19 - INFO - Epoch 5 training time: 7.1394
2024-06-25 17:22:19 - INFO - Saved best model at epoch 5
2024-06-25 17:22:19 - INFO - Epoch 5: Train Loss=0.5649, Val Acc=0.7391, Val Loss=0.5372
2024-06-25 17:22:26 - INFO - Epoch 6 training time: 7.1339
2024-06-25 17:22:27 - INFO - Epoch 6: Train Loss=0.6660, Val Acc=0.4864, Val Loss=0.7082
2024-06-25 17:22:34 - INFO - Epoch 7 training time: 7.1143
2024-06-25 17:22:35 - INFO - Epoch 7: Train Loss=0.7029, Val Acc=0.4864, Val Loss=0.6995
2024-06-25 17:22:42 - INFO - Epoch 8 training time: 7.3266
2024-06-25 17:22:43 - INFO - Epoch 8: Train Loss=0.6972, Val Acc=0.4864, Val Loss=0.6956
2024-06-25 17:22:51 - INFO - Epoch 9 training time: 7.2367
2024-06-25 17:22:51 - INFO - Epoch 9: Train Loss=0.6946, Val Acc=0.4864, Val Loss=0.6938
2024-06-25 17:22:58 - INFO - Epoch 10 training time: 6.9310
2024-06-25 17:22:59 - INFO - Early stopping triggered, epoch 10
2024-06-25 17:23:00 - INFO - Test F1-Score: 0.7552
2024-06-25 17:23:00 - INFO - Test Precision : 0.7723
2024-06-25 17:23:00 - INFO - Test Accuracy: 0.7572
2024-06-25 17:23:00 - INFO - Test Recall: 0.7605
2024-06-25 17:23:00 - INFO - Train Time: 72.1201
2024-06-25 17:23:00 - INFO - rs= 67
2024-06-25 17:23:07 - INFO - Epoch 1 training time: 7.0995
2024-06-25 17:23:08 - INFO - Saved best model at epoch 1
2024-06-25 17:23:08 - INFO - Epoch 1: Train Loss=0.6939, Val Acc=0.5136, Val Loss=0.6935
2024-06-25 17:23:14 - INFO - Epoch 2 training time: 6.7421
2024-06-25 17:23:15 - INFO - Saved best model at epoch 2
2024-06-25 17:23:15 - INFO - Epoch 2: Train Loss=0.6932, Val Acc=0.5136, Val Loss=0.6931
2024-06-25 17:23:22 - INFO - Epoch 3 training time: 7.0132
2024-06-25 17:23:23 - INFO - Saved best model at epoch 3
2024-06-25 17:23:23 - INFO - Epoch 3: Train Loss=0.6929, Val Acc=0.5136, Val Loss=0.6929
2024-06-25 17:23:30 - INFO - Epoch 4 training time: 7.0044
2024-06-25 17:23:31 - INFO - Saved best model at epoch 4
2024-06-25 17:23:31 - INFO - Epoch 4: Train Loss=0.6928, Val Acc=0.5136, Val Loss=0.6927
2024-06-25 17:23:38 - INFO - Epoch 5 training time: 6.9539
2024-06-25 17:23:39 - INFO - Saved best model at epoch 5
2024-06-25 17:23:39 - INFO - Epoch 5: Train Loss=0.6927, Val Acc=0.5127, Val Loss=0.6926
2024-06-25 17:23:46 - INFO - Epoch 6 training time: 7.1186
2024-06-25 17:23:46 - INFO - Saved best model at epoch 6
2024-06-25 17:23:46 - INFO - Epoch 6: Train Loss=0.6924, Val Acc=0.5109, Val Loss=0.6925
2024-06-25 17:23:54 - INFO - Epoch 7 training time: 7.1538
2024-06-25 17:23:54 - INFO - Saved best model at epoch 7
2024-06-25 17:23:54 - INFO - Epoch 7: Train Loss=0.6924, Val Acc=0.5118, Val Loss=0.6923
2024-06-25 17:24:01 - INFO - Epoch 8 training time: 6.9104
2024-06-25 17:24:02 - INFO - Saved best model at epoch 8
2024-06-25 17:24:02 - INFO - Epoch 8: Train Loss=0.6922, Val Acc=0.5118, Val Loss=0.6920
2024-06-25 17:24:09 - INFO - Epoch 9 training time: 6.9220
2024-06-25 17:24:10 - INFO - Saved best model at epoch 9
2024-06-25 17:24:10 - INFO - Epoch 9: Train Loss=0.6914, Val Acc=0.5154, Val Loss=0.6839
2024-06-25 17:24:17 - INFO - Epoch 10 training time: 7.1147
2024-06-25 17:24:18 - INFO - Saved best model at epoch 10
2024-06-25 17:24:18 - INFO - Epoch 10: Train Loss=0.6364, Val Acc=0.7292, Val Loss=0.5499
2024-06-25 17:24:25 - INFO - Epoch 11 training time: 6.9458
2024-06-25 17:24:25 - INFO - Saved best model at epoch 11
2024-06-25 17:24:25 - INFO - Epoch 11: Train Loss=0.5183, Val Acc=0.7437, Val Loss=0.4975
2024-06-25 17:24:32 - INFO - Epoch 12 training time: 6.9953
2024-06-25 17:24:33 - INFO - Epoch 12: Train Loss=0.5325, Val Acc=0.5145, Val Loss=0.7421
2024-06-25 17:24:40 - INFO - Epoch 13 training time: 6.8627
2024-06-25 17:24:41 - INFO - Epoch 13: Train Loss=0.6968, Val Acc=0.5661, Val Loss=0.6807
2024-06-25 17:24:48 - INFO - Epoch 14 training time: 7.1007
2024-06-25 17:24:49 - INFO - Epoch 14: Train Loss=0.6789, Val Acc=0.5743, Val Loss=0.6704
2024-06-25 17:24:56 - INFO - Epoch 15 training time: 7.0485
2024-06-25 17:24:56 - INFO - Saved best model at epoch 15
2024-06-25 17:24:56 - INFO - Epoch 15: Train Loss=0.5735, Val Acc=0.7717, Val Loss=0.4769
2024-06-25 17:25:04 - INFO - Epoch 16 training time: 7.1386
2024-06-25 17:25:04 - INFO - Epoch 16: Train Loss=0.6624, Val Acc=0.5679, Val Loss=0.6770
2024-06-25 17:25:11 - INFO - Epoch 17 training time: 6.9321
2024-06-25 17:25:12 - INFO - Epoch 17: Train Loss=0.6733, Val Acc=0.5788, Val Loss=0.6650
2024-06-25 17:25:21 - INFO - Epoch 18 training time: 8.5950
2024-06-25 17:25:22 - INFO - Saved best model at epoch 18
2024-06-25 17:25:22 - INFO - Epoch 18: Train Loss=0.5678, Val Acc=0.7681, Val Loss=0.4657
2024-06-25 17:25:31 - INFO - Epoch 19 training time: 9.3388
2024-06-25 17:25:32 - INFO - Epoch 19: Train Loss=0.6661, Val Acc=0.5661, Val Loss=0.6729
2024-06-25 17:25:43 - INFO - Epoch 20 training time: 11.5531
2024-06-25 17:25:44 - INFO - Epoch 20: Train Loss=0.6732, Val Acc=0.5752, Val Loss=0.6691
2024-06-25 17:25:54 - INFO - Epoch 21 training time: 9.9804
2024-06-25 17:25:55 - INFO - Epoch 21: Train Loss=0.6664, Val Acc=0.5888, Val Loss=0.6571
2024-06-25 17:26:04 - INFO - Epoch 22 training time: 8.9228
2024-06-25 17:26:05 - INFO - Saved best model at epoch 22
2024-06-25 17:26:05 - INFO - Epoch 22: Train Loss=0.6029, Val Acc=0.8188, Val Loss=0.4637
2024-06-25 17:26:14 - INFO - Epoch 23 training time: 9.3261
2024-06-25 17:26:15 - INFO - Epoch 23: Train Loss=0.6135, Val Acc=0.5716, Val Loss=0.6623
2024-06-25 17:26:25 - INFO - Epoch 24 training time: 9.9227
2024-06-25 17:26:26 - INFO - Epoch 24: Train Loss=0.6630, Val Acc=0.5897, Val Loss=0.6525
2024-06-25 17:26:35 - INFO - Epoch 25 training time: 9.2762
2024-06-25 17:26:36 - INFO - Epoch 25: Train Loss=0.6550, Val Acc=0.5933, Val Loss=0.6458
2024-06-25 17:26:46 - INFO - Epoch 26 training time: 9.5075
2024-06-25 17:26:47 - INFO - Epoch 26: Train Loss=0.6317, Val Acc=0.8143, Val Loss=0.4747
2024-06-25 17:26:55 - INFO - Epoch 27 training time: 8.3084
2024-06-25 17:26:56 - INFO - Early stopping triggered, epoch 27
2024-06-25 17:26:57 - INFO - Test F1-Score: 0.8264
2024-06-25 17:26:57 - INFO - Test Precision : 0.8406
2024-06-25 17:26:57 - INFO - Test Accuracy: 0.8288
2024-06-25 17:26:57 - INFO - Test Recall: 0.8261
2024-06-25 17:26:57 - INFO - Train Time: 213.7872
