2024-06-30 06:49:59 - INFO - rs= 52
2024-06-30 06:50:07 - INFO - Epoch 1 training time: 8.1740
2024-07-01 14:37:54 - INFO - rs= 64
2024-07-01 14:38:03 - INFO - Epoch 1 training time: 8.0784
2024-07-01 14:38:04 - INFO - Saved best model at epoch 1
2024-07-01 14:38:04 - INFO - Epoch 1: Train Loss=0.6930, Val Acc=0.5136, Val Loss=0.6928
2024-07-01 14:38:12 - INFO - Epoch 2 training time: 7.6610
2024-07-01 14:38:12 - INFO - Saved best model at epoch 2
2024-07-01 14:38:12 - INFO - Epoch 2: Train Loss=0.6927, Val Acc=0.5136, Val Loss=0.6926
2024-07-01 14:38:20 - INFO - Epoch 3 training time: 7.8092
2024-07-01 14:38:21 - INFO - Saved best model at epoch 3
2024-07-01 14:38:21 - INFO - Epoch 3: Train Loss=0.6926, Val Acc=0.5127, Val Loss=0.6923
2024-07-01 14:38:29 - INFO - Epoch 4 training time: 7.7400
2024-07-01 14:38:30 - INFO - Saved best model at epoch 4
2024-07-01 14:38:30 - INFO - Epoch 4: Train Loss=0.6915, Val Acc=0.5444, Val Loss=0.6894
2024-07-01 14:38:37 - INFO - Epoch 5 training time: 7.3835
2024-07-01 14:38:38 - INFO - Saved best model at epoch 5
2024-07-01 14:38:38 - INFO - Epoch 5: Train Loss=0.6836, Val Acc=0.6730, Val Loss=0.6746
2024-07-01 14:38:46 - INFO - Epoch 6 training time: 7.4719
2024-07-01 14:38:46 - INFO - Saved best model at epoch 6
2024-07-01 14:38:46 - INFO - Epoch 6: Train Loss=0.6553, Val Acc=0.7074, Val Loss=0.6343
2024-07-01 14:38:54 - INFO - Epoch 7 training time: 7.5136
2024-07-01 14:38:55 - INFO - Epoch 7: Train Loss=0.6643, Val Acc=0.5761, Val Loss=0.6761
2024-07-01 14:39:02 - INFO - Epoch 8 training time: 7.3924
2024-07-01 14:39:03 - INFO - Saved best model at epoch 8
2024-07-01 14:39:03 - INFO - Epoch 8: Train Loss=0.6216, Val Acc=0.6821, Val Loss=0.5836
2024-07-01 14:39:11 - INFO - Epoch 9 training time: 7.5091
2024-07-01 14:39:11 - INFO - Epoch 9: Train Loss=0.5551, Val Acc=0.7183, Val Loss=0.6053
2024-07-01 14:39:19 - INFO - Epoch 10 training time: 7.4803
2024-07-01 14:39:20 - INFO - Epoch 10: Train Loss=0.5628, Val Acc=0.7147, Val Loss=0.5969
2024-07-01 14:39:28 - INFO - Epoch 11 training time: 7.8087
2024-07-01 14:39:28 - INFO - Epoch 11: Train Loss=0.5561, Val Acc=0.6975, Val Loss=0.5959
2024-07-01 14:39:36 - INFO - Epoch 12 training time: 7.7419
2024-07-01 14:39:37 - INFO - Epoch 12: Train Loss=0.5503, Val Acc=0.6975, Val Loss=0.5996
2024-07-01 14:39:45 - INFO - Epoch 13 training time: 7.7493
2024-07-01 14:39:46 - INFO - Early stopping triggered, epoch 13
2024-07-01 14:39:46 - INFO - Test F1-Score: 0.7196
2024-07-01 14:39:46 - INFO - Test Precision : 0.7298
2024-07-01 14:39:46 - INFO - Test Accuracy: 0.7210
2024-07-01 14:39:46 - INFO - Test Recall: 0.7235
2024-07-01 14:39:46 - INFO - Train Time: 99.3392
2024-07-02 10:47:20 - INFO - rs= 63
2024-07-02 10:47:28 - INFO - Epoch 1 training time: 7.8502
2024-07-02 10:47:29 - INFO - Saved best model at epoch 1
2024-07-02 10:47:29 - INFO - Epoch 1: Train Loss=0.6934, Val Acc=0.5136, Val Loss=0.6931
2024-07-02 10:47:38 - INFO - Epoch 2 training time: 8.8683
2024-07-02 10:47:39 - INFO - Saved best model at epoch 2
2024-07-02 10:47:39 - INFO - Epoch 2: Train Loss=0.6929, Val Acc=0.5136, Val Loss=0.6928
2024-07-02 10:47:47 - INFO - Epoch 3 training time: 8.5815
2024-07-02 10:47:49 - INFO - Saved best model at epoch 3
2024-07-02 10:47:49 - INFO - Epoch 3: Train Loss=0.6926, Val Acc=0.5145, Val Loss=0.6926
2024-07-02 10:47:57 - INFO - Epoch 4 training time: 8.0389
2024-07-02 10:47:57 - INFO - Saved best model at epoch 4
2024-07-02 10:47:57 - INFO - Epoch 4: Train Loss=0.6923, Val Acc=0.5136, Val Loss=0.6924
2024-07-02 10:48:05 - INFO - Epoch 5 training time: 7.1753
2024-07-02 10:48:05 - INFO - Saved best model at epoch 5
2024-07-02 10:48:05 - INFO - Epoch 5: Train Loss=0.6920, Val Acc=0.5027, Val Loss=0.6922
2024-07-02 10:48:13 - INFO - Epoch 6 training time: 7.2479
2024-07-02 10:48:13 - INFO - Saved best model at epoch 6
2024-07-02 10:48:13 - INFO - Epoch 6: Train Loss=0.6915, Val Acc=0.5190, Val Loss=0.6918
2024-07-02 10:48:21 - INFO - Epoch 7 training time: 7.2319
2024-07-02 10:48:22 - INFO - Saved best model at epoch 7
2024-07-02 10:48:22 - INFO - Epoch 7: Train Loss=0.6910, Val Acc=0.5172, Val Loss=0.6913
2024-07-02 10:48:29 - INFO - Epoch 8 training time: 7.3366
2024-07-02 10:48:30 - INFO - Saved best model at epoch 8
2024-07-02 10:48:30 - INFO - Epoch 8: Train Loss=0.6898, Val Acc=0.5317, Val Loss=0.6901
2024-07-02 10:48:37 - INFO - Epoch 9 training time: 7.2758
2024-07-02 10:48:38 - INFO - Saved best model at epoch 9
2024-07-02 10:48:38 - INFO - Epoch 9: Train Loss=0.6875, Val Acc=0.5353, Val Loss=0.6874
2024-07-02 10:48:45 - INFO - Epoch 10 training time: 7.1578
2024-07-02 10:48:46 - INFO - Saved best model at epoch 10
2024-07-02 10:48:46 - INFO - Epoch 10: Train Loss=0.6838, Val Acc=0.5489, Val Loss=0.6826
2024-07-02 10:48:53 - INFO - Epoch 11 training time: 7.3455
2024-07-02 10:48:54 - INFO - Saved best model at epoch 11
2024-07-02 10:48:54 - INFO - Epoch 11: Train Loss=0.6758, Val Acc=0.5453, Val Loss=0.6736
2024-07-02 10:49:01 - INFO - Epoch 12 training time: 7.1959
2024-07-02 10:49:02 - INFO - Saved best model at epoch 12
2024-07-02 10:49:02 - INFO - Epoch 12: Train Loss=0.6625, Val Acc=0.5480, Val Loss=0.6631
2024-07-02 10:49:09 - INFO - Epoch 13 training time: 7.2935
2024-07-02 10:49:10 - INFO - Saved best model at epoch 13
2024-07-02 10:49:10 - INFO - Epoch 13: Train Loss=0.6536, Val Acc=0.5480, Val Loss=0.6593
2024-07-02 10:49:17 - INFO - Epoch 14 training time: 7.2981
2024-07-02 10:49:18 - INFO - Saved best model at epoch 14
2024-07-02 10:49:18 - INFO - Epoch 14: Train Loss=0.6497, Val Acc=0.5489, Val Loss=0.6586
2024-07-02 10:49:25 - INFO - Epoch 15 training time: 7.1613
2024-07-02 10:49:26 - INFO - Saved best model at epoch 15
2024-07-02 10:49:26 - INFO - Epoch 15: Train Loss=0.6474, Val Acc=0.5480, Val Loss=0.6576
2024-07-02 10:49:34 - INFO - Epoch 16 training time: 7.2475
2024-07-02 10:49:34 - INFO - Saved best model at epoch 16
2024-07-02 10:49:34 - INFO - Epoch 16: Train Loss=0.6460, Val Acc=0.6024, Val Loss=0.6372
2024-07-02 10:49:42 - INFO - Epoch 17 training time: 7.1301
2024-07-02 10:49:42 - INFO - Saved best model at epoch 17
2024-07-02 10:49:42 - INFO - Epoch 17: Train Loss=0.6160, Val Acc=0.6694, Val Loss=0.6053
2024-07-02 10:49:50 - INFO - Epoch 18 training time: 7.3456
2024-07-02 10:49:51 - INFO - Saved best model at epoch 18
2024-07-02 10:49:51 - INFO - Epoch 18: Train Loss=0.5974, Val Acc=0.6793, Val Loss=0.5864
2024-07-02 10:49:58 - INFO - Epoch 19 training time: 7.2371
2024-07-02 10:49:59 - INFO - Saved best model at epoch 19
2024-07-02 10:49:59 - INFO - Epoch 19: Train Loss=0.5773, Val Acc=0.6857, Val Loss=0.5616
2024-07-02 10:50:06 - INFO - Epoch 20 training time: 7.0309
2024-07-02 10:50:07 - INFO - Saved best model at epoch 20
2024-07-02 10:50:07 - INFO - Epoch 20: Train Loss=0.5515, Val Acc=0.7120, Val Loss=0.5261
2024-07-02 10:50:14 - INFO - Epoch 21 training time: 7.2696
2024-07-02 10:50:15 - INFO - Saved best model at epoch 21
2024-07-02 10:50:15 - INFO - Epoch 21: Train Loss=0.5066, Val Acc=0.7726, Val Loss=0.4695
2024-07-02 10:50:22 - INFO - Epoch 22 training time: 7.2264
2024-07-02 10:50:23 - INFO - Saved best model at epoch 22
2024-07-02 10:50:23 - INFO - Epoch 22: Train Loss=0.4350, Val Acc=0.8533, Val Loss=0.3746
2024-07-02 10:50:30 - INFO - Epoch 23 training time: 7.4121
2024-07-02 10:50:31 - INFO - Saved best model at epoch 23
2024-07-02 10:50:31 - INFO - Epoch 23: Train Loss=0.3433, Val Acc=0.8705, Val Loss=0.2957
2024-07-02 10:50:39 - INFO - Epoch 24 training time: 7.3368
2024-07-02 10:50:39 - INFO - Saved best model at epoch 24
2024-07-02 10:50:39 - INFO - Epoch 24: Train Loss=0.2923, Val Acc=0.8886, Val Loss=0.2739
2024-07-02 10:50:47 - INFO - Epoch 25 training time: 7.4676
2024-07-02 10:50:48 - INFO - Saved best model at epoch 25
2024-07-02 10:50:48 - INFO - Epoch 25: Train Loss=0.2783, Val Acc=0.8904, Val Loss=0.2708
2024-07-02 10:50:55 - INFO - Epoch 26 training time: 7.5269
2024-07-02 10:50:56 - INFO - Saved best model at epoch 26
2024-07-02 10:50:56 - INFO - Epoch 26: Train Loss=0.2685, Val Acc=0.8904, Val Loss=0.2659
2024-07-02 10:51:04 - INFO - Epoch 27 training time: 7.6404
2024-07-02 10:51:05 - INFO - Saved best model at epoch 27
2024-07-02 10:51:05 - INFO - Epoch 27: Train Loss=0.2667, Val Acc=0.8913, Val Loss=0.2640
2024-07-02 10:51:12 - INFO - Epoch 28 training time: 7.1977
2024-07-02 10:51:13 - INFO - Saved best model at epoch 28
2024-07-02 10:51:13 - INFO - Epoch 28: Train Loss=0.2633, Val Acc=0.8940, Val Loss=0.2625
2024-07-02 10:51:20 - INFO - Epoch 29 training time: 7.3058
2024-07-02 10:51:21 - INFO - Epoch 29: Train Loss=0.2607, Val Acc=0.8940, Val Loss=0.2638
2024-07-02 10:51:28 - INFO - Epoch 30 training time: 7.4178
2024-07-02 10:51:29 - INFO - Saved best model at epoch 30
2024-07-02 10:51:29 - INFO - Epoch 30: Train Loss=0.2605, Val Acc=0.8949, Val Loss=0.2601
2024-07-02 10:51:37 - INFO - Epoch 31 training time: 7.3551
2024-07-02 10:51:37 - INFO - Epoch 31: Train Loss=0.2577, Val Acc=0.8949, Val Loss=0.2603
2024-07-02 10:51:45 - INFO - Epoch 32 training time: 7.7037
2024-07-02 10:51:46 - INFO - Saved best model at epoch 32
2024-07-02 10:51:46 - INFO - Epoch 32: Train Loss=0.2583, Val Acc=0.8922, Val Loss=0.2587
2024-07-02 10:51:53 - INFO - Epoch 33 training time: 7.2441
2024-07-02 10:51:54 - INFO - Epoch 33: Train Loss=0.2539, Val Acc=0.8922, Val Loss=0.2601
2024-07-02 10:52:01 - INFO - Epoch 34 training time: 7.1961
2024-07-02 10:52:02 - INFO - Saved best model at epoch 34
2024-07-02 10:52:02 - INFO - Epoch 34: Train Loss=0.2542, Val Acc=0.8868, Val Loss=0.2582
2024-07-02 10:52:10 - INFO - Epoch 35 training time: 7.4293
2024-07-02 10:52:11 - INFO - Epoch 35: Train Loss=0.2553, Val Acc=0.8922, Val Loss=0.2604
2024-07-02 10:52:18 - INFO - Epoch 36 training time: 7.0923
2024-07-02 10:52:18 - INFO - Saved best model at epoch 36
2024-07-02 10:52:18 - INFO - Epoch 36: Train Loss=0.2531, Val Acc=0.8922, Val Loss=0.2580
2024-07-02 10:52:26 - INFO - Epoch 37 training time: 7.1865
2024-07-02 10:52:27 - INFO - Saved best model at epoch 37
2024-07-02 10:52:27 - INFO - Epoch 37: Train Loss=0.2533, Val Acc=0.8850, Val Loss=0.2570
2024-07-02 10:52:34 - INFO - Epoch 38 training time: 7.4262
2024-07-02 10:52:35 - INFO - Saved best model at epoch 38
2024-07-02 10:52:35 - INFO - Epoch 38: Train Loss=0.2528, Val Acc=0.8895, Val Loss=0.2566
2024-07-02 10:52:42 - INFO - Epoch 39 training time: 7.0922
2024-07-02 10:52:43 - INFO - Epoch 39: Train Loss=0.2541, Val Acc=0.8913, Val Loss=0.2569
2024-07-02 10:52:50 - INFO - Epoch 40 training time: 7.0558
2024-07-02 10:52:51 - INFO - Saved best model at epoch 40
2024-07-02 10:52:51 - INFO - Epoch 40: Train Loss=0.2499, Val Acc=0.8922, Val Loss=0.2562
2024-07-02 10:52:58 - INFO - Epoch 41 training time: 7.0114
2024-07-02 10:52:58 - INFO - Saved best model at epoch 41
2024-07-02 10:52:58 - INFO - Epoch 41: Train Loss=0.2496, Val Acc=0.8904, Val Loss=0.2555
2024-07-02 10:53:05 - INFO - Epoch 42 training time: 6.9174
2024-07-02 10:53:06 - INFO - Saved best model at epoch 42
2024-07-02 10:53:06 - INFO - Epoch 42: Train Loss=0.2507, Val Acc=0.8904, Val Loss=0.2551
2024-07-02 10:53:13 - INFO - Epoch 43 training time: 7.2964
2024-07-02 10:53:14 - INFO - Epoch 43: Train Loss=0.2516, Val Acc=0.8913, Val Loss=0.2574
2024-07-02 10:53:21 - INFO - Epoch 44 training time: 7.1332
2024-07-02 10:53:22 - INFO - Saved best model at epoch 44
2024-07-02 10:53:22 - INFO - Epoch 44: Train Loss=0.2494, Val Acc=0.8877, Val Loss=0.2549
2024-07-02 10:53:29 - INFO - Epoch 45 training time: 7.1485
2024-07-02 10:53:30 - INFO - Saved best model at epoch 45
2024-07-02 10:53:30 - INFO - Epoch 45: Train Loss=0.2499, Val Acc=0.8913, Val Loss=0.2544
2024-07-02 10:53:37 - INFO - Epoch 46 training time: 7.1115
2024-07-02 10:53:38 - INFO - Epoch 46: Train Loss=0.2507, Val Acc=0.8904, Val Loss=0.2554
2024-07-02 10:53:45 - INFO - Epoch 47 training time: 7.2534
2024-07-02 10:53:46 - INFO - Saved best model at epoch 47
2024-07-02 10:53:46 - INFO - Epoch 47: Train Loss=0.2468, Val Acc=0.8895, Val Loss=0.2538
2024-07-02 10:53:54 - INFO - Epoch 48 training time: 7.4273
2024-07-02 10:53:55 - INFO - Epoch 48: Train Loss=0.2500, Val Acc=0.8940, Val Loss=0.2539
2024-07-02 10:54:02 - INFO - Epoch 49 training time: 7.2296
2024-07-02 10:54:03 - INFO - Epoch 49: Train Loss=0.2455, Val Acc=0.8922, Val Loss=0.2547
2024-07-02 10:54:10 - INFO - Epoch 50 training time: 7.2573
2024-07-02 10:54:11 - INFO - Epoch 50: Train Loss=0.2468, Val Acc=0.8922, Val Loss=0.2542
2024-07-02 10:54:18 - INFO - Epoch 51 training time: 7.2417
2024-07-02 10:54:19 - INFO - Saved best model at epoch 51
2024-07-02 10:54:19 - INFO - Epoch 51: Train Loss=0.2470, Val Acc=0.8832, Val Loss=0.2528
2024-07-02 10:54:26 - INFO - Epoch 52 training time: 7.3413
2024-07-02 10:54:27 - INFO - Epoch 52: Train Loss=0.2471, Val Acc=0.8931, Val Loss=0.2530
2024-07-02 10:54:34 - INFO - Epoch 53 training time: 7.3699
2024-07-02 10:54:35 - INFO - Saved best model at epoch 53
2024-07-02 10:54:35 - INFO - Epoch 53: Train Loss=0.2450, Val Acc=0.8886, Val Loss=0.2521
2024-07-02 10:54:42 - INFO - Epoch 54 training time: 6.8670
2024-07-02 10:54:43 - INFO - Saved best model at epoch 54
2024-07-02 10:54:43 - INFO - Epoch 54: Train Loss=0.2441, Val Acc=0.8931, Val Loss=0.2515
2024-07-02 10:54:50 - INFO - Epoch 55 training time: 7.1504
2024-07-02 10:54:51 - INFO - Epoch 55: Train Loss=0.2431, Val Acc=0.8904, Val Loss=0.2515
2024-07-02 10:54:58 - INFO - Epoch 56 training time: 7.3633
2024-07-02 10:54:59 - INFO - Saved best model at epoch 56
2024-07-02 10:54:59 - INFO - Epoch 56: Train Loss=0.2425, Val Acc=0.8913, Val Loss=0.2505
2024-07-02 10:55:06 - INFO - Epoch 57 training time: 7.2405
2024-07-02 10:55:07 - INFO - Epoch 57: Train Loss=0.2431, Val Acc=0.8949, Val Loss=0.2510
2024-07-02 10:55:15 - INFO - Epoch 58 training time: 7.3786
2024-07-02 10:55:15 - INFO - Epoch 58: Train Loss=0.2399, Val Acc=0.8922, Val Loss=0.2506
2024-07-02 10:55:23 - INFO - Epoch 59 training time: 7.1388
2024-07-02 10:55:23 - INFO - Epoch 59: Train Loss=0.2435, Val Acc=0.8877, Val Loss=0.2574
2024-07-02 10:55:31 - INFO - Epoch 60 training time: 7.2194
2024-07-02 10:55:31 - INFO - Saved best model at epoch 60
2024-07-02 10:55:31 - INFO - Epoch 60: Train Loss=0.2440, Val Acc=0.8913, Val Loss=0.2496
2024-07-02 10:55:39 - INFO - Epoch 61 training time: 7.2250
2024-07-02 10:55:40 - INFO - Saved best model at epoch 61
2024-07-02 10:55:40 - INFO - Epoch 61: Train Loss=0.2423, Val Acc=0.8913, Val Loss=0.2490
2024-07-02 10:55:47 - INFO - Epoch 62 training time: 7.2069
2024-07-02 10:55:48 - INFO - Epoch 62: Train Loss=0.2424, Val Acc=0.8940, Val Loss=0.2490
2024-07-02 10:55:55 - INFO - Epoch 63 training time: 7.1392
2024-07-02 10:55:56 - INFO - Epoch 63: Train Loss=0.2443, Val Acc=0.8940, Val Loss=0.2491
2024-07-02 10:56:03 - INFO - Epoch 64 training time: 7.2307
2024-07-02 10:56:04 - INFO - Epoch 64: Train Loss=0.2408, Val Acc=0.8940, Val Loss=0.2492
2024-07-02 10:56:11 - INFO - Epoch 65 training time: 7.3060
2024-07-02 10:56:12 - INFO - Epoch 65: Train Loss=0.2411, Val Acc=0.8949, Val Loss=0.2493
2024-07-02 10:56:19 - INFO - Epoch 66 training time: 7.4245
2024-07-02 10:56:20 - INFO - Early stopping triggered, epoch 66
2024-07-02 10:56:21 - INFO - Test F1-Score: 0.9040
2024-07-02 10:56:21 - INFO - Test Precision : 0.9043
2024-07-02 10:56:21 - INFO - Test Accuracy: 0.9040
2024-07-02 10:56:21 - INFO - Test Recall: 0.9045
2024-07-02 10:56:21 - INFO - Train Time: 483.2610
2024-07-02 12:30:19 - INFO - rs= 59
2024-07-02 12:30:27 - INFO - Epoch 1 training time: 7.0933
2024-07-02 12:30:28 - INFO - Saved best model at epoch 1
2024-07-02 12:30:28 - INFO - Epoch 1: Train Loss=0.6928, Val Acc=0.5136, Val Loss=0.6928
2024-07-02 12:30:34 - INFO - Epoch 2 training time: 6.8282
2024-07-02 12:30:35 - INFO - Epoch 2: Train Loss=0.6929, Val Acc=0.5136, Val Loss=0.6928
2024-07-02 12:30:42 - INFO - Epoch 3 training time: 6.7423
2024-07-02 12:30:43 - INFO - Epoch 3: Train Loss=0.6928, Val Acc=0.5136, Val Loss=0.6928
2024-07-02 12:30:50 - INFO - Epoch 4 training time: 6.9155
2024-07-02 12:30:50 - INFO - Epoch 4: Train Loss=0.6927, Val Acc=0.5136, Val Loss=0.6928
2024-07-02 12:30:57 - INFO - Epoch 5 training time: 6.8694
2024-07-02 12:30:58 - INFO - Saved best model at epoch 5
2024-07-02 12:30:58 - INFO - Epoch 5: Train Loss=0.6927, Val Acc=0.5136, Val Loss=0.6927
2024-07-02 12:31:05 - INFO - Epoch 6 training time: 7.0331
2024-07-02 12:31:06 - INFO - Epoch 6: Train Loss=0.6927, Val Acc=0.5136, Val Loss=0.6927
2024-07-02 12:31:13 - INFO - Epoch 7 training time: 6.9173
2024-07-02 12:31:13 - INFO - Saved best model at epoch 7
2024-07-02 12:31:13 - INFO - Epoch 7: Train Loss=0.6926, Val Acc=0.5136, Val Loss=0.6924
2024-07-02 12:31:20 - INFO - Epoch 8 training time: 6.8633
2024-07-02 12:31:21 - INFO - Saved best model at epoch 8
2024-07-02 12:31:21 - INFO - Epoch 8: Train Loss=0.6922, Val Acc=0.5136, Val Loss=0.6913
2024-07-02 12:31:28 - INFO - Epoch 9 training time: 7.2240
2024-07-02 12:31:29 - INFO - Saved best model at epoch 9
2024-07-02 12:31:29 - INFO - Epoch 9: Train Loss=0.6903, Val Acc=0.5136, Val Loss=0.6871
2024-07-02 12:31:36 - INFO - Epoch 10 training time: 6.8560
2024-07-02 12:31:36 - INFO - Saved best model at epoch 10
2024-07-02 12:31:36 - INFO - Epoch 10: Train Loss=0.6841, Val Acc=0.6458, Val Loss=0.6742
2024-07-02 12:31:43 - INFO - Epoch 11 training time: 6.9053
2024-07-02 12:31:44 - INFO - Saved best model at epoch 11
2024-07-02 12:31:44 - INFO - Epoch 11: Train Loss=0.6670, Val Acc=0.6486, Val Loss=0.6456
2024-07-02 12:31:51 - INFO - Epoch 12 training time: 6.8583
2024-07-02 12:31:52 - INFO - Saved best model at epoch 12
2024-07-02 12:31:52 - INFO - Epoch 12: Train Loss=0.6438, Val Acc=0.5770, Val Loss=0.6223
2024-07-02 12:31:59 - INFO - Epoch 13 training time: 6.9025
2024-07-02 12:31:59 - INFO - Saved best model at epoch 13
2024-07-02 12:31:59 - INFO - Epoch 13: Train Loss=0.6355, Val Acc=0.5770, Val Loss=0.6133
2024-07-02 12:32:07 - INFO - Epoch 14 training time: 7.3002
2024-07-02 12:32:08 - INFO - Saved best model at epoch 14
2024-07-02 12:32:08 - INFO - Epoch 14: Train Loss=0.6250, Val Acc=0.6522, Val Loss=0.6042
2024-07-02 12:32:15 - INFO - Epoch 15 training time: 6.9905
2024-07-02 12:32:15 - INFO - Saved best model at epoch 15
2024-07-02 12:32:15 - INFO - Epoch 15: Train Loss=0.6163, Val Acc=0.6531, Val Loss=0.5955
2024-07-02 12:32:22 - INFO - Epoch 16 training time: 6.9727
2024-07-02 12:32:23 - INFO - Saved best model at epoch 16
2024-07-02 12:32:23 - INFO - Epoch 16: Train Loss=0.6085, Val Acc=0.6531, Val Loss=0.5869
2024-07-02 12:32:30 - INFO - Epoch 17 training time: 6.9224
2024-07-02 12:32:31 - INFO - Saved best model at epoch 17
2024-07-02 12:32:31 - INFO - Epoch 17: Train Loss=0.6021, Val Acc=0.6531, Val Loss=0.5799
2024-07-02 12:32:38 - INFO - Epoch 18 training time: 7.0560
2024-07-02 12:32:39 - INFO - Saved best model at epoch 18
2024-07-02 12:32:39 - INFO - Epoch 18: Train Loss=0.6188, Val Acc=0.6531, Val Loss=0.5780
2024-07-02 12:32:46 - INFO - Epoch 19 training time: 7.2413
2024-07-02 12:32:47 - INFO - Saved best model at epoch 19
2024-07-02 12:32:47 - INFO - Epoch 19: Train Loss=0.5956, Val Acc=0.6531, Val Loss=0.5758
2024-07-02 12:32:54 - INFO - Epoch 20 training time: 7.1888
2024-07-02 12:32:55 - INFO - Saved best model at epoch 20
2024-07-02 12:32:55 - INFO - Epoch 20: Train Loss=0.5932, Val Acc=0.6522, Val Loss=0.5733
2024-07-02 12:33:02 - INFO - Epoch 21 training time: 7.4156
2024-07-02 12:33:03 - INFO - Saved best model at epoch 21
2024-07-02 12:33:03 - INFO - Epoch 21: Train Loss=0.5930, Val Acc=0.6522, Val Loss=0.5713
2024-07-02 12:33:10 - INFO - Epoch 22 training time: 7.0803
2024-07-02 12:33:11 - INFO - Saved best model at epoch 22
2024-07-02 12:33:11 - INFO - Epoch 22: Train Loss=0.5905, Val Acc=0.6522, Val Loss=0.5697
2024-07-02 12:33:18 - INFO - Epoch 23 training time: 6.9292
2024-07-02 12:33:18 - INFO - Saved best model at epoch 23
2024-07-02 12:33:18 - INFO - Epoch 23: Train Loss=0.5892, Val Acc=0.6522, Val Loss=0.5686
2024-07-02 12:33:25 - INFO - Epoch 24 training time: 6.7997
2024-07-02 12:33:26 - INFO - Saved best model at epoch 24
2024-07-02 12:33:26 - INFO - Epoch 24: Train Loss=0.5902, Val Acc=0.6522, Val Loss=0.5673
2024-07-02 12:33:33 - INFO - Epoch 25 training time: 6.7468
2024-07-02 12:33:33 - INFO - Saved best model at epoch 25
2024-07-02 12:33:33 - INFO - Epoch 25: Train Loss=0.5871, Val Acc=0.6522, Val Loss=0.5665
2024-07-02 12:33:41 - INFO - Epoch 26 training time: 7.1081
2024-07-02 12:33:41 - INFO - Saved best model at epoch 26
2024-07-02 12:33:41 - INFO - Epoch 26: Train Loss=0.5879, Val Acc=0.6522, Val Loss=0.5656
2024-07-02 12:33:48 - INFO - Epoch 27 training time: 7.0565
2024-07-02 12:33:49 - INFO - Saved best model at epoch 27
2024-07-02 12:33:49 - INFO - Epoch 27: Train Loss=0.5846, Val Acc=0.6522, Val Loss=0.5650
2024-07-02 12:33:56 - INFO - Epoch 28 training time: 6.9894
2024-07-02 12:33:57 - INFO - Saved best model at epoch 28
2024-07-02 12:33:57 - INFO - Epoch 28: Train Loss=0.5845, Val Acc=0.6522, Val Loss=0.5645
2024-07-02 12:34:04 - INFO - Epoch 29 training time: 7.1574
2024-07-02 12:34:05 - INFO - Epoch 29: Train Loss=0.6247, Val Acc=0.6522, Val Loss=0.5646
2024-07-02 12:34:12 - INFO - Epoch 30 training time: 7.0783
2024-07-02 12:34:13 - INFO - Epoch 30: Train Loss=0.5831, Val Acc=0.6522, Val Loss=0.5650
2024-07-02 12:34:19 - INFO - Epoch 31 training time: 6.8454
2024-07-02 12:34:20 - INFO - Epoch 31: Train Loss=0.5837, Val Acc=0.6522, Val Loss=0.5645
2024-07-02 12:34:27 - INFO - Epoch 32 training time: 6.8495
2024-07-02 12:34:28 - INFO - Saved best model at epoch 32
2024-07-02 12:34:28 - INFO - Epoch 32: Train Loss=0.5861, Val Acc=0.6522, Val Loss=0.5643
2024-07-02 12:34:35 - INFO - Epoch 33 training time: 6.8883
2024-07-02 12:34:35 - INFO - Saved best model at epoch 33
2024-07-02 12:34:35 - INFO - Epoch 33: Train Loss=0.5868, Val Acc=0.6522, Val Loss=0.5642
2024-07-02 12:34:42 - INFO - Epoch 34 training time: 6.5863
2024-07-02 12:34:43 - INFO - Saved best model at epoch 34
2024-07-02 12:34:43 - INFO - Epoch 34: Train Loss=0.5845, Val Acc=0.6522, Val Loss=0.5638
2024-07-02 12:34:49 - INFO - Epoch 35 training time: 6.6985
2024-07-02 12:34:50 - INFO - Saved best model at epoch 35
2024-07-02 12:34:50 - INFO - Epoch 35: Train Loss=0.5852, Val Acc=0.6522, Val Loss=0.5636
2024-07-02 12:34:57 - INFO - Epoch 36 training time: 6.6697
2024-07-02 12:34:58 - INFO - Saved best model at epoch 36
2024-07-02 12:34:58 - INFO - Epoch 36: Train Loss=0.5822, Val Acc=0.6522, Val Loss=0.5634
2024-07-02 12:35:04 - INFO - Epoch 37 training time: 6.8794
2024-07-02 12:35:05 - INFO - Saved best model at epoch 37
2024-07-02 12:35:05 - INFO - Epoch 37: Train Loss=0.5839, Val Acc=0.6522, Val Loss=0.5632
2024-07-02 12:35:12 - INFO - Epoch 38 training time: 6.8786
2024-07-02 12:35:13 - INFO - Saved best model at epoch 38
2024-07-02 12:35:13 - INFO - Epoch 38: Train Loss=0.5825, Val Acc=0.6522, Val Loss=0.5629
2024-07-02 12:35:20 - INFO - Epoch 39 training time: 6.8294
2024-07-02 12:35:20 - INFO - Epoch 39: Train Loss=0.6448, Val Acc=0.6522, Val Loss=0.5641
2024-07-02 12:35:27 - INFO - Epoch 40 training time: 6.8540
2024-07-02 12:35:28 - INFO - Epoch 40: Train Loss=0.5858, Val Acc=0.6522, Val Loss=0.5639
2024-07-02 12:35:35 - INFO - Epoch 41 training time: 6.7630
2024-07-02 12:35:35 - INFO - Epoch 41: Train Loss=0.5843, Val Acc=0.6522, Val Loss=0.5638
2024-07-02 12:35:42 - INFO - Epoch 42 training time: 6.7977
2024-07-02 12:35:43 - INFO - Epoch 42: Train Loss=0.5839, Val Acc=0.6522, Val Loss=0.5636
2024-07-02 12:35:50 - INFO - Epoch 43 training time: 6.8088
2024-07-02 12:35:50 - INFO - Early stopping triggered, epoch 43
2024-07-02 12:35:51 - INFO - Test F1-Score: 0.5636
2024-07-02 12:35:51 - INFO - Test Precision : 0.7799
2024-07-02 12:35:51 - INFO - Test Accuracy: 0.6304
2024-07-02 12:35:51 - INFO - Test Recall: 0.6203
2024-07-02 12:35:51 - INFO - Train Time: 298.3905
2024-07-02 14:56:17 - INFO - rs= 99
2024-07-02 14:56:25 - INFO - Epoch 1 training time: 7.6403
2024-07-02 14:56:26 - INFO - Saved best model at epoch 1
2024-07-02 14:56:26 - INFO - Epoch 1: Train Loss=0.6944, Val Acc=0.4864, Val Loss=0.6939
2024-07-02 14:56:33 - INFO - Epoch 2 training time: 7.2426
2024-07-02 14:56:34 - INFO - Saved best model at epoch 2
2024-07-02 14:56:34 - INFO - Epoch 2: Train Loss=0.6936, Val Acc=0.4864, Val Loss=0.6933
2024-07-02 14:56:42 - INFO - Epoch 3 training time: 7.5250
2024-07-02 14:56:43 - INFO - Saved best model at epoch 3
2024-07-02 14:56:43 - INFO - Epoch 3: Train Loss=0.6931, Val Acc=0.5136, Val Loss=0.6930
2024-07-02 14:56:50 - INFO - Epoch 4 training time: 7.7893
2024-07-02 14:56:51 - INFO - Saved best model at epoch 4
2024-07-02 14:56:51 - INFO - Epoch 4: Train Loss=0.6930, Val Acc=0.5136, Val Loss=0.6929
2024-07-02 14:56:59 - INFO - Epoch 5 training time: 7.8984
2024-07-02 14:57:00 - INFO - Saved best model at epoch 5
2024-07-02 14:57:00 - INFO - Epoch 5: Train Loss=0.6929, Val Acc=0.5136, Val Loss=0.6928
2024-07-02 14:57:07 - INFO - Epoch 6 training time: 7.5089
2024-07-02 14:57:08 - INFO - Saved best model at epoch 6
2024-07-02 14:57:08 - INFO - Epoch 6: Train Loss=0.6929, Val Acc=0.5136, Val Loss=0.6927
2024-07-02 14:57:16 - INFO - Epoch 7 training time: 7.4064
2024-07-02 14:57:16 - INFO - Saved best model at epoch 7
2024-07-02 14:57:16 - INFO - Epoch 7: Train Loss=0.6928, Val Acc=0.5136, Val Loss=0.6926
2024-07-02 14:57:24 - INFO - Epoch 8 training time: 7.1744
2024-07-02 14:57:24 - INFO - Saved best model at epoch 8
2024-07-02 14:57:24 - INFO - Epoch 8: Train Loss=0.6926, Val Acc=0.5136, Val Loss=0.6925
2024-07-02 14:57:32 - INFO - Epoch 9 training time: 7.2657
2024-07-02 14:57:32 - INFO - Saved best model at epoch 9
2024-07-02 14:57:32 - INFO - Epoch 9: Train Loss=0.6922, Val Acc=0.5136, Val Loss=0.6921
2024-07-02 14:57:40 - INFO - Epoch 10 training time: 7.2975
2024-07-02 14:57:41 - INFO - Saved best model at epoch 10
2024-07-02 14:57:41 - INFO - Epoch 10: Train Loss=0.6916, Val Acc=0.5136, Val Loss=0.6912
2024-07-02 14:57:48 - INFO - Epoch 11 training time: 7.2964
2024-07-02 14:57:49 - INFO - Saved best model at epoch 11
2024-07-02 14:57:49 - INFO - Epoch 11: Train Loss=0.6904, Val Acc=0.5190, Val Loss=0.6890
2024-07-02 14:57:56 - INFO - Epoch 12 training time: 7.3340
2024-07-02 14:57:57 - INFO - Saved best model at epoch 12
2024-07-02 14:57:57 - INFO - Epoch 12: Train Loss=0.6871, Val Acc=0.6304, Val Loss=0.6844
2024-07-02 14:58:04 - INFO - Epoch 13 training time: 7.2580
2024-07-02 14:58:05 - INFO - Saved best model at epoch 13
2024-07-02 14:58:05 - INFO - Epoch 13: Train Loss=0.6817, Val Acc=0.6368, Val Loss=0.6768
2024-07-02 14:58:12 - INFO - Epoch 14 training time: 7.4635
2024-07-02 14:58:13 - INFO - Saved best model at epoch 14
2024-07-02 14:58:13 - INFO - Epoch 14: Train Loss=0.6727, Val Acc=0.6395, Val Loss=0.6670
2024-07-02 14:58:20 - INFO - Epoch 15 training time: 7.2913
2024-07-02 14:58:21 - INFO - Saved best model at epoch 15
2024-07-02 14:58:21 - INFO - Epoch 15: Train Loss=0.6615, Val Acc=0.6413, Val Loss=0.6530
2024-07-02 14:58:29 - INFO - Epoch 16 training time: 7.3982
2024-07-02 14:58:29 - INFO - Saved best model at epoch 16
2024-07-02 14:58:29 - INFO - Epoch 16: Train Loss=0.6452, Val Acc=0.6413, Val Loss=0.6327
2024-07-02 14:58:37 - INFO - Epoch 17 training time: 7.4762
2024-07-02 14:58:38 - INFO - Saved best model at epoch 17
2024-07-02 14:58:38 - INFO - Epoch 17: Train Loss=0.6292, Val Acc=0.6413, Val Loss=0.6130
2024-07-02 14:58:45 - INFO - Epoch 18 training time: 7.3949
2024-07-02 14:58:46 - INFO - Saved best model at epoch 18
2024-07-02 14:58:46 - INFO - Epoch 18: Train Loss=0.6193, Val Acc=0.6413, Val Loss=0.5996
2024-07-02 14:58:53 - INFO - Epoch 19 training time: 7.2909
2024-07-02 14:58:54 - INFO - Saved best model at epoch 19
2024-07-02 14:58:54 - INFO - Epoch 19: Train Loss=0.6016, Val Acc=0.6413, Val Loss=0.5919
2024-07-02 14:59:01 - INFO - Epoch 20 training time: 7.4021
2024-07-02 14:59:02 - INFO - Saved best model at epoch 20
2024-07-02 14:59:02 - INFO - Epoch 20: Train Loss=0.5985, Val Acc=0.6413, Val Loss=0.5870
2024-07-02 14:59:10 - INFO - Epoch 21 training time: 7.2577
2024-07-02 14:59:10 - INFO - Saved best model at epoch 21
2024-07-02 14:59:10 - INFO - Epoch 21: Train Loss=0.5947, Val Acc=0.6413, Val Loss=0.5843
2024-07-02 14:59:18 - INFO - Epoch 22 training time: 7.3224
2024-07-02 14:59:18 - INFO - Saved best model at epoch 22
2024-07-02 14:59:18 - INFO - Epoch 22: Train Loss=0.5920, Val Acc=0.6413, Val Loss=0.5824
2024-07-02 14:59:26 - INFO - Epoch 23 training time: 7.4394
2024-07-02 14:59:27 - INFO - Saved best model at epoch 23
2024-07-02 14:59:27 - INFO - Epoch 23: Train Loss=0.5901, Val Acc=0.6413, Val Loss=0.5807
2024-07-02 14:59:34 - INFO - Epoch 24 training time: 7.3422
2024-07-02 14:59:35 - INFO - Saved best model at epoch 24
2024-07-02 14:59:35 - INFO - Epoch 24: Train Loss=0.5856, Val Acc=0.6413, Val Loss=0.5796
2024-07-02 14:59:42 - INFO - Epoch 25 training time: 7.4331
2024-07-02 14:59:43 - INFO - Epoch 25: Train Loss=0.6278, Val Acc=0.6413, Val Loss=0.5803
2024-07-02 14:59:50 - INFO - Epoch 26 training time: 7.1085
2024-07-02 14:59:51 - INFO - Epoch 26: Train Loss=0.5883, Val Acc=0.6413, Val Loss=0.5800
2024-07-02 14:59:58 - INFO - Epoch 27 training time: 7.2789
2024-07-02 14:59:59 - INFO - Saved best model at epoch 27
2024-07-02 14:59:59 - INFO - Epoch 27: Train Loss=0.5869, Val Acc=0.6413, Val Loss=0.5795
2024-07-02 15:00:06 - INFO - Epoch 28 training time: 7.3719
2024-07-02 15:00:07 - INFO - Saved best model at epoch 28
2024-07-02 15:00:07 - INFO - Epoch 28: Train Loss=0.5878, Val Acc=0.6413, Val Loss=0.5790
2024-07-02 15:00:15 - INFO - Epoch 29 training time: 7.4646
2024-07-02 15:00:16 - INFO - Saved best model at epoch 29
2024-07-02 15:00:16 - INFO - Epoch 29: Train Loss=0.5861, Val Acc=0.6413, Val Loss=0.5787
2024-07-02 15:00:23 - INFO - Epoch 30 training time: 7.4066
2024-07-02 15:00:24 - INFO - Saved best model at epoch 30
2024-07-02 15:00:24 - INFO - Epoch 30: Train Loss=0.5871, Val Acc=0.6413, Val Loss=0.5784
2024-07-02 15:00:32 - INFO - Epoch 31 training time: 7.7551
2024-07-02 15:00:33 - INFO - Saved best model at epoch 31
2024-07-02 15:00:33 - INFO - Epoch 31: Train Loss=0.5862, Val Acc=0.6413, Val Loss=0.5781
2024-07-02 15:00:40 - INFO - Epoch 32 training time: 7.2648
2024-07-02 15:00:41 - INFO - Epoch 32: Train Loss=0.5855, Val Acc=0.6413, Val Loss=0.5781
2024-07-02 15:00:48 - INFO - Epoch 33 training time: 7.5314
2024-07-02 15:00:49 - INFO - Saved best model at epoch 33
2024-07-02 15:00:49 - INFO - Epoch 33: Train Loss=0.5848, Val Acc=0.6413, Val Loss=0.5777
2024-07-02 15:00:56 - INFO - Epoch 34 training time: 7.3314
2024-07-02 15:00:57 - INFO - Epoch 34: Train Loss=0.5863, Val Acc=0.6413, Val Loss=0.5778
2024-07-02 15:01:04 - INFO - Epoch 35 training time: 7.1042
2024-07-02 15:01:05 - INFO - Saved best model at epoch 35
2024-07-02 15:01:05 - INFO - Epoch 35: Train Loss=0.5845, Val Acc=0.6413, Val Loss=0.5775
2024-07-02 15:01:12 - INFO - Epoch 36 training time: 7.1418
2024-07-02 15:01:13 - INFO - Saved best model at epoch 36
2024-07-02 15:01:13 - INFO - Epoch 36: Train Loss=0.5833, Val Acc=0.6413, Val Loss=0.5773
2024-07-02 15:01:20 - INFO - Epoch 37 training time: 7.2885
2024-07-02 15:01:21 - INFO - Epoch 37: Train Loss=0.5845, Val Acc=0.6413, Val Loss=0.5773
2024-07-02 15:01:28 - INFO - Epoch 38 training time: 7.2472
2024-07-02 15:01:29 - INFO - Epoch 38: Train Loss=0.5860, Val Acc=0.6413, Val Loss=0.5774
2024-07-02 15:01:36 - INFO - Epoch 39 training time: 7.2006
2024-07-02 15:01:37 - INFO - Saved best model at epoch 39
2024-07-02 15:01:37 - INFO - Epoch 39: Train Loss=0.5834, Val Acc=0.6413, Val Loss=0.5770
2024-07-02 15:01:45 - INFO - Epoch 40 training time: 7.3279
2024-07-02 15:01:45 - INFO - Epoch 40: Train Loss=0.5826, Val Acc=0.6413, Val Loss=0.5771
2024-07-02 15:01:53 - INFO - Epoch 41 training time: 7.2365
2024-07-02 15:01:53 - INFO - Epoch 41: Train Loss=0.5840, Val Acc=0.6413, Val Loss=0.5770
2024-07-02 15:02:01 - INFO - Epoch 42 training time: 7.1710
2024-07-02 15:02:01 - INFO - Epoch 42: Train Loss=0.6330, Val Acc=0.6413, Val Loss=0.5773
2024-07-02 15:02:09 - INFO - Epoch 43 training time: 7.2582
2024-07-02 15:02:10 - INFO - Epoch 43: Train Loss=0.5849, Val Acc=0.6413, Val Loss=0.5772
2024-07-02 15:02:17 - INFO - Epoch 44 training time: 7.4233
2024-07-02 15:02:18 - INFO - Early stopping triggered, epoch 44
2024-07-02 15:02:19 - INFO - Test F1-Score: 0.5871
2024-07-02 15:02:19 - INFO - Test Precision : 0.7567
2024-07-02 15:02:19 - INFO - Test Accuracy: 0.6413
2024-07-02 15:02:19 - INFO - Test Recall: 0.6319
2024-07-02 15:02:19 - INFO - Train Time: 324.0607
2024-07-02 16:30:55 - INFO - rs= 83
2024-07-02 16:31:04 - INFO - Epoch 1 training time: 8.2964
2024-07-02 16:31:05 - INFO - Saved best model at epoch 1
2024-07-02 16:31:05 - INFO - Epoch 1: Train Loss=0.6923, Val Acc=0.5136, Val Loss=0.6902
2024-07-02 16:31:13 - INFO - Epoch 2 training time: 7.7394
2024-07-02 16:31:14 - INFO - Saved best model at epoch 2
2024-07-02 16:31:14 - INFO - Epoch 2: Train Loss=0.6834, Val Acc=0.5136, Val Loss=0.6770
2024-07-02 16:31:22 - INFO - Epoch 3 training time: 7.9038
2024-07-02 16:31:23 - INFO - Saved best model at epoch 3
2024-07-02 16:31:23 - INFO - Epoch 3: Train Loss=0.6704, Val Acc=0.5435, Val Loss=0.6678
2024-07-02 16:31:30 - INFO - Epoch 4 training time: 7.5825
2024-07-02 16:31:31 - INFO - Saved best model at epoch 4
2024-07-02 16:31:31 - INFO - Epoch 4: Train Loss=0.6615, Val Acc=0.6241, Val Loss=0.6593
2024-07-02 16:31:39 - INFO - Epoch 5 training time: 7.6517
2024-07-02 16:31:40 - INFO - Saved best model at epoch 5
2024-07-02 16:31:40 - INFO - Epoch 5: Train Loss=0.6512, Val Acc=0.6612, Val Loss=0.6451
2024-07-02 16:31:47 - INFO - Epoch 6 training time: 7.8110
2024-07-02 16:31:48 - INFO - Saved best model at epoch 6
2024-07-02 16:31:48 - INFO - Epoch 6: Train Loss=0.6292, Val Acc=0.8062, Val Loss=0.6091
2024-07-02 16:31:56 - INFO - Epoch 7 training time: 7.8297
2024-07-02 16:31:57 - INFO - Saved best model at epoch 7
2024-07-02 16:31:57 - INFO - Epoch 7: Train Loss=0.5799, Val Acc=0.8333, Val Loss=0.5461
2024-07-02 16:32:05 - INFO - Epoch 8 training time: 7.9257
2024-07-02 16:32:06 - INFO - Saved best model at epoch 8
2024-07-02 16:32:06 - INFO - Epoch 8: Train Loss=0.5248, Val Acc=0.8415, Val Loss=0.4935
2024-07-02 16:32:14 - INFO - Epoch 9 training time: 8.1773
2024-07-02 16:32:15 - INFO - Saved best model at epoch 9
2024-07-02 16:32:15 - INFO - Epoch 9: Train Loss=0.4795, Val Acc=0.8451, Val Loss=0.4538
2024-07-02 16:32:22 - INFO - Epoch 10 training time: 7.4111
2024-07-02 16:32:23 - INFO - Saved best model at epoch 10
2024-07-02 16:32:23 - INFO - Epoch 10: Train Loss=0.4479, Val Acc=0.8460, Val Loss=0.4267
2024-07-02 16:32:31 - INFO - Epoch 11 training time: 7.6072
2024-07-02 16:32:32 - INFO - Saved best model at epoch 11
2024-07-02 16:32:32 - INFO - Epoch 11: Train Loss=0.4255, Val Acc=0.8487, Val Loss=0.4049
2024-07-02 16:32:40 - INFO - Epoch 12 training time: 8.2011
2024-07-02 16:32:41 - INFO - Saved best model at epoch 12
2024-07-02 16:32:41 - INFO - Epoch 12: Train Loss=0.4079, Val Acc=0.8514, Val Loss=0.3884
2024-07-02 16:32:49 - INFO - Epoch 13 training time: 7.9502
2024-07-02 16:32:50 - INFO - Saved best model at epoch 13
2024-07-02 16:32:50 - INFO - Epoch 13: Train Loss=0.3941, Val Acc=0.8605, Val Loss=0.3778
2024-07-02 16:32:58 - INFO - Epoch 14 training time: 8.0813
2024-07-02 16:32:59 - INFO - Saved best model at epoch 14
2024-07-02 16:32:59 - INFO - Epoch 14: Train Loss=0.3853, Val Acc=0.8632, Val Loss=0.3710
2024-07-02 16:33:06 - INFO - Epoch 15 training time: 7.6889
2024-07-02 16:33:07 - INFO - Saved best model at epoch 15
2024-07-02 16:33:07 - INFO - Epoch 15: Train Loss=0.3776, Val Acc=0.8641, Val Loss=0.3600
2024-07-02 16:33:15 - INFO - Epoch 16 training time: 7.7244
2024-07-02 16:33:16 - INFO - Epoch 16: Train Loss=0.3726, Val Acc=0.8542, Val Loss=0.3688
2024-07-02 16:33:23 - INFO - Epoch 17 training time: 7.4944
2024-07-02 16:33:24 - INFO - Saved best model at epoch 17
2024-07-02 16:33:24 - INFO - Epoch 17: Train Loss=0.3707, Val Acc=0.8696, Val Loss=0.3538
2024-07-02 16:33:32 - INFO - Epoch 18 training time: 7.5047
2024-07-02 16:33:33 - INFO - Saved best model at epoch 18
2024-07-02 16:33:33 - INFO - Epoch 18: Train Loss=0.3672, Val Acc=0.8696, Val Loss=0.3510
2024-07-02 16:33:41 - INFO - Epoch 19 training time: 7.8234
2024-07-02 16:33:41 - INFO - Saved best model at epoch 19
2024-07-02 16:33:41 - INFO - Epoch 19: Train Loss=0.3629, Val Acc=0.8678, Val Loss=0.3486
2024-07-02 16:33:49 - INFO - Epoch 20 training time: 7.7715
2024-07-02 16:33:50 - INFO - Epoch 20: Train Loss=0.3619, Val Acc=0.8632, Val Loss=0.3537
2024-07-02 16:33:58 - INFO - Epoch 21 training time: 7.4776
2024-07-02 16:33:58 - INFO - Saved best model at epoch 21
2024-07-02 16:33:58 - INFO - Epoch 21: Train Loss=0.3656, Val Acc=0.8678, Val Loss=0.3468
2024-07-02 16:34:06 - INFO - Epoch 22 training time: 7.7745
2024-07-02 16:34:07 - INFO - Saved best model at epoch 22
2024-07-02 16:34:07 - INFO - Epoch 22: Train Loss=0.3594, Val Acc=0.8696, Val Loss=0.3456
2024-07-02 16:34:15 - INFO - Epoch 23 training time: 7.8380
2024-07-02 16:34:16 - INFO - Epoch 23: Train Loss=0.3590, Val Acc=0.8641, Val Loss=0.3471
2024-07-02 16:34:24 - INFO - Epoch 24 training time: 8.1061
2024-07-02 16:34:25 - INFO - Saved best model at epoch 24
2024-07-02 16:34:25 - INFO - Epoch 24: Train Loss=0.3571, Val Acc=0.8687, Val Loss=0.3443
2024-07-02 16:34:33 - INFO - Epoch 25 training time: 7.6597
2024-07-02 16:34:33 - INFO - Epoch 25: Train Loss=0.3564, Val Acc=0.8650, Val Loss=0.3451
2024-07-02 16:34:41 - INFO - Epoch 26 training time: 7.4643
2024-07-02 16:34:42 - INFO - Saved best model at epoch 26
2024-07-02 16:34:42 - INFO - Epoch 26: Train Loss=0.3566, Val Acc=0.8714, Val Loss=0.3436
2024-07-02 16:34:49 - INFO - Epoch 27 training time: 7.4500
2024-07-02 16:34:50 - INFO - Epoch 27: Train Loss=0.3549, Val Acc=0.8678, Val Loss=0.3447
2024-07-02 16:34:58 - INFO - Epoch 28 training time: 7.5166
2024-07-02 16:34:58 - INFO - Saved best model at epoch 28
2024-07-02 16:34:58 - INFO - Epoch 28: Train Loss=0.3555, Val Acc=0.8659, Val Loss=0.3427
2024-07-02 16:35:06 - INFO - Epoch 29 training time: 7.4087
2024-07-02 16:35:07 - INFO - Epoch 29: Train Loss=0.3527, Val Acc=0.8678, Val Loss=0.3431
2024-07-02 16:35:14 - INFO - Epoch 30 training time: 7.6316
2024-07-02 16:35:15 - INFO - Epoch 30: Train Loss=0.3523, Val Acc=0.8650, Val Loss=0.3452
2024-07-02 16:35:23 - INFO - Epoch 31 training time: 8.2782
2024-07-02 16:35:24 - INFO - Saved best model at epoch 31
2024-07-02 16:35:24 - INFO - Epoch 31: Train Loss=0.3553, Val Acc=0.8696, Val Loss=0.3414
2024-07-02 16:35:32 - INFO - Epoch 32 training time: 7.7789
2024-07-02 16:35:33 - INFO - Epoch 32: Train Loss=0.3520, Val Acc=0.8668, Val Loss=0.3471
2024-07-02 16:35:41 - INFO - Epoch 33 training time: 7.7623
2024-07-02 16:35:42 - INFO - Epoch 33: Train Loss=0.3538, Val Acc=0.8668, Val Loss=0.3421
2024-07-02 16:35:49 - INFO - Epoch 34 training time: 7.7601
2024-07-02 16:35:50 - INFO - Saved best model at epoch 34
2024-07-02 16:35:50 - INFO - Epoch 34: Train Loss=0.3506, Val Acc=0.8732, Val Loss=0.3398
2024-07-02 16:35:58 - INFO - Epoch 35 training time: 7.5520
2024-07-02 16:35:59 - INFO - Epoch 35: Train Loss=0.3519, Val Acc=0.8705, Val Loss=0.3400
2024-07-02 16:36:06 - INFO - Epoch 36 training time: 7.7048
2024-07-02 16:36:07 - INFO - Epoch 36: Train Loss=0.3509, Val Acc=0.8678, Val Loss=0.3410
2024-07-02 16:36:15 - INFO - Epoch 37 training time: 8.1599
2024-07-02 16:36:16 - INFO - Epoch 37: Train Loss=0.3505, Val Acc=0.8687, Val Loss=0.3398
2024-07-02 16:36:24 - INFO - Epoch 38 training time: 8.0352
2024-07-02 16:36:25 - INFO - Saved best model at epoch 38
2024-07-02 16:36:25 - INFO - Epoch 38: Train Loss=0.3484, Val Acc=0.8741, Val Loss=0.3379
2024-07-02 16:36:34 - INFO - Epoch 39 training time: 8.1250
2024-07-02 16:36:34 - INFO - Epoch 39: Train Loss=0.3481, Val Acc=0.8705, Val Loss=0.3386
2024-07-02 16:36:42 - INFO - Epoch 40 training time: 8.0693
2024-07-02 16:36:43 - INFO - Epoch 40: Train Loss=0.3474, Val Acc=0.8668, Val Loss=0.3399
2024-07-02 16:36:52 - INFO - Epoch 41 training time: 8.0482
2024-07-02 16:36:52 - INFO - Saved best model at epoch 41
2024-07-02 16:36:52 - INFO - Epoch 41: Train Loss=0.3437, Val Acc=0.8705, Val Loss=0.3377
2024-07-02 16:37:00 - INFO - Epoch 42 training time: 7.7397
2024-07-02 16:37:01 - INFO - Saved best model at epoch 42
2024-07-02 16:37:01 - INFO - Epoch 42: Train Loss=0.3436, Val Acc=0.8741, Val Loss=0.3364
2024-07-02 16:37:09 - INFO - Epoch 43 training time: 7.6554
2024-07-02 16:37:10 - INFO - Saved best model at epoch 43
2024-07-02 16:37:10 - INFO - Epoch 43: Train Loss=0.3446, Val Acc=0.8750, Val Loss=0.3350
2024-07-02 16:37:18 - INFO - Epoch 44 training time: 7.9238
2024-07-02 16:37:18 - INFO - Saved best model at epoch 44
2024-07-02 16:37:18 - INFO - Epoch 44: Train Loss=0.3429, Val Acc=0.8732, Val Loss=0.3349
2024-07-02 16:37:26 - INFO - Epoch 45 training time: 7.7387
2024-07-02 16:37:27 - INFO - Epoch 45: Train Loss=0.3448, Val Acc=0.8723, Val Loss=0.3352
2024-07-02 16:37:35 - INFO - Epoch 46 training time: 7.7445
2024-07-02 16:37:36 - INFO - Saved best model at epoch 46
2024-07-02 16:37:36 - INFO - Epoch 46: Train Loss=0.3421, Val Acc=0.8723, Val Loss=0.3343
2024-07-02 16:37:43 - INFO - Epoch 47 training time: 7.7588
2024-07-02 16:37:44 - INFO - Epoch 47: Train Loss=0.3425, Val Acc=0.8714, Val Loss=0.3343
2024-07-02 16:37:52 - INFO - Epoch 48 training time: 7.7502
2024-07-02 16:37:53 - INFO - Saved best model at epoch 48
2024-07-02 16:37:53 - INFO - Epoch 48: Train Loss=0.3399, Val Acc=0.8696, Val Loss=0.3340
2024-07-02 16:38:01 - INFO - Epoch 49 training time: 8.0365
2024-07-02 16:38:02 - INFO - Saved best model at epoch 49
2024-07-02 16:38:02 - INFO - Epoch 49: Train Loss=0.3389, Val Acc=0.8705, Val Loss=0.3329
2024-07-02 16:38:10 - INFO - Epoch 50 training time: 7.7698
2024-07-02 16:38:11 - INFO - Saved best model at epoch 50
2024-07-02 16:38:11 - INFO - Epoch 50: Train Loss=0.3397, Val Acc=0.8750, Val Loss=0.3308
2024-07-02 16:38:19 - INFO - Epoch 51 training time: 8.2393
2024-07-02 16:38:20 - INFO - Epoch 51: Train Loss=0.3397, Val Acc=0.8714, Val Loss=0.3317
2024-07-02 16:38:28 - INFO - Epoch 52 training time: 8.2037
2024-07-02 16:38:29 - INFO - Epoch 52: Train Loss=0.3382, Val Acc=0.8714, Val Loss=0.3316
2024-07-02 16:38:37 - INFO - Epoch 53 training time: 8.3653
2024-07-02 16:38:38 - INFO - Saved best model at epoch 53
2024-07-02 16:38:38 - INFO - Epoch 53: Train Loss=0.3368, Val Acc=0.8723, Val Loss=0.3306
2024-07-02 16:38:47 - INFO - Epoch 54 training time: 8.1721
2024-07-02 16:38:47 - INFO - Saved best model at epoch 54
2024-07-02 16:38:47 - INFO - Epoch 54: Train Loss=0.3348, Val Acc=0.8741, Val Loss=0.3283
2024-07-02 16:38:56 - INFO - Epoch 55 training time: 8.5125
2024-07-02 16:38:57 - INFO - Saved best model at epoch 55
2024-07-02 16:38:57 - INFO - Epoch 55: Train Loss=0.3363, Val Acc=0.8768, Val Loss=0.3267
2024-07-02 16:39:05 - INFO - Epoch 56 training time: 8.3703
2024-07-02 16:39:06 - INFO - Saved best model at epoch 56
2024-07-02 16:39:06 - INFO - Epoch 56: Train Loss=0.3348, Val Acc=0.8777, Val Loss=0.3258
2024-07-02 16:39:14 - INFO - Epoch 57 training time: 7.9647
2024-07-02 16:39:15 - INFO - Saved best model at epoch 57
2024-07-02 16:39:15 - INFO - Epoch 57: Train Loss=0.3340, Val Acc=0.8777, Val Loss=0.3249
2024-07-02 16:39:23 - INFO - Epoch 58 training time: 8.1397
2024-07-02 16:39:24 - INFO - Saved best model at epoch 58
2024-07-02 16:39:24 - INFO - Epoch 58: Train Loss=0.3341, Val Acc=0.8795, Val Loss=0.3246
2024-07-02 16:39:32 - INFO - Epoch 59 training time: 8.0550
2024-07-02 16:39:33 - INFO - Saved best model at epoch 59
2024-07-02 16:39:33 - INFO - Epoch 59: Train Loss=0.3335, Val Acc=0.8768, Val Loss=0.3241
2024-07-02 16:39:41 - INFO - Epoch 60 training time: 8.1685
2024-07-02 16:39:42 - INFO - Saved best model at epoch 60
2024-07-02 16:39:42 - INFO - Epoch 60: Train Loss=0.3305, Val Acc=0.8786, Val Loss=0.3216
2024-07-02 16:39:50 - INFO - Epoch 61 training time: 8.2635
2024-07-02 16:39:51 - INFO - Saved best model at epoch 61
2024-07-02 16:39:51 - INFO - Epoch 61: Train Loss=0.3320, Val Acc=0.8795, Val Loss=0.3209
2024-07-02 16:39:59 - INFO - Epoch 62 training time: 8.1193
2024-07-02 16:40:00 - INFO - Saved best model at epoch 62
2024-07-02 16:40:00 - INFO - Epoch 62: Train Loss=0.3276, Val Acc=0.8841, Val Loss=0.3199
2024-07-02 16:40:08 - INFO - Epoch 63 training time: 8.1079
2024-07-02 16:40:09 - INFO - Saved best model at epoch 63
2024-07-02 16:40:09 - INFO - Epoch 63: Train Loss=0.3283, Val Acc=0.8832, Val Loss=0.3190
2024-07-02 16:40:18 - INFO - Epoch 64 training time: 8.3303
2024-07-02 16:40:19 - INFO - Saved best model at epoch 64
2024-07-02 16:40:19 - INFO - Epoch 64: Train Loss=0.3247, Val Acc=0.8777, Val Loss=0.3188
2024-07-02 16:40:27 - INFO - Epoch 65 training time: 8.3251
2024-07-02 16:40:28 - INFO - Saved best model at epoch 65
2024-07-02 16:40:28 - INFO - Epoch 65: Train Loss=0.3258, Val Acc=0.8976, Val Loss=0.3158
2024-07-02 16:40:36 - INFO - Epoch 66 training time: 8.0174
2024-07-02 16:40:37 - INFO - Saved best model at epoch 66
2024-07-02 16:40:37 - INFO - Epoch 66: Train Loss=0.3230, Val Acc=0.8886, Val Loss=0.3134
2024-07-02 16:40:45 - INFO - Epoch 67 training time: 8.0156
2024-07-02 16:40:46 - INFO - Saved best model at epoch 67
2024-07-02 16:40:46 - INFO - Epoch 67: Train Loss=0.3204, Val Acc=0.8922, Val Loss=0.3129
2024-07-02 16:40:54 - INFO - Epoch 68 training time: 8.2034
2024-07-02 16:40:55 - INFO - Saved best model at epoch 68
2024-07-02 16:40:55 - INFO - Epoch 68: Train Loss=0.3227, Val Acc=0.8904, Val Loss=0.3110
2024-07-02 16:41:03 - INFO - Epoch 69 training time: 7.9679
2024-07-02 16:41:04 - INFO - Saved best model at epoch 69
2024-07-02 16:41:04 - INFO - Epoch 69: Train Loss=0.3165, Val Acc=0.8958, Val Loss=0.3066
2024-07-02 16:41:12 - INFO - Epoch 70 training time: 7.8648
2024-07-02 16:41:13 - INFO - Saved best model at epoch 70
2024-07-02 16:41:13 - INFO - Epoch 70: Train Loss=0.3163, Val Acc=0.8976, Val Loss=0.3065
2024-07-02 16:41:20 - INFO - Epoch 71 training time: 7.8591
2024-07-02 16:41:21 - INFO - Saved best model at epoch 71
2024-07-02 16:41:21 - INFO - Epoch 71: Train Loss=0.3119, Val Acc=0.8995, Val Loss=0.3041
2024-07-02 16:41:29 - INFO - Epoch 72 training time: 7.8162
2024-07-02 16:41:30 - INFO - Saved best model at epoch 72
2024-07-02 16:41:30 - INFO - Epoch 72: Train Loss=0.3103, Val Acc=0.9076, Val Loss=0.3009
2024-07-02 16:41:38 - INFO - Epoch 73 training time: 7.7925
2024-07-02 16:41:39 - INFO - Epoch 73: Train Loss=0.3060, Val Acc=0.9031, Val Loss=0.3010
2024-07-02 16:41:46 - INFO - Epoch 74 training time: 7.8253
2024-07-02 16:41:47 - INFO - Saved best model at epoch 74
2024-07-02 16:41:47 - INFO - Epoch 74: Train Loss=0.3057, Val Acc=0.9031, Val Loss=0.3005
2024-07-02 16:41:55 - INFO - Epoch 75 training time: 7.7740
2024-07-02 16:41:56 - INFO - Saved best model at epoch 75
2024-07-02 16:41:56 - INFO - Epoch 75: Train Loss=0.3024, Val Acc=0.9031, Val Loss=0.2961
2024-07-02 16:42:04 - INFO - Epoch 76 training time: 7.7896
2024-07-02 16:42:05 - INFO - Saved best model at epoch 76
2024-07-02 16:42:05 - INFO - Epoch 76: Train Loss=0.2972, Val Acc=0.8967, Val Loss=0.2935
2024-07-02 16:42:13 - INFO - Epoch 77 training time: 7.8285
2024-07-02 16:42:13 - INFO - Saved best model at epoch 77
2024-07-02 16:42:13 - INFO - Epoch 77: Train Loss=0.2927, Val Acc=0.9004, Val Loss=0.2926
2024-07-02 16:42:22 - INFO - Epoch 78 training time: 8.2743
2024-07-02 16:42:23 - INFO - Saved best model at epoch 78
2024-07-02 16:42:23 - INFO - Epoch 78: Train Loss=0.2889, Val Acc=0.9067, Val Loss=0.2878
2024-07-02 16:42:31 - INFO - Epoch 79 training time: 7.9601
2024-07-02 16:42:31 - INFO - Saved best model at epoch 79
2024-07-02 16:42:31 - INFO - Epoch 79: Train Loss=0.2871, Val Acc=0.9103, Val Loss=0.2852
2024-07-02 16:42:39 - INFO - Epoch 80 training time: 7.6964
2024-07-02 16:42:40 - INFO - Saved best model at epoch 80
2024-07-02 16:42:40 - INFO - Epoch 80: Train Loss=0.2832, Val Acc=0.9076, Val Loss=0.2834
2024-07-02 16:42:48 - INFO - Epoch 81 training time: 7.8874
2024-07-02 16:42:49 - INFO - Saved best model at epoch 81
2024-07-02 16:42:49 - INFO - Epoch 81: Train Loss=0.2806, Val Acc=0.9076, Val Loss=0.2809
2024-07-02 16:42:57 - INFO - Epoch 82 training time: 7.7619
2024-07-02 16:42:57 - INFO - Saved best model at epoch 82
2024-07-02 16:42:57 - INFO - Epoch 82: Train Loss=0.2801, Val Acc=0.9076, Val Loss=0.2785
2024-07-02 16:43:05 - INFO - Epoch 83 training time: 7.5913
2024-07-02 16:43:06 - INFO - Epoch 83: Train Loss=0.2785, Val Acc=0.9076, Val Loss=0.2797
2024-07-02 16:43:13 - INFO - Epoch 84 training time: 7.5474
2024-07-02 16:43:14 - INFO - Saved best model at epoch 84
2024-07-02 16:43:14 - INFO - Epoch 84: Train Loss=0.2784, Val Acc=0.9058, Val Loss=0.2770
2024-07-02 16:43:22 - INFO - Epoch 85 training time: 7.6484
2024-07-02 16:43:23 - INFO - Saved best model at epoch 85
2024-07-02 16:43:23 - INFO - Epoch 85: Train Loss=0.2734, Val Acc=0.9094, Val Loss=0.2734
2024-07-02 16:43:31 - INFO - Epoch 86 training time: 7.7249
2024-07-02 16:43:31 - INFO - Epoch 86: Train Loss=0.2747, Val Acc=0.9031, Val Loss=0.2799
2024-07-02 16:43:39 - INFO - Epoch 87 training time: 7.6788
2024-07-02 16:43:40 - INFO - Epoch 87: Train Loss=0.2689, Val Acc=0.9031, Val Loss=0.2755
2024-07-02 16:43:47 - INFO - Epoch 88 training time: 7.4647
2024-07-02 16:43:48 - INFO - Epoch 88: Train Loss=0.2690, Val Acc=0.9067, Val Loss=0.2735
2024-07-02 16:43:56 - INFO - Epoch 89 training time: 7.8659
2024-07-02 16:43:57 - INFO - Saved best model at epoch 89
2024-07-02 16:43:57 - INFO - Epoch 89: Train Loss=0.2700, Val Acc=0.9094, Val Loss=0.2692
2024-07-02 16:44:05 - INFO - Epoch 90 training time: 7.6596
2024-07-02 16:44:06 - INFO - Saved best model at epoch 90
2024-07-02 16:44:06 - INFO - Epoch 90: Train Loss=0.2660, Val Acc=0.9094, Val Loss=0.2663
2024-07-02 16:44:13 - INFO - Epoch 91 training time: 7.7176
2024-07-02 16:44:14 - INFO - Epoch 91: Train Loss=0.2659, Val Acc=0.9085, Val Loss=0.2668
2024-07-02 16:44:22 - INFO - Epoch 92 training time: 7.7720
2024-07-02 16:44:23 - INFO - Saved best model at epoch 92
2024-07-02 16:44:23 - INFO - Epoch 92: Train Loss=0.2635, Val Acc=0.9076, Val Loss=0.2646
2024-07-02 16:44:30 - INFO - Epoch 93 training time: 7.7147
2024-07-02 16:44:31 - INFO - Epoch 93: Train Loss=0.2608, Val Acc=0.9094, Val Loss=0.2665
2024-07-02 16:44:39 - INFO - Epoch 94 training time: 7.9319
2024-07-02 16:44:40 - INFO - Saved best model at epoch 94
2024-07-02 16:44:40 - INFO - Epoch 94: Train Loss=0.2609, Val Acc=0.9076, Val Loss=0.2585
2024-07-02 16:44:48 - INFO - Epoch 95 training time: 7.9583
2024-07-02 16:44:49 - INFO - Saved best model at epoch 95
2024-07-02 16:44:49 - INFO - Epoch 95: Train Loss=0.2557, Val Acc=0.9130, Val Loss=0.2572
2024-07-02 16:44:57 - INFO - Epoch 96 training time: 7.7621
2024-07-02 16:44:58 - INFO - Saved best model at epoch 96
2024-07-02 16:44:58 - INFO - Epoch 96: Train Loss=0.2552, Val Acc=0.9112, Val Loss=0.2534
2024-07-02 16:45:05 - INFO - Epoch 97 training time: 7.8728
2024-07-02 16:45:06 - INFO - Saved best model at epoch 97
2024-07-02 16:45:06 - INFO - Epoch 97: Train Loss=0.2547, Val Acc=0.9103, Val Loss=0.2521
2024-07-02 16:45:14 - INFO - Epoch 98 training time: 7.6420
2024-07-02 16:45:15 - INFO - Saved best model at epoch 98
2024-07-02 16:45:15 - INFO - Epoch 98: Train Loss=0.2523, Val Acc=0.9094, Val Loss=0.2491
2024-07-02 16:45:23 - INFO - Epoch 99 training time: 7.9434
2024-07-02 16:45:24 - INFO - Saved best model at epoch 99
2024-07-02 16:45:24 - INFO - Epoch 99: Train Loss=0.2499, Val Acc=0.9085, Val Loss=0.2489
2024-07-02 16:45:32 - INFO - Epoch 100 training time: 8.0853
2024-07-02 16:45:33 - INFO - Saved best model at epoch 100
2024-07-02 16:45:33 - INFO - Epoch 100: Train Loss=0.2481, Val Acc=0.9103, Val Loss=0.2486
2024-07-02 16:45:40 - INFO - Epoch 101 training time: 7.7195
2024-07-02 16:45:41 - INFO - Epoch 101: Train Loss=0.2467, Val Acc=0.9094, Val Loss=0.2510
2024-07-02 16:45:49 - INFO - Epoch 102 training time: 7.6444
2024-07-02 16:45:50 - INFO - Saved best model at epoch 102
2024-07-02 16:45:50 - INFO - Epoch 102: Train Loss=0.2494, Val Acc=0.9139, Val Loss=0.2461
2024-07-02 16:45:58 - INFO - Epoch 103 training time: 8.0394
2024-07-02 16:45:59 - INFO - Epoch 103: Train Loss=0.2478, Val Acc=0.9112, Val Loss=0.2498
2024-07-02 16:46:06 - INFO - Epoch 104 training time: 7.9090
2024-07-02 16:46:07 - INFO - Epoch 104: Train Loss=0.2462, Val Acc=0.9103, Val Loss=0.2513
2024-07-02 16:46:15 - INFO - Epoch 105 training time: 7.8548
2024-07-02 16:46:16 - INFO - Saved best model at epoch 105
2024-07-02 16:46:16 - INFO - Epoch 105: Train Loss=0.2449, Val Acc=0.9130, Val Loss=0.2440
2024-07-02 16:46:24 - INFO - Epoch 106 training time: 7.8953
2024-07-02 16:46:25 - INFO - Epoch 106: Train Loss=0.2435, Val Acc=0.9085, Val Loss=0.2485
2024-07-02 16:46:33 - INFO - Epoch 107 training time: 7.9672
2024-07-02 16:46:34 - INFO - Epoch 107: Train Loss=0.2429, Val Acc=0.9103, Val Loss=0.2448
2024-07-02 16:46:42 - INFO - Epoch 108 training time: 8.3388
2024-07-02 16:46:43 - INFO - Saved best model at epoch 108
2024-07-02 16:46:43 - INFO - Epoch 108: Train Loss=0.2414, Val Acc=0.9149, Val Loss=0.2416
2024-07-02 16:46:51 - INFO - Epoch 109 training time: 8.0802
2024-07-02 16:46:52 - INFO - Epoch 109: Train Loss=0.2389, Val Acc=0.9149, Val Loss=0.2427
2024-07-02 16:47:00 - INFO - Epoch 110 training time: 7.9744
2024-07-02 16:47:01 - INFO - Epoch 110: Train Loss=0.2389, Val Acc=0.9149, Val Loss=0.2444
2024-07-02 16:47:09 - INFO - Epoch 111 training time: 7.9870
2024-07-02 16:47:10 - INFO - Epoch 111: Train Loss=0.2400, Val Acc=0.9149, Val Loss=0.2433
2024-07-02 16:47:18 - INFO - Epoch 112 training time: 7.7415
2024-07-02 16:47:18 - INFO - Epoch 112: Train Loss=0.2412, Val Acc=0.9139, Val Loss=0.2439
2024-07-02 16:47:26 - INFO - Epoch 113 training time: 8.0197
2024-07-02 16:47:27 - INFO - Saved best model at epoch 113
2024-07-02 16:47:27 - INFO - Epoch 113: Train Loss=0.2387, Val Acc=0.9158, Val Loss=0.2380
2024-07-02 16:47:35 - INFO - Epoch 114 training time: 8.0495
2024-07-02 16:47:36 - INFO - Saved best model at epoch 114
2024-07-02 16:47:36 - INFO - Epoch 114: Train Loss=0.2373, Val Acc=0.9158, Val Loss=0.2377
2024-07-02 16:47:44 - INFO - Epoch 115 training time: 7.8241
2024-07-02 16:47:45 - INFO - Saved best model at epoch 115
2024-07-02 16:47:45 - INFO - Epoch 115: Train Loss=0.2372, Val Acc=0.9185, Val Loss=0.2374
2024-07-02 16:47:53 - INFO - Epoch 116 training time: 7.9636
2024-07-02 16:47:54 - INFO - Epoch 116: Train Loss=0.2370, Val Acc=0.9167, Val Loss=0.2413
2024-07-02 16:48:02 - INFO - Epoch 117 training time: 7.6941
2024-07-02 16:48:02 - INFO - Epoch 117: Train Loss=0.2373, Val Acc=0.9194, Val Loss=0.2387
2024-07-02 16:48:10 - INFO - Epoch 118 training time: 7.7572
2024-07-02 16:48:11 - INFO - Epoch 118: Train Loss=0.2358, Val Acc=0.9139, Val Loss=0.2448
2024-07-02 16:48:19 - INFO - Epoch 119 training time: 7.9700
2024-07-02 16:48:20 - INFO - Epoch 119: Train Loss=0.2353, Val Acc=0.9185, Val Loss=0.2391
2024-07-02 16:48:28 - INFO - Epoch 120 training time: 8.0874
2024-07-02 16:48:29 - INFO - Saved best model at epoch 120
2024-07-02 16:48:29 - INFO - Epoch 120: Train Loss=0.2345, Val Acc=0.9194, Val Loss=0.2365
2024-07-02 16:48:37 - INFO - Epoch 121 training time: 8.0723
2024-07-02 16:48:38 - INFO - Saved best model at epoch 121
2024-07-02 16:48:38 - INFO - Epoch 121: Train Loss=0.2340, Val Acc=0.9194, Val Loss=0.2359
2024-07-02 16:48:46 - INFO - Epoch 122 training time: 8.3154
2024-07-02 16:48:47 - INFO - Saved best model at epoch 122
2024-07-02 16:48:47 - INFO - Epoch 122: Train Loss=0.2343, Val Acc=0.9185, Val Loss=0.2352
2024-07-02 16:48:55 - INFO - Epoch 123 training time: 7.9933
2024-07-02 16:48:56 - INFO - Epoch 123: Train Loss=0.2327, Val Acc=0.9130, Val Loss=0.2432
2024-07-02 16:49:04 - INFO - Epoch 124 training time: 8.1890
2024-07-02 16:49:05 - INFO - Epoch 124: Train Loss=0.2346, Val Acc=0.9194, Val Loss=0.2371
2024-07-02 16:49:13 - INFO - Epoch 125 training time: 7.8336
2024-07-02 16:49:14 - INFO - Epoch 125: Train Loss=0.2313, Val Acc=0.9194, Val Loss=0.2357
2024-07-02 16:49:21 - INFO - Epoch 126 training time: 7.5579
2024-07-02 16:49:22 - INFO - Epoch 126: Train Loss=0.2263, Val Acc=0.9194, Val Loss=0.2363
2024-07-02 16:49:30 - INFO - Epoch 127 training time: 7.9478
2024-07-02 16:49:31 - INFO - Saved best model at epoch 127
2024-07-02 16:49:31 - INFO - Epoch 127: Train Loss=0.2345, Val Acc=0.9167, Val Loss=0.2335
2024-07-02 16:49:39 - INFO - Epoch 128 training time: 7.8466
2024-07-02 16:49:40 - INFO - Epoch 128: Train Loss=0.2301, Val Acc=0.9167, Val Loss=0.2336
2024-07-02 16:49:48 - INFO - Epoch 129 training time: 8.0481
2024-07-02 16:49:49 - INFO - Epoch 129: Train Loss=0.2307, Val Acc=0.9158, Val Loss=0.2335
2024-07-02 16:49:57 - INFO - Epoch 130 training time: 7.9153
2024-07-02 16:49:58 - INFO - Epoch 130: Train Loss=0.2303, Val Acc=0.9158, Val Loss=0.2412
2024-07-02 16:50:06 - INFO - Epoch 131 training time: 8.0247
2024-07-02 16:50:07 - INFO - Saved best model at epoch 131
2024-07-02 16:50:07 - INFO - Epoch 131: Train Loss=0.2284, Val Acc=0.9194, Val Loss=0.2320
2024-07-02 16:50:15 - INFO - Epoch 132 training time: 7.9564
2024-07-02 16:50:16 - INFO - Epoch 132: Train Loss=0.2272, Val Acc=0.9185, Val Loss=0.2321
2024-07-02 16:50:24 - INFO - Epoch 133 training time: 7.9970
2024-07-02 16:50:25 - INFO - Saved best model at epoch 133
2024-07-02 16:50:25 - INFO - Epoch 133: Train Loss=0.2266, Val Acc=0.9139, Val Loss=0.2311
2024-07-02 16:50:32 - INFO - Epoch 134 training time: 7.8494
2024-07-02 16:50:33 - INFO - Saved best model at epoch 134
2024-07-02 16:50:33 - INFO - Epoch 134: Train Loss=0.2234, Val Acc=0.9139, Val Loss=0.2306
2024-07-02 16:50:42 - INFO - Epoch 135 training time: 8.4412
2024-07-02 16:50:43 - INFO - Epoch 135: Train Loss=0.2257, Val Acc=0.9167, Val Loss=0.2343
2024-07-02 16:50:51 - INFO - Epoch 136 training time: 8.3423
2024-07-02 16:50:52 - INFO - Saved best model at epoch 136
2024-07-02 16:50:52 - INFO - Epoch 136: Train Loss=0.2220, Val Acc=0.9167, Val Loss=0.2304
2024-07-02 16:51:00 - INFO - Epoch 137 training time: 8.5130
2024-07-02 16:51:01 - INFO - Epoch 137: Train Loss=0.2220, Val Acc=0.9167, Val Loss=0.2411
2024-07-02 16:51:10 - INFO - Epoch 138 training time: 8.1853
2024-07-02 16:51:11 - INFO - Epoch 138: Train Loss=0.2238, Val Acc=0.9149, Val Loss=0.2323
2024-07-02 16:51:19 - INFO - Epoch 139 training time: 8.2512
2024-07-02 16:51:20 - INFO - Epoch 139: Train Loss=0.2219, Val Acc=0.9121, Val Loss=0.2347
2024-07-02 16:51:28 - INFO - Epoch 140 training time: 7.8343
2024-07-02 16:51:28 - INFO - Epoch 140: Train Loss=0.2232, Val Acc=0.9139, Val Loss=0.2353
2024-07-02 16:51:36 - INFO - Epoch 141 training time: 8.0653
2024-07-02 16:51:37 - INFO - Early stopping triggered, epoch 141
2024-07-02 16:51:38 - INFO - Test F1-Score: 0.9066
2024-07-02 16:51:38 - INFO - Test Precision : 0.9066
2024-07-02 16:51:38 - INFO - Test Accuracy: 0.9067
2024-07-02 16:51:38 - INFO - Test Recall: 0.9067
2024-07-02 16:51:38 - INFO - Train Time: 1114.8420
