2024-06-06 13:29:46 - INFO - rs= 62
2024-06-06 13:29:52 - INFO - Epoch 1 training time: 4.6729
2024-06-06 13:29:52 - INFO - Saved best model at epoch 1
2024-06-06 13:29:52 - INFO - Epoch 1: Train Loss=0.5098, Val Acc=0.7779, Val Loss=0.3885
2024-06-06 13:29:57 - INFO - Epoch 2 training time: 4.7886
2024-06-06 13:29:57 - INFO - Saved best model at epoch 2
2024-06-06 13:29:57 - INFO - Epoch 2: Train Loss=0.3515, Val Acc=0.9108, Val Loss=0.2486
2024-06-06 13:30:02 - INFO - Epoch 3 training time: 4.4000
2024-06-06 13:30:02 - INFO - Saved best model at epoch 3
2024-06-06 13:30:02 - INFO - Epoch 3: Train Loss=0.2635, Val Acc=0.9262, Val Loss=0.1971
2024-06-06 13:30:07 - INFO - Epoch 4 training time: 4.3142
2024-06-06 13:30:07 - INFO - Saved best model at epoch 4
2024-06-06 13:30:07 - INFO - Epoch 4: Train Loss=0.2300, Val Acc=0.9288, Val Loss=0.1911
2024-06-06 13:30:11 - INFO - Epoch 5 training time: 4.1773
2024-06-06 13:30:12 - INFO - Saved best model at epoch 5
2024-06-06 13:30:13 - INFO - Epoch 5: Train Loss=0.2072, Val Acc=0.9314, Val Loss=0.1764
2024-06-06 13:30:17 - INFO - Epoch 6 training time: 4.5077
2024-06-06 13:30:18 - INFO - Saved best model at epoch 6
2024-06-06 13:30:18 - INFO - Epoch 6: Train Loss=0.2055, Val Acc=0.9400, Val Loss=0.1747
2024-06-06 13:30:23 - INFO - Epoch 7 training time: 4.6377
2024-06-06 13:30:23 - INFO - Saved best model at epoch 7
2024-06-06 13:30:23 - INFO - Epoch 7: Train Loss=0.1993, Val Acc=0.9383, Val Loss=0.1682
2024-06-06 13:30:28 - INFO - Epoch 8 training time: 4.3019
2024-06-06 13:30:28 - INFO - Saved best model at epoch 8
2024-06-06 13:30:28 - INFO - Epoch 8: Train Loss=0.1842, Val Acc=0.9425, Val Loss=0.1605
2024-06-06 13:30:32 - INFO - Epoch 9 training time: 4.3163
2024-06-06 13:30:33 - INFO - Saved best model at epoch 9
2024-06-06 13:30:33 - INFO - Epoch 9: Train Loss=0.1811, Val Acc=0.9443, Val Loss=0.1573
2024-06-06 13:30:37 - INFO - Epoch 10 training time: 4.2971
2024-06-06 13:30:38 - INFO - Saved best model at epoch 10
2024-06-06 13:30:38 - INFO - Epoch 10: Train Loss=0.1766, Val Acc=0.9425, Val Loss=0.1572
2024-06-06 13:30:42 - INFO - Epoch 11 training time: 4.3497
2024-06-06 13:30:43 - INFO - Epoch 11: Train Loss=0.1811, Val Acc=0.9383, Val Loss=0.1756
2024-06-06 13:30:47 - INFO - Epoch 12 training time: 4.2938
2024-06-06 13:30:47 - INFO - Epoch 12: Train Loss=0.1856, Val Acc=0.9460, Val Loss=0.1653
2024-06-06 13:30:52 - INFO - Epoch 13 training time: 4.2522
2024-06-06 13:30:52 - INFO - Epoch 13: Train Loss=0.1754, Val Acc=0.9520, Val Loss=0.1575
2024-06-06 13:30:57 - INFO - Epoch 14 training time: 4.6042
2024-06-06 13:30:57 - INFO - Epoch 14: Train Loss=0.1709, Val Acc=0.9511, Val Loss=0.1614
2024-06-06 13:31:01 - INFO - Epoch 15 training time: 4.3051
2024-06-06 13:31:02 - INFO - Early stopping triggered, epoch 15
2024-06-06 13:31:03 - INFO - Test F1-Score: 0.9339
2024-06-06 13:31:03 - INFO - Test Precision : 0.9339
2024-06-06 13:31:03 - INFO - Test Accuracy: 0.9340
2024-06-06 13:31:03 - INFO - Test Recall: 0.9343
2024-06-06 13:31:03 - INFO - Train Time: 66.2186
2024-06-06 13:39:28 - INFO - rs= 16
2024-06-06 13:39:34 - INFO - Epoch 1 training time: 4.7535
2024-06-06 13:39:34 - INFO - Saved best model at epoch 1
2024-06-06 13:39:34 - INFO - Epoch 1: Train Loss=0.3782, Val Acc=0.9022, Val Loss=0.2731
2024-06-06 13:39:38 - INFO - Epoch 2 training time: 4.1885
2024-06-06 13:39:39 - INFO - Saved best model at epoch 2
2024-06-06 13:39:39 - INFO - Epoch 2: Train Loss=0.2556, Val Acc=0.9082, Val Loss=0.2447
2024-06-06 13:39:43 - INFO - Epoch 3 training time: 4.3929
2024-06-06 13:39:44 - INFO - Saved best model at epoch 3
2024-06-06 13:39:44 - INFO - Epoch 3: Train Loss=0.2319, Val Acc=0.9091, Val Loss=0.2213
2024-06-06 13:39:48 - INFO - Epoch 4 training time: 4.1256
2024-06-06 13:39:48 - INFO - Saved best model at epoch 4
2024-06-06 13:39:48 - INFO - Epoch 4: Train Loss=0.2207, Val Acc=0.9228, Val Loss=0.2133
2024-06-06 13:39:52 - INFO - Epoch 5 training time: 4.0500
2024-06-06 13:39:53 - INFO - Saved best model at epoch 5
2024-06-06 13:39:53 - INFO - Epoch 5: Train Loss=0.2102, Val Acc=0.9297, Val Loss=0.2002
2024-06-06 13:39:57 - INFO - Epoch 6 training time: 3.9869
2024-06-06 13:39:57 - INFO - Saved best model at epoch 6
2024-06-06 13:39:57 - INFO - Epoch 6: Train Loss=0.2002, Val Acc=0.9194, Val Loss=0.1912
2024-06-06 13:40:01 - INFO - Epoch 7 training time: 4.0159
2024-06-06 13:40:02 - INFO - Saved best model at epoch 7
2024-06-06 13:40:02 - INFO - Epoch 7: Train Loss=0.1970, Val Acc=0.9262, Val Loss=0.1901
2024-06-06 13:40:06 - INFO - Epoch 8 training time: 4.0510
2024-06-06 13:40:06 - INFO - Saved best model at epoch 8
2024-06-06 13:40:06 - INFO - Epoch 8: Train Loss=0.1951, Val Acc=0.9297, Val Loss=0.1843
2024-06-06 13:40:10 - INFO - Epoch 9 training time: 4.0821
2024-06-06 13:40:11 - INFO - Saved best model at epoch 9
2024-06-06 13:40:11 - INFO - Epoch 9: Train Loss=0.1914, Val Acc=0.9297, Val Loss=0.1834
2024-06-06 13:40:15 - INFO - Epoch 10 training time: 3.9073
2024-06-06 13:40:15 - INFO - Epoch 10: Train Loss=0.1894, Val Acc=0.9220, Val Loss=0.1995
2024-06-06 13:40:19 - INFO - Epoch 11 training time: 4.0647
2024-06-06 13:40:20 - INFO - Saved best model at epoch 11
2024-06-06 13:40:20 - INFO - Epoch 11: Train Loss=0.1850, Val Acc=0.9305, Val Loss=0.1831
2024-06-06 13:40:24 - INFO - Epoch 12 training time: 4.1952
2024-06-06 13:40:25 - INFO - Saved best model at epoch 12
2024-06-06 13:40:25 - INFO - Epoch 12: Train Loss=0.1803, Val Acc=0.9262, Val Loss=0.1804
2024-06-06 13:40:29 - INFO - Epoch 13 training time: 4.3549
2024-06-06 13:40:29 - INFO - Epoch 13: Train Loss=0.1830, Val Acc=0.9305, Val Loss=0.1810
2024-06-06 13:40:34 - INFO - Epoch 14 training time: 4.6164
2024-06-06 13:40:35 - INFO - Saved best model at epoch 14
2024-06-06 13:40:35 - INFO - Epoch 14: Train Loss=0.1780, Val Acc=0.9357, Val Loss=0.1772
2024-06-06 13:40:39 - INFO - Epoch 15 training time: 4.4019
2024-06-06 13:40:39 - INFO - Saved best model at epoch 15
2024-06-06 13:40:39 - INFO - Epoch 15: Train Loss=0.1787, Val Acc=0.9271, Val Loss=0.1767
2024-06-06 13:40:44 - INFO - Epoch 16 training time: 4.5495
2024-06-06 13:40:44 - INFO - Epoch 16: Train Loss=0.1778, Val Acc=0.9305, Val Loss=0.1770
2024-06-06 13:40:49 - INFO - Epoch 17 training time: 4.5567
2024-06-06 13:40:50 - INFO - Saved best model at epoch 17
2024-06-06 13:40:50 - INFO - Epoch 17: Train Loss=0.1719, Val Acc=0.9314, Val Loss=0.1750
2024-06-06 13:40:54 - INFO - Epoch 18 training time: 4.7207
2024-06-06 13:40:55 - INFO - Saved best model at epoch 18
2024-06-06 13:40:55 - INFO - Epoch 18: Train Loss=0.1719, Val Acc=0.9348, Val Loss=0.1679
2024-06-06 13:40:59 - INFO - Epoch 19 training time: 4.3237
2024-06-06 13:41:00 - INFO - Epoch 19: Train Loss=0.1723, Val Acc=0.9288, Val Loss=0.1805
2024-06-06 13:41:04 - INFO - Epoch 20 training time: 4.2891
2024-06-06 13:41:04 - INFO - Epoch 20: Train Loss=0.1687, Val Acc=0.9374, Val Loss=0.1760
2024-06-06 13:41:09 - INFO - Epoch 21 training time: 4.6041
2024-06-06 13:41:10 - INFO - Saved best model at epoch 21
2024-06-06 13:41:10 - INFO - Epoch 21: Train Loss=0.1668, Val Acc=0.9340, Val Loss=0.1677
2024-06-06 13:41:14 - INFO - Epoch 22 training time: 4.6647
2024-06-06 13:41:15 - INFO - Epoch 22: Train Loss=0.1678, Val Acc=0.9331, Val Loss=0.1682
2024-06-06 13:41:19 - INFO - Epoch 23 training time: 4.5649
2024-06-06 13:41:20 - INFO - Epoch 23: Train Loss=0.1665, Val Acc=0.9374, Val Loss=0.1734
2024-06-06 13:41:25 - INFO - Epoch 24 training time: 4.8147
2024-06-06 13:41:25 - INFO - Saved best model at epoch 24
2024-06-06 13:41:25 - INFO - Epoch 24: Train Loss=0.1665, Val Acc=0.9357, Val Loss=0.1616
2024-06-06 13:41:30 - INFO - Epoch 25 training time: 4.7367
2024-06-06 13:41:30 - INFO - Saved best model at epoch 25
2024-06-06 13:41:30 - INFO - Epoch 25: Train Loss=0.1633, Val Acc=0.9374, Val Loss=0.1594
2024-06-06 13:41:35 - INFO - Epoch 26 training time: 4.3450
2024-06-06 13:41:35 - INFO - Epoch 26: Train Loss=0.1581, Val Acc=0.9331, Val Loss=0.1678
2024-06-06 13:41:40 - INFO - Epoch 27 training time: 4.1948
2024-06-06 13:41:40 - INFO - Epoch 27: Train Loss=0.1595, Val Acc=0.9357, Val Loss=0.1600
2024-06-06 13:41:44 - INFO - Epoch 28 training time: 4.2686
2024-06-06 13:41:45 - INFO - Saved best model at epoch 28
2024-06-06 13:41:45 - INFO - Epoch 28: Train Loss=0.1548, Val Acc=0.9374, Val Loss=0.1586
2024-06-06 13:41:49 - INFO - Epoch 29 training time: 4.3081
2024-06-06 13:41:50 - INFO - Saved best model at epoch 29
2024-06-06 13:41:50 - INFO - Epoch 29: Train Loss=0.1576, Val Acc=0.9391, Val Loss=0.1551
2024-06-06 13:41:54 - INFO - Epoch 30 training time: 4.2232
2024-06-06 13:41:54 - INFO - Epoch 30: Train Loss=0.1537, Val Acc=0.9391, Val Loss=0.1595
2024-06-06 13:41:58 - INFO - Epoch 31 training time: 4.2532
2024-06-06 13:41:59 - INFO - Epoch 31: Train Loss=0.1569, Val Acc=0.9348, Val Loss=0.1629
2024-06-06 13:42:03 - INFO - Epoch 32 training time: 4.1812
2024-06-06 13:42:04 - INFO - Saved best model at epoch 32
2024-06-06 13:42:04 - INFO - Epoch 32: Train Loss=0.1506, Val Acc=0.9391, Val Loss=0.1505
2024-06-06 13:42:08 - INFO - Epoch 33 training time: 4.4392
2024-06-06 13:42:09 - INFO - Epoch 33: Train Loss=0.1484, Val Acc=0.9365, Val Loss=0.1509
2024-06-06 13:42:13 - INFO - Epoch 34 training time: 4.3976
2024-06-06 13:42:13 - INFO - Epoch 34: Train Loss=0.1483, Val Acc=0.9400, Val Loss=0.1534
2024-06-06 13:42:18 - INFO - Epoch 35 training time: 4.2478
2024-06-06 13:42:18 - INFO - Epoch 35: Train Loss=0.1487, Val Acc=0.9365, Val Loss=0.1620
2024-06-06 13:42:22 - INFO - Epoch 36 training time: 4.2618
2024-06-06 13:42:23 - INFO - Saved best model at epoch 36
2024-06-06 13:42:23 - INFO - Epoch 36: Train Loss=0.1496, Val Acc=0.9391, Val Loss=0.1495
2024-06-06 13:42:28 - INFO - Epoch 37 training time: 4.6370
2024-06-06 13:42:28 - INFO - Saved best model at epoch 37
2024-06-06 13:42:28 - INFO - Epoch 37: Train Loss=0.1459, Val Acc=0.9425, Val Loss=0.1479
2024-06-06 13:42:32 - INFO - Epoch 38 training time: 4.2300
2024-06-06 13:42:33 - INFO - Epoch 38: Train Loss=0.1457, Val Acc=0.9400, Val Loss=0.1509
2024-06-06 13:42:37 - INFO - Epoch 39 training time: 4.2536
2024-06-06 13:42:38 - INFO - Epoch 39: Train Loss=0.1459, Val Acc=0.9408, Val Loss=0.1479
2024-06-06 13:42:42 - INFO - Epoch 40 training time: 4.1814
2024-06-06 13:42:42 - INFO - Epoch 40: Train Loss=0.1497, Val Acc=0.9400, Val Loss=0.1553
2024-06-06 13:42:46 - INFO - Epoch 41 training time: 4.1874
2024-06-06 13:42:47 - INFO - Epoch 41: Train Loss=0.1399, Val Acc=0.9357, Val Loss=0.1601
2024-06-06 13:42:51 - INFO - Epoch 42 training time: 4.1046
2024-06-06 13:42:51 - INFO - Early stopping triggered, epoch 42
2024-06-06 13:42:52 - INFO - Test F1-Score: 0.9477
2024-06-06 13:42:52 - INFO - Test Precision : 0.9476
2024-06-06 13:42:52 - INFO - Test Accuracy: 0.9477
2024-06-06 13:42:52 - INFO - Test Recall: 0.9480
2024-06-06 13:42:52 - INFO - Train Time: 181.7258
2024-06-06 14:02:31 - INFO - rs= 5
2024-06-06 14:02:36 - INFO - Epoch 1 training time: 4.4101
2024-06-06 14:02:36 - INFO - Saved best model at epoch 1
2024-06-06 14:02:36 - INFO - Epoch 1: Train Loss=0.3524, Val Acc=0.8997, Val Loss=0.2654
2024-06-06 14:02:40 - INFO - Epoch 2 training time: 4.0109
2024-06-06 14:02:40 - INFO - Saved best model at epoch 2
2024-06-06 14:02:40 - INFO - Epoch 2: Train Loss=0.2369, Val Acc=0.9091, Val Loss=0.2198
2024-06-06 14:02:45 - INFO - Epoch 3 training time: 4.1229
2024-06-06 14:02:45 - INFO - Saved best model at epoch 3
2024-06-06 14:02:45 - INFO - Epoch 3: Train Loss=0.2090, Val Acc=0.9211, Val Loss=0.2130
2024-06-06 14:02:49 - INFO - Epoch 4 training time: 4.1053
2024-06-06 14:02:50 - INFO - Epoch 4: Train Loss=0.2131, Val Acc=0.9220, Val Loss=0.2177
2024-06-06 14:02:54 - INFO - Epoch 5 training time: 4.2014
2024-06-06 14:02:54 - INFO - Saved best model at epoch 5
2024-06-06 14:02:54 - INFO - Epoch 5: Train Loss=0.2062, Val Acc=0.9228, Val Loss=0.1923
2024-06-06 14:02:58 - INFO - Epoch 6 training time: 4.0605
2024-06-06 14:02:59 - INFO - Saved best model at epoch 6
2024-06-06 14:02:59 - INFO - Epoch 6: Train Loss=0.1892, Val Acc=0.9280, Val Loss=0.1915
2024-06-06 14:03:03 - INFO - Epoch 7 training time: 4.0876
2024-06-06 14:03:04 - INFO - Saved best model at epoch 7
2024-06-06 14:03:04 - INFO - Epoch 7: Train Loss=0.1816, Val Acc=0.9262, Val Loss=0.1756
2024-06-06 14:03:08 - INFO - Epoch 8 training time: 4.0725
2024-06-06 14:03:08 - INFO - Epoch 8: Train Loss=0.1806, Val Acc=0.9271, Val Loss=0.1785
2024-06-06 14:03:12 - INFO - Epoch 9 training time: 4.1695
2024-06-06 14:03:13 - INFO - Saved best model at epoch 9
2024-06-06 14:03:13 - INFO - Epoch 9: Train Loss=0.1824, Val Acc=0.9340, Val Loss=0.1714
2024-06-06 14:03:17 - INFO - Epoch 10 training time: 4.2456
2024-06-06 14:03:18 - INFO - Epoch 10: Train Loss=0.1749, Val Acc=0.9237, Val Loss=0.1728
2024-06-06 14:03:22 - INFO - Epoch 11 training time: 4.1766
2024-06-06 14:03:22 - INFO - Saved best model at epoch 11
2024-06-06 14:03:22 - INFO - Epoch 11: Train Loss=0.1765, Val Acc=0.9322, Val Loss=0.1689
2024-06-06 14:03:26 - INFO - Epoch 12 training time: 4.1396
2024-06-06 14:03:27 - INFO - Saved best model at epoch 12
2024-06-06 14:03:27 - INFO - Epoch 12: Train Loss=0.1705, Val Acc=0.9322, Val Loss=0.1626
2024-06-06 14:03:31 - INFO - Epoch 13 training time: 4.5332
2024-06-06 14:03:32 - INFO - Epoch 13: Train Loss=0.1682, Val Acc=0.9280, Val Loss=0.1716
2024-06-06 14:03:36 - INFO - Epoch 14 training time: 4.1959
2024-06-06 14:03:37 - INFO - Saved best model at epoch 14
2024-06-06 14:03:37 - INFO - Epoch 14: Train Loss=0.1674, Val Acc=0.9340, Val Loss=0.1622
2024-06-06 14:03:41 - INFO - Epoch 15 training time: 4.2459
2024-06-06 14:03:41 - INFO - Saved best model at epoch 15
2024-06-06 14:03:41 - INFO - Epoch 15: Train Loss=0.1623, Val Acc=0.9374, Val Loss=0.1544
2024-06-06 14:03:46 - INFO - Epoch 16 training time: 4.2537
2024-06-06 14:03:46 - INFO - Epoch 16: Train Loss=0.1596, Val Acc=0.9314, Val Loss=0.1697
2024-06-06 14:03:50 - INFO - Epoch 17 training time: 4.4481
2024-06-06 14:03:51 - INFO - Saved best model at epoch 17
2024-06-06 14:03:51 - INFO - Epoch 17: Train Loss=0.1671, Val Acc=0.9357, Val Loss=0.1533
2024-06-06 14:03:56 - INFO - Epoch 18 training time: 4.7578
2024-06-06 14:03:56 - INFO - Saved best model at epoch 18
2024-06-06 14:03:56 - INFO - Epoch 18: Train Loss=0.1601, Val Acc=0.9374, Val Loss=0.1521
2024-06-06 14:04:00 - INFO - Epoch 19 training time: 4.2291
2024-06-06 14:04:01 - INFO - Saved best model at epoch 19
2024-06-06 14:04:01 - INFO - Epoch 19: Train Loss=0.1591, Val Acc=0.9391, Val Loss=0.1485
2024-06-06 14:04:05 - INFO - Epoch 20 training time: 4.2068
2024-06-06 14:04:06 - INFO - Epoch 20: Train Loss=0.1590, Val Acc=0.9314, Val Loss=0.1647
2024-06-06 14:04:10 - INFO - Epoch 21 training time: 4.2949
2024-06-06 14:04:11 - INFO - Saved best model at epoch 21
2024-06-06 14:04:11 - INFO - Epoch 21: Train Loss=0.1578, Val Acc=0.9443, Val Loss=0.1469
2024-06-06 14:04:15 - INFO - Epoch 22 training time: 4.2342
2024-06-06 14:04:15 - INFO - Epoch 22: Train Loss=0.1595, Val Acc=0.9400, Val Loss=0.1506
2024-06-06 14:04:20 - INFO - Epoch 23 training time: 4.5544
2024-06-06 14:04:20 - INFO - Epoch 23: Train Loss=0.1595, Val Acc=0.9408, Val Loss=0.1590
2024-06-06 14:04:25 - INFO - Epoch 24 training time: 4.3329
2024-06-06 14:04:25 - INFO - Saved best model at epoch 24
2024-06-06 14:04:25 - INFO - Epoch 24: Train Loss=0.1572, Val Acc=0.9434, Val Loss=0.1459
2024-06-06 14:04:29 - INFO - Epoch 25 training time: 4.4129
2024-06-06 14:04:30 - INFO - Epoch 25: Train Loss=0.1564, Val Acc=0.9408, Val Loss=0.1483
2024-06-06 14:04:34 - INFO - Epoch 26 training time: 4.3798
2024-06-06 14:04:35 - INFO - Epoch 26: Train Loss=0.1532, Val Acc=0.9494, Val Loss=0.1475
2024-06-06 14:04:39 - INFO - Epoch 27 training time: 4.2870
2024-06-06 14:04:40 - INFO - Saved best model at epoch 27
2024-06-06 14:04:40 - INFO - Epoch 27: Train Loss=0.1502, Val Acc=0.9468, Val Loss=0.1397
2024-06-06 14:04:44 - INFO - Epoch 28 training time: 4.1879
2024-06-06 14:04:44 - INFO - Epoch 28: Train Loss=0.1518, Val Acc=0.9357, Val Loss=0.1513
2024-06-06 14:04:49 - INFO - Epoch 29 training time: 4.2930
2024-06-06 14:04:49 - INFO - Epoch 29: Train Loss=0.1498, Val Acc=0.9365, Val Loss=0.1644
2024-06-06 14:04:53 - INFO - Epoch 30 training time: 4.2463
2024-06-06 14:04:54 - INFO - Epoch 30: Train Loss=0.1479, Val Acc=0.9400, Val Loss=0.1522
2024-06-06 14:04:58 - INFO - Epoch 31 training time: 4.3157
2024-06-06 14:04:59 - INFO - Saved best model at epoch 31
2024-06-06 14:04:59 - INFO - Epoch 31: Train Loss=0.1540, Val Acc=0.9528, Val Loss=0.1390
2024-06-06 14:05:03 - INFO - Epoch 32 training time: 4.3113
2024-06-06 14:05:03 - INFO - Saved best model at epoch 32
2024-06-06 14:05:03 - INFO - Epoch 32: Train Loss=0.1487, Val Acc=0.9563, Val Loss=0.1378
2024-06-06 14:05:08 - INFO - Epoch 33 training time: 4.1696
2024-06-06 14:05:08 - INFO - Epoch 33: Train Loss=0.1482, Val Acc=0.9451, Val Loss=0.1415
2024-06-06 14:05:12 - INFO - Epoch 34 training time: 4.3713
2024-06-06 14:05:13 - INFO - Epoch 34: Train Loss=0.1462, Val Acc=0.9528, Val Loss=0.1434
2024-06-06 14:05:17 - INFO - Epoch 35 training time: 4.3072
2024-06-06 14:05:18 - INFO - Epoch 35: Train Loss=0.1479, Val Acc=0.9451, Val Loss=0.1411
2024-06-06 14:05:22 - INFO - Epoch 36 training time: 4.5796
2024-06-06 14:05:23 - INFO - Epoch 36: Train Loss=0.1489, Val Acc=0.9477, Val Loss=0.1394
2024-06-06 14:05:27 - INFO - Epoch 37 training time: 4.3157
2024-06-06 14:05:28 - INFO - Early stopping triggered, epoch 37
2024-06-06 14:05:28 - INFO - Test F1-Score: 0.9520
2024-06-06 14:05:28 - INFO - Test Precision : 0.9519
2024-06-06 14:05:28 - INFO - Test Accuracy: 0.9520
2024-06-06 14:05:28 - INFO - Test Recall: 0.9523
2024-06-06 14:05:28 - INFO - Train Time: 158.2664
2024-06-06 14:27:58 - INFO - rs= 3
2024-06-06 14:28:03 - INFO - Epoch 1 training time: 4.5046
2024-06-06 14:28:04 - INFO - Saved best model at epoch 1
2024-06-06 14:28:04 - INFO - Epoch 1: Train Loss=0.3073, Val Acc=0.9022, Val Loss=0.2559
2024-06-06 14:28:08 - INFO - Epoch 2 training time: 3.9931
2024-06-06 14:28:08 - INFO - Saved best model at epoch 2
2024-06-06 14:28:08 - INFO - Epoch 2: Train Loss=0.2389, Val Acc=0.9237, Val Loss=0.2159
2024-06-06 14:28:13 - INFO - Epoch 3 training time: 4.3043
2024-06-06 14:28:13 - INFO - Saved best model at epoch 3
2024-06-06 14:28:13 - INFO - Epoch 3: Train Loss=0.2211, Val Acc=0.9254, Val Loss=0.2110
2024-06-06 14:28:17 - INFO - Epoch 4 training time: 4.0933
2024-06-06 14:28:18 - INFO - Saved best model at epoch 4
2024-06-06 14:28:18 - INFO - Epoch 4: Train Loss=0.2135, Val Acc=0.9305, Val Loss=0.2095
2024-06-06 14:28:22 - INFO - Epoch 5 training time: 4.0801
2024-06-06 14:28:22 - INFO - Epoch 5: Train Loss=0.2028, Val Acc=0.9194, Val Loss=0.2101
2024-06-06 14:28:26 - INFO - Epoch 6 training time: 4.1794
2024-06-06 14:28:27 - INFO - Saved best model at epoch 6
2024-06-06 14:28:27 - INFO - Epoch 6: Train Loss=0.1981, Val Acc=0.9365, Val Loss=0.1921
2024-06-06 14:28:31 - INFO - Epoch 7 training time: 4.1207
2024-06-06 14:28:31 - INFO - Epoch 7: Train Loss=0.2006, Val Acc=0.9211, Val Loss=0.2107
2024-06-06 14:28:35 - INFO - Epoch 8 training time: 3.9973
2024-06-06 14:28:36 - INFO - Epoch 8: Train Loss=0.1944, Val Acc=0.9168, Val Loss=0.2017
2024-06-06 14:28:40 - INFO - Epoch 9 training time: 4.0647
2024-06-06 14:28:40 - INFO - Saved best model at epoch 9
2024-06-06 14:28:40 - INFO - Epoch 9: Train Loss=0.1973, Val Acc=0.9331, Val Loss=0.1849
2024-06-06 14:28:45 - INFO - Epoch 10 training time: 4.1328
2024-06-06 14:28:45 - INFO - Epoch 10: Train Loss=0.1839, Val Acc=0.9391, Val Loss=0.1896
2024-06-06 14:28:49 - INFO - Epoch 11 training time: 4.0879
2024-06-06 14:28:50 - INFO - Epoch 11: Train Loss=0.1873, Val Acc=0.9305, Val Loss=0.1873
2024-06-06 14:28:54 - INFO - Epoch 12 training time: 4.1733
2024-06-06 14:28:54 - INFO - Epoch 12: Train Loss=0.1868, Val Acc=0.9383, Val Loss=0.1890
2024-06-06 14:28:58 - INFO - Epoch 13 training time: 4.2353
2024-06-06 14:28:59 - INFO - Epoch 13: Train Loss=0.1861, Val Acc=0.9365, Val Loss=0.1858
2024-06-06 14:29:03 - INFO - Epoch 14 training time: 4.1656
2024-06-06 14:29:04 - INFO - Saved best model at epoch 14
2024-06-06 14:29:04 - INFO - Epoch 14: Train Loss=0.1839, Val Acc=0.9348, Val Loss=0.1827
2024-06-06 14:29:08 - INFO - Epoch 15 training time: 4.2371
2024-06-06 14:29:08 - INFO - Epoch 15: Train Loss=0.1823, Val Acc=0.9417, Val Loss=0.1848
2024-06-06 14:29:13 - INFO - Epoch 16 training time: 4.3126
2024-06-06 14:29:13 - INFO - Saved best model at epoch 16
2024-06-06 14:29:13 - INFO - Epoch 16: Train Loss=0.1841, Val Acc=0.9357, Val Loss=0.1805
2024-06-06 14:29:17 - INFO - Epoch 17 training time: 4.2755
2024-06-06 14:29:18 - INFO - Saved best model at epoch 17
2024-06-06 14:29:18 - INFO - Epoch 17: Train Loss=0.1854, Val Acc=0.9374, Val Loss=0.1795
2024-06-06 14:29:22 - INFO - Epoch 18 training time: 4.2576
2024-06-06 14:29:23 - INFO - Epoch 18: Train Loss=0.1800, Val Acc=0.9305, Val Loss=0.1869
2024-06-06 14:29:27 - INFO - Epoch 19 training time: 4.2276
2024-06-06 14:29:27 - INFO - Epoch 19: Train Loss=0.1817, Val Acc=0.9348, Val Loss=0.1839
2024-06-06 14:29:32 - INFO - Epoch 20 training time: 4.2554
2024-06-06 14:29:32 - INFO - Epoch 20: Train Loss=0.1824, Val Acc=0.9314, Val Loss=0.1808
2024-06-06 14:29:36 - INFO - Epoch 21 training time: 4.1228
2024-06-06 14:29:37 - INFO - Saved best model at epoch 21
2024-06-06 14:29:37 - INFO - Epoch 21: Train Loss=0.1750, Val Acc=0.9400, Val Loss=0.1777
2024-06-06 14:29:41 - INFO - Epoch 22 training time: 4.1717
2024-06-06 14:29:41 - INFO - Saved best model at epoch 22
2024-06-06 14:29:41 - INFO - Epoch 22: Train Loss=0.1704, Val Acc=0.9383, Val Loss=0.1690
2024-06-06 14:29:45 - INFO - Epoch 23 training time: 4.1471
2024-06-06 14:29:46 - INFO - Epoch 23: Train Loss=0.1651, Val Acc=0.9322, Val Loss=0.1807
2024-06-06 14:29:50 - INFO - Epoch 24 training time: 4.2798
2024-06-06 14:29:51 - INFO - Saved best model at epoch 24
2024-06-06 14:29:51 - INFO - Epoch 24: Train Loss=0.1715, Val Acc=0.9391, Val Loss=0.1641
2024-06-06 14:29:55 - INFO - Epoch 25 training time: 4.4320
2024-06-06 14:29:56 - INFO - Saved best model at epoch 25
2024-06-06 14:29:56 - INFO - Epoch 25: Train Loss=0.1635, Val Acc=0.9348, Val Loss=0.1614
2024-06-06 14:30:00 - INFO - Epoch 26 training time: 4.2146
2024-06-06 14:30:00 - INFO - Epoch 26: Train Loss=0.1634, Val Acc=0.9400, Val Loss=0.1622
2024-06-06 14:30:04 - INFO - Epoch 27 training time: 4.2566
2024-06-06 14:30:05 - INFO - Epoch 27: Train Loss=0.1646, Val Acc=0.9374, Val Loss=0.1667
2024-06-06 14:30:09 - INFO - Epoch 28 training time: 4.2349
2024-06-06 14:30:10 - INFO - Saved best model at epoch 28
2024-06-06 14:30:10 - INFO - Epoch 28: Train Loss=0.1627, Val Acc=0.9451, Val Loss=0.1579
2024-06-06 14:30:14 - INFO - Epoch 29 training time: 4.1626
2024-06-06 14:30:14 - INFO - Saved best model at epoch 29
2024-06-06 14:30:14 - INFO - Epoch 29: Train Loss=0.1621, Val Acc=0.9434, Val Loss=0.1543
2024-06-06 14:30:19 - INFO - Epoch 30 training time: 4.1700
2024-06-06 14:30:19 - INFO - Epoch 30: Train Loss=0.1636, Val Acc=0.9468, Val Loss=0.1705
2024-06-06 14:30:23 - INFO - Epoch 31 training time: 4.2638
2024-06-06 14:30:24 - INFO - Epoch 31: Train Loss=0.1623, Val Acc=0.9365, Val Loss=0.1653
2024-06-06 14:30:28 - INFO - Epoch 32 training time: 4.1372
2024-06-06 14:30:28 - INFO - Epoch 32: Train Loss=0.1588, Val Acc=0.9374, Val Loss=0.1562
2024-06-06 14:30:33 - INFO - Epoch 33 training time: 4.1574
2024-06-06 14:30:33 - INFO - Epoch 33: Train Loss=0.1615, Val Acc=0.9374, Val Loss=0.1570
2024-06-06 14:30:37 - INFO - Epoch 34 training time: 4.1766
2024-06-06 14:30:38 - INFO - Early stopping triggered, epoch 34
2024-06-06 14:30:38 - INFO - Test F1-Score: 0.9571
2024-06-06 14:30:38 - INFO - Test Precision : 0.9571
2024-06-06 14:30:38 - INFO - Test Accuracy: 0.9571
2024-06-06 14:30:38 - INFO - Test Recall: 0.9574
2024-06-06 14:30:38 - INFO - Train Time: 142.6255
2024-06-06 14:38:17 - INFO - rs= 22
2024-06-06 14:38:22 - INFO - Epoch 1 training time: 4.5408
2024-06-06 14:38:23 - INFO - Saved best model at epoch 1
2024-06-06 14:38:23 - INFO - Epoch 1: Train Loss=0.4127, Val Acc=0.9065, Val Loss=0.2705
2024-06-06 14:38:27 - INFO - Epoch 2 training time: 4.0158
2024-06-06 14:38:27 - INFO - Saved best model at epoch 2
2024-06-06 14:38:27 - INFO - Epoch 2: Train Loss=0.2561, Val Acc=0.9082, Val Loss=0.2316
2024-06-06 14:38:31 - INFO - Epoch 3 training time: 4.0332
2024-06-06 14:38:32 - INFO - Saved best model at epoch 3
2024-06-06 14:38:32 - INFO - Epoch 3: Train Loss=0.2294, Val Acc=0.9108, Val Loss=0.2256
2024-06-06 14:38:36 - INFO - Epoch 4 training time: 4.1606
2024-06-06 14:38:36 - INFO - Saved best model at epoch 4
2024-06-06 14:38:36 - INFO - Epoch 4: Train Loss=0.2201, Val Acc=0.9142, Val Loss=0.2121
2024-06-06 14:38:40 - INFO - Epoch 5 training time: 3.9892
2024-06-06 14:38:41 - INFO - Saved best model at epoch 5
2024-06-06 14:38:41 - INFO - Epoch 5: Train Loss=0.2131, Val Acc=0.9177, Val Loss=0.2097
2024-06-06 14:38:45 - INFO - Epoch 6 training time: 3.9513
2024-06-06 14:38:45 - INFO - Saved best model at epoch 6
2024-06-06 14:38:45 - INFO - Epoch 6: Train Loss=0.2032, Val Acc=0.9245, Val Loss=0.1981
2024-06-06 14:38:49 - INFO - Epoch 7 training time: 4.0557
2024-06-06 14:38:50 - INFO - Saved best model at epoch 7
2024-06-06 14:38:50 - INFO - Epoch 7: Train Loss=0.2008, Val Acc=0.9245, Val Loss=0.1903
2024-06-06 14:38:54 - INFO - Epoch 8 training time: 4.1464
2024-06-06 14:38:54 - INFO - Saved best model at epoch 8
2024-06-06 14:38:54 - INFO - Epoch 8: Train Loss=0.1981, Val Acc=0.9297, Val Loss=0.1866
2024-06-06 14:38:58 - INFO - Epoch 9 training time: 4.0026
2024-06-06 14:38:59 - INFO - Epoch 9: Train Loss=0.1930, Val Acc=0.9314, Val Loss=0.1873
2024-06-06 14:39:03 - INFO - Epoch 10 training time: 4.1001
2024-06-06 14:39:04 - INFO - Saved best model at epoch 10
2024-06-06 14:39:04 - INFO - Epoch 10: Train Loss=0.1932, Val Acc=0.9288, Val Loss=0.1862
2024-06-06 14:39:08 - INFO - Epoch 11 training time: 4.0775
2024-06-06 14:39:08 - INFO - Epoch 11: Train Loss=0.1882, Val Acc=0.9151, Val Loss=0.2010
2024-06-06 14:39:12 - INFO - Epoch 12 training time: 4.3244
2024-06-06 14:39:13 - INFO - Saved best model at epoch 12
2024-06-06 14:39:13 - INFO - Epoch 12: Train Loss=0.1876, Val Acc=0.9254, Val Loss=0.1816
2024-06-06 14:39:17 - INFO - Epoch 13 training time: 4.1293
2024-06-06 14:39:17 - INFO - Saved best model at epoch 13
2024-06-06 14:39:17 - INFO - Epoch 13: Train Loss=0.1856, Val Acc=0.9288, Val Loss=0.1806
2024-06-06 14:39:22 - INFO - Epoch 14 training time: 4.1406
2024-06-06 14:39:22 - INFO - Epoch 14: Train Loss=0.1830, Val Acc=0.9288, Val Loss=0.1835
2024-06-06 14:39:26 - INFO - Epoch 15 training time: 4.2203
2024-06-06 14:39:27 - INFO - Saved best model at epoch 15
2024-06-06 14:39:27 - INFO - Epoch 15: Train Loss=0.1819, Val Acc=0.9297, Val Loss=0.1803
2024-06-06 14:39:31 - INFO - Epoch 16 training time: 4.2438
2024-06-06 14:39:32 - INFO - Saved best model at epoch 16
2024-06-06 14:39:32 - INFO - Epoch 16: Train Loss=0.1805, Val Acc=0.9305, Val Loss=0.1780
2024-06-06 14:39:36 - INFO - Epoch 17 training time: 4.5330
2024-06-06 14:39:37 - INFO - Epoch 17: Train Loss=0.1842, Val Acc=0.9348, Val Loss=0.1795
2024-06-06 14:39:41 - INFO - Epoch 18 training time: 4.3370
2024-06-06 14:39:41 - INFO - Saved best model at epoch 18
2024-06-06 14:39:41 - INFO - Epoch 18: Train Loss=0.1817, Val Acc=0.9288, Val Loss=0.1771
2024-06-06 14:39:46 - INFO - Epoch 19 training time: 4.2130
2024-06-06 14:39:46 - INFO - Epoch 19: Train Loss=0.1805, Val Acc=0.9280, Val Loss=0.1829
2024-06-06 14:39:50 - INFO - Epoch 20 training time: 4.2261
2024-06-06 14:39:51 - INFO - Saved best model at epoch 20
2024-06-06 14:39:51 - INFO - Epoch 20: Train Loss=0.1776, Val Acc=0.9280, Val Loss=0.1747
2024-06-06 14:39:55 - INFO - Epoch 21 training time: 4.3556
2024-06-06 14:39:56 - INFO - Epoch 21: Train Loss=0.1792, Val Acc=0.9280, Val Loss=0.1786
2024-06-06 14:40:00 - INFO - Epoch 22 training time: 4.4831
2024-06-06 14:40:01 - INFO - Epoch 22: Train Loss=0.1814, Val Acc=0.9314, Val Loss=0.1785
2024-06-06 14:40:05 - INFO - Epoch 23 training time: 4.2243
2024-06-06 14:40:05 - INFO - Epoch 23: Train Loss=0.1766, Val Acc=0.9254, Val Loss=0.1785
2024-06-06 14:40:09 - INFO - Epoch 24 training time: 4.1749
2024-06-06 14:40:10 - INFO - Saved best model at epoch 24
2024-06-06 14:40:10 - INFO - Epoch 24: Train Loss=0.1777, Val Acc=0.9314, Val Loss=0.1706
2024-06-06 14:40:14 - INFO - Epoch 25 training time: 4.2546
2024-06-06 14:40:15 - INFO - Epoch 25: Train Loss=0.1739, Val Acc=0.9305, Val Loss=0.1741
2024-06-06 14:40:19 - INFO - Epoch 26 training time: 4.2031
2024-06-06 14:40:19 - INFO - Epoch 26: Train Loss=0.1716, Val Acc=0.9288, Val Loss=0.1775
2024-06-06 14:40:24 - INFO - Epoch 27 training time: 4.3201
2024-06-06 14:40:24 - INFO - Saved best model at epoch 27
2024-06-06 14:40:24 - INFO - Epoch 27: Train Loss=0.1748, Val Acc=0.9322, Val Loss=0.1688
2024-06-06 14:40:28 - INFO - Epoch 28 training time: 4.1406
2024-06-06 14:40:29 - INFO - Epoch 28: Train Loss=0.1737, Val Acc=0.9314, Val Loss=0.1697
2024-06-06 14:40:33 - INFO - Epoch 29 training time: 4.3985
2024-06-06 14:40:34 - INFO - Saved best model at epoch 29
2024-06-06 14:40:34 - INFO - Epoch 29: Train Loss=0.1722, Val Acc=0.9331, Val Loss=0.1658
2024-06-06 14:40:38 - INFO - Epoch 30 training time: 4.1856
2024-06-06 14:40:38 - INFO - Epoch 30: Train Loss=0.1703, Val Acc=0.9271, Val Loss=0.1795
2024-06-06 14:40:43 - INFO - Epoch 31 training time: 4.2054
2024-06-06 14:40:43 - INFO - Epoch 31: Train Loss=0.1696, Val Acc=0.9305, Val Loss=0.1785
2024-06-06 14:40:47 - INFO - Epoch 32 training time: 4.2468
2024-06-06 14:40:48 - INFO - Epoch 32: Train Loss=0.1696, Val Acc=0.9365, Val Loss=0.1697
2024-06-06 14:40:52 - INFO - Epoch 33 training time: 4.2953
2024-06-06 14:40:53 - INFO - Epoch 33: Train Loss=0.1661, Val Acc=0.9400, Val Loss=0.1697
2024-06-06 14:40:57 - INFO - Epoch 34 training time: 4.2128
2024-06-06 14:40:57 - INFO - Early stopping triggered, epoch 34
2024-06-06 14:40:58 - INFO - Test F1-Score: 0.9460
2024-06-06 14:40:58 - INFO - Test Precision : 0.9466
2024-06-06 14:40:58 - INFO - Test Accuracy: 0.9460
2024-06-06 14:40:58 - INFO - Test Recall: 0.9467
2024-06-06 14:40:58 - INFO - Train Time: 143.1413
2024-06-06 14:54:46 - INFO - rs= 86
2024-06-06 14:54:51 - INFO - Epoch 1 training time: 4.1508
2024-06-06 14:54:51 - INFO - Saved best model at epoch 1
2024-06-06 14:54:51 - INFO - Epoch 1: Train Loss=0.5317, Val Acc=0.7410, Val Loss=0.4196
2024-06-06 14:54:55 - INFO - Epoch 2 training time: 3.9227
2024-06-06 14:54:56 - INFO - Saved best model at epoch 2
2024-06-06 14:54:56 - INFO - Epoch 2: Train Loss=0.3462, Val Acc=0.9014, Val Loss=0.2792
2024-06-06 14:55:00 - INFO - Epoch 3 training time: 4.0375
2024-06-06 14:55:00 - INFO - Saved best model at epoch 3
2024-06-06 14:55:00 - INFO - Epoch 3: Train Loss=0.2526, Val Acc=0.9005, Val Loss=0.2391
2024-06-06 14:55:04 - INFO - Epoch 4 training time: 3.9093
2024-06-06 14:55:05 - INFO - Saved best model at epoch 4
2024-06-06 14:55:05 - INFO - Epoch 4: Train Loss=0.2105, Val Acc=0.9160, Val Loss=0.2039
2024-06-06 14:55:08 - INFO - Epoch 5 training time: 3.9102
2024-06-06 14:55:09 - INFO - Epoch 5: Train Loss=0.2085, Val Acc=0.9185, Val Loss=0.2053
2024-06-06 14:55:13 - INFO - Epoch 6 training time: 3.9221
2024-06-06 14:55:13 - INFO - Saved best model at epoch 6
2024-06-06 14:55:13 - INFO - Epoch 6: Train Loss=0.1944, Val Acc=0.9280, Val Loss=0.1985
2024-06-06 14:55:17 - INFO - Epoch 7 training time: 3.9454
2024-06-06 14:55:18 - INFO - Saved best model at epoch 7
2024-06-06 14:55:18 - INFO - Epoch 7: Train Loss=0.1886, Val Acc=0.9254, Val Loss=0.1945
2024-06-06 14:55:22 - INFO - Epoch 8 training time: 3.9859
2024-06-06 14:55:22 - INFO - Saved best model at epoch 8
2024-06-06 14:55:22 - INFO - Epoch 8: Train Loss=0.1881, Val Acc=0.9168, Val Loss=0.1932
2024-06-06 14:55:26 - INFO - Epoch 9 training time: 3.8632
2024-06-06 14:55:26 - INFO - Saved best model at epoch 9
2024-06-06 14:55:26 - INFO - Epoch 9: Train Loss=0.1815, Val Acc=0.9220, Val Loss=0.1930
2024-06-06 14:55:30 - INFO - Epoch 10 training time: 3.8352
2024-06-06 14:55:31 - INFO - Saved best model at epoch 10
2024-06-06 14:55:31 - INFO - Epoch 10: Train Loss=0.1825, Val Acc=0.9262, Val Loss=0.1906
2024-06-06 14:55:35 - INFO - Epoch 11 training time: 3.9371
2024-06-06 14:55:35 - INFO - Saved best model at epoch 11
2024-06-06 14:55:35 - INFO - Epoch 11: Train Loss=0.1804, Val Acc=0.9331, Val Loss=0.1772
2024-06-06 14:55:39 - INFO - Epoch 12 training time: 4.1506
2024-06-06 14:55:40 - INFO - Epoch 12: Train Loss=0.1793, Val Acc=0.9314, Val Loss=0.1812
2024-06-06 14:55:44 - INFO - Epoch 13 training time: 4.1276
2024-06-06 14:55:44 - INFO - Epoch 13: Train Loss=0.1776, Val Acc=0.9280, Val Loss=0.1786
2024-06-06 14:55:49 - INFO - Epoch 14 training time: 4.1999
2024-06-06 14:55:49 - INFO - Epoch 14: Train Loss=0.1776, Val Acc=0.9271, Val Loss=0.1772
2024-06-06 14:55:53 - INFO - Epoch 15 training time: 4.0324
2024-06-06 14:55:54 - INFO - Saved best model at epoch 15
2024-06-06 14:55:54 - INFO - Epoch 15: Train Loss=0.1707, Val Acc=0.9288, Val Loss=0.1770
2024-06-06 14:55:58 - INFO - Epoch 16 training time: 4.1052
2024-06-06 14:55:58 - INFO - Epoch 16: Train Loss=0.1701, Val Acc=0.9254, Val Loss=0.1803
2024-06-06 14:56:03 - INFO - Epoch 17 training time: 4.3277
2024-06-06 14:56:03 - INFO - Epoch 17: Train Loss=0.1692, Val Acc=0.9237, Val Loss=0.1903
2024-06-06 14:56:07 - INFO - Epoch 18 training time: 4.2188
2024-06-06 14:56:08 - INFO - Saved best model at epoch 18
2024-06-06 14:56:08 - INFO - Epoch 18: Train Loss=0.1737, Val Acc=0.9348, Val Loss=0.1705
2024-06-06 14:56:12 - INFO - Epoch 19 training time: 4.0227
2024-06-06 14:56:12 - INFO - Epoch 19: Train Loss=0.1686, Val Acc=0.9314, Val Loss=0.1731
2024-06-06 14:56:16 - INFO - Epoch 20 training time: 4.0435
2024-06-06 14:56:17 - INFO - Epoch 20: Train Loss=0.1686, Val Acc=0.9194, Val Loss=0.1924
2024-06-06 14:56:21 - INFO - Epoch 21 training time: 4.1070
2024-06-06 14:56:21 - INFO - Saved best model at epoch 21
2024-06-06 14:56:21 - INFO - Epoch 21: Train Loss=0.1690, Val Acc=0.9331, Val Loss=0.1674
2024-06-06 14:56:26 - INFO - Epoch 22 training time: 4.1156
2024-06-06 14:56:26 - INFO - Epoch 22: Train Loss=0.1702, Val Acc=0.9271, Val Loss=0.1760
2024-06-06 14:56:30 - INFO - Epoch 23 training time: 4.2076
2024-06-06 14:56:31 - INFO - Epoch 23: Train Loss=0.1669, Val Acc=0.9357, Val Loss=0.1699
2024-06-06 14:56:35 - INFO - Epoch 24 training time: 4.0425
2024-06-06 14:56:35 - INFO - Epoch 24: Train Loss=0.1640, Val Acc=0.9245, Val Loss=0.1752
2024-06-06 14:56:39 - INFO - Epoch 25 training time: 4.1174
2024-06-06 14:56:40 - INFO - Epoch 25: Train Loss=0.1614, Val Acc=0.9271, Val Loss=0.1728
2024-06-06 14:56:44 - INFO - Epoch 26 training time: 4.0481
2024-06-06 14:56:44 - INFO - Early stopping triggered, epoch 26
2024-06-06 14:56:45 - INFO - Test F1-Score: 0.9201
2024-06-06 14:56:45 - INFO - Test Precision : 0.9206
2024-06-06 14:56:45 - INFO - Test Accuracy: 0.9202
2024-06-06 14:56:45 - INFO - Test Recall: 0.9198
2024-06-06 14:56:45 - INFO - Train Time: 105.2859
2024-06-06 15:58:44 - INFO - rs= 19
2024-06-06 15:58:49 - INFO - Epoch 1 training time: 4.4025
2024-06-06 15:58:49 - INFO - Saved best model at epoch 1
2024-06-06 15:58:49 - INFO - Epoch 1: Train Loss=0.5042, Val Acc=0.8019, Val Loss=0.3723
2024-06-06 15:58:53 - INFO - Epoch 2 training time: 4.0369
2024-06-06 15:58:54 - INFO - Saved best model at epoch 2
2024-06-06 15:58:54 - INFO - Epoch 2: Train Loss=0.3212, Val Acc=0.9211, Val Loss=0.2244
2024-06-06 15:58:58 - INFO - Epoch 3 training time: 4.2353
2024-06-06 15:58:58 - INFO - Saved best model at epoch 3
2024-06-06 15:58:58 - INFO - Epoch 3: Train Loss=0.2561, Val Acc=0.9228, Val Loss=0.1984
2024-06-06 15:59:03 - INFO - Epoch 4 training time: 4.1489
2024-06-06 15:59:03 - INFO - Saved best model at epoch 4
2024-06-06 15:59:03 - INFO - Epoch 4: Train Loss=0.2237, Val Acc=0.9314, Val Loss=0.1790
2024-06-06 15:59:07 - INFO - Epoch 5 training time: 4.1486
2024-06-06 15:59:08 - INFO - Saved best model at epoch 5
2024-06-06 15:59:08 - INFO - Epoch 5: Train Loss=0.2117, Val Acc=0.9331, Val Loss=0.1713
2024-06-06 15:59:12 - INFO - Epoch 6 training time: 4.1885
2024-06-06 15:59:12 - INFO - Saved best model at epoch 6
2024-06-06 15:59:12 - INFO - Epoch 6: Train Loss=0.2041, Val Acc=0.9357, Val Loss=0.1669
2024-06-06 15:59:17 - INFO - Epoch 7 training time: 4.2419
2024-06-06 15:59:17 - INFO - Epoch 7: Train Loss=0.2033, Val Acc=0.9340, Val Loss=0.1687
2024-06-06 15:59:21 - INFO - Epoch 8 training time: 4.2311
2024-06-06 15:59:22 - INFO - Saved best model at epoch 8
2024-06-06 15:59:22 - INFO - Epoch 8: Train Loss=0.1952, Val Acc=0.9365, Val Loss=0.1662
2024-06-06 15:59:26 - INFO - Epoch 9 training time: 4.0227
2024-06-06 15:59:26 - INFO - Epoch 9: Train Loss=0.1924, Val Acc=0.9348, Val Loss=0.1705
2024-06-06 15:59:31 - INFO - Epoch 10 training time: 4.2150
2024-06-06 15:59:31 - INFO - Saved best model at epoch 10
2024-06-06 15:59:31 - INFO - Epoch 10: Train Loss=0.1932, Val Acc=0.9383, Val Loss=0.1596
2024-06-06 15:59:36 - INFO - Epoch 11 training time: 4.2965
2024-06-06 15:59:36 - INFO - Epoch 11: Train Loss=0.1943, Val Acc=0.9254, Val Loss=0.1811
2024-06-06 15:59:40 - INFO - Epoch 12 training time: 4.1517
2024-06-06 15:59:41 - INFO - Epoch 12: Train Loss=0.1932, Val Acc=0.9443, Val Loss=0.1675
2024-06-06 15:59:45 - INFO - Epoch 13 training time: 4.1359
2024-06-06 15:59:45 - INFO - Saved best model at epoch 13
2024-06-06 15:59:45 - INFO - Epoch 13: Train Loss=0.1893, Val Acc=0.9425, Val Loss=0.1570
2024-06-06 15:59:50 - INFO - Epoch 14 training time: 4.3269
2024-06-06 15:59:50 - INFO - Saved best model at epoch 14
2024-06-06 15:59:50 - INFO - Epoch 14: Train Loss=0.1911, Val Acc=0.9443, Val Loss=0.1532
2024-06-06 15:59:54 - INFO - Epoch 15 training time: 4.2389
2024-06-06 15:59:55 - INFO - Epoch 15: Train Loss=0.1839, Val Acc=0.9314, Val Loss=0.1642
2024-06-06 15:59:59 - INFO - Epoch 16 training time: 4.2768
2024-06-06 16:00:00 - INFO - Epoch 16: Train Loss=0.1820, Val Acc=0.9451, Val Loss=0.1577
2024-06-06 16:00:04 - INFO - Epoch 17 training time: 4.1746
2024-06-06 16:00:04 - INFO - Saved best model at epoch 17
2024-06-06 16:00:04 - INFO - Epoch 17: Train Loss=0.1755, Val Acc=0.9460, Val Loss=0.1525
2024-06-06 16:00:09 - INFO - Epoch 18 training time: 4.2856
2024-06-06 16:00:09 - INFO - Epoch 18: Train Loss=0.1799, Val Acc=0.9477, Val Loss=0.1627
2024-06-06 16:00:13 - INFO - Epoch 19 training time: 4.2710
2024-06-06 16:00:14 - INFO - Epoch 19: Train Loss=0.1798, Val Acc=0.9314, Val Loss=0.1615
2024-06-06 16:00:18 - INFO - Epoch 20 training time: 4.2761
2024-06-06 16:00:19 - INFO - Epoch 20: Train Loss=0.1789, Val Acc=0.9443, Val Loss=0.1535
2024-06-06 16:00:23 - INFO - Epoch 21 training time: 4.2086
2024-06-06 16:00:23 - INFO - Epoch 21: Train Loss=0.1763, Val Acc=0.9340, Val Loss=0.1807
2024-06-06 16:00:27 - INFO - Epoch 22 training time: 4.1581
2024-06-06 16:00:28 - INFO - Saved best model at epoch 22
2024-06-06 16:00:28 - INFO - Epoch 22: Train Loss=0.1783, Val Acc=0.9383, Val Loss=0.1516
2024-06-06 16:00:32 - INFO - Epoch 23 training time: 4.2067
2024-06-06 16:00:33 - INFO - Epoch 23: Train Loss=0.1733, Val Acc=0.9425, Val Loss=0.1535
2024-06-06 16:00:37 - INFO - Epoch 24 training time: 4.2875
2024-06-06 16:00:37 - INFO - Saved best model at epoch 24
2024-06-06 16:00:37 - INFO - Epoch 24: Train Loss=0.1714, Val Acc=0.9468, Val Loss=0.1463
2024-06-06 16:00:42 - INFO - Epoch 25 training time: 4.4309
2024-06-06 16:00:42 - INFO - Epoch 25: Train Loss=0.1719, Val Acc=0.9485, Val Loss=0.1482
2024-06-06 16:00:47 - INFO - Epoch 26 training time: 4.2213
2024-06-06 16:00:47 - INFO - Epoch 26: Train Loss=0.1693, Val Acc=0.9408, Val Loss=0.1478
2024-06-06 16:00:51 - INFO - Epoch 27 training time: 4.1062
2024-06-06 16:00:52 - INFO - Epoch 27: Train Loss=0.1661, Val Acc=0.9520, Val Loss=0.1528
2024-06-06 16:00:56 - INFO - Epoch 28 training time: 4.3040
2024-06-06 16:00:56 - INFO - Epoch 28: Train Loss=0.1666, Val Acc=0.9477, Val Loss=0.1484
2024-06-06 16:01:01 - INFO - Epoch 29 training time: 4.2600
2024-06-06 16:01:01 - INFO - Early stopping triggered, epoch 29
2024-06-06 16:01:02 - INFO - Test F1-Score: 0.9468
2024-06-06 16:01:02 - INFO - Test Precision : 0.9469
2024-06-06 16:01:02 - INFO - Test Accuracy: 0.9468
2024-06-06 16:01:02 - INFO - Test Recall: 0.9473
2024-06-06 16:01:02 - INFO - Train Time: 122.4886
2024-06-06 16:31:12 - INFO - rs= 43
2024-06-06 16:31:17 - INFO - Epoch 1 training time: 4.2824
2024-06-06 16:31:18 - INFO - Saved best model at epoch 1
2024-06-06 16:31:18 - INFO - Epoch 1: Train Loss=0.3418, Val Acc=0.9014, Val Loss=0.2510
2024-06-06 16:31:22 - INFO - Epoch 2 training time: 4.0252
2024-06-06 16:31:22 - INFO - Saved best model at epoch 2
2024-06-06 16:31:22 - INFO - Epoch 2: Train Loss=0.2408, Val Acc=0.9202, Val Loss=0.2083
2024-06-06 16:31:26 - INFO - Epoch 3 training time: 4.0634
2024-06-06 16:31:27 - INFO - Saved best model at epoch 3
2024-06-06 16:31:27 - INFO - Epoch 3: Train Loss=0.2187, Val Acc=0.9288, Val Loss=0.1893
2024-06-06 16:31:31 - INFO - Epoch 4 training time: 3.9167
2024-06-06 16:31:31 - INFO - Saved best model at epoch 4
2024-06-06 16:31:31 - INFO - Epoch 4: Train Loss=0.2105, Val Acc=0.9348, Val Loss=0.1833
2024-06-06 16:31:35 - INFO - Epoch 5 training time: 4.0584
2024-06-06 16:31:36 - INFO - Saved best model at epoch 5
2024-06-06 16:31:36 - INFO - Epoch 5: Train Loss=0.2023, Val Acc=0.9374, Val Loss=0.1781
2024-06-06 16:31:40 - INFO - Epoch 6 training time: 4.0422
2024-06-06 16:31:40 - INFO - Epoch 6: Train Loss=0.1978, Val Acc=0.9391, Val Loss=0.1842
2024-06-06 16:31:44 - INFO - Epoch 7 training time: 4.0206
2024-06-06 16:31:45 - INFO - Saved best model at epoch 7
2024-06-06 16:31:45 - INFO - Epoch 7: Train Loss=0.1917, Val Acc=0.9374, Val Loss=0.1769
2024-06-06 16:31:49 - INFO - Epoch 8 training time: 4.1007
2024-06-06 16:31:49 - INFO - Epoch 8: Train Loss=0.1938, Val Acc=0.9314, Val Loss=0.1870
2024-06-06 16:31:53 - INFO - Epoch 9 training time: 4.0573
2024-06-06 16:31:54 - INFO - Saved best model at epoch 9
2024-06-06 16:31:54 - INFO - Epoch 9: Train Loss=0.1939, Val Acc=0.9374, Val Loss=0.1761
2024-06-06 16:31:58 - INFO - Epoch 10 training time: 4.1441
2024-06-06 16:31:58 - INFO - Saved best model at epoch 10
2024-06-06 16:31:58 - INFO - Epoch 10: Train Loss=0.1911, Val Acc=0.9374, Val Loss=0.1746
2024-06-06 16:32:03 - INFO - Epoch 11 training time: 4.0307
2024-06-06 16:32:03 - INFO - Epoch 11: Train Loss=0.1867, Val Acc=0.9357, Val Loss=0.1841
2024-06-06 16:32:07 - INFO - Epoch 12 training time: 4.1180
2024-06-06 16:32:08 - INFO - Epoch 12: Train Loss=0.1865, Val Acc=0.9340, Val Loss=0.1795
2024-06-06 16:32:12 - INFO - Epoch 13 training time: 4.1921
2024-06-06 16:32:12 - INFO - Epoch 13: Train Loss=0.1827, Val Acc=0.9348, Val Loss=0.1778
2024-06-06 16:32:16 - INFO - Epoch 14 training time: 4.2046
2024-06-06 16:32:17 - INFO - Epoch 14: Train Loss=0.1841, Val Acc=0.9365, Val Loss=0.1746
2024-06-06 16:32:21 - INFO - Epoch 15 training time: 4.4081
2024-06-06 16:32:22 - INFO - Saved best model at epoch 15
2024-06-06 16:32:22 - INFO - Epoch 15: Train Loss=0.1822, Val Acc=0.9348, Val Loss=0.1725
2024-06-06 16:32:26 - INFO - Epoch 16 training time: 4.2909
2024-06-06 16:32:27 - INFO - Epoch 16: Train Loss=0.1838, Val Acc=0.9177, Val Loss=0.2031
2024-06-06 16:32:31 - INFO - Epoch 17 training time: 4.1107
2024-06-06 16:32:31 - INFO - Epoch 17: Train Loss=0.1891, Val Acc=0.9262, Val Loss=0.1856
2024-06-06 16:32:35 - INFO - Epoch 18 training time: 4.1255
2024-06-06 16:32:36 - INFO - Epoch 18: Train Loss=0.1837, Val Acc=0.9391, Val Loss=0.1749
2024-06-06 16:32:40 - INFO - Epoch 19 training time: 4.2794
2024-06-06 16:32:41 - INFO - Epoch 19: Train Loss=0.1790, Val Acc=0.9400, Val Loss=0.1738
2024-06-06 16:32:45 - INFO - Epoch 20 training time: 4.2720
2024-06-06 16:32:45 - INFO - Early stopping triggered, epoch 20
2024-06-06 16:32:46 - INFO - Test F1-Score: 0.9391
2024-06-06 16:32:46 - INFO - Test Precision : 0.9394
2024-06-06 16:32:46 - INFO - Test Accuracy: 0.9391
2024-06-06 16:32:46 - INFO - Test Recall: 0.9397
2024-06-06 16:32:46 - INFO - Train Time: 82.7427
2024-06-06 16:53:34 - INFO - rs= 43
2024-06-06 16:53:39 - INFO - Epoch 1 training time: 4.4160
2024-06-06 16:53:40 - INFO - Saved best model at epoch 1
2024-06-06 16:53:40 - INFO - Epoch 1: Train Loss=0.4907, Val Acc=0.7470, Val Loss=0.4908
2024-06-06 16:53:44 - INFO - Epoch 2 training time: 4.4406
2024-06-06 16:53:45 - INFO - Saved best model at epoch 2
2024-06-06 16:53:45 - INFO - Epoch 2: Train Loss=0.3113, Val Acc=0.8937, Val Loss=0.2594
2024-06-06 16:53:49 - INFO - Epoch 3 training time: 4.1946
2024-06-06 16:53:49 - INFO - Saved best model at epoch 3
2024-06-06 16:53:49 - INFO - Epoch 3: Train Loss=0.2402, Val Acc=0.9151, Val Loss=0.2104
2024-06-06 16:53:54 - INFO - Epoch 4 training time: 4.3731
2024-06-06 16:53:54 - INFO - Saved best model at epoch 4
2024-06-06 16:53:54 - INFO - Epoch 4: Train Loss=0.2117, Val Acc=0.9228, Val Loss=0.2069
2024-06-06 16:53:59 - INFO - Epoch 5 training time: 4.4322
2024-06-06 16:53:59 - INFO - Saved best model at epoch 5
2024-06-06 16:53:59 - INFO - Epoch 5: Train Loss=0.2027, Val Acc=0.9194, Val Loss=0.2012
2024-06-06 16:54:04 - INFO - Epoch 6 training time: 4.3264
2024-06-06 16:54:04 - INFO - Saved best model at epoch 6
2024-06-06 16:54:04 - INFO - Epoch 6: Train Loss=0.1969, Val Acc=0.9262, Val Loss=0.1966
2024-06-06 16:54:08 - INFO - Epoch 7 training time: 4.2874
2024-06-06 16:54:09 - INFO - Epoch 7: Train Loss=0.1915, Val Acc=0.9211, Val Loss=0.1980
2024-06-06 16:54:13 - INFO - Epoch 8 training time: 4.4612
2024-06-06 16:54:14 - INFO - Saved best model at epoch 8
2024-06-06 16:54:14 - INFO - Epoch 8: Train Loss=0.1931, Val Acc=0.9228, Val Loss=0.1923
2024-06-06 16:54:18 - INFO - Epoch 9 training time: 4.4100
2024-06-06 16:54:19 - INFO - Epoch 9: Train Loss=0.1913, Val Acc=0.9288, Val Loss=0.1926
2024-06-06 16:54:23 - INFO - Epoch 10 training time: 4.3850
2024-06-06 16:54:24 - INFO - Epoch 10: Train Loss=0.1876, Val Acc=0.9220, Val Loss=0.1987
2024-06-06 16:54:28 - INFO - Epoch 11 training time: 4.6119
2024-06-06 16:54:29 - INFO - Saved best model at epoch 11
2024-06-06 16:54:29 - INFO - Epoch 11: Train Loss=0.1861, Val Acc=0.9322, Val Loss=0.1833
2024-06-06 16:54:34 - INFO - Epoch 12 training time: 4.6302
2024-06-06 16:54:34 - INFO - Epoch 12: Train Loss=0.1809, Val Acc=0.9297, Val Loss=0.1866
2024-06-06 16:54:39 - INFO - Epoch 13 training time: 4.5660
2024-06-06 16:54:39 - INFO - Epoch 13: Train Loss=0.1795, Val Acc=0.9151, Val Loss=0.1909
2024-06-06 16:54:44 - INFO - Epoch 14 training time: 5.1911
2024-06-06 16:54:45 - INFO - Epoch 14: Train Loss=0.1825, Val Acc=0.9280, Val Loss=0.1844
2024-06-06 16:54:50 - INFO - Epoch 15 training time: 4.7011
2024-06-06 16:54:50 - INFO - Saved best model at epoch 15
2024-06-06 16:54:50 - INFO - Epoch 15: Train Loss=0.1778, Val Acc=0.9331, Val Loss=0.1800
2024-06-06 16:54:55 - INFO - Epoch 16 training time: 4.7932
2024-06-06 16:54:55 - INFO - Epoch 16: Train Loss=0.1729, Val Acc=0.9271, Val Loss=0.1852
2024-06-06 16:55:00 - INFO - Epoch 17 training time: 4.7595
2024-06-06 16:55:01 - INFO - Epoch 17: Train Loss=0.1725, Val Acc=0.9322, Val Loss=0.1804
2024-06-06 16:55:06 - INFO - Epoch 18 training time: 4.8544
2024-06-06 16:55:06 - INFO - Epoch 18: Train Loss=0.1685, Val Acc=0.9297, Val Loss=0.1881
2024-06-06 16:55:11 - INFO - Epoch 19 training time: 4.7005
2024-06-06 16:55:11 - INFO - Epoch 19: Train Loss=0.1722, Val Acc=0.9271, Val Loss=0.1825
2024-06-06 16:55:16 - INFO - Epoch 20 training time: 4.7293
2024-06-06 16:55:17 - INFO - Saved best model at epoch 20
2024-06-06 16:55:17 - INFO - Epoch 20: Train Loss=0.1688, Val Acc=0.9348, Val Loss=0.1772
2024-06-06 16:55:21 - INFO - Epoch 21 training time: 4.7454
2024-06-06 16:55:22 - INFO - Saved best model at epoch 21
2024-06-06 16:55:22 - INFO - Epoch 21: Train Loss=0.1692, Val Acc=0.9314, Val Loss=0.1705
2024-06-06 16:55:27 - INFO - Epoch 22 training time: 4.6987
2024-06-06 16:55:27 - INFO - Epoch 22: Train Loss=0.1693, Val Acc=0.9331, Val Loss=0.1818
2024-06-06 16:55:32 - INFO - Epoch 23 training time: 4.7864
2024-06-06 16:55:33 - INFO - Epoch 23: Train Loss=0.1697, Val Acc=0.9357, Val Loss=0.1781
2024-06-06 16:55:37 - INFO - Epoch 24 training time: 4.6714
2024-06-06 16:55:38 - INFO - Saved best model at epoch 24
2024-06-06 16:55:38 - INFO - Epoch 24: Train Loss=0.1655, Val Acc=0.9297, Val Loss=0.1700
2024-06-06 16:55:43 - INFO - Epoch 25 training time: 4.7398
2024-06-06 16:55:43 - INFO - Epoch 25: Train Loss=0.1658, Val Acc=0.9322, Val Loss=0.1708
2024-06-06 16:55:48 - INFO - Epoch 26 training time: 4.7163
2024-06-06 16:55:48 - INFO - Epoch 26: Train Loss=0.1631, Val Acc=0.9314, Val Loss=0.1744
2024-06-06 16:55:53 - INFO - Epoch 27 training time: 4.5301
2024-06-06 16:55:53 - INFO - Saved best model at epoch 27
2024-06-06 16:55:53 - INFO - Epoch 27: Train Loss=0.1630, Val Acc=0.9340, Val Loss=0.1687
2024-06-06 16:55:58 - INFO - Epoch 28 training time: 4.8511
2024-06-06 16:55:59 - INFO - Epoch 28: Train Loss=0.1642, Val Acc=0.9211, Val Loss=0.1848
2024-06-06 16:56:03 - INFO - Epoch 29 training time: 4.5131
2024-06-06 16:56:04 - INFO - Epoch 29: Train Loss=0.1636, Val Acc=0.9280, Val Loss=0.1723
2024-06-06 16:56:08 - INFO - Epoch 30 training time: 4.4556
2024-06-06 16:56:09 - INFO - Epoch 30: Train Loss=0.1571, Val Acc=0.9340, Val Loss=0.1690
2024-06-06 16:56:13 - INFO - Epoch 31 training time: 4.4352
2024-06-06 16:56:14 - INFO - Saved best model at epoch 31
2024-06-06 16:56:14 - INFO - Epoch 31: Train Loss=0.1578, Val Acc=0.9340, Val Loss=0.1607
2024-06-06 16:56:18 - INFO - Epoch 32 training time: 4.4038
2024-06-06 16:56:19 - INFO - Epoch 32: Train Loss=0.1578, Val Acc=0.9348, Val Loss=0.1720
2024-06-06 16:56:23 - INFO - Epoch 33 training time: 4.4475
2024-06-06 16:56:24 - INFO - Epoch 33: Train Loss=0.1598, Val Acc=0.9357, Val Loss=0.1676
2024-06-06 16:56:28 - INFO - Epoch 34 training time: 4.4281
2024-06-06 16:56:28 - INFO - Epoch 34: Train Loss=0.1605, Val Acc=0.9262, Val Loss=0.1781
2024-06-06 16:56:33 - INFO - Epoch 35 training time: 4.4298
2024-06-06 16:56:33 - INFO - Epoch 35: Train Loss=0.1512, Val Acc=0.9254, Val Loss=0.1770
2024-06-06 16:56:38 - INFO - Epoch 36 training time: 4.4012
2024-06-06 16:56:38 - INFO - Early stopping triggered, epoch 36
2024-06-06 16:56:39 - INFO - Test F1-Score: 0.9348
2024-06-06 16:56:39 - INFO - Test Precision : 0.9348
2024-06-06 16:56:39 - INFO - Test Accuracy: 0.9348
2024-06-06 16:56:39 - INFO - Test Recall: 0.9352
2024-06-06 16:56:39 - INFO - Train Time: 164.5172
2024-06-06 18:15:18 - INFO - rs= 69
2024-06-06 18:15:23 - INFO - Epoch 1 training time: 4.6937
2024-06-06 18:15:23 - INFO - Saved best model at epoch 1
2024-06-06 18:15:23 - INFO - Epoch 1: Train Loss=0.5248, Val Acc=0.7830, Val Loss=0.4262
2024-06-06 18:15:28 - INFO - Epoch 2 training time: 4.2525
2024-06-06 18:15:28 - INFO - Saved best model at epoch 2
2024-06-06 18:15:28 - INFO - Epoch 2: Train Loss=0.3680, Val Acc=0.8979, Val Loss=0.2959
2024-06-06 18:15:32 - INFO - Epoch 3 training time: 4.2165
2024-06-06 18:15:33 - INFO - Saved best model at epoch 3
2024-06-06 18:15:33 - INFO - Epoch 3: Train Loss=0.2502, Val Acc=0.9142, Val Loss=0.2502
2024-06-06 18:15:37 - INFO - Epoch 4 training time: 4.2660
2024-06-06 18:15:38 - INFO - Saved best model at epoch 4
2024-06-06 18:15:38 - INFO - Epoch 4: Train Loss=0.2189, Val Acc=0.9168, Val Loss=0.2410
2024-06-06 18:15:42 - INFO - Epoch 5 training time: 4.2611
2024-06-06 18:15:43 - INFO - Saved best model at epoch 5
2024-06-06 18:15:43 - INFO - Epoch 5: Train Loss=0.2148, Val Acc=0.9117, Val Loss=0.2272
2024-06-06 18:15:47 - INFO - Epoch 6 training time: 4.3585
2024-06-06 18:15:47 - INFO - Epoch 6: Train Loss=0.2034, Val Acc=0.9074, Val Loss=0.2425
2024-06-06 18:15:52 - INFO - Epoch 7 training time: 5.0649
2024-06-06 18:15:53 - INFO - Saved best model at epoch 7
2024-06-06 18:15:53 - INFO - Epoch 7: Train Loss=0.1961, Val Acc=0.9185, Val Loss=0.2260
2024-06-06 18:15:58 - INFO - Epoch 8 training time: 4.6334
2024-06-06 18:15:58 - INFO - Saved best model at epoch 8
2024-06-06 18:15:58 - INFO - Epoch 8: Train Loss=0.1914, Val Acc=0.9125, Val Loss=0.2160
2024-06-06 18:16:03 - INFO - Epoch 9 training time: 4.5458
2024-06-06 18:16:03 - INFO - Epoch 9: Train Loss=0.1857, Val Acc=0.9254, Val Loss=0.2192
2024-06-06 18:16:08 - INFO - Epoch 10 training time: 4.4353
2024-06-06 18:16:08 - INFO - Saved best model at epoch 10
2024-06-06 18:16:08 - INFO - Epoch 10: Train Loss=0.1897, Val Acc=0.9245, Val Loss=0.2100
2024-06-06 18:16:13 - INFO - Epoch 11 training time: 4.4491
2024-06-06 18:16:13 - INFO - Epoch 11: Train Loss=0.1843, Val Acc=0.9151, Val Loss=0.2105
2024-06-06 18:16:18 - INFO - Epoch 12 training time: 4.6907
2024-06-06 18:16:19 - INFO - Saved best model at epoch 12
2024-06-06 18:16:19 - INFO - Epoch 12: Train Loss=0.1812, Val Acc=0.9271, Val Loss=0.2035
2024-06-06 18:16:23 - INFO - Epoch 13 training time: 4.4979
2024-06-06 18:16:24 - INFO - Epoch 13: Train Loss=0.1796, Val Acc=0.9245, Val Loss=0.2163
2024-06-06 18:16:28 - INFO - Epoch 14 training time: 4.5933
2024-06-06 18:16:29 - INFO - Saved best model at epoch 14
2024-06-06 18:16:29 - INFO - Epoch 14: Train Loss=0.1814, Val Acc=0.9305, Val Loss=0.1959
2024-06-06 18:16:33 - INFO - Epoch 15 training time: 4.7003
2024-06-06 18:16:34 - INFO - Epoch 15: Train Loss=0.1798, Val Acc=0.9082, Val Loss=0.2143
2024-06-06 18:16:38 - INFO - Epoch 16 training time: 4.5332
2024-06-06 18:16:39 - INFO - Saved best model at epoch 16
2024-06-06 18:16:39 - INFO - Epoch 16: Train Loss=0.1788, Val Acc=0.9262, Val Loss=0.1944
2024-06-06 18:16:43 - INFO - Epoch 17 training time: 4.6204
2024-06-06 18:16:44 - INFO - Epoch 17: Train Loss=0.1789, Val Acc=0.9228, Val Loss=0.2082
2024-06-06 18:16:49 - INFO - Epoch 18 training time: 4.5763
2024-06-06 18:16:49 - INFO - Epoch 18: Train Loss=0.1775, Val Acc=0.9262, Val Loss=0.2054
2024-06-06 18:16:54 - INFO - Epoch 19 training time: 4.5107
2024-06-06 18:16:54 - INFO - Epoch 19: Train Loss=0.1741, Val Acc=0.9168, Val Loss=0.2106
2024-06-06 18:16:59 - INFO - Epoch 20 training time: 4.6703
2024-06-06 18:16:59 - INFO - Saved best model at epoch 20
2024-06-06 18:16:59 - INFO - Epoch 20: Train Loss=0.1740, Val Acc=0.9262, Val Loss=0.1852
2024-06-06 18:17:04 - INFO - Epoch 21 training time: 4.7935
2024-06-06 18:17:05 - INFO - Epoch 21: Train Loss=0.1743, Val Acc=0.9271, Val Loss=0.1873
2024-06-06 18:17:10 - INFO - Epoch 22 training time: 4.7883
2024-06-06 18:17:10 - INFO - Epoch 22: Train Loss=0.1692, Val Acc=0.9185, Val Loss=0.1904
2024-06-06 18:17:15 - INFO - Epoch 23 training time: 4.8600
2024-06-06 18:17:16 - INFO - Saved best model at epoch 23
2024-06-06 18:17:16 - INFO - Epoch 23: Train Loss=0.1710, Val Acc=0.9245, Val Loss=0.1808
2024-06-06 18:17:20 - INFO - Epoch 24 training time: 4.7026
2024-06-06 18:17:21 - INFO - Epoch 24: Train Loss=0.1715, Val Acc=0.9202, Val Loss=0.1846
2024-06-06 18:17:26 - INFO - Epoch 25 training time: 4.6924
2024-06-06 18:17:26 - INFO - Saved best model at epoch 25
2024-06-06 18:17:26 - INFO - Epoch 25: Train Loss=0.1692, Val Acc=0.9288, Val Loss=0.1772
2024-06-06 18:17:31 - INFO - Epoch 26 training time: 4.6871
2024-06-06 18:17:31 - INFO - Epoch 26: Train Loss=0.1610, Val Acc=0.9262, Val Loss=0.1854
2024-06-06 18:17:36 - INFO - Epoch 27 training time: 4.6001
2024-06-06 18:17:36 - INFO - Epoch 27: Train Loss=0.1664, Val Acc=0.9280, Val Loss=0.1812
2024-06-06 18:17:41 - INFO - Epoch 28 training time: 4.4824
2024-06-06 18:17:42 - INFO - Saved best model at epoch 28
2024-06-06 18:17:42 - INFO - Epoch 28: Train Loss=0.1626, Val Acc=0.9297, Val Loss=0.1733
2024-06-06 18:17:46 - INFO - Epoch 29 training time: 4.6062
2024-06-06 18:17:47 - INFO - Epoch 29: Train Loss=0.1640, Val Acc=0.9271, Val Loss=0.1736
2024-06-06 18:17:51 - INFO - Epoch 30 training time: 4.4809
2024-06-06 18:17:52 - INFO - Epoch 30: Train Loss=0.1660, Val Acc=0.9202, Val Loss=0.2006
2024-06-06 18:17:56 - INFO - Epoch 31 training time: 4.5024
2024-06-06 18:17:57 - INFO - Saved best model at epoch 31
2024-06-06 18:17:57 - INFO - Epoch 31: Train Loss=0.1632, Val Acc=0.9280, Val Loss=0.1683
2024-06-06 18:18:01 - INFO - Epoch 32 training time: 4.3288
2024-06-06 18:18:02 - INFO - Epoch 32: Train Loss=0.1610, Val Acc=0.9254, Val Loss=0.1879
2024-06-06 18:18:06 - INFO - Epoch 33 training time: 4.5686
2024-06-06 18:18:07 - INFO - Epoch 33: Train Loss=0.1583, Val Acc=0.9194, Val Loss=0.1762
2024-06-06 18:18:12 - INFO - Epoch 34 training time: 4.8604
2024-06-06 18:18:12 - INFO - Epoch 34: Train Loss=0.1577, Val Acc=0.9245, Val Loss=0.1837
2024-06-06 18:18:17 - INFO - Epoch 35 training time: 4.5218
2024-06-06 18:18:17 - INFO - Epoch 35: Train Loss=0.1581, Val Acc=0.9314, Val Loss=0.1738
2024-06-06 18:18:22 - INFO - Epoch 36 training time: 4.6769
2024-06-06 18:18:22 - INFO - Early stopping triggered, epoch 36
2024-06-06 18:18:23 - INFO - Test F1-Score: 0.9417
2024-06-06 18:18:23 - INFO - Test Precision : 0.9422
2024-06-06 18:18:23 - INFO - Test Accuracy: 0.9417
2024-06-06 18:18:23 - INFO - Test Recall: 0.9424
2024-06-06 18:18:23 - INFO - Train Time: 164.7221
