2024-06-17 13:47:48 - INFO - rs= 78
2024-06-17 13:47:53 - INFO - Epoch 1 training time: 4.2006
2024-06-17 13:48:47 - INFO - rs= 14
2024-06-17 13:48:52 - INFO - Epoch 1 training time: 4.4451
2024-06-17 13:48:53 - INFO - Saved best model at epoch 1
2024-06-17 13:48:53 - INFO - Epoch 1: Train Loss=0.6926, Val Acc=0.5192, Val Loss=0.6926
2024-06-17 13:48:57 - INFO - Epoch 2 training time: 3.9124
2024-06-17 13:48:57 - INFO - Saved best model at epoch 2
2024-06-17 13:48:57 - INFO - Epoch 2: Train Loss=0.6926, Val Acc=0.5192, Val Loss=0.6925
2024-06-17 13:49:03 - INFO - Epoch 3 training time: 5.2306
2024-06-17 13:49:04 - INFO - Saved best model at epoch 3
2024-06-17 13:49:04 - INFO - Epoch 3: Train Loss=0.6925, Val Acc=0.5192, Val Loss=0.6924
2024-06-17 13:49:09 - INFO - Epoch 4 training time: 5.7560
2024-06-17 13:49:10 - INFO - Epoch 4: Train Loss=0.6925, Val Acc=0.5192, Val Loss=0.6924
2024-06-17 13:49:16 - INFO - Epoch 5 training time: 5.5286
2024-06-17 13:49:16 - INFO - Epoch 5: Train Loss=0.6924, Val Acc=0.5192, Val Loss=0.6924
2024-06-17 13:49:22 - INFO - Epoch 6 training time: 5.3656
2024-06-17 13:49:22 - INFO - Epoch 6: Train Loss=0.6924, Val Acc=0.5192, Val Loss=0.6924
2024-06-17 13:49:28 - INFO - Epoch 7 training time: 5.5190
2024-06-17 13:49:29 - INFO - Epoch 7: Train Loss=0.6924, Val Acc=0.5192, Val Loss=0.6924
2024-06-17 13:49:34 - INFO - Epoch 8 training time: 5.7091
2024-06-17 13:49:35 - INFO - Early stopping triggered, epoch 8
2024-06-17 13:49:36 - INFO - Test F1-Score: 0.3417
2024-06-17 13:49:36 - INFO - Test Precision : 0.2596
2024-06-17 13:49:36 - INFO - Test Accuracy: 0.5192
2024-06-17 13:49:36 - INFO - Test Recall: 0.5000
2024-06-17 13:49:36 - INFO - Train Time: 41.4665
2024-06-17 13:49:36 - INFO - rs= 70
2024-06-17 13:49:41 - INFO - Epoch 1 training time: 5.5710
2024-06-17 13:49:42 - INFO - Saved best model at epoch 1
2024-06-17 13:49:42 - INFO - Epoch 1: Train Loss=0.6925, Val Acc=0.5192, Val Loss=0.6925
2024-06-17 13:49:48 - INFO - Epoch 2 training time: 5.7426
2024-06-17 13:49:49 - INFO - Saved best model at epoch 2
2024-06-17 13:49:49 - INFO - Epoch 2: Train Loss=0.6924, Val Acc=0.5192, Val Loss=0.6924
2024-06-17 13:49:54 - INFO - Epoch 3 training time: 5.4380
2024-06-17 13:49:55 - INFO - Epoch 3: Train Loss=0.6925, Val Acc=0.5192, Val Loss=0.6924
2024-06-17 13:50:01 - INFO - Epoch 4 training time: 5.9418
2024-06-17 13:50:01 - INFO - Epoch 4: Train Loss=0.6925, Val Acc=0.5192, Val Loss=0.6924
2024-06-17 13:50:07 - INFO - Epoch 5 training time: 5.8218
2024-06-17 13:50:08 - INFO - Epoch 5: Train Loss=0.6924, Val Acc=0.5192, Val Loss=0.6924
2024-06-17 13:50:14 - INFO - Epoch 6 training time: 6.7147
2024-06-17 13:50:15 - INFO - Epoch 6: Train Loss=0.6924, Val Acc=0.5192, Val Loss=0.6924
2024-06-17 13:50:22 - INFO - Epoch 7 training time: 6.5951
2024-06-17 13:50:23 - INFO - Early stopping triggered, epoch 7
2024-06-17 13:50:23 - INFO - Test F1-Score: 0.3417
2024-06-17 13:50:23 - INFO - Test Precision : 0.2596
2024-06-17 13:50:23 - INFO - Test Accuracy: 0.5192
2024-06-17 13:50:23 - INFO - Test Recall: 0.5000
2024-06-17 13:50:23 - INFO - Train Time: 41.8250
2024-06-17 13:50:23 - INFO - rs= 77
2024-06-17 13:50:30 - INFO - Epoch 1 training time: 6.4413
2024-06-17 13:50:31 - INFO - Saved best model at epoch 1
2024-06-17 13:50:31 - INFO - Epoch 1: Train Loss=0.6925, Val Acc=0.5192, Val Loss=0.6924
2024-06-17 13:50:37 - INFO - Epoch 2 training time: 6.5397
2024-06-17 13:50:38 - INFO - Epoch 2: Train Loss=0.6924, Val Acc=0.5192, Val Loss=0.6924
2024-06-17 13:50:45 - INFO - Epoch 3 training time: 6.7091
2024-06-17 13:50:45 - INFO - Epoch 3: Train Loss=0.6925, Val Acc=0.5192, Val Loss=0.6924
2024-06-17 13:50:53 - INFO - Epoch 4 training time: 7.0803
2024-06-17 13:50:53 - INFO - Epoch 4: Train Loss=0.6925, Val Acc=0.5192, Val Loss=0.6924
2024-06-17 13:51:00 - INFO - Epoch 5 training time: 6.7861
2024-06-17 13:51:01 - INFO - Epoch 5: Train Loss=0.6924, Val Acc=0.5192, Val Loss=0.6924
2024-06-17 13:51:08 - INFO - Epoch 6 training time: 6.8441
2024-06-17 13:51:09 - INFO - Early stopping triggered, epoch 6
2024-06-17 13:51:10 - INFO - Test F1-Score: 0.3417
2024-06-17 13:51:10 - INFO - Test Precision : 0.2596
2024-06-17 13:51:10 - INFO - Test Accuracy: 0.5192
2024-06-17 13:51:10 - INFO - Test Recall: 0.5000
2024-06-17 13:51:10 - INFO - Train Time: 40.4005
2024-06-17 13:51:10 - INFO - rs= 95
2024-06-17 13:51:17 - INFO - Epoch 1 training time: 6.8529
2024-06-17 13:51:17 - INFO - Saved best model at epoch 1
2024-06-17 13:51:17 - INFO - Epoch 1: Train Loss=0.6964, Val Acc=0.4808, Val Loss=0.6953
2024-06-17 13:51:24 - INFO - Epoch 2 training time: 6.4399
2024-06-17 13:51:25 - INFO - Saved best model at epoch 2
2024-06-17 13:51:25 - INFO - Epoch 2: Train Loss=0.6946, Val Acc=0.4808, Val Loss=0.6939
2024-06-17 13:51:31 - INFO - Epoch 3 training time: 6.3608
2024-06-17 13:51:32 - INFO - Saved best model at epoch 3
2024-06-17 13:51:32 - INFO - Epoch 3: Train Loss=0.6936, Val Acc=0.5192, Val Loss=0.6931
2024-06-17 13:51:38 - INFO - Epoch 4 training time: 6.4985
2024-06-17 13:51:39 - INFO - Saved best model at epoch 4
2024-06-17 13:51:39 - INFO - Epoch 4: Train Loss=0.6929, Val Acc=0.5192, Val Loss=0.6927
2024-06-17 13:51:46 - INFO - Epoch 5 training time: 6.7151
2024-06-17 13:51:47 - INFO - Saved best model at epoch 5
2024-06-17 13:51:47 - INFO - Epoch 5: Train Loss=0.6927, Val Acc=0.5192, Val Loss=0.6925
2024-06-17 13:51:53 - INFO - Epoch 6 training time: 6.9388
2024-06-17 13:51:54 - INFO - Saved best model at epoch 6
2024-06-17 13:51:54 - INFO - Epoch 6: Train Loss=0.6925, Val Acc=0.5192, Val Loss=0.6924
2024-06-17 13:52:01 - INFO - Epoch 7 training time: 6.6753
2024-06-17 13:52:02 - INFO - Epoch 7: Train Loss=0.6925, Val Acc=0.5192, Val Loss=0.6924
2024-06-17 13:52:09 - INFO - Epoch 8 training time: 6.7404
2024-06-17 13:52:09 - INFO - Epoch 8: Train Loss=0.6924, Val Acc=0.5192, Val Loss=0.6924
2024-06-17 13:52:16 - INFO - Epoch 9 training time: 6.5713
2024-06-17 13:52:17 - INFO - Epoch 9: Train Loss=0.6924, Val Acc=0.5192, Val Loss=0.6924
2024-06-17 13:52:23 - INFO - Epoch 10 training time: 6.4513
2024-06-17 13:52:24 - INFO - Epoch 10: Train Loss=0.6923, Val Acc=0.5192, Val Loss=0.6924
2024-06-17 13:52:29 - INFO - Epoch 11 training time: 4.7553
2024-06-17 13:52:29 - INFO - Early stopping triggered, epoch 11
2024-06-17 13:52:30 - INFO - Test F1-Score: 0.3417
2024-06-17 13:52:30 - INFO - Test Precision : 0.2596
2024-06-17 13:52:30 - INFO - Test Accuracy: 0.5192
2024-06-17 13:52:30 - INFO - Test Recall: 0.5000
2024-06-17 13:52:30 - INFO - Train Time: 70.9995
2024-06-17 13:52:30 - INFO - rs= 63
2024-06-17 13:52:35 - INFO - Epoch 1 training time: 4.5916
2024-06-17 13:52:35 - INFO - Saved best model at epoch 1
2024-06-17 13:52:35 - INFO - Epoch 1: Train Loss=0.6927, Val Acc=0.5192, Val Loss=0.6926
2024-06-17 13:52:40 - INFO - Epoch 2 training time: 4.6213
2024-06-17 13:52:40 - INFO - Saved best model at epoch 2
2024-06-17 13:52:40 - INFO - Epoch 2: Train Loss=0.6926, Val Acc=0.5192, Val Loss=0.6925
2024-06-17 13:52:45 - INFO - Epoch 3 training time: 4.1813
2024-06-17 13:52:45 - INFO - Saved best model at epoch 3
2024-06-17 13:52:45 - INFO - Epoch 3: Train Loss=0.6924, Val Acc=0.5192, Val Loss=0.6924
2024-06-17 13:52:51 - INFO - Epoch 4 training time: 5.7546
2024-06-17 13:52:52 - INFO - Epoch 4: Train Loss=0.6923, Val Acc=0.5192, Val Loss=0.6924
2024-06-17 13:52:57 - INFO - Epoch 5 training time: 5.5784
2024-06-17 13:52:58 - INFO - Epoch 5: Train Loss=0.6926, Val Acc=0.5192, Val Loss=0.6924
2024-06-17 13:53:04 - INFO - Epoch 6 training time: 5.7649
2024-06-17 13:53:04 - INFO - Epoch 6: Train Loss=0.6923, Val Acc=0.5192, Val Loss=0.6924
2024-06-17 13:53:10 - INFO - Epoch 7 training time: 5.6066
2024-06-17 13:53:11 - INFO - Epoch 7: Train Loss=0.6923, Val Acc=0.5192, Val Loss=0.6924
2024-06-17 13:53:16 - INFO - Epoch 8 training time: 5.7648
2024-06-17 13:53:17 - INFO - Early stopping triggered, epoch 8
2024-06-17 13:53:18 - INFO - Test F1-Score: 0.3417
2024-06-17 13:53:18 - INFO - Test Precision : 0.2596
2024-06-17 13:53:18 - INFO - Test Accuracy: 0.5192
2024-06-17 13:53:18 - INFO - Test Recall: 0.5000
2024-06-17 13:53:18 - INFO - Train Time: 41.8635
2024-06-17 13:53:18 - INFO - rs= 23
2024-06-17 13:53:23 - INFO - Epoch 1 training time: 5.4432
2024-06-17 13:53:24 - INFO - Saved best model at epoch 1
2024-06-17 13:53:24 - INFO - Epoch 1: Train Loss=0.6924, Val Acc=0.5192, Val Loss=0.6924
2024-06-17 13:53:30 - INFO - Epoch 2 training time: 5.7181
2024-06-17 13:53:30 - INFO - Epoch 2: Train Loss=0.6925, Val Acc=0.5192, Val Loss=0.6924
2024-06-17 13:53:35 - INFO - Epoch 3 training time: 5.0133
2024-06-17 13:53:36 - INFO - Epoch 3: Train Loss=0.6924, Val Acc=0.5192, Val Loss=0.6924
2024-06-17 13:53:42 - INFO - Epoch 4 training time: 5.6112
2024-06-17 13:53:42 - INFO - Epoch 4: Train Loss=0.6924, Val Acc=0.5192, Val Loss=0.6924
2024-06-17 13:53:48 - INFO - Epoch 5 training time: 5.7767
2024-06-17 13:53:49 - INFO - Epoch 5: Train Loss=0.6924, Val Acc=0.5192, Val Loss=0.6924
2024-06-17 13:53:55 - INFO - Epoch 6 training time: 5.8670
2024-06-17 13:53:55 - INFO - Early stopping triggered, epoch 6
2024-06-17 13:53:56 - INFO - Test F1-Score: 0.3417
2024-06-17 13:53:56 - INFO - Test Precision : 0.2596
2024-06-17 13:53:56 - INFO - Test Accuracy: 0.5192
2024-06-17 13:53:56 - INFO - Test Recall: 0.5000
2024-06-17 13:53:56 - INFO - Train Time: 33.4294
2024-06-17 13:53:56 - INFO - rs= 56
2024-06-17 13:54:02 - INFO - Epoch 1 training time: 6.0901
2024-06-17 13:54:03 - INFO - Saved best model at epoch 1
2024-06-17 13:54:03 - INFO - Epoch 1: Train Loss=0.6936, Val Acc=0.5192, Val Loss=0.6930
2024-06-17 13:54:09 - INFO - Epoch 2 training time: 6.0082
2024-06-17 13:54:10 - INFO - Saved best model at epoch 2
2024-06-17 13:54:10 - INFO - Epoch 2: Train Loss=0.6927, Val Acc=0.5192, Val Loss=0.6926
2024-06-17 13:54:15 - INFO - Epoch 3 training time: 5.4452
2024-06-17 13:54:16 - INFO - Saved best model at epoch 3
2024-06-17 13:54:16 - INFO - Epoch 3: Train Loss=0.6925, Val Acc=0.5192, Val Loss=0.6925
2024-06-17 13:54:21 - INFO - Epoch 4 training time: 5.8305
2024-06-17 13:54:22 - INFO - Saved best model at epoch 4
2024-06-17 13:54:22 - INFO - Epoch 4: Train Loss=0.6926, Val Acc=0.5192, Val Loss=0.6924
2024-06-17 13:54:28 - INFO - Epoch 5 training time: 5.7853
2024-06-17 13:54:29 - INFO - Epoch 5: Train Loss=0.6924, Val Acc=0.5192, Val Loss=0.6924
2024-06-17 13:54:35 - INFO - Epoch 6 training time: 5.8059
2024-06-17 13:54:35 - INFO - Epoch 6: Train Loss=0.6924, Val Acc=0.5192, Val Loss=0.6924
2024-06-17 13:54:41 - INFO - Epoch 7 training time: 6.0009
2024-06-17 13:54:42 - INFO - Epoch 7: Train Loss=0.6924, Val Acc=0.5192, Val Loss=0.6924
2024-06-17 13:54:47 - INFO - Epoch 8 training time: 5.5425
2024-06-17 13:54:48 - INFO - Epoch 8: Train Loss=0.6924, Val Acc=0.5192, Val Loss=0.6924
2024-06-17 13:54:54 - INFO - Epoch 9 training time: 5.7638
2024-06-17 13:54:55 - INFO - Early stopping triggered, epoch 9
2024-06-17 13:54:55 - INFO - Test F1-Score: 0.3417
2024-06-17 13:54:55 - INFO - Test Precision : 0.2596
2024-06-17 13:54:55 - INFO - Test Accuracy: 0.5192
2024-06-17 13:54:55 - INFO - Test Recall: 0.5000
2024-06-17 13:54:55 - INFO - Train Time: 52.2724
2024-06-17 13:54:55 - INFO - rs= 9
2024-06-17 13:55:01 - INFO - Epoch 1 training time: 5.8468
2024-06-17 13:55:02 - INFO - Saved best model at epoch 1
2024-06-17 13:55:02 - INFO - Epoch 1: Train Loss=0.6935, Val Acc=0.5192, Val Loss=0.6930
2024-06-17 13:55:09 - INFO - Epoch 2 training time: 6.4774
2024-06-17 13:55:09 - INFO - Saved best model at epoch 2
2024-06-17 13:55:09 - INFO - Epoch 2: Train Loss=0.6928, Val Acc=0.5192, Val Loss=0.6924
2024-06-17 13:55:16 - INFO - Epoch 3 training time: 6.5227
2024-06-17 13:55:17 - INFO - Saved best model at epoch 3
2024-06-17 13:55:17 - INFO - Epoch 3: Train Loss=0.6917, Val Acc=0.5192, Val Loss=0.6905
2024-06-17 13:55:24 - INFO - Epoch 4 training time: 7.0453
2024-06-17 13:55:25 - INFO - Saved best model at epoch 4
2024-06-17 13:55:25 - INFO - Epoch 4: Train Loss=0.6878, Val Acc=0.5365, Val Loss=0.6830
2024-06-17 13:55:31 - INFO - Epoch 5 training time: 6.5538
2024-06-17 13:55:32 - INFO - Saved best model at epoch 5
2024-06-17 13:55:32 - INFO - Epoch 5: Train Loss=0.6728, Val Acc=0.6232, Val Loss=0.6566
2024-06-17 13:55:39 - INFO - Epoch 6 training time: 6.6065
2024-06-17 13:55:39 - INFO - Saved best model at epoch 6
2024-06-17 13:55:39 - INFO - Epoch 6: Train Loss=0.6295, Val Acc=0.6825, Val Loss=0.5956
2024-06-17 13:55:46 - INFO - Epoch 7 training time: 6.6950
2024-06-17 13:55:47 - INFO - Saved best model at epoch 7
2024-06-17 13:55:47 - INFO - Epoch 7: Train Loss=0.5734, Val Acc=0.7108, Val Loss=0.5515
2024-06-17 13:55:52 - INFO - Epoch 8 training time: 5.5165
2024-06-17 13:55:53 - INFO - Saved best model at epoch 8
2024-06-17 13:55:53 - INFO - Epoch 8: Train Loss=0.5482, Val Acc=0.7299, Val Loss=0.5355
2024-06-17 13:56:00 - INFO - Epoch 9 training time: 6.6468
2024-06-17 13:56:00 - INFO - Saved best model at epoch 9
2024-06-17 13:56:00 - INFO - Epoch 9: Train Loss=0.5392, Val Acc=0.7263, Val Loss=0.5286
2024-06-17 13:56:07 - INFO - Epoch 10 training time: 6.4096
2024-06-17 13:56:08 - INFO - Saved best model at epoch 10
2024-06-17 13:56:08 - INFO - Epoch 10: Train Loss=0.5312, Val Acc=0.7290, Val Loss=0.5242
2024-06-17 13:56:14 - INFO - Epoch 11 training time: 6.5561
2024-06-17 13:56:15 - INFO - Saved best model at epoch 11
2024-06-17 13:56:15 - INFO - Epoch 11: Train Loss=0.5225, Val Acc=0.7628, Val Loss=0.5178
2024-06-17 13:56:22 - INFO - Epoch 12 training time: 6.6670
2024-06-17 13:56:22 - INFO - Saved best model at epoch 12
2024-06-17 13:56:22 - INFO - Epoch 12: Train Loss=0.5141, Val Acc=0.7536, Val Loss=0.5122
2024-06-17 13:56:29 - INFO - Epoch 13 training time: 6.6138
2024-06-17 13:56:30 - INFO - Saved best model at epoch 13
2024-06-17 13:56:30 - INFO - Epoch 13: Train Loss=0.5111, Val Acc=0.7527, Val Loss=0.5088
2024-06-17 13:56:37 - INFO - Epoch 14 training time: 6.7138
2024-06-17 13:56:37 - INFO - Saved best model at epoch 14
2024-06-17 13:56:37 - INFO - Epoch 14: Train Loss=0.5090, Val Acc=0.7609, Val Loss=0.5054
2024-06-17 13:56:44 - INFO - Epoch 15 training time: 6.6958
2024-06-17 13:56:45 - INFO - Saved best model at epoch 15
2024-06-17 13:56:45 - INFO - Epoch 15: Train Loss=0.5009, Val Acc=0.7536, Val Loss=0.5033
2024-06-17 13:56:52 - INFO - Epoch 16 training time: 7.0280
2024-06-17 13:56:53 - INFO - Saved best model at epoch 16
2024-06-17 13:56:53 - INFO - Epoch 16: Train Loss=0.4971, Val Acc=0.7582, Val Loss=0.5012
2024-06-17 13:57:00 - INFO - Epoch 17 training time: 7.0121
2024-06-17 13:57:01 - INFO - Saved best model at epoch 17
2024-06-17 13:57:01 - INFO - Epoch 17: Train Loss=0.4951, Val Acc=0.7573, Val Loss=0.4991
2024-06-17 13:57:07 - INFO - Epoch 18 training time: 6.8639
2024-06-17 13:57:08 - INFO - Saved best model at epoch 18
2024-06-17 13:57:08 - INFO - Epoch 18: Train Loss=0.4942, Val Acc=0.7573, Val Loss=0.4979
2024-06-17 13:57:15 - INFO - Epoch 19 training time: 6.6798
2024-06-17 13:57:16 - INFO - Saved best model at epoch 19
2024-06-17 13:57:16 - INFO - Epoch 19: Train Loss=0.4922, Val Acc=0.7573, Val Loss=0.4964
2024-06-17 13:57:22 - INFO - Epoch 20 training time: 6.3519
2024-06-17 13:57:23 - INFO - Saved best model at epoch 20
2024-06-17 13:57:23 - INFO - Epoch 20: Train Loss=0.4881, Val Acc=0.7573, Val Loss=0.4945
2024-06-17 13:57:29 - INFO - Epoch 21 training time: 6.6171
2024-06-17 13:57:30 - INFO - Saved best model at epoch 21
2024-06-17 13:57:30 - INFO - Epoch 21: Train Loss=0.4868, Val Acc=0.7573, Val Loss=0.4931
2024-06-17 13:57:37 - INFO - Epoch 22 training time: 6.5996
2024-06-17 13:57:38 - INFO - Saved best model at epoch 22
2024-06-17 13:57:38 - INFO - Epoch 22: Train Loss=0.4848, Val Acc=0.7573, Val Loss=0.4917
2024-06-17 13:57:45 - INFO - Epoch 23 training time: 6.9173
2024-06-17 13:57:45 - INFO - Saved best model at epoch 23
2024-06-17 13:57:45 - INFO - Epoch 23: Train Loss=0.4842, Val Acc=0.7600, Val Loss=0.4909
2024-06-17 13:57:52 - INFO - Epoch 24 training time: 6.9434
2024-06-17 13:57:53 - INFO - Epoch 24: Train Loss=0.4805, Val Acc=0.7655, Val Loss=0.4909
2024-06-17 13:58:00 - INFO - Epoch 25 training time: 6.7747
2024-06-17 13:58:01 - INFO - Saved best model at epoch 25
2024-06-17 13:58:01 - INFO - Epoch 25: Train Loss=0.4804, Val Acc=0.7600, Val Loss=0.4886
2024-06-17 13:58:08 - INFO - Epoch 26 training time: 6.8792
2024-06-17 13:58:09 - INFO - Saved best model at epoch 26
2024-06-17 13:58:09 - INFO - Epoch 26: Train Loss=0.4776, Val Acc=0.7673, Val Loss=0.4878
2024-06-17 13:58:15 - INFO - Epoch 27 training time: 6.6331
2024-06-17 13:58:16 - INFO - Saved best model at epoch 27
2024-06-17 13:58:16 - INFO - Epoch 27: Train Loss=0.4769, Val Acc=0.7628, Val Loss=0.4857
2024-06-17 13:58:22 - INFO - Epoch 28 training time: 6.4440
2024-06-17 13:58:23 - INFO - Saved best model at epoch 28
2024-06-17 13:58:23 - INFO - Epoch 28: Train Loss=0.4727, Val Acc=0.7600, Val Loss=0.4842
2024-06-17 13:58:30 - INFO - Epoch 29 training time: 6.7092
2024-06-17 13:58:31 - INFO - Saved best model at epoch 29
2024-06-17 13:58:31 - INFO - Epoch 29: Train Loss=0.4726, Val Acc=0.7591, Val Loss=0.4833
2024-06-17 13:58:38 - INFO - Epoch 30 training time: 6.7290
2024-06-17 13:58:38 - INFO - Saved best model at epoch 30
2024-06-17 13:58:38 - INFO - Epoch 30: Train Loss=0.4716, Val Acc=0.7637, Val Loss=0.4817
2024-06-17 13:58:45 - INFO - Epoch 31 training time: 6.3721
2024-06-17 13:58:45 - INFO - Saved best model at epoch 31
2024-06-17 13:58:45 - INFO - Epoch 31: Train Loss=0.4701, Val Acc=0.7646, Val Loss=0.4799
2024-06-17 13:58:52 - INFO - Epoch 32 training time: 6.4797
2024-06-17 13:58:53 - INFO - Saved best model at epoch 32
2024-06-17 13:58:53 - INFO - Epoch 32: Train Loss=0.4691, Val Acc=0.7637, Val Loss=0.4789
2024-06-17 13:58:59 - INFO - Epoch 33 training time: 6.1108
2024-06-17 13:59:00 - INFO - Saved best model at epoch 33
2024-06-17 13:59:00 - INFO - Epoch 33: Train Loss=0.4689, Val Acc=0.7673, Val Loss=0.4774
2024-06-17 13:59:06 - INFO - Epoch 34 training time: 6.4305
2024-06-17 13:59:07 - INFO - Saved best model at epoch 34
2024-06-17 13:59:07 - INFO - Epoch 34: Train Loss=0.4658, Val Acc=0.7710, Val Loss=0.4760
2024-06-17 13:59:13 - INFO - Epoch 35 training time: 6.2744
2024-06-17 13:59:14 - INFO - Saved best model at epoch 35
2024-06-17 13:59:14 - INFO - Epoch 35: Train Loss=0.4615, Val Acc=0.7728, Val Loss=0.4754
2024-06-17 13:59:20 - INFO - Epoch 36 training time: 6.1483
2024-06-17 13:59:21 - INFO - Saved best model at epoch 36
2024-06-17 13:59:21 - INFO - Epoch 36: Train Loss=0.4607, Val Acc=0.7746, Val Loss=0.4738
2024-06-17 13:59:27 - INFO - Epoch 37 training time: 6.4448
2024-06-17 13:59:28 - INFO - Saved best model at epoch 37
2024-06-17 13:59:28 - INFO - Epoch 37: Train Loss=0.4606, Val Acc=0.7737, Val Loss=0.4719
2024-06-17 13:59:34 - INFO - Epoch 38 training time: 5.8929
2024-06-17 13:59:35 - INFO - Saved best model at epoch 38
2024-06-17 13:59:35 - INFO - Epoch 38: Train Loss=0.4596, Val Acc=0.7765, Val Loss=0.4704
2024-06-17 13:59:41 - INFO - Epoch 39 training time: 6.2280
2024-06-17 13:59:42 - INFO - Saved best model at epoch 39
2024-06-17 13:59:42 - INFO - Epoch 39: Train Loss=0.4551, Val Acc=0.7783, Val Loss=0.4687
2024-06-17 13:59:49 - INFO - Epoch 40 training time: 7.3872
2024-06-17 13:59:50 - INFO - Saved best model at epoch 40
2024-06-17 13:59:50 - INFO - Epoch 40: Train Loss=0.4552, Val Acc=0.7783, Val Loss=0.4679
2024-06-17 13:59:56 - INFO - Epoch 41 training time: 5.9035
2024-06-17 13:59:56 - INFO - Saved best model at epoch 41
2024-06-17 13:59:56 - INFO - Epoch 41: Train Loss=0.4565, Val Acc=0.7792, Val Loss=0.4660
2024-06-17 14:00:03 - INFO - Epoch 42 training time: 6.1728
2024-06-17 14:00:03 - INFO - Saved best model at epoch 42
2024-06-17 14:00:03 - INFO - Epoch 42: Train Loss=0.4531, Val Acc=0.7801, Val Loss=0.4647
2024-06-17 14:00:11 - INFO - Epoch 43 training time: 7.2066
2024-06-17 14:00:11 - INFO - Saved best model at epoch 43
2024-06-17 14:00:11 - INFO - Epoch 43: Train Loss=0.4505, Val Acc=0.7792, Val Loss=0.4637
2024-06-17 14:00:19 - INFO - Epoch 44 training time: 7.2602
2024-06-17 14:00:19 - INFO - Saved best model at epoch 44
2024-06-17 14:00:19 - INFO - Epoch 44: Train Loss=0.4496, Val Acc=0.7810, Val Loss=0.4622
2024-06-17 14:00:27 - INFO - Epoch 45 training time: 7.5734
2024-06-17 14:00:28 - INFO - Saved best model at epoch 45
2024-06-17 14:00:28 - INFO - Epoch 45: Train Loss=0.4511, Val Acc=0.7828, Val Loss=0.4601
2024-06-17 14:00:35 - INFO - Epoch 46 training time: 7.3277
2024-06-17 14:00:36 - INFO - Saved best model at epoch 46
2024-06-17 14:00:36 - INFO - Epoch 46: Train Loss=0.4462, Val Acc=0.7874, Val Loss=0.4585
2024-06-17 14:00:44 - INFO - Epoch 47 training time: 7.4346
2024-06-17 14:00:45 - INFO - Saved best model at epoch 47
2024-06-17 14:00:45 - INFO - Epoch 47: Train Loss=0.4452, Val Acc=0.7874, Val Loss=0.4577
2024-06-17 14:00:52 - INFO - Epoch 48 training time: 7.3738
2024-06-17 14:00:53 - INFO - Saved best model at epoch 48
2024-06-17 14:00:53 - INFO - Epoch 48: Train Loss=0.4415, Val Acc=0.7920, Val Loss=0.4551
2024-06-17 14:01:00 - INFO - Epoch 49 training time: 7.4412
2024-06-17 14:01:01 - INFO - Saved best model at epoch 49
2024-06-17 14:01:01 - INFO - Epoch 49: Train Loss=0.4398, Val Acc=0.7892, Val Loss=0.4531
2024-06-17 14:01:08 - INFO - Epoch 50 training time: 6.8429
2024-06-17 14:01:09 - INFO - Saved best model at epoch 50
2024-06-17 14:01:09 - INFO - Epoch 50: Train Loss=0.4386, Val Acc=0.7929, Val Loss=0.4509
2024-06-17 14:01:16 - INFO - Epoch 51 training time: 7.3904
2024-06-17 14:01:17 - INFO - Epoch 51: Train Loss=0.4372, Val Acc=0.7911, Val Loss=0.4535
2024-06-17 14:01:24 - INFO - Epoch 52 training time: 7.1679
2024-06-17 14:01:25 - INFO - Saved best model at epoch 52
2024-06-17 14:01:25 - INFO - Epoch 52: Train Loss=0.4345, Val Acc=0.7901, Val Loss=0.4477
2024-06-17 14:01:32 - INFO - Epoch 53 training time: 7.3343
2024-06-17 14:01:33 - INFO - Saved best model at epoch 53
2024-06-17 14:01:33 - INFO - Epoch 53: Train Loss=0.4313, Val Acc=0.7947, Val Loss=0.4468
2024-06-17 14:01:41 - INFO - Epoch 54 training time: 7.4934
2024-06-17 14:01:42 - INFO - Saved best model at epoch 54
2024-06-17 14:01:42 - INFO - Epoch 54: Train Loss=0.4304, Val Acc=0.7993, Val Loss=0.4445
2024-06-17 14:01:49 - INFO - Epoch 55 training time: 7.1720
2024-06-17 14:01:50 - INFO - Saved best model at epoch 55
2024-06-17 14:01:50 - INFO - Epoch 55: Train Loss=0.4305, Val Acc=0.7993, Val Loss=0.4442
2024-06-17 14:01:57 - INFO - Epoch 56 training time: 7.7183
2024-06-17 14:01:58 - INFO - Saved best model at epoch 56
2024-06-17 14:01:58 - INFO - Epoch 56: Train Loss=0.4286, Val Acc=0.8011, Val Loss=0.4401
2024-06-17 14:02:05 - INFO - Epoch 57 training time: 6.9646
2024-06-17 14:02:06 - INFO - Saved best model at epoch 57
2024-06-17 14:02:06 - INFO - Epoch 57: Train Loss=0.4252, Val Acc=0.8002, Val Loss=0.4383
2024-06-17 14:02:14 - INFO - Epoch 58 training time: 7.7357
2024-06-17 14:02:15 - INFO - Saved best model at epoch 58
2024-06-17 14:02:15 - INFO - Epoch 58: Train Loss=0.4252, Val Acc=0.8075, Val Loss=0.4370
2024-06-17 14:02:22 - INFO - Epoch 59 training time: 7.4922
2024-06-17 14:02:23 - INFO - Saved best model at epoch 59
2024-06-17 14:02:23 - INFO - Epoch 59: Train Loss=0.4224, Val Acc=0.8111, Val Loss=0.4363
2024-06-17 14:02:31 - INFO - Epoch 60 training time: 7.5609
2024-06-17 14:02:32 - INFO - Saved best model at epoch 60
2024-06-17 14:02:32 - INFO - Epoch 60: Train Loss=0.4201, Val Acc=0.8102, Val Loss=0.4332
2024-06-17 14:02:39 - INFO - Epoch 61 training time: 7.4619
2024-06-17 14:02:40 - INFO - Epoch 61: Train Loss=0.4175, Val Acc=0.8120, Val Loss=0.4332
2024-06-17 14:02:48 - INFO - Epoch 62 training time: 8.1002
2024-06-17 14:02:49 - INFO - Saved best model at epoch 62
2024-06-17 14:02:49 - INFO - Epoch 62: Train Loss=0.4148, Val Acc=0.8093, Val Loss=0.4280
2024-06-17 14:02:56 - INFO - Epoch 63 training time: 6.5820
2024-06-17 14:02:57 - INFO - Saved best model at epoch 63
2024-06-17 14:02:57 - INFO - Epoch 63: Train Loss=0.4129, Val Acc=0.8102, Val Loss=0.4276
2024-06-17 14:03:04 - INFO - Epoch 64 training time: 7.7161
2024-06-17 14:03:05 - INFO - Saved best model at epoch 64
2024-06-17 14:03:05 - INFO - Epoch 64: Train Loss=0.4131, Val Acc=0.8157, Val Loss=0.4249
2024-06-17 14:03:12 - INFO - Epoch 65 training time: 7.3086
2024-06-17 14:03:13 - INFO - Saved best model at epoch 65
2024-06-17 14:03:13 - INFO - Epoch 65: Train Loss=0.4107, Val Acc=0.8057, Val Loss=0.4222
2024-06-17 14:03:21 - INFO - Epoch 66 training time: 7.3478
2024-06-17 14:03:21 - INFO - Saved best model at epoch 66
2024-06-17 14:03:21 - INFO - Epoch 66: Train Loss=0.4069, Val Acc=0.8120, Val Loss=0.4210
2024-06-17 14:03:29 - INFO - Epoch 67 training time: 7.0858
2024-06-17 14:03:29 - INFO - Saved best model at epoch 67
2024-06-17 14:03:29 - INFO - Epoch 67: Train Loss=0.4058, Val Acc=0.8130, Val Loss=0.4189
2024-06-17 14:03:37 - INFO - Epoch 68 training time: 7.2284
2024-06-17 14:03:37 - INFO - Saved best model at epoch 68
2024-06-17 14:03:37 - INFO - Epoch 68: Train Loss=0.4013, Val Acc=0.8093, Val Loss=0.4154
2024-06-17 14:03:45 - INFO - Epoch 69 training time: 7.4637
2024-06-17 14:03:46 - INFO - Saved best model at epoch 69
2024-06-17 14:03:46 - INFO - Epoch 69: Train Loss=0.3992, Val Acc=0.8111, Val Loss=0.4140
2024-06-17 14:03:53 - INFO - Epoch 70 training time: 7.5475
2024-06-17 14:03:54 - INFO - Saved best model at epoch 70
2024-06-17 14:03:54 - INFO - Epoch 70: Train Loss=0.3977, Val Acc=0.8139, Val Loss=0.4123
2024-06-17 14:04:02 - INFO - Epoch 71 training time: 7.2147
2024-06-17 14:04:02 - INFO - Saved best model at epoch 71
2024-06-17 14:04:02 - INFO - Epoch 71: Train Loss=0.3949, Val Acc=0.8157, Val Loss=0.4099
2024-06-17 14:04:10 - INFO - Epoch 72 training time: 7.2517
2024-06-17 14:04:10 - INFO - Saved best model at epoch 72
2024-06-17 14:04:10 - INFO - Epoch 72: Train Loss=0.3942, Val Acc=0.8084, Val Loss=0.4096
2024-06-17 14:04:16 - INFO - Epoch 73 training time: 5.6909
2024-06-17 14:04:17 - INFO - Saved best model at epoch 73
2024-06-17 14:04:17 - INFO - Epoch 73: Train Loss=0.3923, Val Acc=0.8193, Val Loss=0.4085
2024-06-17 14:04:24 - INFO - Epoch 74 training time: 7.1471
2024-06-17 14:04:25 - INFO - Saved best model at epoch 74
2024-06-17 14:04:25 - INFO - Epoch 74: Train Loss=0.3938, Val Acc=0.8276, Val Loss=0.4055
2024-06-17 14:04:33 - INFO - Epoch 75 training time: 7.3421
2024-06-17 14:04:33 - INFO - Saved best model at epoch 75
2024-06-17 14:04:33 - INFO - Epoch 75: Train Loss=0.3881, Val Acc=0.8266, Val Loss=0.4027
2024-06-17 14:04:41 - INFO - Epoch 76 training time: 7.1539
2024-06-17 14:04:42 - INFO - Saved best model at epoch 76
2024-06-17 14:04:42 - INFO - Epoch 76: Train Loss=0.3889, Val Acc=0.8175, Val Loss=0.4005
2024-06-17 14:04:49 - INFO - Epoch 77 training time: 7.4597
2024-06-17 14:04:50 - INFO - Saved best model at epoch 77
2024-06-17 14:04:50 - INFO - Epoch 77: Train Loss=0.3879, Val Acc=0.8184, Val Loss=0.3990
2024-06-17 14:04:57 - INFO - Epoch 78 training time: 7.3531
2024-06-17 14:04:58 - INFO - Saved best model at epoch 78
2024-06-17 14:04:58 - INFO - Epoch 78: Train Loss=0.3860, Val Acc=0.8239, Val Loss=0.3982
2024-06-17 14:05:06 - INFO - Epoch 79 training time: 7.6360
2024-06-17 14:05:07 - INFO - Epoch 79: Train Loss=0.3838, Val Acc=0.8285, Val Loss=0.3985
2024-06-17 14:05:14 - INFO - Epoch 80 training time: 7.3501
2024-06-17 14:05:15 - INFO - Saved best model at epoch 80
2024-06-17 14:05:15 - INFO - Epoch 80: Train Loss=0.3821, Val Acc=0.8221, Val Loss=0.3954
2024-06-17 14:05:22 - INFO - Epoch 81 training time: 7.5160
2024-06-17 14:05:23 - INFO - Saved best model at epoch 81
2024-06-17 14:05:23 - INFO - Epoch 81: Train Loss=0.3804, Val Acc=0.8248, Val Loss=0.3949
2024-06-17 14:05:30 - INFO - Epoch 82 training time: 6.8259
2024-06-17 14:05:31 - INFO - Saved best model at epoch 82
2024-06-17 14:05:31 - INFO - Epoch 82: Train Loss=0.3795, Val Acc=0.8184, Val Loss=0.3919
2024-06-17 14:05:38 - INFO - Epoch 83 training time: 7.3820
2024-06-17 14:05:39 - INFO - Epoch 83: Train Loss=0.3808, Val Acc=0.8367, Val Loss=0.3931
2024-06-17 14:05:47 - INFO - Epoch 84 training time: 7.1658
2024-06-17 14:05:48 - INFO - Saved best model at epoch 84
2024-06-17 14:05:48 - INFO - Epoch 84: Train Loss=0.3795, Val Acc=0.8230, Val Loss=0.3899
2024-06-17 14:05:55 - INFO - Epoch 85 training time: 7.5530
2024-06-17 14:05:56 - INFO - Saved best model at epoch 85
2024-06-17 14:05:56 - INFO - Epoch 85: Train Loss=0.3776, Val Acc=0.8266, Val Loss=0.3892
2024-06-17 14:06:03 - INFO - Epoch 86 training time: 7.2761
2024-06-17 14:06:04 - INFO - Epoch 86: Train Loss=0.3772, Val Acc=0.8376, Val Loss=0.3894
2024-06-17 14:06:12 - INFO - Epoch 87 training time: 7.4802
2024-06-17 14:06:12 - INFO - Saved best model at epoch 87
2024-06-17 14:06:12 - INFO - Epoch 87: Train Loss=0.3722, Val Acc=0.8276, Val Loss=0.3872
2024-06-17 14:06:20 - INFO - Epoch 88 training time: 7.4448
2024-06-17 14:06:21 - INFO - Saved best model at epoch 88
2024-06-17 14:06:21 - INFO - Epoch 88: Train Loss=0.3734, Val Acc=0.8230, Val Loss=0.3867
2024-06-17 14:06:28 - INFO - Epoch 89 training time: 7.5930
2024-06-17 14:06:29 - INFO - Saved best model at epoch 89
2024-06-17 14:06:29 - INFO - Epoch 89: Train Loss=0.3713, Val Acc=0.8266, Val Loss=0.3851
2024-06-17 14:06:37 - INFO - Epoch 90 training time: 7.4704
2024-06-17 14:06:38 - INFO - Saved best model at epoch 90
2024-06-17 14:06:38 - INFO - Epoch 90: Train Loss=0.3694, Val Acc=0.8276, Val Loss=0.3846
2024-06-17 14:06:45 - INFO - Epoch 91 training time: 7.1615
2024-06-17 14:06:46 - INFO - Saved best model at epoch 91
2024-06-17 14:06:46 - INFO - Epoch 91: Train Loss=0.3709, Val Acc=0.8276, Val Loss=0.3833
2024-06-17 14:06:53 - INFO - Epoch 92 training time: 7.6864
2024-06-17 14:06:54 - INFO - Epoch 92: Train Loss=0.3750, Val Acc=0.8248, Val Loss=0.3840
2024-06-17 14:07:02 - INFO - Epoch 93 training time: 7.5088
2024-06-17 14:07:02 - INFO - Saved best model at epoch 93
2024-06-17 14:07:02 - INFO - Epoch 93: Train Loss=0.3721, Val Acc=0.8358, Val Loss=0.3822
2024-06-17 14:07:10 - INFO - Epoch 94 training time: 7.1644
2024-06-17 14:07:10 - INFO - Saved best model at epoch 94
2024-06-17 14:07:10 - INFO - Epoch 94: Train Loss=0.3693, Val Acc=0.8294, Val Loss=0.3803
2024-06-17 14:07:17 - INFO - Epoch 95 training time: 6.5965
2024-06-17 14:07:18 - INFO - Epoch 95: Train Loss=0.3691, Val Acc=0.8349, Val Loss=0.3803
2024-06-17 14:07:24 - INFO - Epoch 96 training time: 6.3722
2024-06-17 14:07:25 - INFO - Epoch 96: Train Loss=0.3672, Val Acc=0.8230, Val Loss=0.3842
2024-06-17 14:07:32 - INFO - Epoch 97 training time: 7.2987
2024-06-17 14:07:33 - INFO - Epoch 97: Train Loss=0.3684, Val Acc=0.8376, Val Loss=0.3822
2024-06-17 14:07:41 - INFO - Epoch 98 training time: 8.1414
2024-06-17 14:07:42 - INFO - Saved best model at epoch 98
2024-06-17 14:07:42 - INFO - Epoch 98: Train Loss=0.3685, Val Acc=0.8285, Val Loss=0.3781
2024-06-17 14:07:50 - INFO - Epoch 99 training time: 7.3058
2024-06-17 14:07:50 - INFO - Saved best model at epoch 99
2024-06-17 14:07:50 - INFO - Epoch 99: Train Loss=0.3709, Val Acc=0.8294, Val Loss=0.3774
2024-06-17 14:07:56 - INFO - Epoch 100 training time: 5.4626
2024-06-17 14:07:57 - INFO - Epoch 100: Train Loss=0.3629, Val Acc=0.8403, Val Loss=0.3788
2024-06-17 14:08:04 - INFO - Epoch 101 training time: 7.6116
2024-06-17 14:08:05 - INFO - Saved best model at epoch 101
2024-06-17 14:08:05 - INFO - Epoch 101: Train Loss=0.3632, Val Acc=0.8367, Val Loss=0.3765
2024-06-17 14:08:12 - INFO - Epoch 102 training time: 6.9604
2024-06-17 14:08:13 - INFO - Saved best model at epoch 102
2024-06-17 14:08:13 - INFO - Epoch 102: Train Loss=0.3614, Val Acc=0.8321, Val Loss=0.3755
2024-06-17 14:08:20 - INFO - Epoch 103 training time: 7.5478
2024-06-17 14:08:21 - INFO - Epoch 103: Train Loss=0.3616, Val Acc=0.8394, Val Loss=0.3774
2024-06-17 14:08:29 - INFO - Epoch 104 training time: 7.5798
2024-06-17 14:08:30 - INFO - Epoch 104: Train Loss=0.3619, Val Acc=0.8367, Val Loss=0.3762
2024-06-17 14:08:38 - INFO - Epoch 105 training time: 7.9188
2024-06-17 14:08:39 - INFO - Saved best model at epoch 105
2024-06-17 14:08:39 - INFO - Epoch 105: Train Loss=0.3623, Val Acc=0.8312, Val Loss=0.3743
2024-06-17 14:08:47 - INFO - Epoch 106 training time: 7.8289
2024-06-17 14:08:47 - INFO - Saved best model at epoch 106
2024-06-17 14:08:47 - INFO - Epoch 106: Train Loss=0.3611, Val Acc=0.8285, Val Loss=0.3737
2024-06-17 14:08:55 - INFO - Epoch 107 training time: 7.9493
2024-06-17 14:08:56 - INFO - Saved best model at epoch 107
2024-06-17 14:08:56 - INFO - Epoch 107: Train Loss=0.3588, Val Acc=0.8376, Val Loss=0.3729
2024-06-17 14:09:05 - INFO - Epoch 108 training time: 8.4376
2024-06-17 14:09:06 - INFO - Epoch 108: Train Loss=0.3612, Val Acc=0.8394, Val Loss=0.3733
2024-06-17 14:09:13 - INFO - Epoch 109 training time: 7.8096
2024-06-17 14:09:14 - INFO - Saved best model at epoch 109
2024-06-17 14:09:14 - INFO - Epoch 109: Train Loss=0.3574, Val Acc=0.8257, Val Loss=0.3724
2024-06-17 14:09:20 - INFO - Epoch 110 training time: 5.6942
2024-06-17 14:09:21 - INFO - Epoch 110: Train Loss=0.3590, Val Acc=0.8303, Val Loss=0.3728
2024-06-17 14:09:27 - INFO - Epoch 111 training time: 6.0415
2024-06-17 14:09:28 - INFO - Epoch 111: Train Loss=0.3599, Val Acc=0.8412, Val Loss=0.3737
2024-06-17 14:09:34 - INFO - Epoch 112 training time: 6.5329
2024-06-17 14:09:35 - INFO - Saved best model at epoch 112
2024-06-17 14:09:35 - INFO - Epoch 112: Train Loss=0.3614, Val Acc=0.8285, Val Loss=0.3701
2024-06-17 14:09:43 - INFO - Epoch 113 training time: 7.9611
2024-06-17 14:09:44 - INFO - Saved best model at epoch 113
2024-06-17 14:09:44 - INFO - Epoch 113: Train Loss=0.3576, Val Acc=0.8321, Val Loss=0.3678
2024-06-17 14:09:52 - INFO - Epoch 114 training time: 8.0593
2024-06-17 14:09:53 - INFO - Epoch 114: Train Loss=0.3573, Val Acc=0.8212, Val Loss=0.3764
2024-06-17 14:10:01 - INFO - Epoch 115 training time: 7.7005
2024-06-17 14:10:01 - INFO - Epoch 115: Train Loss=0.3530, Val Acc=0.8285, Val Loss=0.3693
2024-06-17 14:10:09 - INFO - Epoch 116 training time: 7.5811
2024-06-17 14:10:10 - INFO - Saved best model at epoch 116
2024-06-17 14:10:10 - INFO - Epoch 116: Train Loss=0.3574, Val Acc=0.8376, Val Loss=0.3671
2024-06-17 14:10:18 - INFO - Epoch 117 training time: 7.6614
2024-06-17 14:10:19 - INFO - Epoch 117: Train Loss=0.3572, Val Acc=0.8412, Val Loss=0.3673
2024-06-17 14:10:24 - INFO - Epoch 118 training time: 5.7758
2024-06-17 14:10:25 - INFO - Epoch 118: Train Loss=0.3567, Val Acc=0.8285, Val Loss=0.3671
2024-06-17 14:10:32 - INFO - Epoch 119 training time: 6.7935
2024-06-17 14:10:33 - INFO - Epoch 119: Train Loss=0.3536, Val Acc=0.8303, Val Loss=0.3676
2024-06-17 14:10:40 - INFO - Epoch 120 training time: 7.0344
2024-06-17 14:10:41 - INFO - Saved best model at epoch 120
2024-06-17 14:10:41 - INFO - Epoch 120: Train Loss=0.3554, Val Acc=0.8285, Val Loss=0.3661
2024-06-17 14:10:48 - INFO - Epoch 121 training time: 6.9696
2024-06-17 14:10:49 - INFO - Saved best model at epoch 121
2024-06-17 14:10:49 - INFO - Epoch 121: Train Loss=0.3511, Val Acc=0.8403, Val Loss=0.3644
2024-06-17 14:10:56 - INFO - Epoch 122 training time: 6.8973
2024-06-17 14:10:57 - INFO - Epoch 122: Train Loss=0.3500, Val Acc=0.8294, Val Loss=0.3769
2024-06-17 14:11:03 - INFO - Epoch 123 training time: 6.8770
2024-06-17 14:11:04 - INFO - Epoch 123: Train Loss=0.3543, Val Acc=0.8294, Val Loss=0.3662
2024-06-17 14:11:11 - INFO - Epoch 124 training time: 7.1355
2024-06-17 14:11:12 - INFO - Epoch 124: Train Loss=0.3491, Val Acc=0.8385, Val Loss=0.3666
2024-06-17 14:11:19 - INFO - Epoch 125 training time: 7.0241
2024-06-17 14:11:20 - INFO - Saved best model at epoch 125
2024-06-17 14:11:20 - INFO - Epoch 125: Train Loss=0.3511, Val Acc=0.8422, Val Loss=0.3630
2024-06-17 14:11:27 - INFO - Epoch 126 training time: 6.6860
2024-06-17 14:11:27 - INFO - Epoch 126: Train Loss=0.3489, Val Acc=0.8412, Val Loss=0.3635
2024-06-17 14:11:35 - INFO - Epoch 127 training time: 7.3805
2024-06-17 14:11:36 - INFO - Epoch 127: Train Loss=0.3531, Val Acc=0.8376, Val Loss=0.3639
2024-06-17 14:11:43 - INFO - Epoch 128 training time: 7.0863
2024-06-17 14:11:44 - INFO - Saved best model at epoch 128
2024-06-17 14:11:44 - INFO - Epoch 128: Train Loss=0.3530, Val Acc=0.8394, Val Loss=0.3618
2024-06-17 14:11:51 - INFO - Epoch 129 training time: 6.8830
2024-06-17 14:11:51 - INFO - Epoch 129: Train Loss=0.3496, Val Acc=0.8412, Val Loss=0.3622
2024-06-17 14:11:58 - INFO - Epoch 130 training time: 6.7974
2024-06-17 14:11:59 - INFO - Saved best model at epoch 130
2024-06-17 14:11:59 - INFO - Epoch 130: Train Loss=0.3496, Val Acc=0.8394, Val Loss=0.3609
2024-06-17 14:12:06 - INFO - Epoch 131 training time: 7.1304
2024-06-17 14:12:07 - INFO - Epoch 131: Train Loss=0.3496, Val Acc=0.8294, Val Loss=0.3640
2024-06-17 14:12:14 - INFO - Epoch 132 training time: 7.1869
2024-06-17 14:12:15 - INFO - Epoch 132: Train Loss=0.3474, Val Acc=0.8294, Val Loss=0.3625
2024-06-17 14:12:22 - INFO - Epoch 133 training time: 7.1507
2024-06-17 14:12:23 - INFO - Epoch 133: Train Loss=0.3520, Val Acc=0.8403, Val Loss=0.3661
2024-06-17 14:12:30 - INFO - Epoch 134 training time: 7.0629
2024-06-17 14:12:31 - INFO - Saved best model at epoch 134
2024-06-17 14:12:31 - INFO - Epoch 134: Train Loss=0.3489, Val Acc=0.8412, Val Loss=0.3603
2024-06-17 14:12:38 - INFO - Epoch 135 training time: 6.8377
2024-06-17 14:12:39 - INFO - Epoch 135: Train Loss=0.3483, Val Acc=0.8394, Val Loss=0.3610
2024-06-17 14:12:45 - INFO - Epoch 136 training time: 6.5871
2024-06-17 14:12:46 - INFO - Saved best model at epoch 136
2024-06-17 14:12:46 - INFO - Epoch 136: Train Loss=0.3499, Val Acc=0.8294, Val Loss=0.3595
2024-06-17 14:12:53 - INFO - Epoch 137 training time: 6.5637
2024-06-17 14:12:53 - INFO - Saved best model at epoch 137
2024-06-17 14:12:53 - INFO - Epoch 137: Train Loss=0.3464, Val Acc=0.8403, Val Loss=0.3583
2024-06-17 14:13:00 - INFO - Epoch 138 training time: 7.0588
2024-06-17 14:13:01 - INFO - Epoch 138: Train Loss=0.3482, Val Acc=0.8403, Val Loss=0.3607
2024-06-17 14:13:08 - INFO - Epoch 139 training time: 7.1684
2024-06-17 14:13:09 - INFO - Epoch 139: Train Loss=0.3490, Val Acc=0.8294, Val Loss=0.3587
2024-06-17 14:13:16 - INFO - Epoch 140 training time: 6.9853
2024-06-17 14:13:17 - INFO - Epoch 140: Train Loss=0.3462, Val Acc=0.8394, Val Loss=0.3595
2024-06-17 14:13:24 - INFO - Epoch 141 training time: 7.3759
2024-06-17 14:13:25 - INFO - Saved best model at epoch 141
2024-06-17 14:13:25 - INFO - Epoch 141: Train Loss=0.3498, Val Acc=0.8385, Val Loss=0.3575
2024-06-17 14:13:32 - INFO - Epoch 142 training time: 7.2511
2024-06-17 14:13:33 - INFO - Epoch 142: Train Loss=0.3480, Val Acc=0.8367, Val Loss=0.3578
2024-06-17 14:13:40 - INFO - Epoch 143 training time: 7.0308
2024-06-17 14:13:41 - INFO - Epoch 143: Train Loss=0.3464, Val Acc=0.8376, Val Loss=0.3576
2024-06-17 14:13:48 - INFO - Epoch 144 training time: 6.7389
2024-06-17 14:13:49 - INFO - Epoch 144: Train Loss=0.3471, Val Acc=0.8303, Val Loss=0.3581
2024-06-17 14:13:57 - INFO - Epoch 145 training time: 7.5715
2024-06-17 14:13:58 - INFO - Epoch 145: Train Loss=0.3474, Val Acc=0.8440, Val Loss=0.3622
2024-06-17 14:14:05 - INFO - Epoch 146 training time: 7.0433
2024-06-17 14:14:05 - INFO - Saved best model at epoch 146
2024-06-17 14:14:05 - INFO - Epoch 146: Train Loss=0.3429, Val Acc=0.8312, Val Loss=0.3571
2024-06-17 14:14:12 - INFO - Epoch 147 training time: 6.9572
2024-06-17 14:14:13 - INFO - Epoch 147: Train Loss=0.3470, Val Acc=0.8321, Val Loss=0.3588
2024-06-17 14:14:21 - INFO - Epoch 148 training time: 7.4101
2024-06-17 14:14:21 - INFO - Saved best model at epoch 148
2024-06-17 14:14:21 - INFO - Epoch 148: Train Loss=0.3447, Val Acc=0.8385, Val Loss=0.3562
2024-06-17 14:14:29 - INFO - Epoch 149 training time: 7.4117
2024-06-17 14:14:30 - INFO - Saved best model at epoch 149
2024-06-17 14:14:30 - INFO - Epoch 149: Train Loss=0.3443, Val Acc=0.8412, Val Loss=0.3544
2024-06-17 14:14:37 - INFO - Epoch 150 training time: 6.9678
2024-06-17 14:14:38 - INFO - Epoch 150: Train Loss=0.3448, Val Acc=0.8394, Val Loss=0.3574
2024-06-17 14:14:45 - INFO - Epoch 151 training time: 7.3683
2024-06-17 14:14:46 - INFO - Epoch 151: Train Loss=0.3483, Val Acc=0.8385, Val Loss=0.3550
2024-06-17 14:14:54 - INFO - Epoch 152 training time: 7.8451
2024-06-17 14:14:54 - INFO - Epoch 152: Train Loss=0.3459, Val Acc=0.8294, Val Loss=0.3576
2024-06-17 14:15:02 - INFO - Epoch 153 training time: 7.1974
2024-06-17 14:15:02 - INFO - Epoch 153: Train Loss=0.3452, Val Acc=0.8321, Val Loss=0.3548
2024-06-17 14:15:10 - INFO - Epoch 154 training time: 7.3575
2024-06-17 14:15:11 - INFO - Early stopping triggered, epoch 154
2024-06-17 14:15:12 - INFO - Test F1-Score: 0.8638
2024-06-17 14:15:12 - INFO - Test Precision : 0.8639
2024-06-17 14:15:12 - INFO - Test Accuracy: 0.8641
2024-06-17 14:15:12 - INFO - Test Recall: 0.8637
2024-06-17 14:15:12 - INFO - Train Time: 1084.4056
2024-06-17 14:15:12 - INFO - rs= 43
2024-06-17 14:15:18 - INFO - Epoch 1 training time: 6.8067
2024-06-17 14:15:19 - INFO - Saved best model at epoch 1
2024-06-17 14:15:19 - INFO - Epoch 1: Train Loss=0.6924, Val Acc=0.5192, Val Loss=0.6924
2024-06-17 14:15:26 - INFO - Epoch 2 training time: 7.0829
2024-06-17 14:15:27 - INFO - Epoch 2: Train Loss=0.6925, Val Acc=0.5192, Val Loss=0.6924
2024-06-17 14:15:35 - INFO - Epoch 3 training time: 7.2524
2024-06-17 14:15:35 - INFO - Epoch 3: Train Loss=0.6924, Val Acc=0.5192, Val Loss=0.6924
2024-06-17 14:15:42 - INFO - Epoch 4 training time: 6.8075
2024-06-17 14:15:43 - INFO - Epoch 4: Train Loss=0.6925, Val Acc=0.5192, Val Loss=0.6924
2024-06-17 14:15:50 - INFO - Epoch 5 training time: 7.1279
2024-06-17 14:15:51 - INFO - Epoch 5: Train Loss=0.6924, Val Acc=0.5192, Val Loss=0.6924
2024-06-17 14:15:59 - INFO - Epoch 6 training time: 7.7448
2024-06-17 14:16:00 - INFO - Early stopping triggered, epoch 6
2024-06-17 14:16:00 - INFO - Test F1-Score: 0.3417
2024-06-17 14:16:00 - INFO - Test Precision : 0.2596
2024-06-17 14:16:00 - INFO - Test Accuracy: 0.5192
2024-06-17 14:16:00 - INFO - Test Recall: 0.5000
2024-06-17 14:16:00 - INFO - Train Time: 42.8221
2024-06-17 14:16:00 - INFO - rs= 18
2024-06-17 14:16:08 - INFO - Epoch 1 training time: 7.3087
2024-06-17 14:16:09 - INFO - Saved best model at epoch 1
2024-06-17 14:16:09 - INFO - Epoch 1: Train Loss=0.6941, Val Acc=0.4808, Val Loss=0.6934
2024-06-17 14:16:16 - INFO - Epoch 2 training time: 6.8323
2024-06-17 14:16:16 - INFO - Saved best model at epoch 2
2024-06-17 14:16:16 - INFO - Epoch 2: Train Loss=0.6930, Val Acc=0.5192, Val Loss=0.6927
2024-06-17 14:16:24 - INFO - Epoch 3 training time: 7.3727
2024-06-17 14:16:25 - INFO - Saved best model at epoch 3
2024-06-17 14:16:25 - INFO - Epoch 3: Train Loss=0.6927, Val Acc=0.5192, Val Loss=0.6925
2024-06-17 14:16:32 - INFO - Epoch 4 training time: 6.9786
2024-06-17 14:16:33 - INFO - Saved best model at epoch 4
2024-06-17 14:16:33 - INFO - Epoch 4: Train Loss=0.6925, Val Acc=0.5192, Val Loss=0.6924
2024-06-17 14:16:39 - INFO - Epoch 5 training time: 6.8939
2024-06-17 14:16:40 - INFO - Epoch 5: Train Loss=0.6924, Val Acc=0.5192, Val Loss=0.6924
2024-06-17 14:16:47 - INFO - Epoch 6 training time: 6.8597
2024-06-17 14:16:48 - INFO - Epoch 6: Train Loss=0.6924, Val Acc=0.5192, Val Loss=0.6924
2024-06-17 14:16:55 - INFO - Epoch 7 training time: 6.7602
2024-06-17 14:16:55 - INFO - Epoch 7: Train Loss=0.6924, Val Acc=0.5192, Val Loss=0.6924
2024-06-17 14:17:02 - INFO - Epoch 8 training time: 6.9362
2024-06-17 14:17:03 - INFO - Epoch 8: Train Loss=0.6924, Val Acc=0.5192, Val Loss=0.6924
2024-06-17 14:17:10 - INFO - Epoch 9 training time: 7.1798
2024-06-17 14:17:11 - INFO - Early stopping triggered, epoch 9
2024-06-17 14:17:12 - INFO - Test F1-Score: 0.3417
2024-06-17 14:17:12 - INFO - Test Precision : 0.2596
2024-06-17 14:17:12 - INFO - Test Accuracy: 0.5192
2024-06-17 14:17:12 - INFO - Test Recall: 0.5000
2024-06-17 14:17:12 - INFO - Train Time: 63.1222
